2019-04-21 17:51:01,047 [      0]   INFO - etbrains.jps.cmdline.BuildMain - ==================================================
2019-04-21 17:51:01,048 [      1]   INFO - etbrains.jps.cmdline.BuildMain - Build process started. Classpath: /Users/ikedamasataka/.gradle/caches/modules-2/files-2.1/com.jetbrains.intellij.idea/ideaIC/2018.3.5/2465ddbc4af3619128cada78e216ffbb93e8b173/ideaIC-2018.3.5/lib/jps-launcher.jar:/Library/Java/JavaVirtualMachines/openjdk-11.0.1.jdk/Contents/Home/lib/tools.jar:/Users/ikedamasataka/.gradle/caches/modules-2/files-2.1/com.jetbrains.intellij.idea/ideaIC/2018.3.5/2465ddbc4af3619128cada78e216ffbb93e8b173/ideaIC-2018.3.5/lib/optimizedFileManager.jar
2019-04-21 17:51:01,322 [    275]   INFO - etbrains.jps.cmdline.BuildMain - Connection to IDE established in 252 ms
2019-04-21 17:51:01,574 [    527]   INFO - jps.cmdline.JpsModelLoaderImpl - Loading model: project path = /Users/ikedamasataka/MyPrograms/Java/spock, global options path = /Users/ikedamasataka/MyPrograms/Java/my-plugin/build/idea-sandbox/config/options
2019-04-21 17:51:01,822 [    775]   INFO - serialization.JpsProjectLoader - External project config dir is used: /Users/ikedamasataka/MyPrograms/Java/my-plugin/build/idea-sandbox/system/external_build_system/spock.36330ce1/project
2019-04-21 17:51:01,835 [    788]   INFO - serialization.JpsProjectLoader - External project config dir is used for modules: /Users/ikedamasataka/MyPrograms/Java/my-plugin/build/idea-sandbox/system/external_build_system/spock.36330ce1/modules
2019-04-21 17:51:01,909 [    862]   INFO - jps.cmdline.JpsModelLoaderImpl - Model loaded in 335 ms
2019-04-21 17:51:01,910 [    863]   INFO - jps.cmdline.JpsModelLoaderImpl - Project has 4 modules, 66 libraries
2019-04-21 17:51:02,040 [    993]   INFO - ellij.util.io.PagedFileStorage - lower=100; upper=500; buffer=10; max=680
2019-04-21 17:51:02,189 [   1142]   INFO - .incremental.IncProjectBuilder - Building project; isRebuild:false; isMake:false parallel compilation:false
2019-04-21 17:51:02,193 [   1146]   INFO - kotlin.jps.build.KotlinBuilder - is Kotlin incremental compilation enabled for JVM: true
2019-04-21 17:51:02,193 [   1146]   INFO - kotlin.jps.build.KotlinBuilder - is Kotlin incremental compilation enabled for JS: false
2019-04-21 17:51:02,202 [   1155]   INFO - kotlin.jps.build.KotlinBuilder - is Kotlin compiler daemon enabled: true
2019-04-21 17:51:02,202 [   1155]   INFO - kotlin.jps.build.KotlinBuilder - Label in local history: build started fca3f4df
2019-04-21 17:51:02,207 [   1160]   INFO - s.index.CompilerReferenceIndex - backward reference index version differ due to: class java.io.FileNotFoundException
2019-04-21 17:51:02,236 [   1189]   INFO - .incremental.IncProjectBuilder - Cleaned output directories in 9 ms
2019-04-21 17:51:03,280 [   2233]   INFO - kotlin.jps.build.KotlinBuilder - KotlinTargetsIndex created in 888 ms
2019-04-21 17:51:03,290 [   2243]   INFO - kotlin.jps.build.KotlinBuilder - Total Kotlin global compile context initialization time: 901 ms
2019-04-21 17:51:03,308 [   2261]   INFO - s.incremental.java.JavaBuilder - Compiling 10 java files; module: com.example.spock.main
2019-04-21 17:51:04,514 [   3467]   INFO - brains.jps.incremental.Builder - Dependency analysis found 0 affected files
2019-04-21 17:51:04,567 [   3520]   INFO - rains.jps.cmdline.BuildSession - Build duration: Builder 'Gradle Resources Compiler' took 9 ms; 1 sources processed (9 ms per file)
2019-04-21 17:51:04,567 [   3520]   INFO - rains.jps.cmdline.BuildSession - Build duration: Builder 'Java' took 1 s 188 ms; 10 sources processed (118 ms per file)
2019-04-21 17:51:04,569 [   3522]   INFO - s.incremental.java.JavaBuilder - javac 11.0.1 was used to compile [com.example.spock.main]
2019-04-21 17:51:05,164 [      0]   INFO - etbrains.jps.cmdline.BuildMain - ==================================================
2019-04-21 17:51:05,165 [      1]   INFO - etbrains.jps.cmdline.BuildMain - Build process started. Classpath: /Users/ikedamasataka/.gradle/caches/modules-2/files-2.1/com.jetbrains.intellij.idea/ideaIC/2018.3.5/2465ddbc4af3619128cada78e216ffbb93e8b173/ideaIC-2018.3.5/lib/jps-launcher.jar:/Library/Java/JavaVirtualMachines/openjdk-11.0.1.jdk/Contents/Home/lib/tools.jar:/Users/ikedamasataka/.gradle/caches/modules-2/files-2.1/com.jetbrains.intellij.idea/ideaIC/2018.3.5/2465ddbc4af3619128cada78e216ffbb93e8b173/ideaIC-2018.3.5/lib/optimizedFileManager.jar
2019-04-21 17:51:05,461 [    297]   INFO - etbrains.jps.cmdline.BuildMain - Connection to IDE established in 269 ms
2019-04-21 17:51:05,554 [    390]   INFO - jps.cmdline.JpsModelLoaderImpl - Loading model: project path = /Users/ikedamasataka/MyPrograms/Java/spock, global options path = /Users/ikedamasataka/MyPrograms/Java/my-plugin/build/idea-sandbox/config/options
2019-04-21 17:51:05,802 [    638]   INFO - serialization.JpsProjectLoader - External project config dir is used: /Users/ikedamasataka/MyPrograms/Java/my-plugin/build/idea-sandbox/system/external_build_system/spock.36330ce1/project
2019-04-21 17:51:05,812 [    648]   INFO - serialization.JpsProjectLoader - External project config dir is used for modules: /Users/ikedamasataka/MyPrograms/Java/my-plugin/build/idea-sandbox/system/external_build_system/spock.36330ce1/modules
2019-04-21 17:51:05,883 [    719]   INFO - jps.cmdline.JpsModelLoaderImpl - Model loaded in 329 ms
2019-04-21 17:51:05,884 [    720]   INFO - jps.cmdline.JpsModelLoaderImpl - Project has 4 modules, 66 libraries
2019-04-21 17:51:06,029 [    865]   INFO - ellij.util.io.PagedFileStorage - lower=100; upper=500; buffer=10; max=680
2019-04-21 17:51:06,172 [   1008]   INFO - etbrains.jps.cmdline.BuildMain - Pre-loaded process ready in 1009 ms
2019-04-21 17:52:02,241 [  57077]   INFO - .incremental.IncProjectBuilder - Building project; isRebuild:false; isMake:true parallel compilation:false
2019-04-21 17:52:02,248 [  57084]   INFO - kotlin.jps.build.KotlinBuilder - is Kotlin incremental compilation enabled for JVM: true
2019-04-21 17:52:02,248 [  57084]   INFO - kotlin.jps.build.KotlinBuilder - is Kotlin incremental compilation enabled for JS: false
2019-04-21 17:52:02,259 [  57095]   INFO - kotlin.jps.build.KotlinBuilder - is Kotlin compiler daemon enabled: true
2019-04-21 17:52:02,259 [  57095]   INFO - kotlin.jps.build.KotlinBuilder - Label in local history: build started 48b5fdc
2019-04-21 17:52:02,267 [  57103]   INFO - s.index.CompilerReferenceIndex - backward reference index version differ due to: class java.io.FileNotFoundException
2019-04-21 17:52:02,304 [  57140]   INFO - .incremental.IncProjectBuilder - Cleaned output directories in 3 ms
2019-04-21 17:52:03,061 [  57897]   INFO - kotlin.jps.build.KotlinBuilder - KotlinTargetsIndex created in 713 ms
2019-04-21 17:52:03,067 [  57903]   INFO - kotlin.jps.build.KotlinBuilder - Total Kotlin global compile context initialization time: 721 ms
2019-04-21 17:52:03,903 [      0]   INFO - etbrains.jps.cmdline.BuildMain - ==================================================
2019-04-21 17:52:03,904 [      1]   INFO - etbrains.jps.cmdline.BuildMain - Build process started. Classpath: /Users/ikedamasataka/.gradle/caches/modules-2/files-2.1/com.jetbrains.intellij.idea/ideaIC/2018.3.5/2465ddbc4af3619128cada78e216ffbb93e8b173/ideaIC-2018.3.5/lib/jps-launcher.jar:/Library/Java/JavaVirtualMachines/openjdk-11.0.1.jdk/Contents/Home/lib/tools.jar:/Users/ikedamasataka/.gradle/caches/modules-2/files-2.1/com.jetbrains.intellij.idea/ideaIC/2018.3.5/2465ddbc4af3619128cada78e216ffbb93e8b173/ideaIC-2018.3.5/lib/optimizedFileManager.jar
2019-04-21 17:52:04,405 [    502]   INFO - etbrains.jps.cmdline.BuildMain - Connection to IDE established in 466 ms
2019-04-21 17:52:04,518 [    615]   INFO - jps.cmdline.JpsModelLoaderImpl - Loading model: project path = /Users/ikedamasataka/MyPrograms/Java/spock, global options path = /Users/ikedamasataka/MyPrograms/Java/my-plugin/build/idea-sandbox/config/options
2019-04-21 17:52:04,806 [    903]   INFO - serialization.JpsProjectLoader - External project config dir is used: /Users/ikedamasataka/MyPrograms/Java/my-plugin/build/idea-sandbox/system/external_build_system/spock.36330ce1/project
2019-04-21 17:52:04,819 [    916]   INFO - serialization.JpsProjectLoader - External project config dir is used for modules: /Users/ikedamasataka/MyPrograms/Java/my-plugin/build/idea-sandbox/system/external_build_system/spock.36330ce1/modules
2019-04-21 17:52:04,875 [    972]   INFO - jps.cmdline.JpsModelLoaderImpl - Model loaded in 357 ms
2019-04-21 17:52:04,875 [    972]   INFO - jps.cmdline.JpsModelLoaderImpl - Project has 4 modules, 66 libraries
2019-04-21 17:52:04,999 [   1096]   INFO - ellij.util.io.PagedFileStorage - lower=100; upper=500; buffer=10; max=680
2019-04-21 17:52:05,095 [   1192]   INFO - etbrains.jps.cmdline.BuildMain - Pre-loaded process ready in 1194 ms
2019-04-21 17:52:15,415 [  11512]   INFO - .incremental.IncProjectBuilder - Building project; isRebuild:false; isMake:true parallel compilation:false
2019-04-21 17:52:15,418 [  11515]   INFO - kotlin.jps.build.KotlinBuilder - is Kotlin incremental compilation enabled for JVM: true
2019-04-21 17:52:15,418 [  11515]   INFO - kotlin.jps.build.KotlinBuilder - is Kotlin incremental compilation enabled for JS: false
2019-04-21 17:52:15,425 [  11522]   INFO - kotlin.jps.build.KotlinBuilder - is Kotlin compiler daemon enabled: true
2019-04-21 17:52:15,425 [  11522]   INFO - kotlin.jps.build.KotlinBuilder - Label in local history: build started 15edf98b
2019-04-21 17:52:15,430 [  11527]   INFO - s.index.CompilerReferenceIndex - backward reference index version differ due to: class java.io.FileNotFoundException
2019-04-21 17:52:15,451 [  11548]   INFO - .incremental.IncProjectBuilder - Cleaned output directories in 2 ms
2019-04-21 17:52:16,105 [  12202]   INFO - kotlin.jps.build.KotlinBuilder - KotlinTargetsIndex created in 620 ms
2019-04-21 17:52:16,112 [  12209]   INFO - kotlin.jps.build.KotlinBuilder - Total Kotlin global compile context initialization time: 629 ms
2019-04-21 17:52:16,769 [      0]   INFO - etbrains.jps.cmdline.BuildMain - ==================================================
2019-04-21 17:52:16,769 [      0]   INFO - etbrains.jps.cmdline.BuildMain - Build process started. Classpath: /Users/ikedamasataka/.gradle/caches/modules-2/files-2.1/com.jetbrains.intellij.idea/ideaIC/2018.3.5/2465ddbc4af3619128cada78e216ffbb93e8b173/ideaIC-2018.3.5/lib/jps-launcher.jar:/Library/Java/JavaVirtualMachines/openjdk-11.0.1.jdk/Contents/Home/lib/tools.jar:/Users/ikedamasataka/.gradle/caches/modules-2/files-2.1/com.jetbrains.intellij.idea/ideaIC/2018.3.5/2465ddbc4af3619128cada78e216ffbb93e8b173/ideaIC-2018.3.5/lib/optimizedFileManager.jar
2019-04-21 17:52:17,108 [    339]   INFO - etbrains.jps.cmdline.BuildMain - Connection to IDE established in 310 ms
2019-04-21 17:52:17,230 [    461]   INFO - jps.cmdline.JpsModelLoaderImpl - Loading model: project path = /Users/ikedamasataka/MyPrograms/Java/spock, global options path = /Users/ikedamasataka/MyPrograms/Java/my-plugin/build/idea-sandbox/config/options
2019-04-21 17:52:17,463 [    694]   INFO - serialization.JpsProjectLoader - External project config dir is used: /Users/ikedamasataka/MyPrograms/Java/my-plugin/build/idea-sandbox/system/external_build_system/spock.36330ce1/project
2019-04-21 17:52:17,469 [    700]   INFO - serialization.JpsProjectLoader - External project config dir is used for modules: /Users/ikedamasataka/MyPrograms/Java/my-plugin/build/idea-sandbox/system/external_build_system/spock.36330ce1/modules
2019-04-21 17:52:17,516 [    747]   INFO - jps.cmdline.JpsModelLoaderImpl - Model loaded in 285 ms
2019-04-21 17:52:17,516 [    747]   INFO - jps.cmdline.JpsModelLoaderImpl - Project has 4 modules, 66 libraries
2019-04-21 17:52:17,611 [    842]   INFO - ellij.util.io.PagedFileStorage - lower=100; upper=500; buffer=10; max=680
2019-04-21 17:52:17,693 [    924]   INFO - etbrains.jps.cmdline.BuildMain - Pre-loaded process ready in 926 ms
2019-04-21 17:52:35,319 [  18550]   INFO - etbrains.jps.cmdline.BuildMain - Build canceled, but no build session is running. Exiting.
