{"session":"f4ac40ff6c5e","build":"183.5912.21","bucket":"-1","time":1555836225114,"group":{"id":"system.os.name","version":"9"},"event":{"data":{"created":1555836225115},"id":"Mac.OS.X"}}
{"session":"f4ac40ff6c5e","build":"183.5912.21","bucket":"-1","time":1555836225115,"group":{"id":"system.os.version","version":"9"},"event":{"data":{"created":1555836225124},"id":"10.13.6"}}
{"session":"f4ac40ff6c5e","build":"183.5912.21","bucket":"-1","time":1555836225115,"group":{"id":"system.jvm.vendor","version":"9"},"event":{"data":{"created":1555836225135},"id":"JetBrains_s.r.o"}}
{"session":"f4ac40ff6c5e","build":"183.5912.21","bucket":"-1","time":1555836225115,"group":{"id":"system.jvm.version","version":"9"},"event":{"data":{"created":1555836225137},"id":"1.8"}}
{"session":"f4ac40ff6c5e","build":"183.5912.21","bucket":"-1","time":1555836225122,"group":{"id":"settings","version":"9"},"event":{"data":{"created":1555836225138,"name":"activeMruEditorOnClose","value":false},"id":"UISettings"}}
{"session":"f4ac40ff6c5e","build":"183.5912.21","bucket":"-1","time":1555836225122,"group":{"id":"settings","version":"9"},"event":{"data":{"created":1555836225138,"name":"activeRightEditorOnClose","value":false},"id":"UISettings"}}
{"session":"f4ac40ff6c5e","build":"183.5912.21","bucket":"-1","time":1555836225122,"group":{"id":"settings","version":"9"},"event":{"data":{"created":1555836225139,"name":"allowMergeButtons","value":true},"id":"UISettings"}}
{"session":"f4ac40ff6c5e","build":"183.5912.21","bucket":"-1","time":1555836225122,"group":{"id":"settings","version":"9"},"event":{"data":{"created":1555836225140,"name":"alwaysShowWindowsButton","value":false},"id":"UISettings"}}
{"session":"f4ac40ff6c5e","build":"183.5912.21","bucket":"-1","time":1555836225122,"group":{"id":"settings","version":"9"},"event":{"data":{"created":1555836225140,"name":"animateWindows","value":true},"id":"UISettings"}}
{"session":"f4ac40ff6c5e","build":"183.5912.21","bucket":"-1","time":1555836225122,"group":{"id":"settings","version":"9"},"event":{"data":{"created":1555836225141,"name":"closeNonModifiedFilesFirst","value":false},"id":"UISettings"}}
{"session":"f4ac40ff6c5e","build":"183.5912.21","bucket":"-1","time":1555836225122,"group":{"id":"settings","version":"9"},"event":{"data":{"created":1555836225142,"name":"closeTabButtonOnTheRight","value":true},"id":"UISettings"}}
{"session":"f4ac40ff6c5e","build":"183.5912.21","bucket":"-1","time":1555836225122,"group":{"id":"settings","version":"9"},"event":{"data":{"created":1555836225142,"name":"cycleScrolling","value":true},"id":"UISettings"}}
{"session":"f4ac40ff6c5e","build":"183.5912.21","bucket":"-1","time":1555836225122,"group":{"id":"settings","version":"9"},"event":{"data":{"created":1555836225143,"name":"defaultAutoScrollToSource","value":false},"id":"UISettings"}}
{"session":"f4ac40ff6c5e","build":"183.5912.21","bucket":"-1","time":1555836225122,"group":{"id":"settings","version":"9"},"event":{"data":{"created":1555836225144,"name":"disableMnemonics","value":true},"id":"UISettings"}}
{"session":"f4ac40ff6c5e","build":"183.5912.21","bucket":"-1","time":1555836225122,"group":{"id":"settings","version":"9"},"event":{"data":{"created":1555836225144,"name":"disableMnemonicsInControls","value":false},"id":"UISettings"}}
{"session":"f4ac40ff6c5e","build":"183.5912.21","bucket":"-1","time":1555836225122,"group":{"id":"settings","version":"9"},"event":{"data":{"created":1555836225145,"name":"dndWithPressedAltOnly","value":false},"id":"UISettings"}}
{"session":"f4ac40ff6c5e","build":"183.5912.21","bucket":"-1","time":1555836225122,"group":{"id":"settings","version":"9"},"event":{"data":{"created":1555836225145,"name":"enableAlphaMode","value":false},"id":"UISettings"}}
{"session":"f4ac40ff6c5e","build":"183.5912.21","bucket":"-1","time":1555836225122,"group":{"id":"settings","version":"9"},"event":{"data":{"created":1555836225146,"name":"hideKnownExtensionInTabs","value":false},"id":"UISettings"}}
{"session":"f4ac40ff6c5e","build":"183.5912.21","bucket":"-1","time":1555836225122,"group":{"id":"settings","version":"9"},"event":{"data":{"created":1555836225146,"name":"hideNavigationOnFocusLoss","value":true},"id":"UISettings"}}
{"session":"f4ac40ff6c5e","build":"183.5912.21","bucket":"-1","time":1555836225123,"group":{"id":"settings","version":"9"},"event":{"data":{"created":1555836225147,"name":"hideTabsIfNeed","value":true},"id":"UISettings"}}
{"session":"f4ac40ff6c5e","build":"183.5912.21","bucket":"-1","time":1555836225123,"group":{"id":"settings","version":"9"},"event":{"data":{"created":1555836225147,"name":"hideToolStripes","value":false},"id":"UISettings"}}
{"session":"f4ac40ff6c5e","build":"183.5912.21","bucket":"-1","time":1555836225123,"group":{"id":"settings","version":"9"},"event":{"data":{"created":1555836225148,"name":"leftHorizontalSplit","value":false},"id":"UISettings"}}
{"session":"f4ac40ff6c5e","build":"183.5912.21","bucket":"-1","time":1555836225123,"group":{"id":"settings","version":"9"},"event":{"data":{"created":1555836225148,"name":"markModifiedTabsWithAsterisk","value":false},"id":"UISettings"}}
{"session":"f4ac40ff6c5e","build":"183.5912.21","bucket":"-1","time":1555836225123,"group":{"id":"settings","version":"9"},"event":{"data":{"created":1555836225148,"name":"mergeEqualStackTraces","value":true},"id":"UISettings"}}
{"session":"f4ac40ff6c5e","build":"183.5912.21","bucket":"-1","time":1555836225123,"group":{"id":"settings","version":"9"},"event":{"data":{"created":1555836225148,"name":"moveMouseOnDefaultButton","value":false},"id":"UISettings"}}
{"session":"f4ac40ff6c5e","build":"183.5912.21","bucket":"-1","time":1555836225123,"group":{"id":"settings","version":"9"},"event":{"data":{"created":1555836225149,"name":"navigateToPreview","value":false},"id":"UISettings"}}
{"session":"f4ac40ff6c5e","build":"183.5912.21","bucket":"-1","time":1555836225123,"group":{"id":"settings","version":"9"},"event":{"data":{"created":1555836225149,"name":"overrideConsoleCycleBufferSize","value":false},"id":"UISettings"}}
{"session":"f4ac40ff6c5e","build":"183.5912.21","bucket":"-1","time":1555836225123,"group":{"id":"settings","version":"9"},"event":{"data":{"created":1555836225149,"name":"overrideLafFonts","value":false},"id":"UISettings"}}
{"session":"f4ac40ff6c5e","build":"183.5912.21","bucket":"-1","time":1555836225123,"group":{"id":"settings","version":"9"},"event":{"data":{"created":1555836225150,"name":"pinFindInPath","value":false},"id":"UISettings"}}
{"session":"f4ac40ff6c5e","build":"183.5912.21","bucket":"-1","time":1555836225123,"group":{"id":"settings","version":"9"},"event":{"data":{"created":1555836225150,"name":"presentationMode","value":false},"id":"UISettings"}}
{"session":"f4ac40ff6c5e","build":"183.5912.21","bucket":"-1","time":1555836225123,"group":{"id":"settings","version":"9"},"event":{"data":{"created":1555836225151,"name":"reuseNotModifiedTabs","value":false},"id":"UISettings"}}
{"session":"f4ac40ff6c5e","build":"183.5912.21","bucket":"-1","time":1555836225123,"group":{"id":"settings","version":"9"},"event":{"data":{"created":1555836225151,"name":"rightHorizontalSplit","value":false},"id":"UISettings"}}
{"session":"f4ac40ff6c5e","build":"183.5912.21","bucket":"-1","time":1555836225123,"group":{"id":"settings","version":"9"},"event":{"data":{"created":1555836225152,"name":"scrollTabLayoutInEditor","value":true},"id":"UISettings"}}
{"session":"f4ac40ff6c5e","build":"183.5912.21","bucket":"-1","time":1555836225123,"group":{"id":"settings","version":"9"},"event":{"data":{"created":1555836225152,"name":"showCloseButton","value":true},"id":"UISettings"}}
{"session":"f4ac40ff6c5e","build":"183.5912.21","bucket":"-1","time":1555836225123,"group":{"id":"settings","version":"9"},"event":{"data":{"created":1555836225152,"name":"showDirectoryForNonUniqueFilenames","value":true},"id":"UISettings"}}
{"session":"f4ac40ff6c5e","build":"183.5912.21","bucket":"-1","time":1555836225123,"group":{"id":"settings","version":"9"},"event":{"data":{"created":1555836225153,"name":"showEditorToolTip","value":true},"id":"UISettings"}}
{"session":"f4ac40ff6c5e","build":"183.5912.21","bucket":"-1","time":1555836225123,"group":{"id":"settings","version":"9"},"event":{"data":{"created":1555836225153,"name":"showIconInQuickNavigation","value":true},"id":"UISettings"}}
{"session":"f4ac40ff6c5e","build":"183.5912.21","bucket":"-1","time":1555836225123,"group":{"id":"settings","version":"9"},"event":{"data":{"created":1555836225153,"name":"showIconsInMenus","value":true},"id":"UISettings"}}
{"session":"f4ac40ff6c5e","build":"183.5912.21","bucket":"-1","time":1555836225123,"group":{"id":"settings","version":"9"},"event":{"data":{"created":1555836225154,"name":"showMainToolbar","value":false},"id":"UISettings"}}
{"session":"f4ac40ff6c5e","build":"183.5912.21","bucket":"-1","time":1555836225123,"group":{"id":"settings","version":"9"},"event":{"data":{"created":1555836225154,"name":"showMemoryIndicator","value":false},"id":"UISettings"}}
{"session":"f4ac40ff6c5e","build":"183.5912.21","bucket":"-1","time":1555836225123,"group":{"id":"settings","version":"9"},"event":{"data":{"created":1555836225154,"name":"showNavigationBar","value":true},"id":"UISettings"}}
{"session":"f4ac40ff6c5e","build":"183.5912.21","bucket":"-1","time":1555836225123,"group":{"id":"settings","version":"9"},"event":{"data":{"created":1555836225155,"name":"showStatusBar","value":true},"id":"UISettings"}}
{"session":"f4ac40ff6c5e","build":"183.5912.21","bucket":"-1","time":1555836225123,"group":{"id":"settings","version":"9"},"event":{"data":{"created":1555836225155,"name":"showTabsTooltips","value":true},"id":"UISettings"}}
{"session":"f4ac40ff6c5e","build":"183.5912.21","bucket":"-1","time":1555836225123,"group":{"id":"settings","version":"9"},"event":{"data":{"created":1555836225155,"name":"showToolWindowsNumbers","value":true},"id":"UISettings"}}
{"session":"f4ac40ff6c5e","build":"183.5912.21","bucket":"-1","time":1555836225123,"group":{"id":"settings","version":"9"},"event":{"data":{"created":1555836225155,"name":"smoothScrolling","value":true},"id":"UISettings"}}
{"session":"f4ac40ff6c5e","build":"183.5912.21","bucket":"-1","time":1555836225123,"group":{"id":"settings","version":"9"},"event":{"data":{"created":1555836225156,"name":"sortBookmarks","value":false},"id":"UISettings"}}
{"session":"f4ac40ff6c5e","build":"183.5912.21","bucket":"-1","time":1555836225123,"group":{"id":"settings","version":"9"},"event":{"data":{"created":1555836225156,"name":"sortLookupElementsLexicographically","value":false},"id":"UISettings"}}
{"session":"f4ac40ff6c5e","build":"183.5912.21","bucket":"-1","time":1555836225123,"group":{"id":"settings","version":"9"},"event":{"data":{"created":1555836225156,"name":"useSmallLabelsOnTabs","value":true},"id":"UISettings"}}
{"session":"f4ac40ff6c5e","build":"183.5912.21","bucket":"-1","time":1555836225123,"group":{"id":"settings","version":"9"},"event":{"data":{"created":1555836225156,"name":"wideScreenSupport","value":false},"id":"UISettings"}}
{"session":"f4ac40ff6c5e","build":"183.5912.21","bucket":"-1","time":1555836225873,"group":{"id":"settings","version":"9"},"event":{"data":{"created":1555836225873,"name":"autoSaveIfInactive","value":false},"id":"GeneralSettings"}}
{"session":"f4ac40ff6c5e","build":"183.5912.21","bucket":"-1","time":1555836225873,"group":{"id":"settings","version":"9"},"event":{"data":{"default":false,"created":1555836225873,"name":"confirmExit","value":false},"id":"GeneralSettings"}}
{"session":"f4ac40ff6c5e","build":"183.5912.21","bucket":"-1","time":1555836225873,"group":{"id":"settings","version":"9"},"event":{"data":{"created":1555836225874,"name":"reopenLastProject","value":true},"id":"GeneralSettings"}}
{"session":"f4ac40ff6c5e","build":"183.5912.21","bucket":"-1","time":1555836225873,"group":{"id":"settings","version":"9"},"event":{"data":{"created":1555836225874,"name":"saveOnFrameDeactivation","value":true},"id":"GeneralSettings"}}
{"session":"f4ac40ff6c5e","build":"183.5912.21","bucket":"-1","time":1555836225873,"group":{"id":"settings","version":"9"},"event":{"data":{"created":1555836225874,"name":"searchInBackground","value":false},"id":"GeneralSettings"}}
{"session":"f4ac40ff6c5e","build":"183.5912.21","bucket":"-1","time":1555836225873,"group":{"id":"settings","version":"9"},"event":{"data":{"default":false,"created":1555836225874,"name":"showTipsOnStartup","value":false},"id":"GeneralSettings"}}
{"session":"f4ac40ff6c5e","build":"183.5912.21","bucket":"-1","time":1555836225873,"group":{"id":"settings","version":"9"},"event":{"data":{"created":1555836225875,"name":"showWelcomeScreen","value":true},"id":"GeneralSettings"}}
{"session":"f4ac40ff6c5e","build":"183.5912.21","bucket":"-1","time":1555836225873,"group":{"id":"settings","version":"9"},"event":{"data":{"created":1555836225875,"name":"supportScreenReaders","value":false},"id":"GeneralSettings"}}
{"session":"f4ac40ff6c5e","build":"183.5912.21","bucket":"-1","time":1555836225873,"group":{"id":"settings","version":"9"},"event":{"data":{"created":1555836225876,"name":"syncOnFrameActivation","value":true},"id":"GeneralSettings"}}
{"session":"f4ac40ff6c5e","build":"183.5912.21","bucket":"-1","time":1555836225873,"group":{"id":"settings","version":"9"},"event":{"data":{"created":1555836225876,"name":"useDefaultBrowser","value":true},"id":"GeneralSettings"}}
{"session":"f4ac40ff6c5e","build":"183.5912.21","bucket":"-1","time":1555836225873,"group":{"id":"settings","version":"9"},"event":{"data":{"created":1555836225876,"name":"useSafeWrite","value":true},"id":"GeneralSettings"}}
{"session":"f4ac40ff6c5e","build":"183.5912.21","bucket":"-1","time":1555836241754,"group":{"id":"statistics.lifecycle.app","version":"9"},"event":{"count":1,"data":{"created":1555836241754},"id":"ide.start"}}
{"session":"f4ac40ff6c5e","build":"183.5912.21","bucket":"-1","time":1555836241756,"group":{"id":"lifecycle","version":"9"},"event":{"count":1,"data":{"created":1555836241756},"id":"app.started"}}
{"session":"f4ac40ff6c5e","build":"183.5912.21","bucket":"-1","time":1555836242683,"group":{"id":"statistics.lifecycle.app","version":"9"},"event":{"count":1,"data":{"created":1555836242683,"data_2":"10+","data_1":"timeSecondsGrouped"},"id":"ide.freeze"}}
{"session":"f4ac40ff6c5e","build":"183.5912.21","bucket":"-1","time":1555836242683,"group":{"id":"lifecycle","version":"9"},"event":{"count":1,"data":{"durationSeconds":17,"created":1555836242683},"id":"ide.freeze"}}
{"session":"f4ac40ff6c5e","build":"183.5912.21","bucket":"-1","time":1555836246118,"group":{"id":"ui.dialogs","version":"9"},"event":{"count":1,"data":{"created":1555836246118,"type":"show"},"id":"com.intellij.openapi.progress.util.ProgressDialog$MyDialogWrapper"}}
{"session":"f4ac40ff6c5e","build":"183.5912.21","bucket":"-1","time":1555836247044,"group":{"id":"statistics.lifecycle.app","version":"9"},"event":{"count":1,"data":{"created":1555836247045,"data_2":"mappingFailed:false","data_1":"OOM:false","data_3":"pluginId:unknown"},"id":"ide.error"}}
{"session":"f4ac40ff6c5e","build":"183.5912.21","bucket":"-1","time":1555836247213,"group":{"id":"ui.dialogs","version":"9"},"event":{"count":1,"data":{"code":1,"created":1555836247213,"type":"close"},"id":"com.intellij.openapi.progress.util.ProgressDialog$MyDialogWrapper"}}
{"session":"f4ac40ff6c5e","build":"183.5912.21","bucket":"-1","time":1555836247243,"group":{"id":"statistics.lifecycle.project","version":"9"},"event":{"count":1,"data":{"created":1555836247243,"project":"-1379659210"},"id":"project.opened"}}
{"session":"f4ac40ff6c5e","build":"183.5912.21","bucket":"-1","time":1555836247243,"group":{"id":"lifecycle","version":"9"},"event":{"count":1,"data":{"created":1555836247243},"id":"project.opened"}}
{"session":"f4ac40ff6c5e","build":"183.5912.21","bucket":"-1","time":1555836248751,"group":{"id":"ui.dialogs","version":"9"},"event":{"count":1,"data":{"created":1555836248751,"type":"show"},"id":"com.intellij.openapi.progress.util.ProgressDialog$MyDialogWrapper"}}
{"session":"f4ac40ff6c5e","build":"183.5912.21","bucket":"-1","time":1555836250862,"group":{"id":"toolwindow.v2","version":"9"},"event":{"count":1,"data":{"created":1555836250862,"data_1":"Mac"},"id":"Project_by_Activation"}}
{"session":"f4ac40ff6c5e","build":"183.5912.21","bucket":"-1","time":1555836251859,"group":{"id":"ui.dialogs","version":"9"},"event":{"count":1,"data":{"code":1,"created":1555836251859,"type":"close"},"id":"com.intellij.openapi.progress.util.ProgressDialog$MyDialogWrapper"}}
{"session":"f4ac40ff6c5e","build":"183.5912.21","bucket":"-1","time":1555836252691,"group":{"id":"statistics.lifecycle.project","version":"9"},"event":{"count":1,"data":{"created":1555836252691,"project":"-1379659210"},"id":"project.open.time.6"}}
{"session":"f4ac40ff6c5e","build":"183.5912.21","bucket":"-1","time":1555836252691,"group":{"id":"lifecycle","version":"9"},"event":{"count":1,"data":{"created":1555836252691,"time.ms":6955},"id":"project.opening.finished"}}
{"session":"f4ac40ff6c5e","build":"183.5912.21","bucket":"-1","time":1555836255818,"group":{"id":"actions.v2","version":"9"},"event":{"count":1,"data":{"context_menu":false,"created":1555836255818,"data_1":"Mac","input_event":"Shift+F1"},"id":"third.party.plugin.action"}}
{"session":"f4ac40ff6c5e","build":"183.5912.21","bucket":"-1","time":1555836515049,"group":{"id":"statistics.lifecycle.project","version":"9"},"event":{"count":1,"data":{"created":1555836515049,"project":"-1379659210"},"id":"project.closed"}}
{"session":"f4ac40ff6c5e","build":"183.5912.21","bucket":"-1","time":1555836515336,"group":{"id":"lifecycle","version":"9"},"event":{"count":1,"data":{"created":1555836515336},"id":"project.closed"}}
{"session":"f4ac40ff6c5e","build":"183.5912.21","bucket":"-1","time":1555836516567,"group":{"id":"statistics.lifecycle.app","version":"9"},"event":{"count":1,"data":{"created":1555836516567},"id":"ide.close"}}
{"session":"f4ac40ff6c5e","build":"183.5912.21","bucket":"-1","time":1555836516567,"group":{"id":"lifecycle","version":"9"},"event":{"count":1,"data":{"restart":false,"created":1555836516567},"id":"app.closed"}}
