{"session":"b571ee74a92d","build":"183.5912.21","bucket":"-1","time":1555832657521,"group":{"id":"system.os.name","version":"9"},"event":{"data":{"created":1555832657521},"id":"Mac.OS.X"}}
{"session":"b571ee74a92d","build":"183.5912.21","bucket":"-1","time":1555832657521,"group":{"id":"system.os.version","version":"9"},"event":{"data":{"created":1555832657532},"id":"10.13.6"}}
{"session":"b571ee74a92d","build":"183.5912.21","bucket":"-1","time":1555832657521,"group":{"id":"system.jvm.vendor","version":"9"},"event":{"data":{"created":1555832657544},"id":"JetBrains_s.r.o"}}
{"session":"b571ee74a92d","build":"183.5912.21","bucket":"-1","time":1555832657521,"group":{"id":"system.jvm.version","version":"9"},"event":{"data":{"created":1555832657545},"id":"1.8"}}
{"session":"b571ee74a92d","build":"183.5912.21","bucket":"-1","time":1555832657534,"group":{"id":"settings","version":"9"},"event":{"data":{"created":1555832657546,"name":"activeMruEditorOnClose","value":false},"id":"UISettings"}}
{"session":"b571ee74a92d","build":"183.5912.21","bucket":"-1","time":1555832657534,"group":{"id":"settings","version":"9"},"event":{"data":{"created":1555832657546,"name":"activeRightEditorOnClose","value":false},"id":"UISettings"}}
{"session":"b571ee74a92d","build":"183.5912.21","bucket":"-1","time":1555832657534,"group":{"id":"settings","version":"9"},"event":{"data":{"created":1555832657547,"name":"allowMergeButtons","value":true},"id":"UISettings"}}
{"session":"b571ee74a92d","build":"183.5912.21","bucket":"-1","time":1555832657534,"group":{"id":"settings","version":"9"},"event":{"data":{"created":1555832657548,"name":"alwaysShowWindowsButton","value":false},"id":"UISettings"}}
{"session":"b571ee74a92d","build":"183.5912.21","bucket":"-1","time":1555832657534,"group":{"id":"settings","version":"9"},"event":{"data":{"created":1555832657549,"name":"animateWindows","value":true},"id":"UISettings"}}
{"session":"b571ee74a92d","build":"183.5912.21","bucket":"-1","time":1555832657534,"group":{"id":"settings","version":"9"},"event":{"data":{"created":1555832657550,"name":"closeNonModifiedFilesFirst","value":false},"id":"UISettings"}}
{"session":"b571ee74a92d","build":"183.5912.21","bucket":"-1","time":1555832657534,"group":{"id":"settings","version":"9"},"event":{"data":{"created":1555832657550,"name":"closeTabButtonOnTheRight","value":true},"id":"UISettings"}}
{"session":"b571ee74a92d","build":"183.5912.21","bucket":"-1","time":1555832657534,"group":{"id":"settings","version":"9"},"event":{"data":{"created":1555832657551,"name":"cycleScrolling","value":true},"id":"UISettings"}}
{"session":"b571ee74a92d","build":"183.5912.21","bucket":"-1","time":1555832657534,"group":{"id":"settings","version":"9"},"event":{"data":{"created":1555832657552,"name":"defaultAutoScrollToSource","value":false},"id":"UISettings"}}
{"session":"b571ee74a92d","build":"183.5912.21","bucket":"-1","time":1555832657534,"group":{"id":"settings","version":"9"},"event":{"data":{"created":1555832657552,"name":"disableMnemonics","value":true},"id":"UISettings"}}
{"session":"b571ee74a92d","build":"183.5912.21","bucket":"-1","time":1555832657534,"group":{"id":"settings","version":"9"},"event":{"data":{"created":1555832657553,"name":"disableMnemonicsInControls","value":false},"id":"UISettings"}}
{"session":"b571ee74a92d","build":"183.5912.21","bucket":"-1","time":1555832657534,"group":{"id":"settings","version":"9"},"event":{"data":{"created":1555832657554,"name":"dndWithPressedAltOnly","value":false},"id":"UISettings"}}
{"session":"b571ee74a92d","build":"183.5912.21","bucket":"-1","time":1555832657534,"group":{"id":"settings","version":"9"},"event":{"data":{"created":1555832657554,"name":"enableAlphaMode","value":false},"id":"UISettings"}}
{"session":"b571ee74a92d","build":"183.5912.21","bucket":"-1","time":1555832657534,"group":{"id":"settings","version":"9"},"event":{"data":{"created":1555832657555,"name":"hideKnownExtensionInTabs","value":false},"id":"UISettings"}}
{"session":"b571ee74a92d","build":"183.5912.21","bucket":"-1","time":1555832657534,"group":{"id":"settings","version":"9"},"event":{"data":{"created":1555832657556,"name":"hideNavigationOnFocusLoss","value":true},"id":"UISettings"}}
{"session":"b571ee74a92d","build":"183.5912.21","bucket":"-1","time":1555832657534,"group":{"id":"settings","version":"9"},"event":{"data":{"created":1555832657557,"name":"hideTabsIfNeed","value":true},"id":"UISettings"}}
{"session":"b571ee74a92d","build":"183.5912.21","bucket":"-1","time":1555832657534,"group":{"id":"settings","version":"9"},"event":{"data":{"created":1555832657558,"name":"hideToolStripes","value":false},"id":"UISettings"}}
{"session":"b571ee74a92d","build":"183.5912.21","bucket":"-1","time":1555832657534,"group":{"id":"settings","version":"9"},"event":{"data":{"created":1555832657559,"name":"leftHorizontalSplit","value":false},"id":"UISettings"}}
{"session":"b571ee74a92d","build":"183.5912.21","bucket":"-1","time":1555832657534,"group":{"id":"settings","version":"9"},"event":{"data":{"created":1555832657559,"name":"markModifiedTabsWithAsterisk","value":false},"id":"UISettings"}}
{"session":"b571ee74a92d","build":"183.5912.21","bucket":"-1","time":1555832657534,"group":{"id":"settings","version":"9"},"event":{"data":{"created":1555832657560,"name":"mergeEqualStackTraces","value":true},"id":"UISettings"}}
{"session":"b571ee74a92d","build":"183.5912.21","bucket":"-1","time":1555832657534,"group":{"id":"settings","version":"9"},"event":{"data":{"created":1555832657560,"name":"moveMouseOnDefaultButton","value":false},"id":"UISettings"}}
{"session":"b571ee74a92d","build":"183.5912.21","bucket":"-1","time":1555832657534,"group":{"id":"settings","version":"9"},"event":{"data":{"created":1555832657561,"name":"navigateToPreview","value":false},"id":"UISettings"}}
{"session":"b571ee74a92d","build":"183.5912.21","bucket":"-1","time":1555832657534,"group":{"id":"settings","version":"9"},"event":{"data":{"created":1555832657562,"name":"overrideConsoleCycleBufferSize","value":false},"id":"UISettings"}}
{"session":"b571ee74a92d","build":"183.5912.21","bucket":"-1","time":1555832657534,"group":{"id":"settings","version":"9"},"event":{"data":{"created":1555832657562,"name":"overrideLafFonts","value":false},"id":"UISettings"}}
{"session":"b571ee74a92d","build":"183.5912.21","bucket":"-1","time":1555832657534,"group":{"id":"settings","version":"9"},"event":{"data":{"created":1555832657563,"name":"pinFindInPath","value":false},"id":"UISettings"}}
{"session":"b571ee74a92d","build":"183.5912.21","bucket":"-1","time":1555832657534,"group":{"id":"settings","version":"9"},"event":{"data":{"created":1555832657564,"name":"presentationMode","value":false},"id":"UISettings"}}
{"session":"b571ee74a92d","build":"183.5912.21","bucket":"-1","time":1555832657534,"group":{"id":"settings","version":"9"},"event":{"data":{"created":1555832657564,"name":"reuseNotModifiedTabs","value":false},"id":"UISettings"}}
{"session":"b571ee74a92d","build":"183.5912.21","bucket":"-1","time":1555832657534,"group":{"id":"settings","version":"9"},"event":{"data":{"created":1555832657565,"name":"rightHorizontalSplit","value":false},"id":"UISettings"}}
{"session":"b571ee74a92d","build":"183.5912.21","bucket":"-1","time":1555832657534,"group":{"id":"settings","version":"9"},"event":{"data":{"created":1555832657566,"name":"scrollTabLayoutInEditor","value":true},"id":"UISettings"}}
{"session":"b571ee74a92d","build":"183.5912.21","bucket":"-1","time":1555832657534,"group":{"id":"settings","version":"9"},"event":{"data":{"created":1555832657566,"name":"showCloseButton","value":true},"id":"UISettings"}}
{"session":"b571ee74a92d","build":"183.5912.21","bucket":"-1","time":1555832657534,"group":{"id":"settings","version":"9"},"event":{"data":{"created":1555832657566,"name":"showDirectoryForNonUniqueFilenames","value":true},"id":"UISettings"}}
{"session":"b571ee74a92d","build":"183.5912.21","bucket":"-1","time":1555832657534,"group":{"id":"settings","version":"9"},"event":{"data":{"created":1555832657567,"name":"showEditorToolTip","value":true},"id":"UISettings"}}
{"session":"b571ee74a92d","build":"183.5912.21","bucket":"-1","time":1555832657535,"group":{"id":"settings","version":"9"},"event":{"data":{"created":1555832657567,"name":"showIconInQuickNavigation","value":true},"id":"UISettings"}}
{"session":"b571ee74a92d","build":"183.5912.21","bucket":"-1","time":1555832657535,"group":{"id":"settings","version":"9"},"event":{"data":{"created":1555832657568,"name":"showIconsInMenus","value":true},"id":"UISettings"}}
{"session":"b571ee74a92d","build":"183.5912.21","bucket":"-1","time":1555832657535,"group":{"id":"settings","version":"9"},"event":{"data":{"created":1555832657568,"name":"showMainToolbar","value":false},"id":"UISettings"}}
{"session":"b571ee74a92d","build":"183.5912.21","bucket":"-1","time":1555832657535,"group":{"id":"settings","version":"9"},"event":{"data":{"created":1555832657569,"name":"showMemoryIndicator","value":false},"id":"UISettings"}}
{"session":"b571ee74a92d","build":"183.5912.21","bucket":"-1","time":1555832657535,"group":{"id":"settings","version":"9"},"event":{"data":{"created":1555832657569,"name":"showNavigationBar","value":true},"id":"UISettings"}}
{"session":"b571ee74a92d","build":"183.5912.21","bucket":"-1","time":1555832657535,"group":{"id":"settings","version":"9"},"event":{"data":{"created":1555832657570,"name":"showStatusBar","value":true},"id":"UISettings"}}
{"session":"b571ee74a92d","build":"183.5912.21","bucket":"-1","time":1555832657535,"group":{"id":"settings","version":"9"},"event":{"data":{"created":1555832657570,"name":"showTabsTooltips","value":true},"id":"UISettings"}}
{"session":"b571ee74a92d","build":"183.5912.21","bucket":"-1","time":1555832657535,"group":{"id":"settings","version":"9"},"event":{"data":{"created":1555832657571,"name":"showToolWindowsNumbers","value":true},"id":"UISettings"}}
{"session":"b571ee74a92d","build":"183.5912.21","bucket":"-1","time":1555832657535,"group":{"id":"settings","version":"9"},"event":{"data":{"created":1555832657571,"name":"smoothScrolling","value":true},"id":"UISettings"}}
{"session":"b571ee74a92d","build":"183.5912.21","bucket":"-1","time":1555832657535,"group":{"id":"settings","version":"9"},"event":{"data":{"created":1555832657571,"name":"sortBookmarks","value":false},"id":"UISettings"}}
{"session":"b571ee74a92d","build":"183.5912.21","bucket":"-1","time":1555832657535,"group":{"id":"settings","version":"9"},"event":{"data":{"created":1555832657572,"name":"sortLookupElementsLexicographically","value":false},"id":"UISettings"}}
{"session":"b571ee74a92d","build":"183.5912.21","bucket":"-1","time":1555832657535,"group":{"id":"settings","version":"9"},"event":{"data":{"created":1555832657572,"name":"useSmallLabelsOnTabs","value":true},"id":"UISettings"}}
{"session":"b571ee74a92d","build":"183.5912.21","bucket":"-1","time":1555832657535,"group":{"id":"settings","version":"9"},"event":{"data":{"created":1555832657572,"name":"wideScreenSupport","value":false},"id":"UISettings"}}
{"session":"b571ee74a92d","build":"183.5912.21","bucket":"-1","time":1555832658399,"group":{"id":"settings","version":"9"},"event":{"data":{"created":1555832658399,"name":"autoSaveIfInactive","value":false},"id":"GeneralSettings"}}
{"session":"b571ee74a92d","build":"183.5912.21","bucket":"-1","time":1555832658399,"group":{"id":"settings","version":"9"},"event":{"data":{"default":false,"created":1555832658400,"name":"confirmExit","value":false},"id":"GeneralSettings"}}
{"session":"b571ee74a92d","build":"183.5912.21","bucket":"-1","time":1555832658399,"group":{"id":"settings","version":"9"},"event":{"data":{"created":1555832658400,"name":"reopenLastProject","value":true},"id":"GeneralSettings"}}
{"session":"b571ee74a92d","build":"183.5912.21","bucket":"-1","time":1555832658400,"group":{"id":"settings","version":"9"},"event":{"data":{"created":1555832658401,"name":"saveOnFrameDeactivation","value":true},"id":"GeneralSettings"}}
{"session":"b571ee74a92d","build":"183.5912.21","bucket":"-1","time":1555832658400,"group":{"id":"settings","version":"9"},"event":{"data":{"created":1555832658401,"name":"searchInBackground","value":false},"id":"GeneralSettings"}}
{"session":"b571ee74a92d","build":"183.5912.21","bucket":"-1","time":1555832658400,"group":{"id":"settings","version":"9"},"event":{"data":{"default":false,"created":1555832658402,"name":"showTipsOnStartup","value":false},"id":"GeneralSettings"}}
{"session":"b571ee74a92d","build":"183.5912.21","bucket":"-1","time":1555832658400,"group":{"id":"settings","version":"9"},"event":{"data":{"created":1555832658402,"name":"showWelcomeScreen","value":true},"id":"GeneralSettings"}}
{"session":"b571ee74a92d","build":"183.5912.21","bucket":"-1","time":1555832658400,"group":{"id":"settings","version":"9"},"event":{"data":{"created":1555832658403,"name":"supportScreenReaders","value":false},"id":"GeneralSettings"}}
{"session":"b571ee74a92d","build":"183.5912.21","bucket":"-1","time":1555832658400,"group":{"id":"settings","version":"9"},"event":{"data":{"created":1555832658403,"name":"syncOnFrameActivation","value":true},"id":"GeneralSettings"}}
{"session":"b571ee74a92d","build":"183.5912.21","bucket":"-1","time":1555832658400,"group":{"id":"settings","version":"9"},"event":{"data":{"created":1555832658403,"name":"useDefaultBrowser","value":true},"id":"GeneralSettings"}}
{"session":"b571ee74a92d","build":"183.5912.21","bucket":"-1","time":1555832658400,"group":{"id":"settings","version":"9"},"event":{"data":{"created":1555832658404,"name":"useSafeWrite","value":true},"id":"GeneralSettings"}}
{"session":"b571ee74a92d","build":"183.5912.21","bucket":"-1","time":1555832675726,"group":{"id":"ui.dialogs","version":"9"},"event":{"count":1,"data":{"created":1555832675726,"type":"show"},"id":"com.intellij.openapi.progress.util.ProgressDialog$MyDialogWrapper"}}
{"session":"b571ee74a92d","build":"183.5912.21","bucket":"-1","time":1555832676187,"group":{"id":"statistics.lifecycle.app","version":"9"},"event":{"count":1,"data":{"created":1555832676187,"data_2":"10+","data_1":"timeSecondsGrouped"},"id":"ide.freeze"}}
{"session":"b571ee74a92d","build":"183.5912.21","bucket":"-1","time":1555832676188,"group":{"id":"lifecycle","version":"9"},"event":{"count":1,"data":{"durationSeconds":18,"created":1555832676189},"id":"ide.freeze"}}
{"session":"b571ee74a92d","build":"183.5912.21","bucket":"-1","time":1555832677148,"group":{"id":"statistics.lifecycle.app","version":"9"},"event":{"count":1,"data":{"created":1555832677148,"data_2":"mappingFailed:false","data_1":"OOM:false","data_3":"pluginId:unknown"},"id":"ide.error"}}
{"session":"b571ee74a92d","build":"183.5912.21","bucket":"-1","time":1555832677277,"group":{"id":"ui.dialogs","version":"9"},"event":{"count":1,"data":{"code":1,"created":1555832677277,"type":"close"},"id":"com.intellij.openapi.progress.util.ProgressDialog$MyDialogWrapper"}}
{"session":"b571ee74a92d","build":"183.5912.21","bucket":"-1","time":1555832677303,"group":{"id":"statistics.lifecycle.project","version":"9"},"event":{"count":1,"data":{"created":1555832677303,"project":"-1379659210"},"id":"project.opened"}}
{"session":"b571ee74a92d","build":"183.5912.21","bucket":"-1","time":1555832677303,"group":{"id":"lifecycle","version":"9"},"event":{"count":1,"data":{"created":1555832677304},"id":"project.opened"}}
{"session":"b571ee74a92d","build":"183.5912.21","bucket":"-1","time":1555832678190,"group":{"id":"ui.dialogs","version":"9"},"event":{"count":1,"data":{"created":1555832678190,"type":"show"},"id":"com.intellij.openapi.progress.util.ProgressDialog$MyDialogWrapper"}}
{"session":"b571ee74a92d","build":"183.5912.21","bucket":"-1","time":1555832680345,"group":{"id":"toolwindow.v2","version":"9"},"event":{"count":1,"data":{"created":1555832680345,"data_1":"Mac"},"id":"Project_by_Activation"}}
{"session":"b571ee74a92d","build":"183.5912.21","bucket":"-1","time":1555832680809,"group":{"id":"statistics.lifecycle.app","version":"9"},"event":{"count":1,"data":{"created":1555832680809},"id":"ide.start"}}
{"session":"b571ee74a92d","build":"183.5912.21","bucket":"-1","time":1555832680809,"group":{"id":"lifecycle","version":"9"},"event":{"count":1,"data":{"created":1555832680810},"id":"app.started"}}
{"session":"b571ee74a92d","build":"183.5912.21","bucket":"-1","time":1555832682222,"group":{"id":"ui.dialogs","version":"9"},"event":{"count":1,"data":{"code":1,"created":1555832682222,"type":"close"},"id":"com.intellij.openapi.progress.util.ProgressDialog$MyDialogWrapper"}}
{"session":"b571ee74a92d","build":"183.5912.21","bucket":"-1","time":1555832682948,"group":{"id":"statistics.lifecycle.project","version":"9"},"event":{"count":1,"data":{"created":1555832682948,"project":"-1379659210"},"id":"project.open.time.7"}}
{"session":"b571ee74a92d","build":"183.5912.21","bucket":"-1","time":1555832682948,"group":{"id":"lifecycle","version":"9"},"event":{"count":1,"data":{"created":1555832682948,"time.ms":7664},"id":"project.opening.finished"}}
{"session":"b571ee74a92d","build":"183.5912.21","bucket":"-1","time":1555832685702,"group":{"id":"actions.v2","version":"9"},"event":{"count":1,"data":{"context_menu":false,"created":1555832685702,"data_1":"Mac","input_event":"Shift+F1"},"id":"third.party.plugin.action"}}
{"session":"b571ee74a92d","build":"183.5912.21","bucket":"-1","time":1555832696873,"group":{"id":"statistics.lifecycle.app","version":"9"},"event":{"count":1,"data":{"created":1555832696873},"id":"ide.close"}}
{"session":"b571ee74a92d","build":"183.5912.21","bucket":"-1","time":1555832696873,"group":{"id":"lifecycle","version":"9"},"event":{"count":1,"data":{"restart":false,"created":1555832696879},"id":"app.closed"}}
{"session":"b571ee74a92d","build":"183.5912.21","bucket":"-1","time":1555832696903,"group":{"id":"statistics.lifecycle.project","version":"9"},"event":{"count":1,"data":{"created":1555832696903,"project":"-1379659210"},"id":"project.closed"}}
{"session":"b571ee74a92d","build":"183.5912.21","bucket":"-1","time":1555832697089,"group":{"id":"lifecycle","version":"9"},"event":{"count":1,"data":{"created":1555832697089},"id":"project.closed"}}
