{"session":"c97be7ba4853","build":"183.5912.21","bucket":"-1","time":1555834713213,"group":{"id":"system.os.name","version":"9"},"event":{"data":{"created":1555834713214},"id":"Mac.OS.X"}}
{"session":"c97be7ba4853","build":"183.5912.21","bucket":"-1","time":1555834713214,"group":{"id":"system.os.version","version":"9"},"event":{"data":{"created":1555834713225},"id":"10.13.6"}}
{"session":"c97be7ba4853","build":"183.5912.21","bucket":"-1","time":1555834713214,"group":{"id":"system.jvm.vendor","version":"9"},"event":{"data":{"created":1555834713236},"id":"JetBrains_s.r.o"}}
{"session":"c97be7ba4853","build":"183.5912.21","bucket":"-1","time":1555834713214,"group":{"id":"system.jvm.version","version":"9"},"event":{"data":{"created":1555834713237},"id":"1.8"}}
{"session":"c97be7ba4853","build":"183.5912.21","bucket":"-1","time":1555834713224,"group":{"id":"settings","version":"9"},"event":{"data":{"created":1555834713237,"name":"activeMruEditorOnClose","value":false},"id":"UISettings"}}
{"session":"c97be7ba4853","build":"183.5912.21","bucket":"-1","time":1555834713224,"group":{"id":"settings","version":"9"},"event":{"data":{"created":1555834713238,"name":"activeRightEditorOnClose","value":false},"id":"UISettings"}}
{"session":"c97be7ba4853","build":"183.5912.21","bucket":"-1","time":1555834713224,"group":{"id":"settings","version":"9"},"event":{"data":{"created":1555834713238,"name":"allowMergeButtons","value":true},"id":"UISettings"}}
{"session":"c97be7ba4853","build":"183.5912.21","bucket":"-1","time":1555834713224,"group":{"id":"settings","version":"9"},"event":{"data":{"created":1555834713239,"name":"alwaysShowWindowsButton","value":false},"id":"UISettings"}}
{"session":"c97be7ba4853","build":"183.5912.21","bucket":"-1","time":1555834713224,"group":{"id":"settings","version":"9"},"event":{"data":{"created":1555834713239,"name":"animateWindows","value":true},"id":"UISettings"}}
{"session":"c97be7ba4853","build":"183.5912.21","bucket":"-1","time":1555834713224,"group":{"id":"settings","version":"9"},"event":{"data":{"created":1555834713240,"name":"closeNonModifiedFilesFirst","value":false},"id":"UISettings"}}
{"session":"c97be7ba4853","build":"183.5912.21","bucket":"-1","time":1555834713224,"group":{"id":"settings","version":"9"},"event":{"data":{"created":1555834713240,"name":"closeTabButtonOnTheRight","value":true},"id":"UISettings"}}
{"session":"c97be7ba4853","build":"183.5912.21","bucket":"-1","time":1555834713224,"group":{"id":"settings","version":"9"},"event":{"data":{"created":1555834713241,"name":"cycleScrolling","value":true},"id":"UISettings"}}
{"session":"c97be7ba4853","build":"183.5912.21","bucket":"-1","time":1555834713224,"group":{"id":"settings","version":"9"},"event":{"data":{"created":1555834713241,"name":"defaultAutoScrollToSource","value":false},"id":"UISettings"}}
{"session":"c97be7ba4853","build":"183.5912.21","bucket":"-1","time":1555834713224,"group":{"id":"settings","version":"9"},"event":{"data":{"created":1555834713241,"name":"disableMnemonics","value":true},"id":"UISettings"}}
{"session":"c97be7ba4853","build":"183.5912.21","bucket":"-1","time":1555834713224,"group":{"id":"settings","version":"9"},"event":{"data":{"created":1555834713242,"name":"disableMnemonicsInControls","value":false},"id":"UISettings"}}
{"session":"c97be7ba4853","build":"183.5912.21","bucket":"-1","time":1555834713224,"group":{"id":"settings","version":"9"},"event":{"data":{"created":1555834713242,"name":"dndWithPressedAltOnly","value":false},"id":"UISettings"}}
{"session":"c97be7ba4853","build":"183.5912.21","bucket":"-1","time":1555834713224,"group":{"id":"settings","version":"9"},"event":{"data":{"created":1555834713243,"name":"enableAlphaMode","value":false},"id":"UISettings"}}
{"session":"c97be7ba4853","build":"183.5912.21","bucket":"-1","time":1555834713224,"group":{"id":"settings","version":"9"},"event":{"data":{"created":1555834713243,"name":"hideKnownExtensionInTabs","value":false},"id":"UISettings"}}
{"session":"c97be7ba4853","build":"183.5912.21","bucket":"-1","time":1555834713224,"group":{"id":"settings","version":"9"},"event":{"data":{"created":1555834713243,"name":"hideNavigationOnFocusLoss","value":true},"id":"UISettings"}}
{"session":"c97be7ba4853","build":"183.5912.21","bucket":"-1","time":1555834713224,"group":{"id":"settings","version":"9"},"event":{"data":{"created":1555834713244,"name":"hideTabsIfNeed","value":true},"id":"UISettings"}}
{"session":"c97be7ba4853","build":"183.5912.21","bucket":"-1","time":1555834713224,"group":{"id":"settings","version":"9"},"event":{"data":{"created":1555834713244,"name":"hideToolStripes","value":false},"id":"UISettings"}}
{"session":"c97be7ba4853","build":"183.5912.21","bucket":"-1","time":1555834713224,"group":{"id":"settings","version":"9"},"event":{"data":{"created":1555834713245,"name":"leftHorizontalSplit","value":false},"id":"UISettings"}}
{"session":"c97be7ba4853","build":"183.5912.21","bucket":"-1","time":1555834713224,"group":{"id":"settings","version":"9"},"event":{"data":{"created":1555834713245,"name":"markModifiedTabsWithAsterisk","value":false},"id":"UISettings"}}
{"session":"c97be7ba4853","build":"183.5912.21","bucket":"-1","time":1555834713224,"group":{"id":"settings","version":"9"},"event":{"data":{"created":1555834713246,"name":"mergeEqualStackTraces","value":true},"id":"UISettings"}}
{"session":"c97be7ba4853","build":"183.5912.21","bucket":"-1","time":1555834713224,"group":{"id":"settings","version":"9"},"event":{"data":{"created":1555834713246,"name":"moveMouseOnDefaultButton","value":false},"id":"UISettings"}}
{"session":"c97be7ba4853","build":"183.5912.21","bucket":"-1","time":1555834713224,"group":{"id":"settings","version":"9"},"event":{"data":{"created":1555834713246,"name":"navigateToPreview","value":false},"id":"UISettings"}}
{"session":"c97be7ba4853","build":"183.5912.21","bucket":"-1","time":1555834713224,"group":{"id":"settings","version":"9"},"event":{"data":{"created":1555834713247,"name":"overrideConsoleCycleBufferSize","value":false},"id":"UISettings"}}
{"session":"c97be7ba4853","build":"183.5912.21","bucket":"-1","time":1555834713224,"group":{"id":"settings","version":"9"},"event":{"data":{"created":1555834713247,"name":"overrideLafFonts","value":false},"id":"UISettings"}}
{"session":"c97be7ba4853","build":"183.5912.21","bucket":"-1","time":1555834713224,"group":{"id":"settings","version":"9"},"event":{"data":{"created":1555834713247,"name":"pinFindInPath","value":false},"id":"UISettings"}}
{"session":"c97be7ba4853","build":"183.5912.21","bucket":"-1","time":1555834713224,"group":{"id":"settings","version":"9"},"event":{"data":{"created":1555834713248,"name":"presentationMode","value":false},"id":"UISettings"}}
{"session":"c97be7ba4853","build":"183.5912.21","bucket":"-1","time":1555834713224,"group":{"id":"settings","version":"9"},"event":{"data":{"created":1555834713248,"name":"reuseNotModifiedTabs","value":false},"id":"UISettings"}}
{"session":"c97be7ba4853","build":"183.5912.21","bucket":"-1","time":1555834713224,"group":{"id":"settings","version":"9"},"event":{"data":{"created":1555834713249,"name":"rightHorizontalSplit","value":false},"id":"UISettings"}}
{"session":"c97be7ba4853","build":"183.5912.21","bucket":"-1","time":1555834713224,"group":{"id":"settings","version":"9"},"event":{"data":{"created":1555834713249,"name":"scrollTabLayoutInEditor","value":true},"id":"UISettings"}}
{"session":"c97be7ba4853","build":"183.5912.21","bucket":"-1","time":1555834713224,"group":{"id":"settings","version":"9"},"event":{"data":{"created":1555834713249,"name":"showCloseButton","value":true},"id":"UISettings"}}
{"session":"c97be7ba4853","build":"183.5912.21","bucket":"-1","time":1555834713224,"group":{"id":"settings","version":"9"},"event":{"data":{"created":1555834713250,"name":"showDirectoryForNonUniqueFilenames","value":true},"id":"UISettings"}}
{"session":"c97be7ba4853","build":"183.5912.21","bucket":"-1","time":1555834713224,"group":{"id":"settings","version":"9"},"event":{"data":{"created":1555834713250,"name":"showEditorToolTip","value":true},"id":"UISettings"}}
{"session":"c97be7ba4853","build":"183.5912.21","bucket":"-1","time":1555834713224,"group":{"id":"settings","version":"9"},"event":{"data":{"created":1555834713251,"name":"showIconInQuickNavigation","value":true},"id":"UISettings"}}
{"session":"c97be7ba4853","build":"183.5912.21","bucket":"-1","time":1555834713224,"group":{"id":"settings","version":"9"},"event":{"data":{"created":1555834713251,"name":"showIconsInMenus","value":true},"id":"UISettings"}}
{"session":"c97be7ba4853","build":"183.5912.21","bucket":"-1","time":1555834713224,"group":{"id":"settings","version":"9"},"event":{"data":{"created":1555834713251,"name":"showMainToolbar","value":false},"id":"UISettings"}}
{"session":"c97be7ba4853","build":"183.5912.21","bucket":"-1","time":1555834713224,"group":{"id":"settings","version":"9"},"event":{"data":{"created":1555834713252,"name":"showMemoryIndicator","value":false},"id":"UISettings"}}
{"session":"c97be7ba4853","build":"183.5912.21","bucket":"-1","time":1555834713224,"group":{"id":"settings","version":"9"},"event":{"data":{"created":1555834713252,"name":"showNavigationBar","value":true},"id":"UISettings"}}
{"session":"c97be7ba4853","build":"183.5912.21","bucket":"-1","time":1555834713224,"group":{"id":"settings","version":"9"},"event":{"data":{"created":1555834713253,"name":"showStatusBar","value":true},"id":"UISettings"}}
{"session":"c97be7ba4853","build":"183.5912.21","bucket":"-1","time":1555834713224,"group":{"id":"settings","version":"9"},"event":{"data":{"created":1555834713253,"name":"showTabsTooltips","value":true},"id":"UISettings"}}
{"session":"c97be7ba4853","build":"183.5912.21","bucket":"-1","time":1555834713224,"group":{"id":"settings","version":"9"},"event":{"data":{"created":1555834713254,"name":"showToolWindowsNumbers","value":true},"id":"UISettings"}}
{"session":"c97be7ba4853","build":"183.5912.21","bucket":"-1","time":1555834713224,"group":{"id":"settings","version":"9"},"event":{"data":{"created":1555834713254,"name":"smoothScrolling","value":true},"id":"UISettings"}}
{"session":"c97be7ba4853","build":"183.5912.21","bucket":"-1","time":1555834713224,"group":{"id":"settings","version":"9"},"event":{"data":{"created":1555834713254,"name":"sortBookmarks","value":false},"id":"UISettings"}}
{"session":"c97be7ba4853","build":"183.5912.21","bucket":"-1","time":1555834713224,"group":{"id":"settings","version":"9"},"event":{"data":{"created":1555834713255,"name":"sortLookupElementsLexicographically","value":false},"id":"UISettings"}}
{"session":"c97be7ba4853","build":"183.5912.21","bucket":"-1","time":1555834713224,"group":{"id":"settings","version":"9"},"event":{"data":{"created":1555834713255,"name":"useSmallLabelsOnTabs","value":true},"id":"UISettings"}}
{"session":"c97be7ba4853","build":"183.5912.21","bucket":"-1","time":1555834713224,"group":{"id":"settings","version":"9"},"event":{"data":{"created":1555834713255,"name":"wideScreenSupport","value":false},"id":"UISettings"}}
{"session":"c97be7ba4853","build":"183.5912.21","bucket":"-1","time":1555834714090,"group":{"id":"settings","version":"9"},"event":{"data":{"created":1555834714090,"name":"autoSaveIfInactive","value":false},"id":"GeneralSettings"}}
{"session":"c97be7ba4853","build":"183.5912.21","bucket":"-1","time":1555834714090,"group":{"id":"settings","version":"9"},"event":{"data":{"default":false,"created":1555834714091,"name":"confirmExit","value":false},"id":"GeneralSettings"}}
{"session":"c97be7ba4853","build":"183.5912.21","bucket":"-1","time":1555834714090,"group":{"id":"settings","version":"9"},"event":{"data":{"created":1555834714092,"name":"reopenLastProject","value":true},"id":"GeneralSettings"}}
{"session":"c97be7ba4853","build":"183.5912.21","bucket":"-1","time":1555834714090,"group":{"id":"settings","version":"9"},"event":{"data":{"created":1555834714092,"name":"saveOnFrameDeactivation","value":true},"id":"GeneralSettings"}}
{"session":"c97be7ba4853","build":"183.5912.21","bucket":"-1","time":1555834714090,"group":{"id":"settings","version":"9"},"event":{"data":{"created":1555834714092,"name":"searchInBackground","value":false},"id":"GeneralSettings"}}
{"session":"c97be7ba4853","build":"183.5912.21","bucket":"-1","time":1555834714090,"group":{"id":"settings","version":"9"},"event":{"data":{"default":false,"created":1555834714093,"name":"showTipsOnStartup","value":false},"id":"GeneralSettings"}}
{"session":"c97be7ba4853","build":"183.5912.21","bucket":"-1","time":1555834714090,"group":{"id":"settings","version":"9"},"event":{"data":{"created":1555834714093,"name":"showWelcomeScreen","value":true},"id":"GeneralSettings"}}
{"session":"c97be7ba4853","build":"183.5912.21","bucket":"-1","time":1555834714090,"group":{"id":"settings","version":"9"},"event":{"data":{"created":1555834714093,"name":"supportScreenReaders","value":false},"id":"GeneralSettings"}}
{"session":"c97be7ba4853","build":"183.5912.21","bucket":"-1","time":1555834714091,"group":{"id":"settings","version":"9"},"event":{"data":{"created":1555834714094,"name":"syncOnFrameActivation","value":true},"id":"GeneralSettings"}}
{"session":"c97be7ba4853","build":"183.5912.21","bucket":"-1","time":1555834714091,"group":{"id":"settings","version":"9"},"event":{"data":{"created":1555834714094,"name":"useDefaultBrowser","value":true},"id":"GeneralSettings"}}
{"session":"c97be7ba4853","build":"183.5912.21","bucket":"-1","time":1555834714091,"group":{"id":"settings","version":"9"},"event":{"data":{"created":1555834714094,"name":"useSafeWrite","value":true},"id":"GeneralSettings"}}
{"session":"c97be7ba4853","build":"183.5912.21","bucket":"-1","time":1555834729430,"group":{"id":"statistics.lifecycle.app","version":"9"},"event":{"count":1,"data":{"created":1555834729430},"id":"ide.start"}}
{"session":"c97be7ba4853","build":"183.5912.21","bucket":"-1","time":1555834729431,"group":{"id":"lifecycle","version":"9"},"event":{"count":1,"data":{"created":1555834729431},"id":"app.started"}}
{"session":"c97be7ba4853","build":"183.5912.21","bucket":"-1","time":1555834729985,"group":{"id":"statistics.lifecycle.app","version":"9"},"event":{"count":1,"data":{"created":1555834729985,"data_2":"10+","data_1":"timeSecondsGrouped"},"id":"ide.freeze"}}
{"session":"c97be7ba4853","build":"183.5912.21","bucket":"-1","time":1555834729985,"group":{"id":"lifecycle","version":"9"},"event":{"count":1,"data":{"durationSeconds":16,"created":1555834729985},"id":"ide.freeze"}}
{"session":"c97be7ba4853","build":"183.5912.21","bucket":"-1","time":1555834739031,"group":{"id":"ui.dialogs","version":"9"},"event":{"count":1,"data":{"created":1555834739031,"type":"show"},"id":"com.intellij.openapi.progress.util.ProgressDialog$MyDialogWrapper"}}
{"session":"c97be7ba4853","build":"183.5912.21","bucket":"-1","time":1555834740168,"group":{"id":"statistics.lifecycle.app","version":"9"},"event":{"count":1,"data":{"created":1555834740168,"data_2":"mappingFailed:false","data_1":"OOM:false","data_3":"pluginId:unknown"},"id":"ide.error"}}
{"session":"c97be7ba4853","build":"183.5912.21","bucket":"-1","time":1555834740330,"group":{"id":"ui.dialogs","version":"9"},"event":{"count":1,"data":{"code":1,"created":1555834740330,"type":"close"},"id":"com.intellij.openapi.progress.util.ProgressDialog$MyDialogWrapper"}}
{"session":"c97be7ba4853","build":"183.5912.21","bucket":"-1","time":1555834740369,"group":{"id":"statistics.lifecycle.project","version":"9"},"event":{"count":1,"data":{"created":1555834740369,"project":"-1379659210"},"id":"project.opened"}}
{"session":"c97be7ba4853","build":"183.5912.21","bucket":"-1","time":1555834740369,"group":{"id":"lifecycle","version":"9"},"event":{"count":1,"data":{"created":1555834740369},"id":"project.opened"}}
{"session":"c97be7ba4853","build":"183.5912.21","bucket":"-1","time":1555834741987,"group":{"id":"ui.dialogs","version":"9"},"event":{"count":1,"data":{"created":1555834741987,"type":"show"},"id":"com.intellij.openapi.progress.util.ProgressDialog$MyDialogWrapper"}}
{"session":"c97be7ba4853","build":"183.5912.21","bucket":"-1","time":1555834744353,"group":{"id":"toolwindow.v2","version":"9"},"event":{"count":1,"data":{"created":1555834744353,"data_1":"Mac"},"id":"Project_by_Activation"}}
{"session":"c97be7ba4853","build":"183.5912.21","bucket":"-1","time":1555834745482,"group":{"id":"ui.dialogs","version":"9"},"event":{"count":1,"data":{"code":1,"created":1555834745482,"type":"close"},"id":"com.intellij.openapi.progress.util.ProgressDialog$MyDialogWrapper"}}
{"session":"c97be7ba4853","build":"183.5912.21","bucket":"-1","time":1555834747076,"group":{"id":"statistics.lifecycle.project","version":"9"},"event":{"count":1,"data":{"created":1555834747076,"project":"-1379659210"},"id":"project.open.time.8"}}
{"session":"c97be7ba4853","build":"183.5912.21","bucket":"-1","time":1555834747076,"group":{"id":"lifecycle","version":"9"},"event":{"count":1,"data":{"created":1555834747076,"time.ms":8424},"id":"project.opening.finished"}}
{"session":"c97be7ba4853","build":"183.5912.21","bucket":"-1","time":1555834753346,"group":{"id":"actions.v2","version":"9"},"event":{"count":1,"data":{"context_menu":false,"created":1555834753346,"data_1":"Mac","input_event":"Shift+F1"},"id":"third.party.plugin.action"}}
{"session":"c97be7ba4853","build":"183.5912.21","bucket":"-1","time":1555834829259,"group":{"id":"statistics.lifecycle.project","version":"9"},"event":{"count":1,"data":{"created":1555834829259,"project":"-1379659210"},"id":"project.closed"}}
{"session":"c97be7ba4853","build":"183.5912.21","bucket":"-1","time":1555834829418,"group":{"id":"lifecycle","version":"9"},"event":{"count":1,"data":{"created":1555834829418},"id":"project.closed"}}
{"session":"c97be7ba4853","build":"183.5912.21","bucket":"-1","time":1555834830611,"group":{"id":"statistics.lifecycle.app","version":"9"},"event":{"count":1,"data":{"created":1555834830611},"id":"ide.close"}}
{"session":"c97be7ba4853","build":"183.5912.21","bucket":"-1","time":1555834830611,"group":{"id":"lifecycle","version":"9"},"event":{"count":1,"data":{"restart":false,"created":1555834830612},"id":"app.closed"}}
