{"session":"c66d42140e77","build":"183.5912.21","bucket":"-1","time":1555835438650,"group":{"id":"system.os.name","version":"9"},"event":{"data":{"created":1555835438650},"id":"Mac.OS.X"}}
{"session":"c66d42140e77","build":"183.5912.21","bucket":"-1","time":1555835438650,"group":{"id":"system.os.version","version":"9"},"event":{"data":{"created":1555835438658},"id":"10.13.6"}}
{"session":"c66d42140e77","build":"183.5912.21","bucket":"-1","time":1555835438650,"group":{"id":"system.jvm.vendor","version":"9"},"event":{"data":{"created":1555835438667},"id":"JetBrains_s.r.o"}}
{"session":"c66d42140e77","build":"183.5912.21","bucket":"-1","time":1555835438650,"group":{"id":"system.jvm.version","version":"9"},"event":{"data":{"created":1555835438669},"id":"1.8"}}
{"session":"c66d42140e77","build":"183.5912.21","bucket":"-1","time":1555835438657,"group":{"id":"settings","version":"9"},"event":{"data":{"created":1555835438669,"name":"activeMruEditorOnClose","value":false},"id":"UISettings"}}
{"session":"c66d42140e77","build":"183.5912.21","bucket":"-1","time":1555835438657,"group":{"id":"settings","version":"9"},"event":{"data":{"created":1555835438670,"name":"activeRightEditorOnClose","value":false},"id":"UISettings"}}
{"session":"c66d42140e77","build":"183.5912.21","bucket":"-1","time":1555835438657,"group":{"id":"settings","version":"9"},"event":{"data":{"created":1555835438670,"name":"allowMergeButtons","value":true},"id":"UISettings"}}
{"session":"c66d42140e77","build":"183.5912.21","bucket":"-1","time":1555835438657,"group":{"id":"settings","version":"9"},"event":{"data":{"created":1555835438671,"name":"alwaysShowWindowsButton","value":false},"id":"UISettings"}}
{"session":"c66d42140e77","build":"183.5912.21","bucket":"-1","time":1555835438657,"group":{"id":"settings","version":"9"},"event":{"data":{"created":1555835438671,"name":"animateWindows","value":true},"id":"UISettings"}}
{"session":"c66d42140e77","build":"183.5912.21","bucket":"-1","time":1555835438657,"group":{"id":"settings","version":"9"},"event":{"data":{"created":1555835438672,"name":"closeNonModifiedFilesFirst","value":false},"id":"UISettings"}}
{"session":"c66d42140e77","build":"183.5912.21","bucket":"-1","time":1555835438657,"group":{"id":"settings","version":"9"},"event":{"data":{"created":1555835438672,"name":"closeTabButtonOnTheRight","value":true},"id":"UISettings"}}
{"session":"c66d42140e77","build":"183.5912.21","bucket":"-1","time":1555835438657,"group":{"id":"settings","version":"9"},"event":{"data":{"created":1555835438673,"name":"cycleScrolling","value":true},"id":"UISettings"}}
{"session":"c66d42140e77","build":"183.5912.21","bucket":"-1","time":1555835438657,"group":{"id":"settings","version":"9"},"event":{"data":{"created":1555835438673,"name":"defaultAutoScrollToSource","value":false},"id":"UISettings"}}
{"session":"c66d42140e77","build":"183.5912.21","bucket":"-1","time":1555835438657,"group":{"id":"settings","version":"9"},"event":{"data":{"created":1555835438674,"name":"disableMnemonics","value":true},"id":"UISettings"}}
{"session":"c66d42140e77","build":"183.5912.21","bucket":"-1","time":1555835438657,"group":{"id":"settings","version":"9"},"event":{"data":{"created":1555835438674,"name":"disableMnemonicsInControls","value":false},"id":"UISettings"}}
{"session":"c66d42140e77","build":"183.5912.21","bucket":"-1","time":1555835438657,"group":{"id":"settings","version":"9"},"event":{"data":{"created":1555835438675,"name":"dndWithPressedAltOnly","value":false},"id":"UISettings"}}
{"session":"c66d42140e77","build":"183.5912.21","bucket":"-1","time":1555835438657,"group":{"id":"settings","version":"9"},"event":{"data":{"created":1555835438675,"name":"enableAlphaMode","value":false},"id":"UISettings"}}
{"session":"c66d42140e77","build":"183.5912.21","bucket":"-1","time":1555835438657,"group":{"id":"settings","version":"9"},"event":{"data":{"created":1555835438676,"name":"hideKnownExtensionInTabs","value":false},"id":"UISettings"}}
{"session":"c66d42140e77","build":"183.5912.21","bucket":"-1","time":1555835438657,"group":{"id":"settings","version":"9"},"event":{"data":{"created":1555835438676,"name":"hideNavigationOnFocusLoss","value":true},"id":"UISettings"}}
{"session":"c66d42140e77","build":"183.5912.21","bucket":"-1","time":1555835438657,"group":{"id":"settings","version":"9"},"event":{"data":{"created":1555835438677,"name":"hideTabsIfNeed","value":true},"id":"UISettings"}}
{"session":"c66d42140e77","build":"183.5912.21","bucket":"-1","time":1555835438657,"group":{"id":"settings","version":"9"},"event":{"data":{"created":1555835438677,"name":"hideToolStripes","value":false},"id":"UISettings"}}
{"session":"c66d42140e77","build":"183.5912.21","bucket":"-1","time":1555835438657,"group":{"id":"settings","version":"9"},"event":{"data":{"created":1555835438678,"name":"leftHorizontalSplit","value":false},"id":"UISettings"}}
{"session":"c66d42140e77","build":"183.5912.21","bucket":"-1","time":1555835438657,"group":{"id":"settings","version":"9"},"event":{"data":{"created":1555835438678,"name":"markModifiedTabsWithAsterisk","value":false},"id":"UISettings"}}
{"session":"c66d42140e77","build":"183.5912.21","bucket":"-1","time":1555835438657,"group":{"id":"settings","version":"9"},"event":{"data":{"created":1555835438679,"name":"mergeEqualStackTraces","value":true},"id":"UISettings"}}
{"session":"c66d42140e77","build":"183.5912.21","bucket":"-1","time":1555835438657,"group":{"id":"settings","version":"9"},"event":{"data":{"created":1555835438679,"name":"moveMouseOnDefaultButton","value":false},"id":"UISettings"}}
{"session":"c66d42140e77","build":"183.5912.21","bucket":"-1","time":1555835438657,"group":{"id":"settings","version":"9"},"event":{"data":{"created":1555835438680,"name":"navigateToPreview","value":false},"id":"UISettings"}}
{"session":"c66d42140e77","build":"183.5912.21","bucket":"-1","time":1555835438657,"group":{"id":"settings","version":"9"},"event":{"data":{"created":1555835438680,"name":"overrideConsoleCycleBufferSize","value":false},"id":"UISettings"}}
{"session":"c66d42140e77","build":"183.5912.21","bucket":"-1","time":1555835438657,"group":{"id":"settings","version":"9"},"event":{"data":{"created":1555835438681,"name":"overrideLafFonts","value":false},"id":"UISettings"}}
{"session":"c66d42140e77","build":"183.5912.21","bucket":"-1","time":1555835438657,"group":{"id":"settings","version":"9"},"event":{"data":{"created":1555835438681,"name":"pinFindInPath","value":false},"id":"UISettings"}}
{"session":"c66d42140e77","build":"183.5912.21","bucket":"-1","time":1555835438657,"group":{"id":"settings","version":"9"},"event":{"data":{"created":1555835438682,"name":"presentationMode","value":false},"id":"UISettings"}}
{"session":"c66d42140e77","build":"183.5912.21","bucket":"-1","time":1555835438657,"group":{"id":"settings","version":"9"},"event":{"data":{"created":1555835438682,"name":"reuseNotModifiedTabs","value":false},"id":"UISettings"}}
{"session":"c66d42140e77","build":"183.5912.21","bucket":"-1","time":1555835438657,"group":{"id":"settings","version":"9"},"event":{"data":{"created":1555835438683,"name":"rightHorizontalSplit","value":false},"id":"UISettings"}}
{"session":"c66d42140e77","build":"183.5912.21","bucket":"-1","time":1555835438657,"group":{"id":"settings","version":"9"},"event":{"data":{"created":1555835438683,"name":"scrollTabLayoutInEditor","value":true},"id":"UISettings"}}
{"session":"c66d42140e77","build":"183.5912.21","bucket":"-1","time":1555835438657,"group":{"id":"settings","version":"9"},"event":{"data":{"created":1555835438684,"name":"showCloseButton","value":true},"id":"UISettings"}}
{"session":"c66d42140e77","build":"183.5912.21","bucket":"-1","time":1555835438657,"group":{"id":"settings","version":"9"},"event":{"data":{"created":1555835438684,"name":"showDirectoryForNonUniqueFilenames","value":true},"id":"UISettings"}}
{"session":"c66d42140e77","build":"183.5912.21","bucket":"-1","time":1555835438657,"group":{"id":"settings","version":"9"},"event":{"data":{"created":1555835438684,"name":"showEditorToolTip","value":true},"id":"UISettings"}}
{"session":"c66d42140e77","build":"183.5912.21","bucket":"-1","time":1555835438657,"group":{"id":"settings","version":"9"},"event":{"data":{"created":1555835438685,"name":"showIconInQuickNavigation","value":true},"id":"UISettings"}}
{"session":"c66d42140e77","build":"183.5912.21","bucket":"-1","time":1555835438657,"group":{"id":"settings","version":"9"},"event":{"data":{"created":1555835438685,"name":"showIconsInMenus","value":true},"id":"UISettings"}}
{"session":"c66d42140e77","build":"183.5912.21","bucket":"-1","time":1555835438657,"group":{"id":"settings","version":"9"},"event":{"data":{"created":1555835438685,"name":"showMainToolbar","value":false},"id":"UISettings"}}
{"session":"c66d42140e77","build":"183.5912.21","bucket":"-1","time":1555835438657,"group":{"id":"settings","version":"9"},"event":{"data":{"created":1555835438686,"name":"showMemoryIndicator","value":false},"id":"UISettings"}}
{"session":"c66d42140e77","build":"183.5912.21","bucket":"-1","time":1555835438657,"group":{"id":"settings","version":"9"},"event":{"data":{"created":1555835438686,"name":"showNavigationBar","value":true},"id":"UISettings"}}
{"session":"c66d42140e77","build":"183.5912.21","bucket":"-1","time":1555835438657,"group":{"id":"settings","version":"9"},"event":{"data":{"created":1555835438686,"name":"showStatusBar","value":true},"id":"UISettings"}}
{"session":"c66d42140e77","build":"183.5912.21","bucket":"-1","time":1555835438657,"group":{"id":"settings","version":"9"},"event":{"data":{"created":1555835438687,"name":"showTabsTooltips","value":true},"id":"UISettings"}}
{"session":"c66d42140e77","build":"183.5912.21","bucket":"-1","time":1555835438657,"group":{"id":"settings","version":"9"},"event":{"data":{"created":1555835438687,"name":"showToolWindowsNumbers","value":true},"id":"UISettings"}}
{"session":"c66d42140e77","build":"183.5912.21","bucket":"-1","time":1555835438657,"group":{"id":"settings","version":"9"},"event":{"data":{"created":1555835438688,"name":"smoothScrolling","value":true},"id":"UISettings"}}
{"session":"c66d42140e77","build":"183.5912.21","bucket":"-1","time":1555835438657,"group":{"id":"settings","version":"9"},"event":{"data":{"created":1555835438688,"name":"sortBookmarks","value":false},"id":"UISettings"}}
{"session":"c66d42140e77","build":"183.5912.21","bucket":"-1","time":1555835438658,"group":{"id":"settings","version":"9"},"event":{"data":{"created":1555835438688,"name":"sortLookupElementsLexicographically","value":false},"id":"UISettings"}}
{"session":"c66d42140e77","build":"183.5912.21","bucket":"-1","time":1555835438658,"group":{"id":"settings","version":"9"},"event":{"data":{"created":1555835438689,"name":"useSmallLabelsOnTabs","value":true},"id":"UISettings"}}
{"session":"c66d42140e77","build":"183.5912.21","bucket":"-1","time":1555835438658,"group":{"id":"settings","version":"9"},"event":{"data":{"created":1555835438689,"name":"wideScreenSupport","value":false},"id":"UISettings"}}
{"session":"c66d42140e77","build":"183.5912.21","bucket":"-1","time":1555835439337,"group":{"id":"settings","version":"9"},"event":{"data":{"created":1555835439337,"name":"autoSaveIfInactive","value":false},"id":"GeneralSettings"}}
{"session":"c66d42140e77","build":"183.5912.21","bucket":"-1","time":1555835439337,"group":{"id":"settings","version":"9"},"event":{"data":{"default":false,"created":1555835439337,"name":"confirmExit","value":false},"id":"GeneralSettings"}}
{"session":"c66d42140e77","build":"183.5912.21","bucket":"-1","time":1555835439337,"group":{"id":"settings","version":"9"},"event":{"data":{"created":1555835439338,"name":"reopenLastProject","value":true},"id":"GeneralSettings"}}
{"session":"c66d42140e77","build":"183.5912.21","bucket":"-1","time":1555835439337,"group":{"id":"settings","version":"9"},"event":{"data":{"created":1555835439338,"name":"saveOnFrameDeactivation","value":true},"id":"GeneralSettings"}}
{"session":"c66d42140e77","build":"183.5912.21","bucket":"-1","time":1555835439337,"group":{"id":"settings","version":"9"},"event":{"data":{"created":1555835439339,"name":"searchInBackground","value":false},"id":"GeneralSettings"}}
{"session":"c66d42140e77","build":"183.5912.21","bucket":"-1","time":1555835439337,"group":{"id":"settings","version":"9"},"event":{"data":{"default":false,"created":1555835439339,"name":"showTipsOnStartup","value":false},"id":"GeneralSettings"}}
{"session":"c66d42140e77","build":"183.5912.21","bucket":"-1","time":1555835439337,"group":{"id":"settings","version":"9"},"event":{"data":{"created":1555835439340,"name":"showWelcomeScreen","value":true},"id":"GeneralSettings"}}
{"session":"c66d42140e77","build":"183.5912.21","bucket":"-1","time":1555835439337,"group":{"id":"settings","version":"9"},"event":{"data":{"created":1555835439340,"name":"supportScreenReaders","value":false},"id":"GeneralSettings"}}
{"session":"c66d42140e77","build":"183.5912.21","bucket":"-1","time":1555835439337,"group":{"id":"settings","version":"9"},"event":{"data":{"created":1555835439340,"name":"syncOnFrameActivation","value":true},"id":"GeneralSettings"}}
{"session":"c66d42140e77","build":"183.5912.21","bucket":"-1","time":1555835439337,"group":{"id":"settings","version":"9"},"event":{"data":{"created":1555835439341,"name":"useDefaultBrowser","value":true},"id":"GeneralSettings"}}
{"session":"c66d42140e77","build":"183.5912.21","bucket":"-1","time":1555835439337,"group":{"id":"settings","version":"9"},"event":{"data":{"created":1555835439341,"name":"useSafeWrite","value":true},"id":"GeneralSettings"}}
{"session":"c66d42140e77","build":"183.5912.21","bucket":"-1","time":1555835455269,"group":{"id":"statistics.lifecycle.app","version":"9"},"event":{"count":1,"data":{"created":1555835455270},"id":"ide.start"}}
{"session":"c66d42140e77","build":"183.5912.21","bucket":"-1","time":1555835455271,"group":{"id":"lifecycle","version":"9"},"event":{"count":1,"data":{"created":1555835455271},"id":"app.started"}}
{"session":"c66d42140e77","build":"183.5912.21","bucket":"-1","time":1555835456171,"group":{"id":"statistics.lifecycle.app","version":"9"},"event":{"count":1,"data":{"created":1555835456171,"data_2":"10+","data_1":"timeSecondsGrouped"},"id":"ide.freeze"}}
{"session":"c66d42140e77","build":"183.5912.21","bucket":"-1","time":1555835456171,"group":{"id":"lifecycle","version":"9"},"event":{"count":1,"data":{"durationSeconds":17,"created":1555835456172},"id":"ide.freeze"}}
{"session":"c66d42140e77","build":"183.5912.21","bucket":"-1","time":1555835507921,"group":{"id":"ui.dialogs","version":"9"},"event":{"count":1,"data":{"created":1555835507921,"type":"show"},"id":"com.intellij.openapi.progress.util.ProgressDialog$MyDialogWrapper"}}
{"session":"c66d42140e77","build":"183.5912.21","bucket":"-1","time":1555835508662,"group":{"id":"statistics.lifecycle.app","version":"9"},"event":{"count":1,"data":{"created":1555835508662,"data_2":"mappingFailed:false","data_1":"OOM:false","data_3":"pluginId:unknown"},"id":"ide.error"}}
{"session":"c66d42140e77","build":"183.5912.21","bucket":"-1","time":1555835508794,"group":{"id":"ui.dialogs","version":"9"},"event":{"count":1,"data":{"code":1,"created":1555835508794,"type":"close"},"id":"com.intellij.openapi.progress.util.ProgressDialog$MyDialogWrapper"}}
{"session":"c66d42140e77","build":"183.5912.21","bucket":"-1","time":1555835508820,"group":{"id":"statistics.lifecycle.project","version":"9"},"event":{"count":1,"data":{"created":1555835508821,"project":"-1379659210"},"id":"project.opened"}}
{"session":"c66d42140e77","build":"183.5912.21","bucket":"-1","time":1555835508821,"group":{"id":"lifecycle","version":"9"},"event":{"count":1,"data":{"created":1555835508822},"id":"project.opened"}}
{"session":"c66d42140e77","build":"183.5912.21","bucket":"-1","time":1555835510289,"group":{"id":"ui.dialogs","version":"9"},"event":{"count":1,"data":{"created":1555835510289,"type":"show"},"id":"com.intellij.openapi.progress.util.ProgressDialog$MyDialogWrapper"}}
{"session":"c66d42140e77","build":"183.5912.21","bucket":"-1","time":1555835512280,"group":{"id":"toolwindow.v2","version":"9"},"event":{"count":1,"data":{"created":1555835512280,"data_1":"Mac"},"id":"Project_by_Activation"}}
{"session":"c66d42140e77","build":"183.5912.21","bucket":"-1","time":1555835513198,"group":{"id":"ui.dialogs","version":"9"},"event":{"count":1,"data":{"code":1,"created":1555835513198,"type":"close"},"id":"com.intellij.openapi.progress.util.ProgressDialog$MyDialogWrapper"}}
{"session":"c66d42140e77","build":"183.5912.21","bucket":"-1","time":1555835514065,"group":{"id":"statistics.lifecycle.project","version":"9"},"event":{"count":1,"data":{"created":1555835514065,"project":"-1379659210"},"id":"project.open.time.6"}}
{"session":"c66d42140e77","build":"183.5912.21","bucket":"-1","time":1555835514065,"group":{"id":"lifecycle","version":"9"},"event":{"count":1,"data":{"created":1555835514065,"time.ms":6474},"id":"project.opening.finished"}}
{"session":"c66d42140e77","build":"183.5912.21","bucket":"-1","time":1555835516969,"group":{"id":"actions.v2","version":"9"},"event":{"count":1,"data":{"context_menu":false,"created":1555835516969,"data_1":"Mac","input_event":"Shift+F1"},"id":"third.party.plugin.action"}}
{"session":"c66d42140e77","build":"183.5912.21","bucket":"-1","time":1555835849574,"group":{"id":"statistics.lifecycle.project","version":"9"},"event":{"count":1,"data":{"created":1555835849574,"project":"-1379659210"},"id":"project.closed"}}
{"session":"c66d42140e77","build":"183.5912.21","bucket":"-1","time":1555835849719,"group":{"id":"lifecycle","version":"9"},"event":{"count":1,"data":{"created":1555835849720},"id":"project.closed"}}
{"session":"c66d42140e77","build":"183.5912.21","bucket":"-1","time":1555835850931,"group":{"id":"statistics.lifecycle.app","version":"9"},"event":{"count":1,"data":{"created":1555835850931},"id":"ide.close"}}
{"session":"c66d42140e77","build":"183.5912.21","bucket":"-1","time":1555835850931,"group":{"id":"lifecycle","version":"9"},"event":{"count":1,"data":{"restart":false,"created":1555835850931},"id":"app.closed"}}
