{"session":"2f32493952e0","build":"183.5912.21","bucket":"-1","time":1555837598027,"group":{"id":"system.os.name","version":"9"},"event":{"data":{"created":1555837598028},"id":"Mac.OS.X"}}
{"session":"2f32493952e0","build":"183.5912.21","bucket":"-1","time":1555837598028,"group":{"id":"system.os.version","version":"9"},"event":{"data":{"created":1555837598036},"id":"10.13.6"}}
{"session":"2f32493952e0","build":"183.5912.21","bucket":"-1","time":1555837598028,"group":{"id":"system.jvm.vendor","version":"9"},"event":{"data":{"created":1555837598048},"id":"JetBrains_s.r.o"}}
{"session":"2f32493952e0","build":"183.5912.21","bucket":"-1","time":1555837598028,"group":{"id":"system.jvm.version","version":"9"},"event":{"data":{"created":1555837598049},"id":"1.8"}}
{"session":"2f32493952e0","build":"183.5912.21","bucket":"-1","time":1555837598036,"group":{"id":"settings","version":"9"},"event":{"data":{"created":1555837598049,"name":"activeMruEditorOnClose","value":false},"id":"UISettings"}}
{"session":"2f32493952e0","build":"183.5912.21","bucket":"-1","time":1555837598036,"group":{"id":"settings","version":"9"},"event":{"data":{"created":1555837598050,"name":"activeRightEditorOnClose","value":false},"id":"UISettings"}}
{"session":"2f32493952e0","build":"183.5912.21","bucket":"-1","time":1555837598036,"group":{"id":"settings","version":"9"},"event":{"data":{"created":1555837598050,"name":"allowMergeButtons","value":true},"id":"UISettings"}}
{"session":"2f32493952e0","build":"183.5912.21","bucket":"-1","time":1555837598036,"group":{"id":"settings","version":"9"},"event":{"data":{"created":1555837598051,"name":"alwaysShowWindowsButton","value":false},"id":"UISettings"}}
{"session":"2f32493952e0","build":"183.5912.21","bucket":"-1","time":1555837598036,"group":{"id":"settings","version":"9"},"event":{"data":{"created":1555837598051,"name":"animateWindows","value":true},"id":"UISettings"}}
{"session":"2f32493952e0","build":"183.5912.21","bucket":"-1","time":1555837598036,"group":{"id":"settings","version":"9"},"event":{"data":{"created":1555837598052,"name":"closeNonModifiedFilesFirst","value":false},"id":"UISettings"}}
{"session":"2f32493952e0","build":"183.5912.21","bucket":"-1","time":1555837598036,"group":{"id":"settings","version":"9"},"event":{"data":{"created":1555837598052,"name":"closeTabButtonOnTheRight","value":true},"id":"UISettings"}}
{"session":"2f32493952e0","build":"183.5912.21","bucket":"-1","time":1555837598036,"group":{"id":"settings","version":"9"},"event":{"data":{"created":1555837598053,"name":"cycleScrolling","value":true},"id":"UISettings"}}
{"session":"2f32493952e0","build":"183.5912.21","bucket":"-1","time":1555837598036,"group":{"id":"settings","version":"9"},"event":{"data":{"created":1555837598054,"name":"defaultAutoScrollToSource","value":false},"id":"UISettings"}}
{"session":"2f32493952e0","build":"183.5912.21","bucket":"-1","time":1555837598036,"group":{"id":"settings","version":"9"},"event":{"data":{"created":1555837598054,"name":"disableMnemonics","value":true},"id":"UISettings"}}
{"session":"2f32493952e0","build":"183.5912.21","bucket":"-1","time":1555837598036,"group":{"id":"settings","version":"9"},"event":{"data":{"created":1555837598055,"name":"disableMnemonicsInControls","value":false},"id":"UISettings"}}
{"session":"2f32493952e0","build":"183.5912.21","bucket":"-1","time":1555837598036,"group":{"id":"settings","version":"9"},"event":{"data":{"created":1555837598055,"name":"dndWithPressedAltOnly","value":false},"id":"UISettings"}}
{"session":"2f32493952e0","build":"183.5912.21","bucket":"-1","time":1555837598036,"group":{"id":"settings","version":"9"},"event":{"data":{"created":1555837598056,"name":"enableAlphaMode","value":false},"id":"UISettings"}}
{"session":"2f32493952e0","build":"183.5912.21","bucket":"-1","time":1555837598036,"group":{"id":"settings","version":"9"},"event":{"data":{"created":1555837598056,"name":"hideKnownExtensionInTabs","value":false},"id":"UISettings"}}
{"session":"2f32493952e0","build":"183.5912.21","bucket":"-1","time":1555837598036,"group":{"id":"settings","version":"9"},"event":{"data":{"created":1555837598057,"name":"hideNavigationOnFocusLoss","value":true},"id":"UISettings"}}
{"session":"2f32493952e0","build":"183.5912.21","bucket":"-1","time":1555837598036,"group":{"id":"settings","version":"9"},"event":{"data":{"created":1555837598057,"name":"hideTabsIfNeed","value":true},"id":"UISettings"}}
{"session":"2f32493952e0","build":"183.5912.21","bucket":"-1","time":1555837598036,"group":{"id":"settings","version":"9"},"event":{"data":{"created":1555837598058,"name":"hideToolStripes","value":false},"id":"UISettings"}}
{"session":"2f32493952e0","build":"183.5912.21","bucket":"-1","time":1555837598036,"group":{"id":"settings","version":"9"},"event":{"data":{"created":1555837598058,"name":"leftHorizontalSplit","value":false},"id":"UISettings"}}
{"session":"2f32493952e0","build":"183.5912.21","bucket":"-1","time":1555837598036,"group":{"id":"settings","version":"9"},"event":{"data":{"created":1555837598059,"name":"markModifiedTabsWithAsterisk","value":false},"id":"UISettings"}}
{"session":"2f32493952e0","build":"183.5912.21","bucket":"-1","time":1555837598036,"group":{"id":"settings","version":"9"},"event":{"data":{"created":1555837598059,"name":"mergeEqualStackTraces","value":true},"id":"UISettings"}}
{"session":"2f32493952e0","build":"183.5912.21","bucket":"-1","time":1555837598036,"group":{"id":"settings","version":"9"},"event":{"data":{"created":1555837598060,"name":"moveMouseOnDefaultButton","value":false},"id":"UISettings"}}
{"session":"2f32493952e0","build":"183.5912.21","bucket":"-1","time":1555837598036,"group":{"id":"settings","version":"9"},"event":{"data":{"created":1555837598060,"name":"navigateToPreview","value":false},"id":"UISettings"}}
{"session":"2f32493952e0","build":"183.5912.21","bucket":"-1","time":1555837598036,"group":{"id":"settings","version":"9"},"event":{"data":{"created":1555837598060,"name":"overrideConsoleCycleBufferSize","value":false},"id":"UISettings"}}
{"session":"2f32493952e0","build":"183.5912.21","bucket":"-1","time":1555837598036,"group":{"id":"settings","version":"9"},"event":{"data":{"created":1555837598061,"name":"overrideLafFonts","value":false},"id":"UISettings"}}
{"session":"2f32493952e0","build":"183.5912.21","bucket":"-1","time":1555837598036,"group":{"id":"settings","version":"9"},"event":{"data":{"created":1555837598061,"name":"pinFindInPath","value":false},"id":"UISettings"}}
{"session":"2f32493952e0","build":"183.5912.21","bucket":"-1","time":1555837598036,"group":{"id":"settings","version":"9"},"event":{"data":{"created":1555837598061,"name":"presentationMode","value":false},"id":"UISettings"}}
{"session":"2f32493952e0","build":"183.5912.21","bucket":"-1","time":1555837598036,"group":{"id":"settings","version":"9"},"event":{"data":{"created":1555837598062,"name":"reuseNotModifiedTabs","value":false},"id":"UISettings"}}
{"session":"2f32493952e0","build":"183.5912.21","bucket":"-1","time":1555837598036,"group":{"id":"settings","version":"9"},"event":{"data":{"created":1555837598062,"name":"rightHorizontalSplit","value":false},"id":"UISettings"}}
{"session":"2f32493952e0","build":"183.5912.21","bucket":"-1","time":1555837598036,"group":{"id":"settings","version":"9"},"event":{"data":{"created":1555837598063,"name":"scrollTabLayoutInEditor","value":true},"id":"UISettings"}}
{"session":"2f32493952e0","build":"183.5912.21","bucket":"-1","time":1555837598036,"group":{"id":"settings","version":"9"},"event":{"data":{"created":1555837598063,"name":"showCloseButton","value":true},"id":"UISettings"}}
{"session":"2f32493952e0","build":"183.5912.21","bucket":"-1","time":1555837598036,"group":{"id":"settings","version":"9"},"event":{"data":{"created":1555837598063,"name":"showDirectoryForNonUniqueFilenames","value":true},"id":"UISettings"}}
{"session":"2f32493952e0","build":"183.5912.21","bucket":"-1","time":1555837598036,"group":{"id":"settings","version":"9"},"event":{"data":{"created":1555837598063,"name":"showEditorToolTip","value":true},"id":"UISettings"}}
{"session":"2f32493952e0","build":"183.5912.21","bucket":"-1","time":1555837598036,"group":{"id":"settings","version":"9"},"event":{"data":{"created":1555837598064,"name":"showIconInQuickNavigation","value":true},"id":"UISettings"}}
{"session":"2f32493952e0","build":"183.5912.21","bucket":"-1","time":1555837598036,"group":{"id":"settings","version":"9"},"event":{"data":{"created":1555837598064,"name":"showIconsInMenus","value":true},"id":"UISettings"}}
{"session":"2f32493952e0","build":"183.5912.21","bucket":"-1","time":1555837598037,"group":{"id":"settings","version":"9"},"event":{"data":{"created":1555837598064,"name":"showMainToolbar","value":false},"id":"UISettings"}}
{"session":"2f32493952e0","build":"183.5912.21","bucket":"-1","time":1555837598037,"group":{"id":"settings","version":"9"},"event":{"data":{"created":1555837598065,"name":"showMemoryIndicator","value":false},"id":"UISettings"}}
{"session":"2f32493952e0","build":"183.5912.21","bucket":"-1","time":1555837598037,"group":{"id":"settings","version":"9"},"event":{"data":{"created":1555837598065,"name":"showNavigationBar","value":true},"id":"UISettings"}}
{"session":"2f32493952e0","build":"183.5912.21","bucket":"-1","time":1555837598037,"group":{"id":"settings","version":"9"},"event":{"data":{"created":1555837598065,"name":"showStatusBar","value":true},"id":"UISettings"}}
{"session":"2f32493952e0","build":"183.5912.21","bucket":"-1","time":1555837598037,"group":{"id":"settings","version":"9"},"event":{"data":{"created":1555837598066,"name":"showTabsTooltips","value":true},"id":"UISettings"}}
{"session":"2f32493952e0","build":"183.5912.21","bucket":"-1","time":1555837598037,"group":{"id":"settings","version":"9"},"event":{"data":{"created":1555837598066,"name":"showToolWindowsNumbers","value":true},"id":"UISettings"}}
{"session":"2f32493952e0","build":"183.5912.21","bucket":"-1","time":1555837598037,"group":{"id":"settings","version":"9"},"event":{"data":{"created":1555837598066,"name":"smoothScrolling","value":true},"id":"UISettings"}}
{"session":"2f32493952e0","build":"183.5912.21","bucket":"-1","time":1555837598037,"group":{"id":"settings","version":"9"},"event":{"data":{"created":1555837598067,"name":"sortBookmarks","value":false},"id":"UISettings"}}
{"session":"2f32493952e0","build":"183.5912.21","bucket":"-1","time":1555837598037,"group":{"id":"settings","version":"9"},"event":{"data":{"created":1555837598067,"name":"sortLookupElementsLexicographically","value":false},"id":"UISettings"}}
{"session":"2f32493952e0","build":"183.5912.21","bucket":"-1","time":1555837598037,"group":{"id":"settings","version":"9"},"event":{"data":{"created":1555837598067,"name":"useSmallLabelsOnTabs","value":true},"id":"UISettings"}}
{"session":"2f32493952e0","build":"183.5912.21","bucket":"-1","time":1555837598037,"group":{"id":"settings","version":"9"},"event":{"data":{"created":1555837598067,"name":"wideScreenSupport","value":false},"id":"UISettings"}}
{"session":"2f32493952e0","build":"183.5912.21","bucket":"-1","time":1555837599053,"group":{"id":"settings","version":"9"},"event":{"data":{"created":1555837599053,"name":"autoSaveIfInactive","value":false},"id":"GeneralSettings"}}
{"session":"2f32493952e0","build":"183.5912.21","bucket":"-1","time":1555837599053,"group":{"id":"settings","version":"9"},"event":{"data":{"default":false,"created":1555837599054,"name":"confirmExit","value":false},"id":"GeneralSettings"}}
{"session":"2f32493952e0","build":"183.5912.21","bucket":"-1","time":1555837599053,"group":{"id":"settings","version":"9"},"event":{"data":{"created":1555837599054,"name":"reopenLastProject","value":true},"id":"GeneralSettings"}}
{"session":"2f32493952e0","build":"183.5912.21","bucket":"-1","time":1555837599053,"group":{"id":"settings","version":"9"},"event":{"data":{"created":1555837599055,"name":"saveOnFrameDeactivation","value":true},"id":"GeneralSettings"}}
{"session":"2f32493952e0","build":"183.5912.21","bucket":"-1","time":1555837599053,"group":{"id":"settings","version":"9"},"event":{"data":{"created":1555837599055,"name":"searchInBackground","value":false},"id":"GeneralSettings"}}
{"session":"2f32493952e0","build":"183.5912.21","bucket":"-1","time":1555837599053,"group":{"id":"settings","version":"9"},"event":{"data":{"default":false,"created":1555837599055,"name":"showTipsOnStartup","value":false},"id":"GeneralSettings"}}
{"session":"2f32493952e0","build":"183.5912.21","bucket":"-1","time":1555837599053,"group":{"id":"settings","version":"9"},"event":{"data":{"created":1555837599055,"name":"showWelcomeScreen","value":true},"id":"GeneralSettings"}}
{"session":"2f32493952e0","build":"183.5912.21","bucket":"-1","time":1555837599053,"group":{"id":"settings","version":"9"},"event":{"data":{"created":1555837599056,"name":"supportScreenReaders","value":false},"id":"GeneralSettings"}}
{"session":"2f32493952e0","build":"183.5912.21","bucket":"-1","time":1555837599053,"group":{"id":"settings","version":"9"},"event":{"data":{"created":1555837599056,"name":"syncOnFrameActivation","value":true},"id":"GeneralSettings"}}
{"session":"2f32493952e0","build":"183.5912.21","bucket":"-1","time":1555837599053,"group":{"id":"settings","version":"9"},"event":{"data":{"created":1555837599056,"name":"useDefaultBrowser","value":true},"id":"GeneralSettings"}}
{"session":"2f32493952e0","build":"183.5912.21","bucket":"-1","time":1555837599053,"group":{"id":"settings","version":"9"},"event":{"data":{"created":1555837599056,"name":"useSafeWrite","value":true},"id":"GeneralSettings"}}
{"session":"2f32493952e0","build":"183.5912.21","bucket":"-1","time":1555837613145,"group":{"id":"statistics.lifecycle.app","version":"9"},"event":{"count":1,"data":{"created":1555837613145},"id":"ide.start"}}
{"session":"2f32493952e0","build":"183.5912.21","bucket":"-1","time":1555837613146,"group":{"id":"lifecycle","version":"9"},"event":{"count":1,"data":{"created":1555837613146},"id":"app.started"}}
{"session":"2f32493952e0","build":"183.5912.21","bucket":"-1","time":1555837613841,"group":{"id":"statistics.lifecycle.app","version":"9"},"event":{"count":1,"data":{"created":1555837613841,"data_2":"10+","data_1":"timeSecondsGrouped"},"id":"ide.freeze"}}
{"session":"2f32493952e0","build":"183.5912.21","bucket":"-1","time":1555837613841,"group":{"id":"lifecycle","version":"9"},"event":{"count":1,"data":{"durationSeconds":15,"created":1555837613841},"id":"ide.freeze"}}
{"session":"2f32493952e0","build":"183.5912.21","bucket":"-1","time":1555837615028,"group":{"id":"ui.dialogs","version":"9"},"event":{"count":1,"data":{"created":1555837615028,"type":"show"},"id":"com.intellij.openapi.progress.util.ProgressDialog$MyDialogWrapper"}}
{"session":"2f32493952e0","build":"183.5912.21","bucket":"-1","time":1555837616159,"group":{"id":"statistics.lifecycle.app","version":"9"},"event":{"count":1,"data":{"created":1555837616159,"data_2":"mappingFailed:false","data_1":"OOM:false","data_3":"pluginId:unknown"},"id":"ide.error"}}
{"session":"2f32493952e0","build":"183.5912.21","bucket":"-1","time":1555837616331,"group":{"id":"ui.dialogs","version":"9"},"event":{"count":1,"data":{"code":1,"created":1555837616331,"type":"close"},"id":"com.intellij.openapi.progress.util.ProgressDialog$MyDialogWrapper"}}
{"session":"2f32493952e0","build":"183.5912.21","bucket":"-1","time":1555837616373,"group":{"id":"statistics.lifecycle.project","version":"9"},"event":{"count":1,"data":{"created":1555837616373,"project":"-1379659210"},"id":"project.opened"}}
{"session":"2f32493952e0","build":"183.5912.21","bucket":"-1","time":1555837616373,"group":{"id":"lifecycle","version":"9"},"event":{"count":1,"data":{"created":1555837616373},"id":"project.opened"}}
{"session":"2f32493952e0","build":"183.5912.21","bucket":"-1","time":1555837618295,"group":{"id":"ui.dialogs","version":"9"},"event":{"count":1,"data":{"created":1555837618295,"type":"show"},"id":"com.intellij.openapi.progress.util.ProgressDialog$MyDialogWrapper"}}
{"session":"2f32493952e0","build":"183.5912.21","bucket":"-1","time":1555837623612,"group":{"id":"ui.dialogs","version":"9"},"event":{"count":1,"data":{"code":1,"created":1555837623612,"type":"close"},"id":"com.intellij.openapi.progress.util.ProgressDialog$MyDialogWrapper"}}
{"session":"2f32493952e0","build":"183.5912.21","bucket":"-1","time":1555837625060,"group":{"id":"statistics.lifecycle.project","version":"9"},"event":{"count":1,"data":{"created":1555837625060,"project":"-1379659210"},"id":"project.open.time.10"}}
{"session":"2f32493952e0","build":"183.5912.21","bucket":"-1","time":1555837625060,"group":{"id":"lifecycle","version":"9"},"event":{"count":1,"data":{"created":1555837625060,"time.ms":10532},"id":"project.opening.finished"}}
{"session":"2f32493952e0","build":"183.5912.21","bucket":"-1","time":1555837637384,"group":{"id":"toolwindow.v2","version":"9"},"event":{"count":1,"data":{"created":1555837637384,"data_1":"Mac"},"id":"Project_by_Activation"}}
{"session":"2f32493952e0","build":"183.5912.21","bucket":"-1","time":1555837639480,"group":{"id":"actions.v2","version":"9"},"event":{"count":1,"data":{"context_menu":false,"created":1555837639480,"data_1":"Mac","input_event":"Shift+F1"},"id":"third.party.plugin.action"}}
{"session":"2f32493952e0","build":"183.5912.21","bucket":"-1","time":1555837714678,"group":{"id":"statistics.lifecycle.app","version":"9"},"event":{"count":1,"data":{"created":1555837714678,"data_2":"mappingFailed:false","data_1":"OOM:false","data_3":"pluginId:unknown"},"id":"ide.error"}}
{"session":"2f32493952e0","build":"183.5912.21","bucket":"-1","time":1555837740104,"group":{"id":"statistics.lifecycle.project","version":"9"},"event":{"count":1,"data":{"created":1555837740104,"project":"-1379659210"},"id":"project.closed"}}
{"session":"2f32493952e0","build":"183.5912.21","bucket":"-1","time":1555837740390,"group":{"id":"lifecycle","version":"9"},"event":{"count":1,"data":{"created":1555837740390},"id":"project.closed"}}
{"session":"2f32493952e0","build":"183.5912.21","bucket":"-1","time":1555837742534,"group":{"id":"statistics.lifecycle.app","version":"9"},"event":{"count":1,"data":{"created":1555837742534},"id":"ide.close"}}
{"session":"2f32493952e0","build":"183.5912.21","bucket":"-1","time":1555837742534,"group":{"id":"lifecycle","version":"9"},"event":{"count":1,"data":{"restart":false,"created":1555837742535},"id":"app.closed"}}
