{"session":"5cbc5a79b678","build":"183.5912.21","bucket":"-1","time":1555832208548,"group":{"id":"system.os.name","version":"9"},"event":{"data":{"created":1555832208548},"id":"Mac.OS.X"}}
{"session":"5cbc5a79b678","build":"183.5912.21","bucket":"-1","time":1555832208548,"group":{"id":"system.os.version","version":"9"},"event":{"data":{"created":1555832208556},"id":"10.13.6"}}
{"session":"5cbc5a79b678","build":"183.5912.21","bucket":"-1","time":1555832208548,"group":{"id":"system.jvm.vendor","version":"9"},"event":{"data":{"created":1555832208566},"id":"JetBrains_s.r.o"}}
{"session":"5cbc5a79b678","build":"183.5912.21","bucket":"-1","time":1555832208548,"group":{"id":"system.jvm.version","version":"9"},"event":{"data":{"created":1555832208566},"id":"1.8"}}
{"session":"5cbc5a79b678","build":"183.5912.21","bucket":"-1","time":1555832208555,"group":{"id":"settings","version":"9"},"event":{"data":{"created":1555832208567,"name":"activeMruEditorOnClose","value":false},"id":"UISettings"}}
{"session":"5cbc5a79b678","build":"183.5912.21","bucket":"-1","time":1555832208555,"group":{"id":"settings","version":"9"},"event":{"data":{"created":1555832208567,"name":"activeRightEditorOnClose","value":false},"id":"UISettings"}}
{"session":"5cbc5a79b678","build":"183.5912.21","bucket":"-1","time":1555832208555,"group":{"id":"settings","version":"9"},"event":{"data":{"created":1555832208568,"name":"allowMergeButtons","value":true},"id":"UISettings"}}
{"session":"5cbc5a79b678","build":"183.5912.21","bucket":"-1","time":1555832208555,"group":{"id":"settings","version":"9"},"event":{"data":{"created":1555832208569,"name":"alwaysShowWindowsButton","value":false},"id":"UISettings"}}
{"session":"5cbc5a79b678","build":"183.5912.21","bucket":"-1","time":1555832208555,"group":{"id":"settings","version":"9"},"event":{"data":{"created":1555832208570,"name":"animateWindows","value":true},"id":"UISettings"}}
{"session":"5cbc5a79b678","build":"183.5912.21","bucket":"-1","time":1555832208555,"group":{"id":"settings","version":"9"},"event":{"data":{"created":1555832208570,"name":"closeNonModifiedFilesFirst","value":false},"id":"UISettings"}}
{"session":"5cbc5a79b678","build":"183.5912.21","bucket":"-1","time":1555832208555,"group":{"id":"settings","version":"9"},"event":{"data":{"created":1555832208570,"name":"closeTabButtonOnTheRight","value":true},"id":"UISettings"}}
{"session":"5cbc5a79b678","build":"183.5912.21","bucket":"-1","time":1555832208555,"group":{"id":"settings","version":"9"},"event":{"data":{"created":1555832208571,"name":"cycleScrolling","value":true},"id":"UISettings"}}
{"session":"5cbc5a79b678","build":"183.5912.21","bucket":"-1","time":1555832208555,"group":{"id":"settings","version":"9"},"event":{"data":{"created":1555832208572,"name":"defaultAutoScrollToSource","value":false},"id":"UISettings"}}
{"session":"5cbc5a79b678","build":"183.5912.21","bucket":"-1","time":1555832208555,"group":{"id":"settings","version":"9"},"event":{"data":{"created":1555832208572,"name":"disableMnemonics","value":true},"id":"UISettings"}}
{"session":"5cbc5a79b678","build":"183.5912.21","bucket":"-1","time":1555832208555,"group":{"id":"settings","version":"9"},"event":{"data":{"created":1555832208573,"name":"disableMnemonicsInControls","value":false},"id":"UISettings"}}
{"session":"5cbc5a79b678","build":"183.5912.21","bucket":"-1","time":1555832208555,"group":{"id":"settings","version":"9"},"event":{"data":{"created":1555832208574,"name":"dndWithPressedAltOnly","value":false},"id":"UISettings"}}
{"session":"5cbc5a79b678","build":"183.5912.21","bucket":"-1","time":1555832208555,"group":{"id":"settings","version":"9"},"event":{"data":{"created":1555832208574,"name":"enableAlphaMode","value":false},"id":"UISettings"}}
{"session":"5cbc5a79b678","build":"183.5912.21","bucket":"-1","time":1555832208555,"group":{"id":"settings","version":"9"},"event":{"data":{"created":1555832208574,"name":"hideKnownExtensionInTabs","value":false},"id":"UISettings"}}
{"session":"5cbc5a79b678","build":"183.5912.21","bucket":"-1","time":1555832208555,"group":{"id":"settings","version":"9"},"event":{"data":{"created":1555832208575,"name":"hideNavigationOnFocusLoss","value":true},"id":"UISettings"}}
{"session":"5cbc5a79b678","build":"183.5912.21","bucket":"-1","time":1555832208555,"group":{"id":"settings","version":"9"},"event":{"data":{"created":1555832208576,"name":"hideTabsIfNeed","value":true},"id":"UISettings"}}
{"session":"5cbc5a79b678","build":"183.5912.21","bucket":"-1","time":1555832208555,"group":{"id":"settings","version":"9"},"event":{"data":{"created":1555832208576,"name":"hideToolStripes","value":false},"id":"UISettings"}}
{"session":"5cbc5a79b678","build":"183.5912.21","bucket":"-1","time":1555832208555,"group":{"id":"settings","version":"9"},"event":{"data":{"created":1555832208576,"name":"leftHorizontalSplit","value":false},"id":"UISettings"}}
{"session":"5cbc5a79b678","build":"183.5912.21","bucket":"-1","time":1555832208555,"group":{"id":"settings","version":"9"},"event":{"data":{"created":1555832208577,"name":"markModifiedTabsWithAsterisk","value":false},"id":"UISettings"}}
{"session":"5cbc5a79b678","build":"183.5912.21","bucket":"-1","time":1555832208555,"group":{"id":"settings","version":"9"},"event":{"data":{"created":1555832208577,"name":"mergeEqualStackTraces","value":true},"id":"UISettings"}}
{"session":"5cbc5a79b678","build":"183.5912.21","bucket":"-1","time":1555832208555,"group":{"id":"settings","version":"9"},"event":{"data":{"created":1555832208578,"name":"moveMouseOnDefaultButton","value":false},"id":"UISettings"}}
{"session":"5cbc5a79b678","build":"183.5912.21","bucket":"-1","time":1555832208555,"group":{"id":"settings","version":"9"},"event":{"data":{"created":1555832208578,"name":"navigateToPreview","value":false},"id":"UISettings"}}
{"session":"5cbc5a79b678","build":"183.5912.21","bucket":"-1","time":1555832208555,"group":{"id":"settings","version":"9"},"event":{"data":{"created":1555832208578,"name":"overrideConsoleCycleBufferSize","value":false},"id":"UISettings"}}
{"session":"5cbc5a79b678","build":"183.5912.21","bucket":"-1","time":1555832208555,"group":{"id":"settings","version":"9"},"event":{"data":{"created":1555832208579,"name":"overrideLafFonts","value":false},"id":"UISettings"}}
{"session":"5cbc5a79b678","build":"183.5912.21","bucket":"-1","time":1555832208555,"group":{"id":"settings","version":"9"},"event":{"data":{"created":1555832208579,"name":"pinFindInPath","value":false},"id":"UISettings"}}
{"session":"5cbc5a79b678","build":"183.5912.21","bucket":"-1","time":1555832208555,"group":{"id":"settings","version":"9"},"event":{"data":{"created":1555832208580,"name":"presentationMode","value":false},"id":"UISettings"}}
{"session":"5cbc5a79b678","build":"183.5912.21","bucket":"-1","time":1555832208555,"group":{"id":"settings","version":"9"},"event":{"data":{"created":1555832208580,"name":"reuseNotModifiedTabs","value":false},"id":"UISettings"}}
{"session":"5cbc5a79b678","build":"183.5912.21","bucket":"-1","time":1555832208555,"group":{"id":"settings","version":"9"},"event":{"data":{"created":1555832208580,"name":"rightHorizontalSplit","value":false},"id":"UISettings"}}
{"session":"5cbc5a79b678","build":"183.5912.21","bucket":"-1","time":1555832208555,"group":{"id":"settings","version":"9"},"event":{"data":{"created":1555832208581,"name":"scrollTabLayoutInEditor","value":true},"id":"UISettings"}}
{"session":"5cbc5a79b678","build":"183.5912.21","bucket":"-1","time":1555832208555,"group":{"id":"settings","version":"9"},"event":{"data":{"created":1555832208581,"name":"showCloseButton","value":true},"id":"UISettings"}}
{"session":"5cbc5a79b678","build":"183.5912.21","bucket":"-1","time":1555832208555,"group":{"id":"settings","version":"9"},"event":{"data":{"created":1555832208582,"name":"showDirectoryForNonUniqueFilenames","value":true},"id":"UISettings"}}
{"session":"5cbc5a79b678","build":"183.5912.21","bucket":"-1","time":1555832208555,"group":{"id":"settings","version":"9"},"event":{"data":{"created":1555832208582,"name":"showEditorToolTip","value":true},"id":"UISettings"}}
{"session":"5cbc5a79b678","build":"183.5912.21","bucket":"-1","time":1555832208555,"group":{"id":"settings","version":"9"},"event":{"data":{"created":1555832208582,"name":"showIconInQuickNavigation","value":true},"id":"UISettings"}}
{"session":"5cbc5a79b678","build":"183.5912.21","bucket":"-1","time":1555832208555,"group":{"id":"settings","version":"9"},"event":{"data":{"created":1555832208583,"name":"showIconsInMenus","value":true},"id":"UISettings"}}
{"session":"5cbc5a79b678","build":"183.5912.21","bucket":"-1","time":1555832208555,"group":{"id":"settings","version":"9"},"event":{"data":{"created":1555832208583,"name":"showMainToolbar","value":false},"id":"UISettings"}}
{"session":"5cbc5a79b678","build":"183.5912.21","bucket":"-1","time":1555832208555,"group":{"id":"settings","version":"9"},"event":{"data":{"created":1555832208583,"name":"showMemoryIndicator","value":false},"id":"UISettings"}}
{"session":"5cbc5a79b678","build":"183.5912.21","bucket":"-1","time":1555832208555,"group":{"id":"settings","version":"9"},"event":{"data":{"created":1555832208584,"name":"showNavigationBar","value":true},"id":"UISettings"}}
{"session":"5cbc5a79b678","build":"183.5912.21","bucket":"-1","time":1555832208555,"group":{"id":"settings","version":"9"},"event":{"data":{"created":1555832208584,"name":"showStatusBar","value":true},"id":"UISettings"}}
{"session":"5cbc5a79b678","build":"183.5912.21","bucket":"-1","time":1555832208555,"group":{"id":"settings","version":"9"},"event":{"data":{"created":1555832208584,"name":"showTabsTooltips","value":true},"id":"UISettings"}}
{"session":"5cbc5a79b678","build":"183.5912.21","bucket":"-1","time":1555832208555,"group":{"id":"settings","version":"9"},"event":{"data":{"created":1555832208584,"name":"showToolWindowsNumbers","value":true},"id":"UISettings"}}
{"session":"5cbc5a79b678","build":"183.5912.21","bucket":"-1","time":1555832208555,"group":{"id":"settings","version":"9"},"event":{"data":{"created":1555832208585,"name":"smoothScrolling","value":true},"id":"UISettings"}}
{"session":"5cbc5a79b678","build":"183.5912.21","bucket":"-1","time":1555832208555,"group":{"id":"settings","version":"9"},"event":{"data":{"created":1555832208585,"name":"sortBookmarks","value":false},"id":"UISettings"}}
{"session":"5cbc5a79b678","build":"183.5912.21","bucket":"-1","time":1555832208555,"group":{"id":"settings","version":"9"},"event":{"data":{"created":1555832208585,"name":"sortLookupElementsLexicographically","value":false},"id":"UISettings"}}
{"session":"5cbc5a79b678","build":"183.5912.21","bucket":"-1","time":1555832208555,"group":{"id":"settings","version":"9"},"event":{"data":{"created":1555832208585,"name":"useSmallLabelsOnTabs","value":true},"id":"UISettings"}}
{"session":"5cbc5a79b678","build":"183.5912.21","bucket":"-1","time":1555832208555,"group":{"id":"settings","version":"9"},"event":{"data":{"created":1555832208585,"name":"wideScreenSupport","value":false},"id":"UISettings"}}
{"session":"5cbc5a79b678","build":"183.5912.21","bucket":"-1","time":1555832209247,"group":{"id":"settings","version":"9"},"event":{"data":{"created":1555832209247,"name":"autoSaveIfInactive","value":false},"id":"GeneralSettings"}}
{"session":"5cbc5a79b678","build":"183.5912.21","bucket":"-1","time":1555832209247,"group":{"id":"settings","version":"9"},"event":{"data":{"default":false,"created":1555832209247,"name":"confirmExit","value":false},"id":"GeneralSettings"}}
{"session":"5cbc5a79b678","build":"183.5912.21","bucket":"-1","time":1555832209247,"group":{"id":"settings","version":"9"},"event":{"data":{"created":1555832209248,"name":"reopenLastProject","value":true},"id":"GeneralSettings"}}
{"session":"5cbc5a79b678","build":"183.5912.21","bucket":"-1","time":1555832209247,"group":{"id":"settings","version":"9"},"event":{"data":{"created":1555832209249,"name":"saveOnFrameDeactivation","value":true},"id":"GeneralSettings"}}
{"session":"5cbc5a79b678","build":"183.5912.21","bucket":"-1","time":1555832209247,"group":{"id":"settings","version":"9"},"event":{"data":{"created":1555832209249,"name":"searchInBackground","value":false},"id":"GeneralSettings"}}
{"session":"5cbc5a79b678","build":"183.5912.21","bucket":"-1","time":1555832209247,"group":{"id":"settings","version":"9"},"event":{"data":{"default":false,"created":1555832209249,"name":"showTipsOnStartup","value":false},"id":"GeneralSettings"}}
{"session":"5cbc5a79b678","build":"183.5912.21","bucket":"-1","time":1555832209247,"group":{"id":"settings","version":"9"},"event":{"data":{"created":1555832209250,"name":"showWelcomeScreen","value":true},"id":"GeneralSettings"}}
{"session":"5cbc5a79b678","build":"183.5912.21","bucket":"-1","time":1555832209247,"group":{"id":"settings","version":"9"},"event":{"data":{"created":1555832209250,"name":"supportScreenReaders","value":false},"id":"GeneralSettings"}}
{"session":"5cbc5a79b678","build":"183.5912.21","bucket":"-1","time":1555832209247,"group":{"id":"settings","version":"9"},"event":{"data":{"created":1555832209250,"name":"syncOnFrameActivation","value":true},"id":"GeneralSettings"}}
{"session":"5cbc5a79b678","build":"183.5912.21","bucket":"-1","time":1555832209247,"group":{"id":"settings","version":"9"},"event":{"data":{"created":1555832209251,"name":"useDefaultBrowser","value":true},"id":"GeneralSettings"}}
{"session":"5cbc5a79b678","build":"183.5912.21","bucket":"-1","time":1555832209247,"group":{"id":"settings","version":"9"},"event":{"data":{"created":1555832209251,"name":"useSafeWrite","value":true},"id":"GeneralSettings"}}
{"session":"5cbc5a79b678","build":"183.5912.21","bucket":"-1","time":1555832225801,"group":{"id":"ui.dialogs","version":"9"},"event":{"count":1,"data":{"created":1555832225801,"type":"show"},"id":"com.intellij.openapi.progress.util.ProgressDialog$MyDialogWrapper"}}
{"session":"5cbc5a79b678","build":"183.5912.21","bucket":"-1","time":1555832226109,"group":{"id":"statistics.lifecycle.app","version":"9"},"event":{"count":1,"data":{"created":1555832226109,"data_2":"10+","data_1":"timeSecondsGrouped"},"id":"ide.freeze"}}
{"session":"5cbc5a79b678","build":"183.5912.21","bucket":"-1","time":1555832226110,"group":{"id":"lifecycle","version":"9"},"event":{"count":1,"data":{"durationSeconds":17,"created":1555832226110},"id":"ide.freeze"}}
{"session":"5cbc5a79b678","build":"183.5912.21","bucket":"-1","time":1555832226864,"group":{"id":"statistics.lifecycle.app","version":"9"},"event":{"count":1,"data":{"created":1555832226864,"data_2":"mappingFailed:false","data_1":"OOM:false","data_3":"pluginId:unknown"},"id":"ide.error"}}
{"session":"5cbc5a79b678","build":"183.5912.21","bucket":"-1","time":1555832227003,"group":{"id":"ui.dialogs","version":"9"},"event":{"count":1,"data":{"code":1,"created":1555832227004,"type":"close"},"id":"com.intellij.openapi.progress.util.ProgressDialog$MyDialogWrapper"}}
{"session":"5cbc5a79b678","build":"183.5912.21","bucket":"-1","time":1555832227030,"group":{"id":"statistics.lifecycle.project","version":"9"},"event":{"count":1,"data":{"created":1555832227030,"project":"-1379659210"},"id":"project.opened"}}
{"session":"5cbc5a79b678","build":"183.5912.21","bucket":"-1","time":1555832227031,"group":{"id":"lifecycle","version":"9"},"event":{"count":1,"data":{"created":1555832227031},"id":"project.opened"}}
{"session":"5cbc5a79b678","build":"183.5912.21","bucket":"-1","time":1555832228039,"group":{"id":"ui.dialogs","version":"9"},"event":{"count":1,"data":{"created":1555832228040,"type":"show"},"id":"com.intellij.openapi.progress.util.ProgressDialog$MyDialogWrapper"}}
{"session":"5cbc5a79b678","build":"183.5912.21","bucket":"-1","time":1555832229885,"group":{"id":"toolwindow.v2","version":"9"},"event":{"count":1,"data":{"created":1555832229885,"data_1":"Mac"},"id":"Project_by_Activation"}}
{"session":"5cbc5a79b678","build":"183.5912.21","bucket":"-1","time":1555832230592,"group":{"id":"statistics.lifecycle.app","version":"9"},"event":{"count":1,"data":{"created":1555832230592},"id":"ide.start"}}
{"session":"5cbc5a79b678","build":"183.5912.21","bucket":"-1","time":1555832230592,"group":{"id":"lifecycle","version":"9"},"event":{"count":1,"data":{"created":1555832230593},"id":"app.started"}}
{"session":"5cbc5a79b678","build":"183.5912.21","bucket":"-1","time":1555832231531,"group":{"id":"ui.dialogs","version":"9"},"event":{"count":1,"data":{"code":1,"created":1555832231531,"type":"close"},"id":"com.intellij.openapi.progress.util.ProgressDialog$MyDialogWrapper"}}
{"session":"5cbc5a79b678","build":"183.5912.21","bucket":"-1","time":1555832231738,"group":{"id":"statistics.lifecycle.project","version":"9"},"event":{"count":1,"data":{"created":1555832231738,"project":"-1379659210"},"id":"project.open.time.6"}}
{"session":"5cbc5a79b678","build":"183.5912.21","bucket":"-1","time":1555832231738,"group":{"id":"lifecycle","version":"9"},"event":{"count":1,"data":{"created":1555832231738,"time.ms":6350},"id":"project.opening.finished"}}
{"session":"5cbc5a79b678","build":"183.5912.21","bucket":"-1","time":1555832256411,"group":{"id":"actions.v2","version":"9"},"event":{"count":1,"data":{"context_menu":false,"created":1555832256412,"data_1":"Mac","input_event":"Shift+F1"},"id":"third.party.plugin.action"}}
{"session":"5cbc5a79b678","build":"183.5912.21","bucket":"-1","time":1555832476909,"group":{"id":"actions.v2","version":"9"},"event":{"count":1,"data":{"context_menu":false,"created":1555832476909,"data_1":"Mac","input_event":"Shift+F1"},"id":"third.party.plugin.action"}}
{"session":"5cbc5a79b678","build":"183.5912.21","bucket":"-1","time":1555832644935,"group":{"id":"statistics.lifecycle.app","version":"9"},"event":{"count":1,"data":{"created":1555832644935},"id":"ide.close"}}
{"session":"5cbc5a79b678","build":"183.5912.21","bucket":"-1","time":1555832644935,"group":{"id":"lifecycle","version":"9"},"event":{"count":1,"data":{"restart":false,"created":1555832644941},"id":"app.closed"}}
{"session":"5cbc5a79b678","build":"183.5912.21","bucket":"-1","time":1555832644958,"group":{"id":"statistics.lifecycle.project","version":"9"},"event":{"count":1,"data":{"created":1555832644958,"project":"-1379659210"},"id":"project.closed"}}
{"session":"5cbc5a79b678","build":"183.5912.21","bucket":"-1","time":1555832645072,"group":{"id":"lifecycle","version":"9"},"event":{"count":1,"data":{"created":1555832645072},"id":"project.closed"}}
