{"session":"11fea48eb74e","build":"183.5912.21","bucket":"-1","time":1555832111245,"group":{"id":"system.os.name","version":"9"},"event":{"data":{"created":1555832111246},"id":"Mac.OS.X"}}
{"session":"11fea48eb74e","build":"183.5912.21","bucket":"-1","time":1555832111246,"group":{"id":"system.os.version","version":"9"},"event":{"data":{"created":1555832111257},"id":"10.13.6"}}
{"session":"11fea48eb74e","build":"183.5912.21","bucket":"-1","time":1555832111246,"group":{"id":"system.jvm.vendor","version":"9"},"event":{"data":{"created":1555832111270},"id":"JetBrains_s.r.o"}}
{"session":"11fea48eb74e","build":"183.5912.21","bucket":"-1","time":1555832111246,"group":{"id":"system.jvm.version","version":"9"},"event":{"data":{"created":1555832111271},"id":"1.8"}}
{"session":"11fea48eb74e","build":"183.5912.21","bucket":"-1","time":1555832111255,"group":{"id":"settings","version":"9"},"event":{"data":{"created":1555832111272,"name":"activeMruEditorOnClose","value":false},"id":"UISettings"}}
{"session":"11fea48eb74e","build":"183.5912.21","bucket":"-1","time":1555832111255,"group":{"id":"settings","version":"9"},"event":{"data":{"created":1555832111272,"name":"activeRightEditorOnClose","value":false},"id":"UISettings"}}
{"session":"11fea48eb74e","build":"183.5912.21","bucket":"-1","time":1555832111255,"group":{"id":"settings","version":"9"},"event":{"data":{"created":1555832111274,"name":"allowMergeButtons","value":true},"id":"UISettings"}}
{"session":"11fea48eb74e","build":"183.5912.21","bucket":"-1","time":1555832111256,"group":{"id":"settings","version":"9"},"event":{"data":{"created":1555832111275,"name":"alwaysShowWindowsButton","value":false},"id":"UISettings"}}
{"session":"11fea48eb74e","build":"183.5912.21","bucket":"-1","time":1555832111256,"group":{"id":"settings","version":"9"},"event":{"data":{"created":1555832111275,"name":"animateWindows","value":true},"id":"UISettings"}}
{"session":"11fea48eb74e","build":"183.5912.21","bucket":"-1","time":1555832111256,"group":{"id":"settings","version":"9"},"event":{"data":{"created":1555832111276,"name":"closeNonModifiedFilesFirst","value":false},"id":"UISettings"}}
{"session":"11fea48eb74e","build":"183.5912.21","bucket":"-1","time":1555832111256,"group":{"id":"settings","version":"9"},"event":{"data":{"created":1555832111277,"name":"closeTabButtonOnTheRight","value":true},"id":"UISettings"}}
{"session":"11fea48eb74e","build":"183.5912.21","bucket":"-1","time":1555832111256,"group":{"id":"settings","version":"9"},"event":{"data":{"created":1555832111279,"name":"cycleScrolling","value":true},"id":"UISettings"}}
{"session":"11fea48eb74e","build":"183.5912.21","bucket":"-1","time":1555832111256,"group":{"id":"settings","version":"9"},"event":{"data":{"created":1555832111280,"name":"defaultAutoScrollToSource","value":false},"id":"UISettings"}}
{"session":"11fea48eb74e","build":"183.5912.21","bucket":"-1","time":1555832111256,"group":{"id":"settings","version":"9"},"event":{"data":{"created":1555832111281,"name":"disableMnemonics","value":true},"id":"UISettings"}}
{"session":"11fea48eb74e","build":"183.5912.21","bucket":"-1","time":1555832111256,"group":{"id":"settings","version":"9"},"event":{"data":{"created":1555832111282,"name":"disableMnemonicsInControls","value":false},"id":"UISettings"}}
{"session":"11fea48eb74e","build":"183.5912.21","bucket":"-1","time":1555832111256,"group":{"id":"settings","version":"9"},"event":{"data":{"created":1555832111283,"name":"dndWithPressedAltOnly","value":false},"id":"UISettings"}}
{"session":"11fea48eb74e","build":"183.5912.21","bucket":"-1","time":1555832111256,"group":{"id":"settings","version":"9"},"event":{"data":{"created":1555832111284,"name":"enableAlphaMode","value":false},"id":"UISettings"}}
{"session":"11fea48eb74e","build":"183.5912.21","bucket":"-1","time":1555832111256,"group":{"id":"settings","version":"9"},"event":{"data":{"created":1555832111285,"name":"hideKnownExtensionInTabs","value":false},"id":"UISettings"}}
{"session":"11fea48eb74e","build":"183.5912.21","bucket":"-1","time":1555832111256,"group":{"id":"settings","version":"9"},"event":{"data":{"created":1555832111285,"name":"hideNavigationOnFocusLoss","value":true},"id":"UISettings"}}
{"session":"11fea48eb74e","build":"183.5912.21","bucket":"-1","time":1555832111256,"group":{"id":"settings","version":"9"},"event":{"data":{"created":1555832111286,"name":"hideTabsIfNeed","value":true},"id":"UISettings"}}
{"session":"11fea48eb74e","build":"183.5912.21","bucket":"-1","time":1555832111256,"group":{"id":"settings","version":"9"},"event":{"data":{"created":1555832111287,"name":"hideToolStripes","value":false},"id":"UISettings"}}
{"session":"11fea48eb74e","build":"183.5912.21","bucket":"-1","time":1555832111256,"group":{"id":"settings","version":"9"},"event":{"data":{"created":1555832111288,"name":"leftHorizontalSplit","value":false},"id":"UISettings"}}
{"session":"11fea48eb74e","build":"183.5912.21","bucket":"-1","time":1555832111256,"group":{"id":"settings","version":"9"},"event":{"data":{"created":1555832111288,"name":"markModifiedTabsWithAsterisk","value":false},"id":"UISettings"}}
{"session":"11fea48eb74e","build":"183.5912.21","bucket":"-1","time":1555832111256,"group":{"id":"settings","version":"9"},"event":{"data":{"created":1555832111289,"name":"mergeEqualStackTraces","value":true},"id":"UISettings"}}
{"session":"11fea48eb74e","build":"183.5912.21","bucket":"-1","time":1555832111256,"group":{"id":"settings","version":"9"},"event":{"data":{"created":1555832111290,"name":"moveMouseOnDefaultButton","value":false},"id":"UISettings"}}
{"session":"11fea48eb74e","build":"183.5912.21","bucket":"-1","time":1555832111256,"group":{"id":"settings","version":"9"},"event":{"data":{"created":1555832111291,"name":"navigateToPreview","value":false},"id":"UISettings"}}
{"session":"11fea48eb74e","build":"183.5912.21","bucket":"-1","time":1555832111256,"group":{"id":"settings","version":"9"},"event":{"data":{"created":1555832111291,"name":"overrideConsoleCycleBufferSize","value":false},"id":"UISettings"}}
{"session":"11fea48eb74e","build":"183.5912.21","bucket":"-1","time":1555832111256,"group":{"id":"settings","version":"9"},"event":{"data":{"created":1555832111292,"name":"overrideLafFonts","value":false},"id":"UISettings"}}
{"session":"11fea48eb74e","build":"183.5912.21","bucket":"-1","time":1555832111256,"group":{"id":"settings","version":"9"},"event":{"data":{"created":1555832111293,"name":"pinFindInPath","value":false},"id":"UISettings"}}
{"session":"11fea48eb74e","build":"183.5912.21","bucket":"-1","time":1555832111256,"group":{"id":"settings","version":"9"},"event":{"data":{"created":1555832111293,"name":"presentationMode","value":false},"id":"UISettings"}}
{"session":"11fea48eb74e","build":"183.5912.21","bucket":"-1","time":1555832111256,"group":{"id":"settings","version":"9"},"event":{"data":{"created":1555832111294,"name":"reuseNotModifiedTabs","value":false},"id":"UISettings"}}
{"session":"11fea48eb74e","build":"183.5912.21","bucket":"-1","time":1555832111256,"group":{"id":"settings","version":"9"},"event":{"data":{"created":1555832111294,"name":"rightHorizontalSplit","value":false},"id":"UISettings"}}
{"session":"11fea48eb74e","build":"183.5912.21","bucket":"-1","time":1555832111256,"group":{"id":"settings","version":"9"},"event":{"data":{"created":1555832111295,"name":"scrollTabLayoutInEditor","value":true},"id":"UISettings"}}
{"session":"11fea48eb74e","build":"183.5912.21","bucket":"-1","time":1555832111256,"group":{"id":"settings","version":"9"},"event":{"data":{"created":1555832111296,"name":"showCloseButton","value":true},"id":"UISettings"}}
{"session":"11fea48eb74e","build":"183.5912.21","bucket":"-1","time":1555832111256,"group":{"id":"settings","version":"9"},"event":{"data":{"created":1555832111297,"name":"showDirectoryForNonUniqueFilenames","value":true},"id":"UISettings"}}
{"session":"11fea48eb74e","build":"183.5912.21","bucket":"-1","time":1555832111256,"group":{"id":"settings","version":"9"},"event":{"data":{"created":1555832111298,"name":"showEditorToolTip","value":true},"id":"UISettings"}}
{"session":"11fea48eb74e","build":"183.5912.21","bucket":"-1","time":1555832111256,"group":{"id":"settings","version":"9"},"event":{"data":{"created":1555832111298,"name":"showIconInQuickNavigation","value":true},"id":"UISettings"}}
{"session":"11fea48eb74e","build":"183.5912.21","bucket":"-1","time":1555832111256,"group":{"id":"settings","version":"9"},"event":{"data":{"created":1555832111299,"name":"showIconsInMenus","value":true},"id":"UISettings"}}
{"session":"11fea48eb74e","build":"183.5912.21","bucket":"-1","time":1555832111256,"group":{"id":"settings","version":"9"},"event":{"data":{"created":1555832111299,"name":"showMainToolbar","value":false},"id":"UISettings"}}
{"session":"11fea48eb74e","build":"183.5912.21","bucket":"-1","time":1555832111256,"group":{"id":"settings","version":"9"},"event":{"data":{"created":1555832111300,"name":"showMemoryIndicator","value":false},"id":"UISettings"}}
{"session":"11fea48eb74e","build":"183.5912.21","bucket":"-1","time":1555832111256,"group":{"id":"settings","version":"9"},"event":{"data":{"created":1555832111300,"name":"showNavigationBar","value":true},"id":"UISettings"}}
{"session":"11fea48eb74e","build":"183.5912.21","bucket":"-1","time":1555832111256,"group":{"id":"settings","version":"9"},"event":{"data":{"created":1555832111301,"name":"showStatusBar","value":true},"id":"UISettings"}}
{"session":"11fea48eb74e","build":"183.5912.21","bucket":"-1","time":1555832111256,"group":{"id":"settings","version":"9"},"event":{"data":{"created":1555832111302,"name":"showTabsTooltips","value":true},"id":"UISettings"}}
{"session":"11fea48eb74e","build":"183.5912.21","bucket":"-1","time":1555832111256,"group":{"id":"settings","version":"9"},"event":{"data":{"created":1555832111302,"name":"showToolWindowsNumbers","value":true},"id":"UISettings"}}
{"session":"11fea48eb74e","build":"183.5912.21","bucket":"-1","time":1555832111256,"group":{"id":"settings","version":"9"},"event":{"data":{"created":1555832111303,"name":"smoothScrolling","value":true},"id":"UISettings"}}
{"session":"11fea48eb74e","build":"183.5912.21","bucket":"-1","time":1555832111257,"group":{"id":"settings","version":"9"},"event":{"data":{"created":1555832111303,"name":"sortBookmarks","value":false},"id":"UISettings"}}
{"session":"11fea48eb74e","build":"183.5912.21","bucket":"-1","time":1555832111257,"group":{"id":"settings","version":"9"},"event":{"data":{"created":1555832111303,"name":"sortLookupElementsLexicographically","value":false},"id":"UISettings"}}
{"session":"11fea48eb74e","build":"183.5912.21","bucket":"-1","time":1555832111257,"group":{"id":"settings","version":"9"},"event":{"data":{"created":1555832111304,"name":"useSmallLabelsOnTabs","value":true},"id":"UISettings"}}
{"session":"11fea48eb74e","build":"183.5912.21","bucket":"-1","time":1555832111257,"group":{"id":"settings","version":"9"},"event":{"data":{"created":1555832111304,"name":"wideScreenSupport","value":false},"id":"UISettings"}}
{"session":"11fea48eb74e","build":"183.5912.21","bucket":"-1","time":1555832112121,"group":{"id":"settings","version":"9"},"event":{"data":{"created":1555832112121,"name":"autoSaveIfInactive","value":false},"id":"GeneralSettings"}}
{"session":"11fea48eb74e","build":"183.5912.21","bucket":"-1","time":1555832112121,"group":{"id":"settings","version":"9"},"event":{"data":{"default":false,"created":1555832112121,"name":"confirmExit","value":false},"id":"GeneralSettings"}}
{"session":"11fea48eb74e","build":"183.5912.21","bucket":"-1","time":1555832112121,"group":{"id":"settings","version":"9"},"event":{"data":{"created":1555832112121,"name":"reopenLastProject","value":true},"id":"GeneralSettings"}}
{"session":"11fea48eb74e","build":"183.5912.21","bucket":"-1","time":1555832112121,"group":{"id":"settings","version":"9"},"event":{"data":{"created":1555832112122,"name":"saveOnFrameDeactivation","value":true},"id":"GeneralSettings"}}
{"session":"11fea48eb74e","build":"183.5912.21","bucket":"-1","time":1555832112121,"group":{"id":"settings","version":"9"},"event":{"data":{"created":1555832112122,"name":"searchInBackground","value":false},"id":"GeneralSettings"}}
{"session":"11fea48eb74e","build":"183.5912.21","bucket":"-1","time":1555832112121,"group":{"id":"settings","version":"9"},"event":{"data":{"default":false,"created":1555832112122,"name":"showTipsOnStartup","value":false},"id":"GeneralSettings"}}
{"session":"11fea48eb74e","build":"183.5912.21","bucket":"-1","time":1555832112121,"group":{"id":"settings","version":"9"},"event":{"data":{"created":1555832112122,"name":"showWelcomeScreen","value":true},"id":"GeneralSettings"}}
{"session":"11fea48eb74e","build":"183.5912.21","bucket":"-1","time":1555832112121,"group":{"id":"settings","version":"9"},"event":{"data":{"created":1555832112123,"name":"supportScreenReaders","value":false},"id":"GeneralSettings"}}
{"session":"11fea48eb74e","build":"183.5912.21","bucket":"-1","time":1555832112121,"group":{"id":"settings","version":"9"},"event":{"data":{"created":1555832112123,"name":"syncOnFrameActivation","value":true},"id":"GeneralSettings"}}
{"session":"11fea48eb74e","build":"183.5912.21","bucket":"-1","time":1555832112121,"group":{"id":"settings","version":"9"},"event":{"data":{"created":1555832112123,"name":"useDefaultBrowser","value":true},"id":"GeneralSettings"}}
{"session":"11fea48eb74e","build":"183.5912.21","bucket":"-1","time":1555832112121,"group":{"id":"settings","version":"9"},"event":{"data":{"created":1555832112123,"name":"useSafeWrite","value":true},"id":"GeneralSettings"}}
{"session":"11fea48eb74e","build":"183.5912.21","bucket":"-1","time":1555832128977,"group":{"id":"statistics.lifecycle.app","version":"9"},"event":{"count":1,"data":{"created":1555832128977,"data_2":"10+","data_1":"timeSecondsGrouped"},"id":"ide.freeze"}}
{"session":"11fea48eb74e","build":"183.5912.21","bucket":"-1","time":1555832128979,"group":{"id":"lifecycle","version":"9"},"event":{"count":1,"data":{"durationSeconds":17,"created":1555832128979},"id":"ide.freeze"}}
{"session":"11fea48eb74e","build":"183.5912.21","bucket":"-1","time":1555832128999,"group":{"id":"ui.dialogs","version":"9"},"event":{"count":1,"data":{"created":1555832128999,"type":"show"},"id":"com.intellij.openapi.progress.util.ProgressDialog$MyDialogWrapper"}}
{"session":"11fea48eb74e","build":"183.5912.21","bucket":"-1","time":1555832130091,"group":{"id":"statistics.lifecycle.app","version":"9"},"event":{"count":1,"data":{"created":1555832130092,"data_2":"mappingFailed:false","data_1":"OOM:false","data_3":"pluginId:unknown"},"id":"ide.error"}}
{"session":"11fea48eb74e","build":"183.5912.21","bucket":"-1","time":1555832130219,"group":{"id":"ui.dialogs","version":"9"},"event":{"count":1,"data":{"code":1,"created":1555832130219,"type":"close"},"id":"com.intellij.openapi.progress.util.ProgressDialog$MyDialogWrapper"}}
{"session":"11fea48eb74e","build":"183.5912.21","bucket":"-1","time":1555832130244,"group":{"id":"statistics.lifecycle.project","version":"9"},"event":{"count":1,"data":{"created":1555832130244,"project":"-1379659210"},"id":"project.opened"}}
{"session":"11fea48eb74e","build":"183.5912.21","bucket":"-1","time":1555832130244,"group":{"id":"lifecycle","version":"9"},"event":{"count":1,"data":{"created":1555832130245},"id":"project.opened"}}
{"session":"11fea48eb74e","build":"183.5912.21","bucket":"-1","time":1555832131079,"group":{"id":"ui.dialogs","version":"9"},"event":{"count":1,"data":{"created":1555832131079,"type":"show"},"id":"com.intellij.openapi.progress.util.ProgressDialog$MyDialogWrapper"}}
{"session":"11fea48eb74e","build":"183.5912.21","bucket":"-1","time":1555832133079,"group":{"id":"toolwindow.v2","version":"9"},"event":{"count":1,"data":{"created":1555832133079,"data_1":"Mac"},"id":"Project_by_Activation"}}
{"session":"11fea48eb74e","build":"183.5912.21","bucket":"-1","time":1555832133642,"group":{"id":"statistics.lifecycle.app","version":"9"},"event":{"count":1,"data":{"created":1555832133642},"id":"ide.start"}}
{"session":"11fea48eb74e","build":"183.5912.21","bucket":"-1","time":1555832133642,"group":{"id":"lifecycle","version":"9"},"event":{"count":1,"data":{"created":1555832133642},"id":"app.started"}}
{"session":"11fea48eb74e","build":"183.5912.21","bucket":"-1","time":1555832135904,"group":{"id":"ui.dialogs","version":"9"},"event":{"count":1,"data":{"code":1,"created":1555832135904,"type":"close"},"id":"com.intellij.openapi.progress.util.ProgressDialog$MyDialogWrapper"}}
{"session":"11fea48eb74e","build":"183.5912.21","bucket":"-1","time":1555832136113,"group":{"id":"statistics.lifecycle.project","version":"9"},"event":{"count":1,"data":{"created":1555832136113,"project":"-1379659210"},"id":"project.open.time.7"}}
{"session":"11fea48eb74e","build":"183.5912.21","bucket":"-1","time":1555832136113,"group":{"id":"lifecycle","version":"9"},"event":{"count":1,"data":{"created":1555832136113,"time.ms":7611},"id":"project.opening.finished"}}
{"session":"11fea48eb74e","build":"183.5912.21","bucket":"-1","time":1555832144935,"group":{"id":"actions.v2","version":"9"},"event":{"count":1,"data":{"context_menu":false,"created":1555832144935,"data_1":"Mac","input_event":"Shift+F1"},"id":"third.party.plugin.action"}}
{"session":"11fea48eb74e","build":"183.5912.21","bucket":"-1","time":1555832158132,"group":{"id":"statistics.lifecycle.app","version":"9"},"event":{"count":1,"data":{"created":1555832158132},"id":"ide.close"}}
{"session":"11fea48eb74e","build":"183.5912.21","bucket":"-1","time":1555832158132,"group":{"id":"lifecycle","version":"9"},"event":{"count":1,"data":{"restart":false,"created":1555832158133},"id":"app.closed"}}
{"session":"11fea48eb74e","build":"183.5912.21","bucket":"-1","time":1555832158147,"group":{"id":"statistics.lifecycle.project","version":"9"},"event":{"count":1,"data":{"created":1555832158147,"project":"-1379659210"},"id":"project.closed"}}
{"session":"11fea48eb74e","build":"183.5912.21","bucket":"-1","time":1555832158320,"group":{"id":"lifecycle","version":"9"},"event":{"count":1,"data":{"created":1555832158320},"id":"project.closed"}}
