{"session":"c0fd7c753331","build":"183.5912.21","bucket":"-1","time":1555848039492,"group":{"id":"system.os.name","version":"9"},"event":{"data":{"created":1555848039492},"id":"Mac.OS.X"}}
{"session":"c0fd7c753331","build":"183.5912.21","bucket":"-1","time":1555848039492,"group":{"id":"system.os.version","version":"9"},"event":{"data":{"created":1555848039503},"id":"10.13.6"}}
{"session":"c0fd7c753331","build":"183.5912.21","bucket":"-1","time":1555848039492,"group":{"id":"system.jvm.vendor","version":"9"},"event":{"data":{"created":1555848039517},"id":"JetBrains_s.r.o"}}
{"session":"c0fd7c753331","build":"183.5912.21","bucket":"-1","time":1555848039492,"group":{"id":"system.jvm.version","version":"9"},"event":{"data":{"created":1555848039518},"id":"1.8"}}
{"session":"c0fd7c753331","build":"183.5912.21","bucket":"-1","time":1555848039503,"group":{"id":"settings","version":"9"},"event":{"data":{"created":1555848039519,"name":"activeMruEditorOnClose","value":false},"id":"UISettings"}}
{"session":"c0fd7c753331","build":"183.5912.21","bucket":"-1","time":1555848039503,"group":{"id":"settings","version":"9"},"event":{"data":{"created":1555848039520,"name":"activeRightEditorOnClose","value":false},"id":"UISettings"}}
{"session":"c0fd7c753331","build":"183.5912.21","bucket":"-1","time":1555848039503,"group":{"id":"settings","version":"9"},"event":{"data":{"created":1555848039520,"name":"allowMergeButtons","value":true},"id":"UISettings"}}
{"session":"c0fd7c753331","build":"183.5912.21","bucket":"-1","time":1555848039503,"group":{"id":"settings","version":"9"},"event":{"data":{"created":1555848039521,"name":"alwaysShowWindowsButton","value":false},"id":"UISettings"}}
{"session":"c0fd7c753331","build":"183.5912.21","bucket":"-1","time":1555848039503,"group":{"id":"settings","version":"9"},"event":{"data":{"created":1555848039522,"name":"animateWindows","value":true},"id":"UISettings"}}
{"session":"c0fd7c753331","build":"183.5912.21","bucket":"-1","time":1555848039503,"group":{"id":"settings","version":"9"},"event":{"data":{"created":1555848039522,"name":"closeNonModifiedFilesFirst","value":false},"id":"UISettings"}}
{"session":"c0fd7c753331","build":"183.5912.21","bucket":"-1","time":1555848039503,"group":{"id":"settings","version":"9"},"event":{"data":{"created":1555848039523,"name":"closeTabButtonOnTheRight","value":true},"id":"UISettings"}}
{"session":"c0fd7c753331","build":"183.5912.21","bucket":"-1","time":1555848039503,"group":{"id":"settings","version":"9"},"event":{"data":{"created":1555848039524,"name":"cycleScrolling","value":true},"id":"UISettings"}}
{"session":"c0fd7c753331","build":"183.5912.21","bucket":"-1","time":1555848039503,"group":{"id":"settings","version":"9"},"event":{"data":{"created":1555848039524,"name":"defaultAutoScrollToSource","value":false},"id":"UISettings"}}
{"session":"c0fd7c753331","build":"183.5912.21","bucket":"-1","time":1555848039503,"group":{"id":"settings","version":"9"},"event":{"data":{"created":1555848039525,"name":"disableMnemonics","value":true},"id":"UISettings"}}
{"session":"c0fd7c753331","build":"183.5912.21","bucket":"-1","time":1555848039503,"group":{"id":"settings","version":"9"},"event":{"data":{"created":1555848039525,"name":"disableMnemonicsInControls","value":false},"id":"UISettings"}}
{"session":"c0fd7c753331","build":"183.5912.21","bucket":"-1","time":1555848039503,"group":{"id":"settings","version":"9"},"event":{"data":{"created":1555848039525,"name":"dndWithPressedAltOnly","value":false},"id":"UISettings"}}
{"session":"c0fd7c753331","build":"183.5912.21","bucket":"-1","time":1555848039503,"group":{"id":"settings","version":"9"},"event":{"data":{"created":1555848039526,"name":"enableAlphaMode","value":false},"id":"UISettings"}}
{"session":"c0fd7c753331","build":"183.5912.21","bucket":"-1","time":1555848039503,"group":{"id":"settings","version":"9"},"event":{"data":{"created":1555848039526,"name":"hideKnownExtensionInTabs","value":false},"id":"UISettings"}}
{"session":"c0fd7c753331","build":"183.5912.21","bucket":"-1","time":1555848039503,"group":{"id":"settings","version":"9"},"event":{"data":{"created":1555848039526,"name":"hideNavigationOnFocusLoss","value":true},"id":"UISettings"}}
{"session":"c0fd7c753331","build":"183.5912.21","bucket":"-1","time":1555848039503,"group":{"id":"settings","version":"9"},"event":{"data":{"created":1555848039527,"name":"hideTabsIfNeed","value":true},"id":"UISettings"}}
{"session":"c0fd7c753331","build":"183.5912.21","bucket":"-1","time":1555848039503,"group":{"id":"settings","version":"9"},"event":{"data":{"created":1555848039528,"name":"hideToolStripes","value":false},"id":"UISettings"}}
{"session":"c0fd7c753331","build":"183.5912.21","bucket":"-1","time":1555848039503,"group":{"id":"settings","version":"9"},"event":{"data":{"created":1555848039528,"name":"leftHorizontalSplit","value":false},"id":"UISettings"}}
{"session":"c0fd7c753331","build":"183.5912.21","bucket":"-1","time":1555848039503,"group":{"id":"settings","version":"9"},"event":{"data":{"created":1555848039528,"name":"markModifiedTabsWithAsterisk","value":false},"id":"UISettings"}}
{"session":"c0fd7c753331","build":"183.5912.21","bucket":"-1","time":1555848039503,"group":{"id":"settings","version":"9"},"event":{"data":{"created":1555848039529,"name":"mergeEqualStackTraces","value":true},"id":"UISettings"}}
{"session":"c0fd7c753331","build":"183.5912.21","bucket":"-1","time":1555848039503,"group":{"id":"settings","version":"9"},"event":{"data":{"created":1555848039529,"name":"moveMouseOnDefaultButton","value":false},"id":"UISettings"}}
{"session":"c0fd7c753331","build":"183.5912.21","bucket":"-1","time":1555848039503,"group":{"id":"settings","version":"9"},"event":{"data":{"created":1555848039529,"name":"navigateToPreview","value":false},"id":"UISettings"}}
{"session":"c0fd7c753331","build":"183.5912.21","bucket":"-1","time":1555848039503,"group":{"id":"settings","version":"9"},"event":{"data":{"created":1555848039530,"name":"overrideConsoleCycleBufferSize","value":false},"id":"UISettings"}}
{"session":"c0fd7c753331","build":"183.5912.21","bucket":"-1","time":1555848039503,"group":{"id":"settings","version":"9"},"event":{"data":{"created":1555848039531,"name":"overrideLafFonts","value":false},"id":"UISettings"}}
{"session":"c0fd7c753331","build":"183.5912.21","bucket":"-1","time":1555848039503,"group":{"id":"settings","version":"9"},"event":{"data":{"created":1555848039531,"name":"pinFindInPath","value":false},"id":"UISettings"}}
{"session":"c0fd7c753331","build":"183.5912.21","bucket":"-1","time":1555848039503,"group":{"id":"settings","version":"9"},"event":{"data":{"created":1555848039531,"name":"presentationMode","value":false},"id":"UISettings"}}
{"session":"c0fd7c753331","build":"183.5912.21","bucket":"-1","time":1555848039503,"group":{"id":"settings","version":"9"},"event":{"data":{"created":1555848039532,"name":"reuseNotModifiedTabs","value":false},"id":"UISettings"}}
{"session":"c0fd7c753331","build":"183.5912.21","bucket":"-1","time":1555848039503,"group":{"id":"settings","version":"9"},"event":{"data":{"created":1555848039532,"name":"rightHorizontalSplit","value":false},"id":"UISettings"}}
{"session":"c0fd7c753331","build":"183.5912.21","bucket":"-1","time":1555848039503,"group":{"id":"settings","version":"9"},"event":{"data":{"created":1555848039533,"name":"scrollTabLayoutInEditor","value":true},"id":"UISettings"}}
{"session":"c0fd7c753331","build":"183.5912.21","bucket":"-1","time":1555848039503,"group":{"id":"settings","version":"9"},"event":{"data":{"created":1555848039533,"name":"showCloseButton","value":true},"id":"UISettings"}}
{"session":"c0fd7c753331","build":"183.5912.21","bucket":"-1","time":1555848039503,"group":{"id":"settings","version":"9"},"event":{"data":{"created":1555848039534,"name":"showDirectoryForNonUniqueFilenames","value":true},"id":"UISettings"}}
{"session":"c0fd7c753331","build":"183.5912.21","bucket":"-1","time":1555848039503,"group":{"id":"settings","version":"9"},"event":{"data":{"created":1555848039534,"name":"showEditorToolTip","value":true},"id":"UISettings"}}
{"session":"c0fd7c753331","build":"183.5912.21","bucket":"-1","time":1555848039503,"group":{"id":"settings","version":"9"},"event":{"data":{"created":1555848039535,"name":"showIconInQuickNavigation","value":true},"id":"UISettings"}}
{"session":"c0fd7c753331","build":"183.5912.21","bucket":"-1","time":1555848039503,"group":{"id":"settings","version":"9"},"event":{"data":{"created":1555848039535,"name":"showIconsInMenus","value":true},"id":"UISettings"}}
{"session":"c0fd7c753331","build":"183.5912.21","bucket":"-1","time":1555848039503,"group":{"id":"settings","version":"9"},"event":{"data":{"created":1555848039536,"name":"showMainToolbar","value":false},"id":"UISettings"}}
{"session":"c0fd7c753331","build":"183.5912.21","bucket":"-1","time":1555848039503,"group":{"id":"settings","version":"9"},"event":{"data":{"created":1555848039536,"name":"showMemoryIndicator","value":false},"id":"UISettings"}}
{"session":"c0fd7c753331","build":"183.5912.21","bucket":"-1","time":1555848039503,"group":{"id":"settings","version":"9"},"event":{"data":{"created":1555848039536,"name":"showNavigationBar","value":true},"id":"UISettings"}}
{"session":"c0fd7c753331","build":"183.5912.21","bucket":"-1","time":1555848039503,"group":{"id":"settings","version":"9"},"event":{"data":{"created":1555848039537,"name":"showStatusBar","value":true},"id":"UISettings"}}
{"session":"c0fd7c753331","build":"183.5912.21","bucket":"-1","time":1555848039503,"group":{"id":"settings","version":"9"},"event":{"data":{"created":1555848039537,"name":"showTabsTooltips","value":true},"id":"UISettings"}}
{"session":"c0fd7c753331","build":"183.5912.21","bucket":"-1","time":1555848039503,"group":{"id":"settings","version":"9"},"event":{"data":{"created":1555848039537,"name":"showToolWindowsNumbers","value":true},"id":"UISettings"}}
{"session":"c0fd7c753331","build":"183.5912.21","bucket":"-1","time":1555848039503,"group":{"id":"settings","version":"9"},"event":{"data":{"created":1555848039538,"name":"smoothScrolling","value":true},"id":"UISettings"}}
{"session":"c0fd7c753331","build":"183.5912.21","bucket":"-1","time":1555848039503,"group":{"id":"settings","version":"9"},"event":{"data":{"created":1555848039538,"name":"sortBookmarks","value":false},"id":"UISettings"}}
{"session":"c0fd7c753331","build":"183.5912.21","bucket":"-1","time":1555848039503,"group":{"id":"settings","version":"9"},"event":{"data":{"created":1555848039538,"name":"sortLookupElementsLexicographically","value":false},"id":"UISettings"}}
{"session":"c0fd7c753331","build":"183.5912.21","bucket":"-1","time":1555848039503,"group":{"id":"settings","version":"9"},"event":{"data":{"created":1555848039538,"name":"useSmallLabelsOnTabs","value":true},"id":"UISettings"}}
{"session":"c0fd7c753331","build":"183.5912.21","bucket":"-1","time":1555848039503,"group":{"id":"settings","version":"9"},"event":{"data":{"created":1555848039539,"name":"wideScreenSupport","value":false},"id":"UISettings"}}
{"session":"c0fd7c753331","build":"183.5912.21","bucket":"-1","time":1555848040322,"group":{"id":"settings","version":"9"},"event":{"data":{"created":1555848040322,"name":"autoSaveIfInactive","value":false},"id":"GeneralSettings"}}
{"session":"c0fd7c753331","build":"183.5912.21","bucket":"-1","time":1555848040322,"group":{"id":"settings","version":"9"},"event":{"data":{"default":false,"created":1555848040323,"name":"confirmExit","value":false},"id":"GeneralSettings"}}
{"session":"c0fd7c753331","build":"183.5912.21","bucket":"-1","time":1555848040322,"group":{"id":"settings","version":"9"},"event":{"data":{"created":1555848040323,"name":"reopenLastProject","value":true},"id":"GeneralSettings"}}
{"session":"c0fd7c753331","build":"183.5912.21","bucket":"-1","time":1555848040322,"group":{"id":"settings","version":"9"},"event":{"data":{"created":1555848040324,"name":"saveOnFrameDeactivation","value":true},"id":"GeneralSettings"}}
{"session":"c0fd7c753331","build":"183.5912.21","bucket":"-1","time":1555848040322,"group":{"id":"settings","version":"9"},"event":{"data":{"created":1555848040324,"name":"searchInBackground","value":false},"id":"GeneralSettings"}}
{"session":"c0fd7c753331","build":"183.5912.21","bucket":"-1","time":1555848040322,"group":{"id":"settings","version":"9"},"event":{"data":{"default":false,"created":1555848040325,"name":"showTipsOnStartup","value":false},"id":"GeneralSettings"}}
{"session":"c0fd7c753331","build":"183.5912.21","bucket":"-1","time":1555848040322,"group":{"id":"settings","version":"9"},"event":{"data":{"created":1555848040325,"name":"showWelcomeScreen","value":true},"id":"GeneralSettings"}}
{"session":"c0fd7c753331","build":"183.5912.21","bucket":"-1","time":1555848040322,"group":{"id":"settings","version":"9"},"event":{"data":{"created":1555848040325,"name":"supportScreenReaders","value":false},"id":"GeneralSettings"}}
{"session":"c0fd7c753331","build":"183.5912.21","bucket":"-1","time":1555848040322,"group":{"id":"settings","version":"9"},"event":{"data":{"created":1555848040326,"name":"syncOnFrameActivation","value":true},"id":"GeneralSettings"}}
{"session":"c0fd7c753331","build":"183.5912.21","bucket":"-1","time":1555848040322,"group":{"id":"settings","version":"9"},"event":{"data":{"created":1555848040326,"name":"useDefaultBrowser","value":true},"id":"GeneralSettings"}}
{"session":"c0fd7c753331","build":"183.5912.21","bucket":"-1","time":1555848040322,"group":{"id":"settings","version":"9"},"event":{"data":{"created":1555848040326,"name":"useSafeWrite","value":true},"id":"GeneralSettings"}}
{"session":"c0fd7c753331","build":"183.5912.21","bucket":"-1","time":1555848055141,"group":{"id":"statistics.lifecycle.app","version":"9"},"event":{"count":1,"data":{"created":1555848055141,"data_2":"10+","data_1":"timeSecondsGrouped"},"id":"ide.freeze"}}
{"session":"c0fd7c753331","build":"183.5912.21","bucket":"-1","time":1555848055142,"group":{"id":"lifecycle","version":"9"},"event":{"count":1,"data":{"durationSeconds":15,"created":1555848055142},"id":"ide.freeze"}}
{"session":"c0fd7c753331","build":"183.5912.21","bucket":"-1","time":1555848055358,"group":{"id":"ui.dialogs","version":"9"},"event":{"count":1,"data":{"created":1555848055358,"type":"show"},"id":"com.intellij.openapi.progress.util.ProgressDialog$MyDialogWrapper"}}
{"session":"c0fd7c753331","build":"183.5912.21","bucket":"-1","time":1555848056673,"group":{"id":"statistics.lifecycle.app","version":"9"},"event":{"count":1,"data":{"created":1555848056673,"data_2":"mappingFailed:false","data_1":"OOM:false","data_3":"pluginId:unknown"},"id":"ide.error"}}
{"session":"c0fd7c753331","build":"183.5912.21","bucket":"-1","time":1555848056876,"group":{"id":"ui.dialogs","version":"9"},"event":{"count":1,"data":{"code":1,"created":1555848056876,"type":"close"},"id":"com.intellij.openapi.progress.util.ProgressDialog$MyDialogWrapper"}}
{"session":"c0fd7c753331","build":"183.5912.21","bucket":"-1","time":1555848056916,"group":{"id":"statistics.lifecycle.project","version":"9"},"event":{"count":1,"data":{"created":1555848056916,"project":"-1379659210"},"id":"project.opened"}}
{"session":"c0fd7c753331","build":"183.5912.21","bucket":"-1","time":1555848056916,"group":{"id":"lifecycle","version":"9"},"event":{"count":1,"data":{"created":1555848056916},"id":"project.opened"}}
{"session":"c0fd7c753331","build":"183.5912.21","bucket":"-1","time":1555848057962,"group":{"id":"ui.dialogs","version":"9"},"event":{"count":1,"data":{"created":1555848057962,"type":"show"},"id":"com.intellij.openapi.progress.util.ProgressDialog$MyDialogWrapper"}}
{"session":"c0fd7c753331","build":"183.5912.21","bucket":"-1","time":1555848060251,"group":{"id":"toolwindow.v2","version":"9"},"event":{"count":1,"data":{"created":1555848060251,"data_1":"Mac"},"id":"Project_by_Activation"}}
{"session":"c0fd7c753331","build":"183.5912.21","bucket":"-1","time":1555848061215,"group":{"id":"statistics.lifecycle.app","version":"9"},"event":{"count":1,"data":{"created":1555848061216},"id":"ide.start"}}
{"session":"c0fd7c753331","build":"183.5912.21","bucket":"-1","time":1555848061216,"group":{"id":"lifecycle","version":"9"},"event":{"count":1,"data":{"created":1555848061216},"id":"app.started"}}
{"session":"c0fd7c753331","build":"183.5912.21","bucket":"-1","time":1555848062593,"group":{"id":"ui.dialogs","version":"9"},"event":{"count":1,"data":{"code":1,"created":1555848062593,"type":"close"},"id":"com.intellij.openapi.progress.util.ProgressDialog$MyDialogWrapper"}}
{"session":"c0fd7c753331","build":"183.5912.21","bucket":"-1","time":1555848063781,"group":{"id":"statistics.lifecycle.project","version":"9"},"event":{"count":1,"data":{"created":1555848063781,"project":"-1379659210"},"id":"project.open.time.8"}}
{"session":"c0fd7c753331","build":"183.5912.21","bucket":"-1","time":1555848063781,"group":{"id":"lifecycle","version":"9"},"event":{"count":1,"data":{"created":1555848063781,"time.ms":8842},"id":"project.opening.finished"}}
{"session":"c0fd7c753331","build":"183.5912.21","bucket":"-1","time":1555848066082,"group":{"id":"actions.v2","version":"9"},"event":{"count":2,"data":{"context_menu":false,"last":1555848068516,"created":1555848066082,"data_1":"Mac","input_event":"Alt+Enter"},"id":"ShowIntentionActions"}}
{"session":"c0fd7c753331","build":"183.5912.21","bucket":"-1","time":1555848069220,"group":{"id":"statistics.actions.intentions","version":"9"},"event":{"count":1,"data":{"created":1555848069220,"data_1":"Mac"},"id":"JAVA_NOT_LISTED"}}
{"session":"c0fd7c753331","build":"183.5912.21","bucket":"-1","time":1555848071331,"group":{"id":"actions.v2","version":"9"},"event":{"count":1,"data":{"context_menu":false,"created":1555848071333,"data_1":"Mac","input_event":"Meta+V"},"id":"EditorPaste"}}
{"session":"c0fd7c753331","build":"183.5912.21","bucket":"-1","time":1555848079818,"group":{"id":"actions.v2","version":"9"},"event":{"count":1,"data":{"context_menu":false,"created":1555848079818,"data_1":"Mac","input_event":"Meta+Z"},"id":"$Undo"}}
{"session":"c0fd7c753331","build":"183.5912.21","bucket":"-1","time":1555848081977,"group":{"id":"actions.v2","version":"9"},"event":{"count":1,"data":{"context_menu":false,"created":1555848081977,"data_1":"Mac","input_event":"Meta+V"},"id":"EditorPaste"}}
