{"session":"8a9e8806cca3","build":"183.5912.21","bucket":"-1","time":1555835910651,"group":{"id":"system.os.name","version":"9"},"event":{"data":{"created":1555835910651},"id":"Mac.OS.X"}}
{"session":"8a9e8806cca3","build":"183.5912.21","bucket":"-1","time":1555835910651,"group":{"id":"system.os.version","version":"9"},"event":{"data":{"created":1555835910661},"id":"10.13.6"}}
{"session":"8a9e8806cca3","build":"183.5912.21","bucket":"-1","time":1555835910651,"group":{"id":"system.jvm.vendor","version":"9"},"event":{"data":{"created":1555835910671},"id":"JetBrains_s.r.o"}}
{"session":"8a9e8806cca3","build":"183.5912.21","bucket":"-1","time":1555835910651,"group":{"id":"system.jvm.version","version":"9"},"event":{"data":{"created":1555835910672},"id":"1.8"}}
{"session":"8a9e8806cca3","build":"183.5912.21","bucket":"-1","time":1555835910662,"group":{"id":"settings","version":"9"},"event":{"data":{"created":1555835910673,"name":"activeMruEditorOnClose","value":false},"id":"UISettings"}}
{"session":"8a9e8806cca3","build":"183.5912.21","bucket":"-1","time":1555835910662,"group":{"id":"settings","version":"9"},"event":{"data":{"created":1555835910673,"name":"activeRightEditorOnClose","value":false},"id":"UISettings"}}
{"session":"8a9e8806cca3","build":"183.5912.21","bucket":"-1","time":1555835910662,"group":{"id":"settings","version":"9"},"event":{"data":{"created":1555835910674,"name":"allowMergeButtons","value":true},"id":"UISettings"}}
{"session":"8a9e8806cca3","build":"183.5912.21","bucket":"-1","time":1555835910662,"group":{"id":"settings","version":"9"},"event":{"data":{"created":1555835910675,"name":"alwaysShowWindowsButton","value":false},"id":"UISettings"}}
{"session":"8a9e8806cca3","build":"183.5912.21","bucket":"-1","time":1555835910662,"group":{"id":"settings","version":"9"},"event":{"data":{"created":1555835910676,"name":"animateWindows","value":true},"id":"UISettings"}}
{"session":"8a9e8806cca3","build":"183.5912.21","bucket":"-1","time":1555835910662,"group":{"id":"settings","version":"9"},"event":{"data":{"created":1555835910676,"name":"closeNonModifiedFilesFirst","value":false},"id":"UISettings"}}
{"session":"8a9e8806cca3","build":"183.5912.21","bucket":"-1","time":1555835910662,"group":{"id":"settings","version":"9"},"event":{"data":{"created":1555835910677,"name":"closeTabButtonOnTheRight","value":true},"id":"UISettings"}}
{"session":"8a9e8806cca3","build":"183.5912.21","bucket":"-1","time":1555835910662,"group":{"id":"settings","version":"9"},"event":{"data":{"created":1555835910678,"name":"cycleScrolling","value":true},"id":"UISettings"}}
{"session":"8a9e8806cca3","build":"183.5912.21","bucket":"-1","time":1555835910662,"group":{"id":"settings","version":"9"},"event":{"data":{"created":1555835910678,"name":"defaultAutoScrollToSource","value":false},"id":"UISettings"}}
{"session":"8a9e8806cca3","build":"183.5912.21","bucket":"-1","time":1555835910662,"group":{"id":"settings","version":"9"},"event":{"data":{"created":1555835910679,"name":"disableMnemonics","value":true},"id":"UISettings"}}
{"session":"8a9e8806cca3","build":"183.5912.21","bucket":"-1","time":1555835910662,"group":{"id":"settings","version":"9"},"event":{"data":{"created":1555835910679,"name":"disableMnemonicsInControls","value":false},"id":"UISettings"}}
{"session":"8a9e8806cca3","build":"183.5912.21","bucket":"-1","time":1555835910662,"group":{"id":"settings","version":"9"},"event":{"data":{"created":1555835910680,"name":"dndWithPressedAltOnly","value":false},"id":"UISettings"}}
{"session":"8a9e8806cca3","build":"183.5912.21","bucket":"-1","time":1555835910662,"group":{"id":"settings","version":"9"},"event":{"data":{"created":1555835910680,"name":"enableAlphaMode","value":false},"id":"UISettings"}}
{"session":"8a9e8806cca3","build":"183.5912.21","bucket":"-1","time":1555835910662,"group":{"id":"settings","version":"9"},"event":{"data":{"created":1555835910681,"name":"hideKnownExtensionInTabs","value":false},"id":"UISettings"}}
{"session":"8a9e8806cca3","build":"183.5912.21","bucket":"-1","time":1555835910662,"group":{"id":"settings","version":"9"},"event":{"data":{"created":1555835910681,"name":"hideNavigationOnFocusLoss","value":true},"id":"UISettings"}}
{"session":"8a9e8806cca3","build":"183.5912.21","bucket":"-1","time":1555835910662,"group":{"id":"settings","version":"9"},"event":{"data":{"created":1555835910682,"name":"hideTabsIfNeed","value":true},"id":"UISettings"}}
{"session":"8a9e8806cca3","build":"183.5912.21","bucket":"-1","time":1555835910662,"group":{"id":"settings","version":"9"},"event":{"data":{"created":1555835910683,"name":"hideToolStripes","value":false},"id":"UISettings"}}
{"session":"8a9e8806cca3","build":"183.5912.21","bucket":"-1","time":1555835910662,"group":{"id":"settings","version":"9"},"event":{"data":{"created":1555835910683,"name":"leftHorizontalSplit","value":false},"id":"UISettings"}}
{"session":"8a9e8806cca3","build":"183.5912.21","bucket":"-1","time":1555835910662,"group":{"id":"settings","version":"9"},"event":{"data":{"created":1555835910683,"name":"markModifiedTabsWithAsterisk","value":false},"id":"UISettings"}}
{"session":"8a9e8806cca3","build":"183.5912.21","bucket":"-1","time":1555835910662,"group":{"id":"settings","version":"9"},"event":{"data":{"created":1555835910684,"name":"mergeEqualStackTraces","value":true},"id":"UISettings"}}
{"session":"8a9e8806cca3","build":"183.5912.21","bucket":"-1","time":1555835910662,"group":{"id":"settings","version":"9"},"event":{"data":{"created":1555835910684,"name":"moveMouseOnDefaultButton","value":false},"id":"UISettings"}}
{"session":"8a9e8806cca3","build":"183.5912.21","bucket":"-1","time":1555835910662,"group":{"id":"settings","version":"9"},"event":{"data":{"created":1555835910684,"name":"navigateToPreview","value":false},"id":"UISettings"}}
{"session":"8a9e8806cca3","build":"183.5912.21","bucket":"-1","time":1555835910662,"group":{"id":"settings","version":"9"},"event":{"data":{"created":1555835910685,"name":"overrideConsoleCycleBufferSize","value":false},"id":"UISettings"}}
{"session":"8a9e8806cca3","build":"183.5912.21","bucket":"-1","time":1555835910662,"group":{"id":"settings","version":"9"},"event":{"data":{"created":1555835910685,"name":"overrideLafFonts","value":false},"id":"UISettings"}}
{"session":"8a9e8806cca3","build":"183.5912.21","bucket":"-1","time":1555835910663,"group":{"id":"settings","version":"9"},"event":{"data":{"created":1555835910685,"name":"pinFindInPath","value":false},"id":"UISettings"}}
{"session":"8a9e8806cca3","build":"183.5912.21","bucket":"-1","time":1555835910663,"group":{"id":"settings","version":"9"},"event":{"data":{"created":1555835910686,"name":"presentationMode","value":false},"id":"UISettings"}}
{"session":"8a9e8806cca3","build":"183.5912.21","bucket":"-1","time":1555835910663,"group":{"id":"settings","version":"9"},"event":{"data":{"created":1555835910686,"name":"reuseNotModifiedTabs","value":false},"id":"UISettings"}}
{"session":"8a9e8806cca3","build":"183.5912.21","bucket":"-1","time":1555835910663,"group":{"id":"settings","version":"9"},"event":{"data":{"created":1555835910686,"name":"rightHorizontalSplit","value":false},"id":"UISettings"}}
{"session":"8a9e8806cca3","build":"183.5912.21","bucket":"-1","time":1555835910663,"group":{"id":"settings","version":"9"},"event":{"data":{"created":1555835910687,"name":"scrollTabLayoutInEditor","value":true},"id":"UISettings"}}
{"session":"8a9e8806cca3","build":"183.5912.21","bucket":"-1","time":1555835910663,"group":{"id":"settings","version":"9"},"event":{"data":{"created":1555835910687,"name":"showCloseButton","value":true},"id":"UISettings"}}
{"session":"8a9e8806cca3","build":"183.5912.21","bucket":"-1","time":1555835910663,"group":{"id":"settings","version":"9"},"event":{"data":{"created":1555835910687,"name":"showDirectoryForNonUniqueFilenames","value":true},"id":"UISettings"}}
{"session":"8a9e8806cca3","build":"183.5912.21","bucket":"-1","time":1555835910663,"group":{"id":"settings","version":"9"},"event":{"data":{"created":1555835910688,"name":"showEditorToolTip","value":true},"id":"UISettings"}}
{"session":"8a9e8806cca3","build":"183.5912.21","bucket":"-1","time":1555835910663,"group":{"id":"settings","version":"9"},"event":{"data":{"created":1555835910688,"name":"showIconInQuickNavigation","value":true},"id":"UISettings"}}
{"session":"8a9e8806cca3","build":"183.5912.21","bucket":"-1","time":1555835910663,"group":{"id":"settings","version":"9"},"event":{"data":{"created":1555835910688,"name":"showIconsInMenus","value":true},"id":"UISettings"}}
{"session":"8a9e8806cca3","build":"183.5912.21","bucket":"-1","time":1555835910663,"group":{"id":"settings","version":"9"},"event":{"data":{"created":1555835910689,"name":"showMainToolbar","value":false},"id":"UISettings"}}
{"session":"8a9e8806cca3","build":"183.5912.21","bucket":"-1","time":1555835910663,"group":{"id":"settings","version":"9"},"event":{"data":{"created":1555835910689,"name":"showMemoryIndicator","value":false},"id":"UISettings"}}
{"session":"8a9e8806cca3","build":"183.5912.21","bucket":"-1","time":1555835910663,"group":{"id":"settings","version":"9"},"event":{"data":{"created":1555835910690,"name":"showNavigationBar","value":true},"id":"UISettings"}}
{"session":"8a9e8806cca3","build":"183.5912.21","bucket":"-1","time":1555835910663,"group":{"id":"settings","version":"9"},"event":{"data":{"created":1555835910690,"name":"showStatusBar","value":true},"id":"UISettings"}}
{"session":"8a9e8806cca3","build":"183.5912.21","bucket":"-1","time":1555835910663,"group":{"id":"settings","version":"9"},"event":{"data":{"created":1555835910690,"name":"showTabsTooltips","value":true},"id":"UISettings"}}
{"session":"8a9e8806cca3","build":"183.5912.21","bucket":"-1","time":1555835910663,"group":{"id":"settings","version":"9"},"event":{"data":{"created":1555835910690,"name":"showToolWindowsNumbers","value":true},"id":"UISettings"}}
{"session":"8a9e8806cca3","build":"183.5912.21","bucket":"-1","time":1555835910663,"group":{"id":"settings","version":"9"},"event":{"data":{"created":1555835910691,"name":"smoothScrolling","value":true},"id":"UISettings"}}
{"session":"8a9e8806cca3","build":"183.5912.21","bucket":"-1","time":1555835910663,"group":{"id":"settings","version":"9"},"event":{"data":{"created":1555835910691,"name":"sortBookmarks","value":false},"id":"UISettings"}}
{"session":"8a9e8806cca3","build":"183.5912.21","bucket":"-1","time":1555835910663,"group":{"id":"settings","version":"9"},"event":{"data":{"created":1555835910691,"name":"sortLookupElementsLexicographically","value":false},"id":"UISettings"}}
{"session":"8a9e8806cca3","build":"183.5912.21","bucket":"-1","time":1555835910663,"group":{"id":"settings","version":"9"},"event":{"data":{"created":1555835910692,"name":"useSmallLabelsOnTabs","value":true},"id":"UISettings"}}
{"session":"8a9e8806cca3","build":"183.5912.21","bucket":"-1","time":1555835910663,"group":{"id":"settings","version":"9"},"event":{"data":{"created":1555835910692,"name":"wideScreenSupport","value":false},"id":"UISettings"}}
{"session":"8a9e8806cca3","build":"183.5912.21","bucket":"-1","time":1555835911353,"group":{"id":"settings","version":"9"},"event":{"data":{"created":1555835911353,"name":"autoSaveIfInactive","value":false},"id":"GeneralSettings"}}
{"session":"8a9e8806cca3","build":"183.5912.21","bucket":"-1","time":1555835911353,"group":{"id":"settings","version":"9"},"event":{"data":{"default":false,"created":1555835911353,"name":"confirmExit","value":false},"id":"GeneralSettings"}}
{"session":"8a9e8806cca3","build":"183.5912.21","bucket":"-1","time":1555835911353,"group":{"id":"settings","version":"9"},"event":{"data":{"created":1555835911354,"name":"reopenLastProject","value":true},"id":"GeneralSettings"}}
{"session":"8a9e8806cca3","build":"183.5912.21","bucket":"-1","time":1555835911353,"group":{"id":"settings","version":"9"},"event":{"data":{"created":1555835911354,"name":"saveOnFrameDeactivation","value":true},"id":"GeneralSettings"}}
{"session":"8a9e8806cca3","build":"183.5912.21","bucket":"-1","time":1555835911353,"group":{"id":"settings","version":"9"},"event":{"data":{"created":1555835911355,"name":"searchInBackground","value":false},"id":"GeneralSettings"}}
{"session":"8a9e8806cca3","build":"183.5912.21","bucket":"-1","time":1555835911353,"group":{"id":"settings","version":"9"},"event":{"data":{"default":false,"created":1555835911355,"name":"showTipsOnStartup","value":false},"id":"GeneralSettings"}}
{"session":"8a9e8806cca3","build":"183.5912.21","bucket":"-1","time":1555835911353,"group":{"id":"settings","version":"9"},"event":{"data":{"created":1555835911356,"name":"showWelcomeScreen","value":true},"id":"GeneralSettings"}}
{"session":"8a9e8806cca3","build":"183.5912.21","bucket":"-1","time":1555835911353,"group":{"id":"settings","version":"9"},"event":{"data":{"created":1555835911356,"name":"supportScreenReaders","value":false},"id":"GeneralSettings"}}
{"session":"8a9e8806cca3","build":"183.5912.21","bucket":"-1","time":1555835911353,"group":{"id":"settings","version":"9"},"event":{"data":{"created":1555835911356,"name":"syncOnFrameActivation","value":true},"id":"GeneralSettings"}}
{"session":"8a9e8806cca3","build":"183.5912.21","bucket":"-1","time":1555835911353,"group":{"id":"settings","version":"9"},"event":{"data":{"created":1555835911356,"name":"useDefaultBrowser","value":true},"id":"GeneralSettings"}}
{"session":"8a9e8806cca3","build":"183.5912.21","bucket":"-1","time":1555835911353,"group":{"id":"settings","version":"9"},"event":{"data":{"created":1555835911356,"name":"useSafeWrite","value":true},"id":"GeneralSettings"}}
{"session":"8a9e8806cca3","build":"183.5912.21","bucket":"-1","time":1555835926969,"group":{"id":"statistics.lifecycle.app","version":"9"},"event":{"count":1,"data":{"created":1555835926969},"id":"ide.start"}}
{"session":"8a9e8806cca3","build":"183.5912.21","bucket":"-1","time":1555835926970,"group":{"id":"lifecycle","version":"9"},"event":{"count":1,"data":{"created":1555835926970},"id":"app.started"}}
{"session":"8a9e8806cca3","build":"183.5912.21","bucket":"-1","time":1555835928196,"group":{"id":"statistics.lifecycle.app","version":"9"},"event":{"count":1,"data":{"created":1555835928196,"data_2":"10+","data_1":"timeSecondsGrouped"},"id":"ide.freeze"}}
{"session":"8a9e8806cca3","build":"183.5912.21","bucket":"-1","time":1555835928196,"group":{"id":"lifecycle","version":"9"},"event":{"count":1,"data":{"durationSeconds":17,"created":1555835928196},"id":"ide.freeze"}}
{"session":"8a9e8806cca3","build":"183.5912.21","bucket":"-1","time":1555835944589,"group":{"id":"ui.dialogs","version":"9"},"event":{"count":1,"data":{"created":1555835944589,"type":"show"},"id":"com.intellij.openapi.progress.util.ProgressDialog$MyDialogWrapper"}}
{"session":"8a9e8806cca3","build":"183.5912.21","bucket":"-1","time":1555835945446,"group":{"id":"statistics.lifecycle.app","version":"9"},"event":{"count":1,"data":{"created":1555835945447,"data_2":"mappingFailed:false","data_1":"OOM:false","data_3":"pluginId:unknown"},"id":"ide.error"}}
{"session":"8a9e8806cca3","build":"183.5912.21","bucket":"-1","time":1555835945608,"group":{"id":"ui.dialogs","version":"9"},"event":{"count":1,"data":{"code":1,"created":1555835945609,"type":"close"},"id":"com.intellij.openapi.progress.util.ProgressDialog$MyDialogWrapper"}}
{"session":"8a9e8806cca3","build":"183.5912.21","bucket":"-1","time":1555835945638,"group":{"id":"statistics.lifecycle.project","version":"9"},"event":{"count":1,"data":{"created":1555835945638,"project":"-1379659210"},"id":"project.opened"}}
{"session":"8a9e8806cca3","build":"183.5912.21","bucket":"-1","time":1555835945639,"group":{"id":"lifecycle","version":"9"},"event":{"count":1,"data":{"created":1555835945639},"id":"project.opened"}}
{"session":"8a9e8806cca3","build":"183.5912.21","bucket":"-1","time":1555835947183,"group":{"id":"ui.dialogs","version":"9"},"event":{"count":1,"data":{"created":1555835947183,"type":"show"},"id":"com.intellij.openapi.progress.util.ProgressDialog$MyDialogWrapper"}}
{"session":"8a9e8806cca3","build":"183.5912.21","bucket":"-1","time":1555835949324,"group":{"id":"toolwindow.v2","version":"9"},"event":{"count":1,"data":{"created":1555835949324,"data_1":"Mac"},"id":"Project_by_Activation"}}
{"session":"8a9e8806cca3","build":"183.5912.21","bucket":"-1","time":1555835950311,"group":{"id":"ui.dialogs","version":"9"},"event":{"count":1,"data":{"code":1,"created":1555835950311,"type":"close"},"id":"com.intellij.openapi.progress.util.ProgressDialog$MyDialogWrapper"}}
{"session":"8a9e8806cca3","build":"183.5912.21","bucket":"-1","time":1555835951164,"group":{"id":"statistics.lifecycle.project","version":"9"},"event":{"count":1,"data":{"created":1555835951164,"project":"-1379659210"},"id":"project.open.time.6"}}
{"session":"8a9e8806cca3","build":"183.5912.21","bucket":"-1","time":1555835951164,"group":{"id":"lifecycle","version":"9"},"event":{"count":1,"data":{"created":1555835951164,"time.ms":6957},"id":"project.opening.finished"}}
{"session":"8a9e8806cca3","build":"183.5912.21","bucket":"-1","time":1555835957680,"group":{"id":"actions.v2","version":"9"},"event":{"count":1,"data":{"context_menu":false,"created":1555835957680,"data_1":"Mac","input_event":"Shift+F1"},"id":"third.party.plugin.action"}}
{"session":"8a9e8806cca3","build":"183.5912.21","bucket":"-1","time":1555836032713,"group":{"id":"statistics.lifecycle.app","version":"9"},"event":{"count":1,"data":{"created":1555836032713},"id":"ide.close"}}
{"session":"8a9e8806cca3","build":"183.5912.21","bucket":"-1","time":1555836032713,"group":{"id":"lifecycle","version":"9"},"event":{"count":1,"data":{"restart":false,"created":1555836032718},"id":"app.closed"}}
{"session":"8a9e8806cca3","build":"183.5912.21","bucket":"-1","time":1555836032742,"group":{"id":"statistics.lifecycle.project","version":"9"},"event":{"count":1,"data":{"created":1555836032742,"project":"-1379659210"},"id":"project.closed"}}
{"session":"8a9e8806cca3","build":"183.5912.21","bucket":"-1","time":1555836032916,"group":{"id":"lifecycle","version":"9"},"event":{"count":1,"data":{"created":1555836032916},"id":"project.closed"}}
