{"session":"290cf6502d08","build":"183.5912.21","bucket":"-1","time":1555846794893,"group":{"id":"system.os.name","version":"9"},"event":{"data":{"created":1555846794893},"id":"Mac.OS.X"}}
{"session":"290cf6502d08","build":"183.5912.21","bucket":"-1","time":1555846794893,"group":{"id":"system.os.version","version":"9"},"event":{"data":{"created":1555846794908},"id":"10.13.6"}}
{"session":"290cf6502d08","build":"183.5912.21","bucket":"-1","time":1555846794893,"group":{"id":"system.jvm.vendor","version":"9"},"event":{"data":{"created":1555846794924},"id":"JetBrains_s.r.o"}}
{"session":"290cf6502d08","build":"183.5912.21","bucket":"-1","time":1555846794893,"group":{"id":"system.jvm.version","version":"9"},"event":{"data":{"created":1555846794925},"id":"1.8"}}
{"session":"290cf6502d08","build":"183.5912.21","bucket":"-1","time":1555846794906,"group":{"id":"settings","version":"9"},"event":{"data":{"created":1555846794926,"name":"activeMruEditorOnClose","value":false},"id":"UISettings"}}
{"session":"290cf6502d08","build":"183.5912.21","bucket":"-1","time":1555846794906,"group":{"id":"settings","version":"9"},"event":{"data":{"created":1555846794927,"name":"activeRightEditorOnClose","value":false},"id":"UISettings"}}
{"session":"290cf6502d08","build":"183.5912.21","bucket":"-1","time":1555846794906,"group":{"id":"settings","version":"9"},"event":{"data":{"created":1555846794929,"name":"allowMergeButtons","value":true},"id":"UISettings"}}
{"session":"290cf6502d08","build":"183.5912.21","bucket":"-1","time":1555846794906,"group":{"id":"settings","version":"9"},"event":{"data":{"created":1555846794929,"name":"alwaysShowWindowsButton","value":false},"id":"UISettings"}}
{"session":"290cf6502d08","build":"183.5912.21","bucket":"-1","time":1555846794906,"group":{"id":"settings","version":"9"},"event":{"data":{"created":1555846794930,"name":"animateWindows","value":true},"id":"UISettings"}}
{"session":"290cf6502d08","build":"183.5912.21","bucket":"-1","time":1555846794906,"group":{"id":"settings","version":"9"},"event":{"data":{"created":1555846794931,"name":"closeNonModifiedFilesFirst","value":false},"id":"UISettings"}}
{"session":"290cf6502d08","build":"183.5912.21","bucket":"-1","time":1555846794906,"group":{"id":"settings","version":"9"},"event":{"data":{"created":1555846794932,"name":"closeTabButtonOnTheRight","value":true},"id":"UISettings"}}
{"session":"290cf6502d08","build":"183.5912.21","bucket":"-1","time":1555846794906,"group":{"id":"settings","version":"9"},"event":{"data":{"created":1555846794933,"name":"cycleScrolling","value":true},"id":"UISettings"}}
{"session":"290cf6502d08","build":"183.5912.21","bucket":"-1","time":1555846794906,"group":{"id":"settings","version":"9"},"event":{"data":{"created":1555846794933,"name":"defaultAutoScrollToSource","value":false},"id":"UISettings"}}
{"session":"290cf6502d08","build":"183.5912.21","bucket":"-1","time":1555846794906,"group":{"id":"settings","version":"9"},"event":{"data":{"created":1555846794934,"name":"disableMnemonics","value":true},"id":"UISettings"}}
{"session":"290cf6502d08","build":"183.5912.21","bucket":"-1","time":1555846794906,"group":{"id":"settings","version":"9"},"event":{"data":{"created":1555846794935,"name":"disableMnemonicsInControls","value":false},"id":"UISettings"}}
{"session":"290cf6502d08","build":"183.5912.21","bucket":"-1","time":1555846794906,"group":{"id":"settings","version":"9"},"event":{"data":{"created":1555846794936,"name":"dndWithPressedAltOnly","value":false},"id":"UISettings"}}
{"session":"290cf6502d08","build":"183.5912.21","bucket":"-1","time":1555846794906,"group":{"id":"settings","version":"9"},"event":{"data":{"created":1555846794937,"name":"enableAlphaMode","value":false},"id":"UISettings"}}
{"session":"290cf6502d08","build":"183.5912.21","bucket":"-1","time":1555846794906,"group":{"id":"settings","version":"9"},"event":{"data":{"created":1555846794937,"name":"hideKnownExtensionInTabs","value":false},"id":"UISettings"}}
{"session":"290cf6502d08","build":"183.5912.21","bucket":"-1","time":1555846794906,"group":{"id":"settings","version":"9"},"event":{"data":{"created":1555846794938,"name":"hideNavigationOnFocusLoss","value":true},"id":"UISettings"}}
{"session":"290cf6502d08","build":"183.5912.21","bucket":"-1","time":1555846794906,"group":{"id":"settings","version":"9"},"event":{"data":{"created":1555846794939,"name":"hideTabsIfNeed","value":true},"id":"UISettings"}}
{"session":"290cf6502d08","build":"183.5912.21","bucket":"-1","time":1555846794906,"group":{"id":"settings","version":"9"},"event":{"data":{"created":1555846794940,"name":"hideToolStripes","value":false},"id":"UISettings"}}
{"session":"290cf6502d08","build":"183.5912.21","bucket":"-1","time":1555846794906,"group":{"id":"settings","version":"9"},"event":{"data":{"created":1555846794941,"name":"leftHorizontalSplit","value":false},"id":"UISettings"}}
{"session":"290cf6502d08","build":"183.5912.21","bucket":"-1","time":1555846794906,"group":{"id":"settings","version":"9"},"event":{"data":{"created":1555846794941,"name":"markModifiedTabsWithAsterisk","value":false},"id":"UISettings"}}
{"session":"290cf6502d08","build":"183.5912.21","bucket":"-1","time":1555846794906,"group":{"id":"settings","version":"9"},"event":{"data":{"created":1555846794942,"name":"mergeEqualStackTraces","value":true},"id":"UISettings"}}
{"session":"290cf6502d08","build":"183.5912.21","bucket":"-1","time":1555846794906,"group":{"id":"settings","version":"9"},"event":{"data":{"created":1555846794942,"name":"moveMouseOnDefaultButton","value":false},"id":"UISettings"}}
{"session":"290cf6502d08","build":"183.5912.21","bucket":"-1","time":1555846794906,"group":{"id":"settings","version":"9"},"event":{"data":{"created":1555846794943,"name":"navigateToPreview","value":false},"id":"UISettings"}}
{"session":"290cf6502d08","build":"183.5912.21","bucket":"-1","time":1555846794906,"group":{"id":"settings","version":"9"},"event":{"data":{"created":1555846794943,"name":"overrideConsoleCycleBufferSize","value":false},"id":"UISettings"}}
{"session":"290cf6502d08","build":"183.5912.21","bucket":"-1","time":1555846794906,"group":{"id":"settings","version":"9"},"event":{"data":{"created":1555846794944,"name":"overrideLafFonts","value":false},"id":"UISettings"}}
{"session":"290cf6502d08","build":"183.5912.21","bucket":"-1","time":1555846794907,"group":{"id":"settings","version":"9"},"event":{"data":{"created":1555846794944,"name":"pinFindInPath","value":false},"id":"UISettings"}}
{"session":"290cf6502d08","build":"183.5912.21","bucket":"-1","time":1555846794907,"group":{"id":"settings","version":"9"},"event":{"data":{"created":1555846794945,"name":"presentationMode","value":false},"id":"UISettings"}}
{"session":"290cf6502d08","build":"183.5912.21","bucket":"-1","time":1555846794907,"group":{"id":"settings","version":"9"},"event":{"data":{"created":1555846794946,"name":"reuseNotModifiedTabs","value":false},"id":"UISettings"}}
{"session":"290cf6502d08","build":"183.5912.21","bucket":"-1","time":1555846794907,"group":{"id":"settings","version":"9"},"event":{"data":{"created":1555846794946,"name":"rightHorizontalSplit","value":false},"id":"UISettings"}}
{"session":"290cf6502d08","build":"183.5912.21","bucket":"-1","time":1555846794907,"group":{"id":"settings","version":"9"},"event":{"data":{"created":1555846794947,"name":"scrollTabLayoutInEditor","value":true},"id":"UISettings"}}
{"session":"290cf6502d08","build":"183.5912.21","bucket":"-1","time":1555846794907,"group":{"id":"settings","version":"9"},"event":{"data":{"created":1555846794948,"name":"showCloseButton","value":true},"id":"UISettings"}}
{"session":"290cf6502d08","build":"183.5912.21","bucket":"-1","time":1555846794907,"group":{"id":"settings","version":"9"},"event":{"data":{"created":1555846794949,"name":"showDirectoryForNonUniqueFilenames","value":true},"id":"UISettings"}}
{"session":"290cf6502d08","build":"183.5912.21","bucket":"-1","time":1555846794907,"group":{"id":"settings","version":"9"},"event":{"data":{"created":1555846794949,"name":"showEditorToolTip","value":true},"id":"UISettings"}}
{"session":"290cf6502d08","build":"183.5912.21","bucket":"-1","time":1555846794907,"group":{"id":"settings","version":"9"},"event":{"data":{"created":1555846794950,"name":"showIconInQuickNavigation","value":true},"id":"UISettings"}}
{"session":"290cf6502d08","build":"183.5912.21","bucket":"-1","time":1555846794907,"group":{"id":"settings","version":"9"},"event":{"data":{"created":1555846794950,"name":"showIconsInMenus","value":true},"id":"UISettings"}}
{"session":"290cf6502d08","build":"183.5912.21","bucket":"-1","time":1555846794907,"group":{"id":"settings","version":"9"},"event":{"data":{"created":1555846794951,"name":"showMainToolbar","value":false},"id":"UISettings"}}
{"session":"290cf6502d08","build":"183.5912.21","bucket":"-1","time":1555846794907,"group":{"id":"settings","version":"9"},"event":{"data":{"created":1555846794952,"name":"showMemoryIndicator","value":false},"id":"UISettings"}}
{"session":"290cf6502d08","build":"183.5912.21","bucket":"-1","time":1555846794907,"group":{"id":"settings","version":"9"},"event":{"data":{"created":1555846794952,"name":"showNavigationBar","value":true},"id":"UISettings"}}
{"session":"290cf6502d08","build":"183.5912.21","bucket":"-1","time":1555846794907,"group":{"id":"settings","version":"9"},"event":{"data":{"created":1555846794953,"name":"showStatusBar","value":true},"id":"UISettings"}}
{"session":"290cf6502d08","build":"183.5912.21","bucket":"-1","time":1555846794907,"group":{"id":"settings","version":"9"},"event":{"data":{"created":1555846794954,"name":"showTabsTooltips","value":true},"id":"UISettings"}}
{"session":"290cf6502d08","build":"183.5912.21","bucket":"-1","time":1555846794907,"group":{"id":"settings","version":"9"},"event":{"data":{"created":1555846794954,"name":"showToolWindowsNumbers","value":true},"id":"UISettings"}}
{"session":"290cf6502d08","build":"183.5912.21","bucket":"-1","time":1555846794907,"group":{"id":"settings","version":"9"},"event":{"data":{"created":1555846794954,"name":"smoothScrolling","value":true},"id":"UISettings"}}
{"session":"290cf6502d08","build":"183.5912.21","bucket":"-1","time":1555846794907,"group":{"id":"settings","version":"9"},"event":{"data":{"created":1555846794955,"name":"sortBookmarks","value":false},"id":"UISettings"}}
{"session":"290cf6502d08","build":"183.5912.21","bucket":"-1","time":1555846794907,"group":{"id":"settings","version":"9"},"event":{"data":{"created":1555846794955,"name":"sortLookupElementsLexicographically","value":false},"id":"UISettings"}}
{"session":"290cf6502d08","build":"183.5912.21","bucket":"-1","time":1555846794907,"group":{"id":"settings","version":"9"},"event":{"data":{"created":1555846794956,"name":"useSmallLabelsOnTabs","value":true},"id":"UISettings"}}
{"session":"290cf6502d08","build":"183.5912.21","bucket":"-1","time":1555846794907,"group":{"id":"settings","version":"9"},"event":{"data":{"created":1555846794956,"name":"wideScreenSupport","value":false},"id":"UISettings"}}
{"session":"290cf6502d08","build":"183.5912.21","bucket":"-1","time":1555846795913,"group":{"id":"settings","version":"9"},"event":{"data":{"created":1555846795913,"name":"autoSaveIfInactive","value":false},"id":"GeneralSettings"}}
{"session":"290cf6502d08","build":"183.5912.21","bucket":"-1","time":1555846795913,"group":{"id":"settings","version":"9"},"event":{"data":{"default":false,"created":1555846795914,"name":"confirmExit","value":false},"id":"GeneralSettings"}}
{"session":"290cf6502d08","build":"183.5912.21","bucket":"-1","time":1555846795913,"group":{"id":"settings","version":"9"},"event":{"data":{"created":1555846795914,"name":"reopenLastProject","value":true},"id":"GeneralSettings"}}
{"session":"290cf6502d08","build":"183.5912.21","bucket":"-1","time":1555846795913,"group":{"id":"settings","version":"9"},"event":{"data":{"created":1555846795914,"name":"saveOnFrameDeactivation","value":true},"id":"GeneralSettings"}}
{"session":"290cf6502d08","build":"183.5912.21","bucket":"-1","time":1555846795913,"group":{"id":"settings","version":"9"},"event":{"data":{"created":1555846795915,"name":"searchInBackground","value":false},"id":"GeneralSettings"}}
{"session":"290cf6502d08","build":"183.5912.21","bucket":"-1","time":1555846795913,"group":{"id":"settings","version":"9"},"event":{"data":{"default":false,"created":1555846795915,"name":"showTipsOnStartup","value":false},"id":"GeneralSettings"}}
{"session":"290cf6502d08","build":"183.5912.21","bucket":"-1","time":1555846795913,"group":{"id":"settings","version":"9"},"event":{"data":{"created":1555846795915,"name":"showWelcomeScreen","value":true},"id":"GeneralSettings"}}
{"session":"290cf6502d08","build":"183.5912.21","bucket":"-1","time":1555846795913,"group":{"id":"settings","version":"9"},"event":{"data":{"created":1555846795916,"name":"supportScreenReaders","value":false},"id":"GeneralSettings"}}
{"session":"290cf6502d08","build":"183.5912.21","bucket":"-1","time":1555846795913,"group":{"id":"settings","version":"9"},"event":{"data":{"created":1555846795916,"name":"syncOnFrameActivation","value":true},"id":"GeneralSettings"}}
{"session":"290cf6502d08","build":"183.5912.21","bucket":"-1","time":1555846795913,"group":{"id":"settings","version":"9"},"event":{"data":{"created":1555846795916,"name":"useDefaultBrowser","value":true},"id":"GeneralSettings"}}
{"session":"290cf6502d08","build":"183.5912.21","bucket":"-1","time":1555846795913,"group":{"id":"settings","version":"9"},"event":{"data":{"created":1555846795916,"name":"useSafeWrite","value":true},"id":"GeneralSettings"}}
{"session":"290cf6502d08","build":"183.5912.21","bucket":"-1","time":1555846811493,"group":{"id":"ui.dialogs","version":"9"},"event":{"count":1,"data":{"created":1555846811493,"type":"show"},"id":"com.intellij.openapi.progress.util.ProgressDialog$MyDialogWrapper"}}
{"session":"290cf6502d08","build":"183.5912.21","bucket":"-1","time":1555846811648,"group":{"id":"statistics.lifecycle.app","version":"9"},"event":{"count":1,"data":{"created":1555846811648,"data_2":"10+","data_1":"timeSecondsGrouped"},"id":"ide.freeze"}}
{"session":"290cf6502d08","build":"183.5912.21","bucket":"-1","time":1555846811650,"group":{"id":"lifecycle","version":"9"},"event":{"count":1,"data":{"durationSeconds":16,"created":1555846811650},"id":"ide.freeze"}}
{"session":"290cf6502d08","build":"183.5912.21","bucket":"-1","time":1555846813099,"group":{"id":"statistics.lifecycle.app","version":"9"},"event":{"count":1,"data":{"created":1555846813099,"data_2":"mappingFailed:false","data_1":"OOM:false","data_3":"pluginId:unknown"},"id":"ide.error"}}
{"session":"290cf6502d08","build":"183.5912.21","bucket":"-1","time":1555846813345,"group":{"id":"ui.dialogs","version":"9"},"event":{"count":1,"data":{"code":1,"created":1555846813345,"type":"close"},"id":"com.intellij.openapi.progress.util.ProgressDialog$MyDialogWrapper"}}
{"session":"290cf6502d08","build":"183.5912.21","bucket":"-1","time":1555846813394,"group":{"id":"statistics.lifecycle.project","version":"9"},"event":{"count":1,"data":{"created":1555846813394,"project":"-1379659210"},"id":"project.opened"}}
{"session":"290cf6502d08","build":"183.5912.21","bucket":"-1","time":1555846813394,"group":{"id":"lifecycle","version":"9"},"event":{"count":1,"data":{"created":1555846813395},"id":"project.opened"}}
{"session":"290cf6502d08","build":"183.5912.21","bucket":"-1","time":1555846814563,"group":{"id":"ui.dialogs","version":"9"},"event":{"count":1,"data":{"created":1555846814563,"type":"show"},"id":"com.intellij.openapi.progress.util.ProgressDialog$MyDialogWrapper"}}
{"session":"290cf6502d08","build":"183.5912.21","bucket":"-1","time":1555846817158,"group":{"id":"toolwindow.v2","version":"9"},"event":{"count":1,"data":{"created":1555846817158,"data_1":"Mac"},"id":"Project_by_Activation"}}
{"session":"290cf6502d08","build":"183.5912.21","bucket":"-1","time":1555846818657,"group":{"id":"statistics.lifecycle.app","version":"9"},"event":{"count":1,"data":{"created":1555846818657},"id":"ide.start"}}
{"session":"290cf6502d08","build":"183.5912.21","bucket":"-1","time":1555846818657,"group":{"id":"lifecycle","version":"9"},"event":{"count":1,"data":{"created":1555846818657},"id":"app.started"}}
{"session":"290cf6502d08","build":"183.5912.21","bucket":"-1","time":1555846819897,"group":{"id":"ui.dialogs","version":"9"},"event":{"count":1,"data":{"code":1,"created":1555846819898,"type":"close"},"id":"com.intellij.openapi.progress.util.ProgressDialog$MyDialogWrapper"}}
{"session":"290cf6502d08","build":"183.5912.21","bucket":"-1","time":1555846821001,"group":{"id":"statistics.lifecycle.project","version":"9"},"event":{"count":1,"data":{"created":1555846821001,"project":"-1379659210"},"id":"project.open.time.9"}}
{"session":"290cf6502d08","build":"183.5912.21","bucket":"-1","time":1555846821002,"group":{"id":"lifecycle","version":"9"},"event":{"count":1,"data":{"created":1555846821002,"time.ms":9932},"id":"project.opening.finished"}}
{"session":"290cf6502d08","build":"183.5912.21","bucket":"-1","time":1555847502794,"group":{"id":"actions.v2","version":"9"},"event":{"count":1,"data":{"context_menu":false,"created":1555847502794,"data_1":"Mac","input_event":"Alt+Enter"},"id":"ShowIntentionActions"}}
{"session":"290cf6502d08","build":"183.5912.21","bucket":"-1","time":1555847503427,"group":{"id":"statistics.actions.intentions","version":"9"},"event":{"count":1,"data":{"created":1555847503427,"data_1":"Mac"},"id":"JAVA_NOT_LISTED"}}
{"session":"290cf6502d08","build":"183.5912.21","bucket":"-1","time":1555847522927,"group":{"id":"statistics.lifecycle.app","version":"9"},"event":{"count":1,"data":{"created":1555847522927,"data_2":"mappingFailed:false","data_1":"OOM:false","data_3":"pluginId:unknown"},"id":"ide.error"}}
{"session":"290cf6502d08","build":"183.5912.21","bucket":"-1","time":1555847997383,"group":{"id":"statistics.vcs.github","version":"9"},"event":{"data":{"created":1555847997383},"id":"github.accounts.not.default.host.disabled"}}
{"session":"290cf6502d08","build":"183.5912.21","bucket":"-1","time":1555847997383,"group":{"id":"statistics.vcs.github","version":"9"},"event":{"data":{"created":1555847997384},"id":"github.accounts.count.0"}}
{"session":"290cf6502d08","build":"183.5912.21","bucket":"-1","time":1555847997384,"group":{"id":"internal.statistics.ui.editor.color.schemes","version":"9"},"event":{"data":{"created":1555847997384,"data_1":"Mac"},"id":"Default"}}
{"session":"290cf6502d08","build":"183.5912.21","bucket":"-1","time":1555847997385,"group":{"id":"statistics.ui.look.and.feel","version":"9"},"event":{"data":{"created":1555847997385,"data_1":"Mac"},"id":"Mac_OS_X.Light"}}
{"session":"290cf6502d08","build":"183.5912.21","bucket":"-1","time":1555847997385,"group":{"id":"statistics.ui.info.features","version":"9"},"event":{"data":{"created":1555847997385,"data_1":"Mac"},"id":"Line.Numbers"}}
{"session":"290cf6502d08","build":"183.5912.21","bucket":"-1","time":1555847997385,"group":{"id":"statistics.ui.info.features","version":"9"},"event":{"data":{"created":1555847997386,"data_1":"Mac"},"id":"Gutter.Icons"}}
{"session":"290cf6502d08","build":"183.5912.21","bucket":"-1","time":1555847997386,"group":{"id":"statistics.ui.info.features","version":"9"},"event":{"data":{"created":1555847997386,"data_1":"Mac","event_data_1":"[30_50]"},"id":"recent.files"}}
{"session":"290cf6502d08","build":"183.5912.21","bucket":"-1","time":1555847997386,"group":{"id":"statistics.ui.info.features","version":"9"},"event":{"data":{"created":1555847997386,"data_1":"Mac"},"id":"Nav.Bar.visible"}}
{"session":"290cf6502d08","build":"183.5912.21","bucket":"-1","time":1555847997386,"group":{"id":"statistics.ui.info.features","version":"9"},"event":{"data":{"created":1555847997386,"data_1":"Mac"},"id":"Retina"}}
{"session":"290cf6502d08","build":"183.5912.21","bucket":"-1","time":1555847997386,"group":{"id":"statistics.ui.info.features","version":"9"},"event":{"data":{"created":1555847997386,"data_1":"Mac"},"id":"Tabs.Top"}}
{"session":"290cf6502d08","build":"183.5912.21","bucket":"-1","time":1555847997386,"group":{"id":"statistics.ui.info.features","version":"9"},"event":{"data":{"created":1555847997387,"data_1":"Mac"},"id":"Status.bar.visible"}}
{"session":"290cf6502d08","build":"183.5912.21","bucket":"-1","time":1555847997386,"group":{"id":"statistics.ui.info.features","version":"9"},"event":{"data":{"created":1555847997387,"data_1":"Mac"},"id":"Toolbar.hidden"}}
{"session":"290cf6502d08","build":"183.5912.21","bucket":"-1","time":1555847997386,"group":{"id":"statistics.ui.info.features","version":"9"},"event":{"data":{"created":1555847997387,"data_1":"Mac"},"id":"Allow.merging.buttons.enabled"}}
{"session":"290cf6502d08","build":"183.5912.21","bucket":"-1","time":1555847997386,"group":{"id":"statistics.ui.info.features","version":"9"},"event":{"data":{"created":1555847997387,"data_1":"Mac"},"id":"Tool.Window.buttons.hidden"}}
{"session":"290cf6502d08","build":"183.5912.21","bucket":"-1","time":1555847997386,"group":{"id":"statistics.ui.info.features","version":"9"},"event":{"data":{"created":1555847997387,"data_1":"Mac"},"id":"Recent.Files[30_50]"}}
{"session":"290cf6502d08","build":"183.5912.21","bucket":"-1","time":1555847997386,"group":{"id":"statistics.ui.info.features","version":"9"},"event":{"data":{"created":1555847997387,"data_1":"Mac"},"id":"Toolbar.and.NavBar"}}
{"session":"290cf6502d08","build":"183.5912.21","bucket":"-1","time":1555847997386,"group":{"id":"internal.statistics.os.name","version":"9"},"event":{"data":{"created":1555847997388},"id":"Mac.OS.X"}}
{"session":"290cf6502d08","build":"183.5912.21","bucket":"-1","time":1555847997386,"group":{"id":"statistics.ui.fonts","version":"9"},"event":{"data":{"created":1555847997388,"data_1":"Mac"},"id":"UI.font.name[null]"}}
{"session":"290cf6502d08","build":"183.5912.21","bucket":"-1","time":1555847997386,"group":{"id":"statistics.ui.fonts","version":"9"},"event":{"data":{"created":1555847997388,"data_1":"Mac"},"id":"IDE.editor.font.size[12]"}}
{"session":"290cf6502d08","build":"183.5912.21","bucket":"-1","time":1555847997386,"group":{"id":"statistics.ui.fonts","version":"9"},"event":{"data":{"created":1555847997388,"data_1":"Mac"},"id":"Presentation.mode.font.size[24]"}}
{"session":"290cf6502d08","build":"183.5912.21","bucket":"-1","time":1555847997386,"group":{"id":"statistics.ui.fonts","version":"9"},"event":{"data":{"created":1555847997388,"data_1":"Mac"},"id":"UI.font.size[12]"}}
{"session":"290cf6502d08","build":"183.5912.21","bucket":"-1","time":1555847997386,"group":{"id":"statistics.ui.fonts","version":"9"},"event":{"data":{"created":1555847997388,"data_1":"Mac"},"id":"IDE.editor.font.name[Menlo]"}}
{"session":"290cf6502d08","build":"183.5912.21","bucket":"-1","time":1555847997390,"group":{"id":"statistics.ui.screen.scale","version":"9"},"event":{"data":{"created":1555847997390,"data_1":"Mac"},"id":"Mac_ScaledMode_2.0"}}
{"session":"290cf6502d08","build":"183.5912.21","bucket":"-1","time":1555847997391,"group":{"id":"statistics.ui.hidpi.mode","version":"9"},"event":{"data":{"created":1555847997391,"data_1":"Mac"},"id":"Mac.per_monitor_dpi"}}
{"session":"290cf6502d08","build":"183.5912.21","bucket":"-1","time":1555847997405,"group":{"id":"statistics.editor.settings.ide","version":"9"},"event":{"data":{"created":1555847997405},"id":"completionHints"}}
{"session":"290cf6502d08","build":"183.5912.21","bucket":"-1","time":1555847997406,"group":{"id":"internal.statistics.os.version","version":"9"},"event":{"data":{"created":1555847997406},"id":"Mac_OS_X.10.13.6"}}
{"session":"290cf6502d08","build":"183.5912.21","bucket":"-1","time":1555847997409,"group":{"id":"internal.statistics.platform.registry.application","version":"9"},"event":{"data":{"created":1555847997409},"id":"inline.browse.button"}}
{"session":"290cf6502d08","build":"183.5912.21","bucket":"-1","time":1555847997409,"group":{"id":"internal.statistics.platform.registry.application","version":"9"},"event":{"data":{"created":1555847997409},"id":"java.completion.argument.hints.internal"}}
{"session":"290cf6502d08","build":"183.5912.21","bucket":"-1","time":1555847997409,"group":{"id":"statistics.keymaps.name","version":"9"},"event":{"data":{"created":1555847997410,"data_1":"Mac"},"id":"Mac_OS_X"}}
{"session":"290cf6502d08","build":"183.5912.21","bucket":"-1","time":1555847997410,"group":{"id":"statistics.jdk.user","version":"9"},"event":{"data":{"created":1555847997410},"id":"JetBrains_s.r.o.1.8"}}
{"session":"290cf6502d08","build":"183.5912.21","bucket":"-1","time":1555847997421,"group":{"id":"statistics.vcs.diff","version":"9"},"event":{"data":{"created":1555847997421},"id":"use.soft.wraps.Default.disabled"}}
{"session":"290cf6502d08","build":"183.5912.21","bucket":"-1","time":1555847997421,"group":{"id":"statistics.vcs.diff","version":"9"},"event":{"data":{"created":1555847997422},"id":"show.warnings.policy.Default.inspections"}}
{"session":"290cf6502d08","build":"183.5912.21","bucket":"-1","time":1555847997421,"group":{"id":"statistics.vcs.diff","version":"9"},"event":{"data":{"created":1555847997422},"id":"highlight.policy.Merge.by_word"}}
{"session":"290cf6502d08","build":"183.5912.21","bucket":"-1","time":1555847997421,"group":{"id":"statistics.vcs.diff","version":"9"},"event":{"data":{"created":1555847997422},"id":"show.line.numbers.ChangesView.enabled"}}
{"session":"290cf6502d08","build":"183.5912.21","bucket":"-1","time":1555847997421,"group":{"id":"statistics.vcs.diff","version":"9"},"event":{"data":{"created":1555847997422},"id":"use.unified.diff.Merge.disabled"}}
{"session":"290cf6502d08","build":"183.5912.21","bucket":"-1","time":1555847997421,"group":{"id":"statistics.vcs.diff","version":"9"},"event":{"data":{"created":1555847997422},"id":"external.diff.disabled"}}
{"session":"290cf6502d08","build":"183.5912.21","bucket":"-1","time":1555847997421,"group":{"id":"statistics.vcs.diff","version":"9"},"event":{"data":{"created":1555847997422},"id":"collapse.unchanged.ChangesView.enabled"}}
{"session":"290cf6502d08","build":"183.5912.21","bucket":"-1","time":1555847997421,"group":{"id":"statistics.vcs.diff","version":"9"},"event":{"data":{"created":1555847997422},"id":"show.warnings.policy.CommitDialog.inspections"}}
{"session":"290cf6502d08","build":"183.5912.21","bucket":"-1","time":1555847997421,"group":{"id":"statistics.vcs.diff","version":"9"},"event":{"data":{"created":1555847997422},"id":"use.unified.diff.Default.disabled"}}
{"session":"290cf6502d08","build":"183.5912.21","bucket":"-1","time":1555847997421,"group":{"id":"statistics.vcs.diff","version":"9"},"event":{"data":{"created":1555847997422},"id":"ignore.policy.Merge.default"}}
{"session":"290cf6502d08","build":"183.5912.21","bucket":"-1","time":1555847997421,"group":{"id":"statistics.vcs.diff","version":"9"},"event":{"data":{"created":1555847997423},"id":"highlight.policy.ChangesView.by_word"}}
{"session":"290cf6502d08","build":"183.5912.21","bucket":"-1","time":1555847997421,"group":{"id":"statistics.vcs.diff","version":"9"},"event":{"data":{"created":1555847997423},"id":"enable.read.lock.CommitDialog.enabled"}}
{"session":"290cf6502d08","build":"183.5912.21","bucket":"-1","time":1555847997421,"group":{"id":"statistics.vcs.diff","version":"9"},"event":{"data":{"created":1555847997423},"id":"external.diff.default.disabled"}}
{"session":"290cf6502d08","build":"183.5912.21","bucket":"-1","time":1555847997421,"group":{"id":"statistics.vcs.diff","version":"9"},"event":{"data":{"created":1555847997423},"id":"external.merge.disabled"}}
{"session":"290cf6502d08","build":"183.5912.21","bucket":"-1","time":1555847997421,"group":{"id":"statistics.vcs.diff","version":"9"},"event":{"data":{"created":1555847997423},"id":"ignore.policy.ChangesView.default"}}
{"session":"290cf6502d08","build":"183.5912.21","bucket":"-1","time":1555847997421,"group":{"id":"statistics.vcs.diff","version":"9"},"event":{"data":{"created":1555847997423},"id":"use.unified.diff.CommitDialog.disabled"}}
{"session":"290cf6502d08","build":"183.5912.21","bucket":"-1","time":1555847997421,"group":{"id":"statistics.vcs.diff","version":"9"},"event":{"data":{"created":1555847997423},"id":"collapse.unchanged.TestsFiledAssertions.disabled"}}
{"session":"290cf6502d08","build":"183.5912.21","bucket":"-1","time":1555847997421,"group":{"id":"statistics.vcs.diff","version":"9"},"event":{"data":{"created":1555847997424},"id":"collapse.unchanged.VcsLogView.enabled"}}
{"session":"290cf6502d08","build":"183.5912.21","bucket":"-1","time":1555847997421,"group":{"id":"statistics.vcs.diff","version":"9"},"event":{"data":{"created":1555847997424},"id":"show.line.numbers.Merge.enabled"}}
{"session":"290cf6502d08","build":"183.5912.21","bucket":"-1","time":1555847997421,"group":{"id":"statistics.vcs.diff","version":"9"},"event":{"data":{"created":1555847997424},"id":"ignore.policy.CommitDialog.default"}}
{"session":"290cf6502d08","build":"183.5912.21","bucket":"-1","time":1555847997421,"group":{"id":"statistics.vcs.diff","version":"9"},"event":{"data":{"created":1555847997424},"id":"show.warnings.policy.ChangesView.inspections"}}
{"session":"290cf6502d08","build":"183.5912.21","bucket":"-1","time":1555847997421,"group":{"id":"statistics.vcs.diff","version":"9"},"event":{"data":{"created":1555847997424},"id":"collapse.unchanged.Default.disabled"}}
{"session":"290cf6502d08","build":"183.5912.21","bucket":"-1","time":1555847997421,"group":{"id":"statistics.vcs.diff","version":"9"},"event":{"data":{"created":1555847997424},"id":"show.line.numbers.Default.enabled"}}
{"session":"290cf6502d08","build":"183.5912.21","bucket":"-1","time":1555847997421,"group":{"id":"statistics.vcs.diff","version":"9"},"event":{"data":{"created":1555847997424},"id":"collapse.unchanged.CommitDialog.enabled"}}
{"session":"290cf6502d08","build":"183.5912.21","bucket":"-1","time":1555847997421,"group":{"id":"statistics.vcs.diff","version":"9"},"event":{"data":{"created":1555847997425},"id":"highlight.policy.CommitDialog.by_word"}}
{"session":"290cf6502d08","build":"183.5912.21","bucket":"-1","time":1555847997421,"group":{"id":"statistics.vcs.diff","version":"9"},"event":{"data":{"created":1555847997425},"id":"show.line.numbers.VcsLogView.enabled"}}
{"session":"290cf6502d08","build":"183.5912.21","bucket":"-1","time":1555847997421,"group":{"id":"statistics.vcs.diff","version":"9"},"event":{"data":{"created":1555847997425},"id":"highlight.policy.Default.by_word"}}
{"session":"290cf6502d08","build":"183.5912.21","bucket":"-1","time":1555847997421,"group":{"id":"statistics.vcs.diff","version":"9"},"event":{"data":{"created":1555847997425},"id":"collapse.unchanged.Merge.disabled"}}
{"session":"290cf6502d08","build":"183.5912.21","bucket":"-1","time":1555847997421,"group":{"id":"statistics.vcs.diff","version":"9"},"event":{"data":{"created":1555847997425},"id":"show.warnings.policy.TestsFiledAssertions.inspections"}}
{"session":"290cf6502d08","build":"183.5912.21","bucket":"-1","time":1555847997421,"group":{"id":"statistics.vcs.diff","version":"9"},"event":{"data":{"created":1555847997426},"id":"use.soft.wraps.ChangesView.disabled"}}
{"session":"290cf6502d08","build":"183.5912.21","bucket":"-1","time":1555847997421,"group":{"id":"statistics.vcs.diff","version":"9"},"event":{"data":{"created":1555847997426},"id":"ignore.policy.Default.default"}}
{"session":"290cf6502d08","build":"183.5912.21","bucket":"-1","time":1555847997421,"group":{"id":"statistics.vcs.diff","version":"9"},"event":{"data":{"created":1555847997426},"id":"show.line.numbers.TestsFiledAssertions.enabled"}}
{"session":"290cf6502d08","build":"183.5912.21","bucket":"-1","time":1555847997421,"group":{"id":"statistics.vcs.diff","version":"9"},"event":{"data":{"created":1555847997426},"id":"show.warnings.policy.VcsLogView.inspections"}}
{"session":"290cf6502d08","build":"183.5912.21","bucket":"-1","time":1555847997421,"group":{"id":"statistics.vcs.diff","version":"9"},"event":{"data":{"created":1555847997426},"id":"ignore.policy.TestsFiledAssertions.default"}}
{"session":"290cf6502d08","build":"183.5912.21","bucket":"-1","time":1555847997421,"group":{"id":"statistics.vcs.diff","version":"9"},"event":{"data":{"created":1555847997426},"id":"use.unified.diff.ChangesView.disabled"}}
{"session":"290cf6502d08","build":"183.5912.21","bucket":"-1","time":1555847997421,"group":{"id":"statistics.vcs.diff","version":"9"},"event":{"data":{"created":1555847997426},"id":"show.warnings.policy.Merge.inspections"}}
{"session":"290cf6502d08","build":"183.5912.21","bucket":"-1","time":1555847997421,"group":{"id":"statistics.vcs.diff","version":"9"},"event":{"data":{"created":1555847997427},"id":"use.unified.diff.TestsFiledAssertions.disabled"}}
{"session":"290cf6502d08","build":"183.5912.21","bucket":"-1","time":1555847997421,"group":{"id":"statistics.vcs.diff","version":"9"},"event":{"data":{"created":1555847997427},"id":"use.unified.diff.VcsLogView.enabled"}}
{"session":"290cf6502d08","build":"183.5912.21","bucket":"-1","time":1555847997421,"group":{"id":"statistics.vcs.diff","version":"9"},"event":{"data":{"created":1555847997427},"id":"ignore.policy.VcsLogView.default"}}
{"session":"290cf6502d08","build":"183.5912.21","bucket":"-1","time":1555847997421,"group":{"id":"statistics.vcs.diff","version":"9"},"event":{"data":{"created":1555847997427},"id":"use.soft.wraps.CommitDialog.disabled"}}
{"session":"290cf6502d08","build":"183.5912.21","bucket":"-1","time":1555847997421,"group":{"id":"statistics.vcs.diff","version":"9"},"event":{"data":{"created":1555847997427},"id":"use.soft.wraps.VcsLogView.disabled"}}
{"session":"290cf6502d08","build":"183.5912.21","bucket":"-1","time":1555847997421,"group":{"id":"statistics.vcs.diff","version":"9"},"event":{"data":{"created":1555847997427},"id":"use.soft.wraps.Merge.disabled"}}
{"session":"290cf6502d08","build":"183.5912.21","bucket":"-1","time":1555847997421,"group":{"id":"statistics.vcs.diff","version":"9"},"event":{"data":{"created":1555847997427},"id":"highlight.policy.VcsLogView.by_word"}}
{"session":"290cf6502d08","build":"183.5912.21","bucket":"-1","time":1555847997421,"group":{"id":"statistics.vcs.diff","version":"9"},"event":{"data":{"created":1555847997427},"id":"show.line.numbers.CommitDialog.enabled"}}
{"session":"290cf6502d08","build":"183.5912.21","bucket":"-1","time":1555847997421,"group":{"id":"statistics.vcs.diff","version":"9"},"event":{"data":{"created":1555847997427},"id":"highlight.policy.TestsFiledAssertions.by_word"}}
{"session":"290cf6502d08","build":"183.5912.21","bucket":"-1","time":1555847997421,"group":{"id":"statistics.vcs.diff","version":"9"},"event":{"data":{"created":1555847997428},"id":"iterate.next.file.enabled"}}
{"session":"290cf6502d08","build":"183.5912.21","bucket":"-1","time":1555847997421,"group":{"id":"statistics.vcs.diff","version":"9"},"event":{"data":{"created":1555847997428},"id":"use.soft.wraps.TestsFiledAssertions.disabled"}}
{"session":"290cf6502d08","build":"183.5912.21","bucket":"-1","time":1555847997422,"group":{"id":"statistics.ui.accessibility.screen.reader","version":"9"},"event":{"data":{"created":1555847997428},"id":"Mac.screen.reader.DISABLED"}}
{"session":"290cf6502d08","build":"183.5912.21","bucket":"-1","time":1555847997422,"group":{"id":"statistics.user.advanced.info","version":"9"},"event":{"data":{"created":1555847997428},"id":"release"}}
{"session":"290cf6502d08","build":"183.5912.21","bucket":"-1","time":1555847997431,"group":{"id":"statistics.vcs.log.data","version":"9"},"event":{"data":{"created":1555847997431,"project":"-1379659210"},"id":"branches.count.1+"}}
{"session":"290cf6502d08","build":"183.5912.21","bucket":"-1","time":1555847997431,"group":{"id":"statistics.vcs.log.data","version":"9"},"event":{"data":{"created":1555847997431,"project":"-1379659210"},"id":"git.root.count.1"}}
{"session":"290cf6502d08","build":"183.5912.21","bucket":"-1","time":1555847997431,"group":{"id":"statistics.vcs.log.data","version":"9"},"event":{"data":{"created":1555847997431,"project":"-1379659210"},"id":"commit.count.1+"}}
{"session":"290cf6502d08","build":"183.5912.21","bucket":"-1","time":1555847997431,"group":{"id":"statistics.vcs.log.data","version":"9"},"event":{"data":{"created":1555847997431,"project":"-1379659210"},"id":"users.count.1+"}}
{"session":"290cf6502d08","build":"183.5912.21","bucket":"-1","time":1555847997533,"group":{"id":"statistics.file.types","version":"9"},"event":{"data":{"created":1555847997533,"project":"-1379659210"},"id":"PLAIN_TEXT"}}
{"session":"290cf6502d08","build":"183.5912.21","bucket":"-1","time":1555847997533,"group":{"id":"statistics.file.types","version":"9"},"event":{"data":{"created":1555847997533,"project":"-1379659210"},"id":"Groovy"}}
{"session":"290cf6502d08","build":"183.5912.21","bucket":"-1","time":1555847997533,"group":{"id":"statistics.file.types","version":"9"},"event":{"data":{"created":1555847997534,"project":"-1379659210"},"id":"ARCHIVE"}}
{"session":"290cf6502d08","build":"183.5912.21","bucket":"-1","time":1555847997533,"group":{"id":"statistics.file.types","version":"9"},"event":{"data":{"created":1555847997534,"project":"-1379659210"},"id":"JAVA"}}
{"session":"290cf6502d08","build":"183.5912.21","bucket":"-1","time":1555847997533,"group":{"id":"statistics.file.types","version":"9"},"event":{"data":{"created":1555847997534,"project":"-1379659210"},"id":"Properties"}}
{"session":"290cf6502d08","build":"183.5912.21","bucket":"-1","time":1555847997541,"group":{"id":"statistics.vcs.metrics","version":"9"},"event":{"data":{"created":1555847997541,"project":"-1379659210"},"id":"active.changelists.count.1"}}
{"session":"290cf6502d08","build":"183.5912.21","bucket":"-1","time":1555847997541,"group":{"id":"statistics.vcs.metrics","version":"9"},"event":{"data":{"created":1555847997541,"project":"-1379659210"},"id":"has.default.vcs.root.mapping.disabled"}}
{"session":"290cf6502d08","build":"183.5912.21","bucket":"-1","time":1555847997541,"group":{"id":"statistics.vcs.metrics","version":"9"},"event":{"data":{"created":1555847997541,"project":"-1379659210"},"id":"vcs.roots.count.1"}}
{"session":"290cf6502d08","build":"183.5912.21","bucket":"-1","time":1555847997541,"group":{"id":"statistics.vcs.metrics","version":"9"},"event":{"data":{"created":1555847997542,"project":"-1379659210"},"id":"ignored.files.count.1"}}
{"session":"290cf6502d08","build":"183.5912.21","bucket":"-1","time":1555847997541,"group":{"id":"statistics.vcs.metrics","version":"9"},"event":{"data":{"created":1555847997542,"project":"-1379659210"},"id":"unversioned.files.count.0"}}
{"session":"290cf6502d08","build":"183.5912.21","bucket":"-1","time":1555847997542,"group":{"id":"statistics.vcs.names","version":"9"},"event":{"data":{"created":1555847997542,"project":"-1379659210"},"id":"Git"}}
{"session":"290cf6502d08","build":"183.5912.21","bucket":"-1","time":1555847997545,"group":{"id":"statistics.run.configuration.type.temp","version":"9"},"event":{"data":{"created":1555847997545,"event_data_4":"false","project":"-1379659210","value":4,"event_data_1":"false","event_data_2":"false","event_data_3":"true"},"id":"JUnit"}}
{"session":"290cf6502d08","build":"183.5912.21","bucket":"-1","time":1555847997545,"group":{"id":"statistics.run.configuration.type.temp","version":"9"},"event":{"data":{"created":1555847997546,"event_data_4":"false","project":"-1379659210","event_data_1":"false","event_data_2":"false","event_data_3":"true"},"id":"Application"}}
{"session":"290cf6502d08","build":"183.5912.21","bucket":"-1","time":1555847997565,"group":{"id":"statistics.build.gradle.state","version":"9"},"event":{"data":{"created":1555847997565,"project":"-1379659210"},"id":"storeProjectFilesExternally.yes"}}
{"session":"290cf6502d08","build":"183.5912.21","bucket":"-1","time":1555847997565,"group":{"id":"statistics.build.gradle.state","version":"9"},"event":{"data":{"created":1555847997566,"project":"-1379659210"},"id":"createModulePerSourceSet.enabled"}}
{"session":"290cf6502d08","build":"183.5912.21","bucket":"-1","time":1555847997565,"group":{"id":"statistics.build.gradle.state","version":"9"},"event":{"data":{"created":1555847997566,"project":"-1379659210"},"id":"gradleVersion.5.2.1"}}
{"session":"290cf6502d08","build":"183.5912.21","bucket":"-1","time":1555847997565,"group":{"id":"statistics.build.gradle.state","version":"9"},"event":{"data":{"created":1555847997566,"project":"-1379659210"},"id":"delegateBuildRun.disabled"}}
{"session":"290cf6502d08","build":"183.5912.21","bucket":"-1","time":1555847997565,"group":{"id":"statistics.build.gradle.state","version":"9"},"event":{"data":{"created":1555847997566,"project":"-1379659210"},"id":"preferredTestRunner.platform_test_runner"}}
{"session":"290cf6502d08","build":"183.5912.21","bucket":"-1","time":1555847997565,"group":{"id":"statistics.build.gradle.state","version":"9"},"event":{"data":{"created":1555847997566,"project":"-1379659210"},"id":"isCompositeBuilds.no"}}
{"session":"290cf6502d08","build":"183.5912.21","bucket":"-1","time":1555847997565,"group":{"id":"statistics.build.gradle.state","version":"9"},"event":{"data":{"created":1555847997566,"project":"-1379659210"},"id":"distributionType.default_wrapped"}}
{"session":"290cf6502d08","build":"183.5912.21","bucket":"-1","time":1555847997565,"group":{"id":"statistics.build.gradle.state","version":"9"},"event":{"data":{"created":1555847997566,"project":"-1379659210"},"id":"showSelectiveImportDialogOnInitialImport.disabled"}}
{"session":"290cf6502d08","build":"183.5912.21","bucket":"-1","time":1555847997565,"group":{"id":"statistics.build.gradle.state","version":"9"},"event":{"data":{"created":1555847997567,"project":"-1379659210"},"id":"gradleJvm.11"}}
{"session":"290cf6502d08","build":"183.5912.21","bucket":"-1","time":1555847997565,"group":{"id":"statistics.build.gradle.state","version":"9"},"event":{"data":{"created":1555847997567,"project":"-1379659210"},"id":"offlineWork.disabled"}}
{"session":"290cf6502d08","build":"183.5912.21","bucket":"-1","time":1555847997565,"group":{"id":"statistics.build.gradle.state","version":"9"},"event":{"data":{"created":1555847997567,"project":"-1379659210"},"id":"disableWrapperSourceDistributionNotification.disabled"}}
{"session":"290cf6502d08","build":"183.5912.21","bucket":"-1","time":1555847997646,"group":{"id":"internal.statistics.vcs.log.index.project","version":"9"},"event":{"data":{"created":1555847997646,"project":"-1379659210","data_1":"Mac"},"id":"resume.indexing.click.0"}}
{"session":"290cf6502d08","build":"183.5912.21","bucket":"-1","time":1555847997646,"group":{"id":"internal.statistics.vcs.log.index.project","version":"9"},"event":{"data":{"created":1555847997646,"project":"-1379659210","data_1":"Mac"},"id":"indexing.time.minutes.0"}}
{"session":"290cf6502d08","build":"183.5912.21","bucket":"-1","time":1555847997646,"group":{"id":"internal.statistics.vcs.log.index.project","version":"9"},"event":{"data":{"created":1555847997646,"project":"-1379659210","data_1":"Mac"},"id":"indexing.too.long.notification.0"}}
{"session":"290cf6502d08","build":"183.5912.21","bucket":"-1","time":1555847997646,"group":{"id":"internal.statistics.vcs.options","version":"9"},"event":{"data":{"created":1555847997646,"project":"-1379659210"},"id":"changelist.make.new.active.disabled"}}
{"session":"290cf6502d08","build":"183.5912.21","bucket":"-1","time":1555847997646,"group":{"id":"internal.statistics.vcs.options","version":"9"},"event":{"data":{"created":1555847997647,"project":"-1379659210"},"id":"offer.move.failed.committed.do_nothing_silently"}}
{"session":"290cf6502d08","build":"183.5912.21","bucket":"-1","time":1555847997646,"group":{"id":"internal.statistics.vcs.options","version":"9"},"event":{"data":{"created":1555847997647,"project":"-1379659210"},"id":"commit.use.right.margin.enabled"}}
{"session":"290cf6502d08","build":"183.5912.21","bucket":"-1","time":1555847997646,"group":{"id":"internal.statistics.vcs.options","version":"9"},"event":{"data":{"created":1555847997647,"project":"-1379659210"},"id":"commit.before.reformat.project.disabled"}}
{"session":"290cf6502d08","build":"183.5912.21","bucket":"-1","time":1555847997646,"group":{"id":"internal.statistics.vcs.options","version":"9"},"event":{"data":{"created":1555847997647,"project":"-1379659210"},"id":"commit.show.unversioned.enabled"}}
{"session":"290cf6502d08","build":"183.5912.21","bucket":"-1","time":1555847997646,"group":{"id":"internal.statistics.vcs.options","version":"9"},"event":{"data":{"created":1555847997647,"project":"-1379659210"},"id":"perform.edit.in.background.enabled"}}
{"session":"290cf6502d08","build":"183.5912.21","bucket":"-1","time":1555847997646,"group":{"id":"internal.statistics.vcs.options","version":"9"},"event":{"data":{"created":1555847997647,"project":"-1379659210"},"id":"perform.checkout.in.background.enabled"}}
{"session":"290cf6502d08","build":"183.5912.21","bucket":"-1","time":1555847997646,"group":{"id":"internal.statistics.vcs.options","version":"9"},"event":{"data":{"created":1555847997647,"project":"-1379659210"},"id":"changelist.preselect.existing.disabled"}}
{"session":"290cf6502d08","build":"183.5912.21","bucket":"-1","time":1555847997646,"group":{"id":"internal.statistics.vcs.options","version":"9"},"event":{"data":{"created":1555847997647,"project":"-1379659210"},"id":"perform.rollback.in.background.disabled"}}
{"session":"290cf6502d08","build":"183.5912.21","bucket":"-1","time":1555847997646,"group":{"id":"internal.statistics.vcs.options","version":"9"},"event":{"data":{"created":1555847997647,"project":"-1379659210"},"id":"perform.add_remove.in.background.enabled"}}
{"session":"290cf6502d08","build":"183.5912.21","bucket":"-1","time":1555847997646,"group":{"id":"internal.statistics.vcs.options","version":"9"},"event":{"data":{"created":1555847997647,"project":"-1379659210"},"id":"commit.clear.initial.comment.disabled"}}
{"session":"290cf6502d08","build":"183.5912.21","bucket":"-1","time":1555847997646,"group":{"id":"internal.statistics.vcs.options","version":"9"},"event":{"data":{"created":1555847997647,"project":"-1379659210"},"id":"commit.before.check.non.empty.comment.disabled"}}
{"session":"290cf6502d08","build":"183.5912.21","bucket":"-1","time":1555847997646,"group":{"id":"internal.statistics.vcs.options","version":"9"},"event":{"data":{"created":1555847997647,"project":"-1379659210"},"id":"commit.before.optimize.imports.disabled"}}
{"session":"290cf6502d08","build":"183.5912.21","bucket":"-1","time":1555847997646,"group":{"id":"internal.statistics.vcs.options","version":"9"},"event":{"data":{"created":1555847997648,"project":"-1379659210"},"id":"show.changes.preview.disabled"}}
{"session":"290cf6502d08","build":"183.5912.21","bucket":"-1","time":1555847997646,"group":{"id":"internal.statistics.vcs.options","version":"9"},"event":{"data":{"created":1555847997648,"project":"-1379659210"},"id":"commit.before.check.code.cleanup.disabled"}}
{"session":"290cf6502d08","build":"183.5912.21","bucket":"-1","time":1555847997646,"group":{"id":"internal.statistics.vcs.options","version":"9"},"event":{"data":{"created":1555847997648,"project":"-1379659210"},"id":"offer.remove.empty.changelist.show_confirmation"}}
{"session":"290cf6502d08","build":"183.5912.21","bucket":"-1","time":1555847997646,"group":{"id":"internal.statistics.vcs.options","version":"9"},"event":{"data":{"created":1555847997648,"project":"-1379659210"},"id":"perform.update.in.background.enabled"}}
{"session":"290cf6502d08","build":"183.5912.21","bucket":"-1","time":1555847997646,"group":{"id":"internal.statistics.vcs.options","version":"9"},"event":{"data":{"created":1555847997648,"project":"-1379659210"},"id":"include.text.into.shelf.enabled"}}
{"session":"290cf6502d08","build":"183.5912.21","bucket":"-1","time":1555847997646,"group":{"id":"internal.statistics.vcs.options","version":"9"},"event":{"data":{"created":1555847997648,"project":"-1379659210"},"id":"commit.before.check.code.smell.enabled"}}
{"session":"290cf6502d08","build":"183.5912.21","bucket":"-1","time":1555847997646,"group":{"id":"internal.statistics.vcs.options","version":"9"},"event":{"data":{"created":1555847997648,"project":"-1379659210"},"id":"offer.move.partially.committed.disabled"}}
{"session":"290cf6502d08","build":"183.5912.21","bucket":"-1","time":1555847997646,"group":{"id":"internal.statistics.vcs.options","version":"9"},"event":{"data":{"created":1555847997648,"project":"-1379659210"},"id":"commit.before.rearrange.disabled"}}
{"session":"290cf6502d08","build":"183.5912.21","bucket":"-1","time":1555847997646,"group":{"id":"internal.statistics.vcs.options","version":"9"},"event":{"data":{"created":1555847997648,"project":"-1379659210"},"id":"perform.commit.in.background.enabled"}}
{"session":"290cf6502d08","build":"183.5912.21","bucket":"-1","time":1555847997646,"group":{"id":"internal.statistics.vcs.options","version":"9"},"event":{"data":{"created":1555847997648,"project":"-1379659210"},"id":"commit.before.check.todo.enabled"}}
{"session":"290cf6502d08","build":"183.5912.21","bucket":"-1","time":1555847997646,"group":{"id":"internal.statistics.vcs.options","version":"9"},"event":{"data":{"created":1555847997648,"project":"-1379659210"},"id":"check.conflicts.in.background.disabled"}}
{"session":"290cf6502d08","build":"183.5912.21","bucket":"-1","time":1555847997650,"group":{"id":"statistics.debugger.breakpoints","version":"9"},"event":{"data":{"created":1555847997650,"project":"-1379659210"},"id":"total.3+"}}
{"session":"290cf6502d08","build":"183.5912.21","bucket":"-1","time":1555847997653,"group":{"id":"statistics.vcs.git.settings","version":"9"},"event":{"data":{"created":1555847997653,"project":"-1379659210"},"id":"config.cherry-pick.autocommit.disabled"}}
{"session":"290cf6502d08","build":"183.5912.21","bucket":"-1","time":1555847997653,"group":{"id":"statistics.vcs.git.settings","version":"9"},"event":{"data":{"created":1555847997653,"project":"-1379659210"},"id":"config.update.type.BRANCH_DEFAULT"}}
{"session":"290cf6502d08","build":"183.5912.21","bucket":"-1","time":1555847997653,"group":{"id":"statistics.vcs.git.settings","version":"9"},"event":{"data":{"created":1555847997653,"project":"-1379659210"},"id":"data.local.branches.count.1"}}
{"session":"290cf6502d08","build":"183.5912.21","bucket":"-1","time":1555847997653,"group":{"id":"statistics.vcs.git.settings","version":"9"},"event":{"data":{"created":1555847997653,"project":"-1379659210"},"id":"config.warn.about.crlf.enabled"}}
{"session":"290cf6502d08","build":"183.5912.21","bucket":"-1","time":1555847997653,"group":{"id":"statistics.vcs.git.settings","version":"9"},"event":{"data":{"created":1555847997654,"project":"-1379659210"},"id":"data.remote.branches.count.1"}}
{"session":"290cf6502d08","build":"183.5912.21","bucket":"-1","time":1555847997653,"group":{"id":"statistics.vcs.git.settings","version":"9"},"event":{"data":{"created":1555847997654,"project":"-1379659210"},"id":"config.repo.sync.NOT_DECIDED"}}
{"session":"290cf6502d08","build":"183.5912.21","bucket":"-1","time":1555847997653,"group":{"id":"statistics.vcs.git.settings","version":"9"},"event":{"data":{"created":1555847997654,"project":"-1379659210"},"id":"config.push.autoupdate.disabled"}}
{"session":"290cf6502d08","build":"183.5912.21","bucket":"-1","time":1555847997653,"group":{"id":"statistics.vcs.git.settings","version":"9"},"event":{"data":{"created":1555847997654,"project":"-1379659210"},"id":"data.remotes.in.project.1"}}
{"session":"290cf6502d08","build":"183.5912.21","bucket":"-1","time":1555847997653,"group":{"id":"statistics.vcs.git.settings","version":"9"},"event":{"data":{"created":1555847997654,"project":"-1379659210"},"id":"config.save.policy.STASH"}}
{"session":"290cf6502d08","build":"183.5912.21","bucket":"-1","time":1555847997653,"group":{"id":"statistics.vcs.git.settings","version":"9"},"event":{"data":{"created":1555847997654,"project":"-1379659210"},"id":"config.ssh.disabled"}}
{"session":"290cf6502d08","build":"183.5912.21","bucket":"-1","time":1555847997653,"group":{"id":"statistics.vcs.git.settings","version":"9"},"event":{"data":{"created":1555847997654,"project":"-1379659210"},"id":"version.2.17.2-UNIX"}}
{"session":"290cf6502d08","build":"183.5912.21","bucket":"-1","time":1555847997653,"group":{"id":"statistics.vcs.git.settings","version":"9"},"event":{"data":{"created":1555847997654,"project":"-1379659210"},"id":"data.remote.servers.github.com.1"}}
{"session":"290cf6502d08","build":"183.5912.21","bucket":"-1","time":1555847997653,"group":{"id":"statistics.vcs.git.settings","version":"9"},"event":{"data":{"created":1555847997654,"project":"-1379659210"},"id":"config.warn.about.detached.enabled"}}
{"session":"290cf6502d08","build":"183.5912.21","bucket":"-1","time":1555847997653,"group":{"id":"statistics.vcs.git.settings","version":"9"},"event":{"data":{"created":1555847997654,"project":"-1379659210"},"id":"config.push.update.all.roots.enabled"}}
{"session":"290cf6502d08","build":"183.5912.21","bucket":"-1","time":1555847997653,"group":{"id":"statistics.platform.registry.project","version":"9"},"event":{"data":{"created":1555847997654,"project":"-1379659210"},"id":"java.completion.argument.hints.internal"}}
{"session":"290cf6502d08","build":"183.5912.21","bucket":"-1","time":1555847997653,"group":{"id":"statistics.platform.registry.project","version":"9"},"event":{"data":{"created":1555847997654,"project":"-1379659210"},"id":"inline.browse.button"}}
{"session":"290cf6502d08","build":"183.5912.21","bucket":"-1","time":1555847997656,"group":{"id":"statistics.project.structure","version":"9"},"event":{"data":{"created":1555847997656,"project":"-1379659210"},"id":"excluded.roots.count.1"}}
{"session":"290cf6502d08","build":"183.5912.21","bucket":"-1","time":1555847997656,"group":{"id":"statistics.project.structure","version":"9"},"event":{"data":{"created":1555847997657,"project":"-1379659210"},"id":"content.roots.count.1"}}
{"session":"290cf6502d08","build":"183.5912.21","bucket":"-1","time":1555847997656,"group":{"id":"statistics.project.structure","version":"9"},"event":{"data":{"created":1555847997657,"project":"-1379659210"},"id":"content.roots.count.1"}}
{"session":"290cf6502d08","build":"183.5912.21","bucket":"-1","time":1555847997656,"group":{"id":"statistics.project.structure","version":"9"},"event":{"data":{"created":1555847997657,"project":"-1379659210"},"id":"source.roots.count.0"}}
{"session":"290cf6502d08","build":"183.5912.21","bucket":"-1","time":1555847997656,"group":{"id":"statistics.project.structure","version":"9"},"event":{"data":{"created":1555847997657,"project":"-1379659210"},"id":"source.roots.count.0"}}
{"session":"290cf6502d08","build":"183.5912.21","bucket":"-1","time":1555847997656,"group":{"id":"statistics.project.structure","version":"9"},"event":{"data":{"created":1555847997657,"project":"-1379659210"},"id":"excluded.roots.count.2"}}
{"session":"290cf6502d08","build":"183.5912.21","bucket":"-1","time":1555847997656,"group":{"id":"statistics.project.structure","version":"9"},"event":{"data":{"created":1555847997657,"project":"-1379659210"},"id":"excluded.roots.count.1"}}
{"session":"290cf6502d08","build":"183.5912.21","bucket":"-1","time":1555847997656,"group":{"id":"statistics.project.structure","version":"9"},"event":{"data":{"created":1555847997657,"project":"-1379659210"},"id":"modules.count.3+"}}
{"session":"290cf6502d08","build":"183.5912.21","bucket":"-1","time":1555847997656,"group":{"id":"statistics.project.structure","version":"9"},"event":{"data":{"created":1555847997658,"project":"-1379659210"},"id":"source.root.java-resource.1"}}
{"session":"290cf6502d08","build":"183.5912.21","bucket":"-1","time":1555847997656,"group":{"id":"statistics.project.structure","version":"9"},"event":{"data":{"created":1555847997658,"project":"-1379659210"},"id":"source.roots.count.0"}}
{"session":"290cf6502d08","build":"183.5912.21","bucket":"-1","time":1555847997656,"group":{"id":"statistics.project.structure","version":"9"},"event":{"data":{"created":1555847997658,"project":"-1379659210"},"id":"source.roots.count.2"}}
{"session":"290cf6502d08","build":"183.5912.21","bucket":"-1","time":1555847997656,"group":{"id":"statistics.project.structure","version":"9"},"event":{"data":{"created":1555847997658,"project":"-1379659210"},"id":"excluded.roots.count.1"}}
{"session":"290cf6502d08","build":"183.5912.21","bucket":"-1","time":1555847997656,"group":{"id":"statistics.project.structure","version":"9"},"event":{"data":{"created":1555847997658,"project":"-1379659210"},"id":"content.roots.count.1"}}
{"session":"290cf6502d08","build":"183.5912.21","bucket":"-1","time":1555847997656,"group":{"id":"statistics.project.structure","version":"9"},"event":{"data":{"created":1555847997658,"project":"-1379659210"},"id":"content.roots.count.1"}}
{"session":"290cf6502d08","build":"183.5912.21","bucket":"-1","time":1555847997656,"group":{"id":"statistics.project.structure","version":"9"},"event":{"data":{"created":1555847997658,"project":"-1379659210"},"id":"package.prefix.not.used"}}
{"session":"290cf6502d08","build":"183.5912.21","bucket":"-1","time":1555847997656,"group":{"id":"statistics.project.structure","version":"9"},"event":{"data":{"created":1555847997658,"project":"-1379659210"},"id":"source.root.java-source.1"}}
{"session":"290cf6502d08","build":"183.5912.21","bucket":"-1","time":1555847997657,"group":{"id":"statistics.build.tools","version":"9"},"event":{"data":{"created":1555847997658,"project":"-1379659210"},"id":"Gradle"}}
{"session":"290cf6502d08","build":"183.5912.21","bucket":"-1","time":1555847997657,"group":{"id":"statistics.build.tools.state","version":"9"},"event":{"data":{"created":1555847997658,"project":"-1379659210","event_data_1":"gradle"},"id":"modules.count.1"}}
{"session":"290cf6502d08","build":"183.5912.21","bucket":"-1","time":1555847997657,"group":{"id":"statistics.build.tools.state","version":"9"},"event":{"data":{"created":1555847997658,"project":"-1379659210","event_data_1":"gradle"},"id":"useQualifiedModuleNames.enabled"}}
{"session":"290cf6502d08","build":"183.5912.21","bucket":"-1","time":1555847997657,"group":{"id":"statistics.build.tools.state","version":"9"},"event":{"data":{"created":1555847997658,"project":"-1379659210","event_data_1":"gradle"},"id":"autoImport.enabled"}}
{"session":"290cf6502d08","build":"183.5912.21","bucket":"-1","time":1555847997675,"group":{"id":"internal.statistics.javaLibraries","version":"9"},"event":{"data":{"created":1555847997675,"project":"-1379659210"},"id":"spring-mvc_5.1.5.RELEASE"}}
{"session":"290cf6502d08","build":"183.5912.21","bucket":"-1","time":1555847997675,"group":{"id":"internal.statistics.javaLibraries","version":"9"},"event":{"data":{"created":1555847997676,"project":"-1379659210"},"id":"spring-boot_2.1.3.RELEASE"}}
{"session":"290cf6502d08","build":"183.5912.21","bucket":"-1","time":1555847997675,"group":{"id":"internal.statistics.javaLibraries","version":"9"},"event":{"data":{"created":1555847997676,"project":"-1379659210"},"id":"spring-core_5.1.5.RELEASE"}}
{"session":"290cf6502d08","build":"183.5912.21","bucket":"-1","time":1555847997675,"group":{"id":"internal.statistics.javaLibraries","version":"9"},"event":{"data":{"created":1555847997676,"project":"-1379659210"},"id":"groovy_2.5.6"}}
