{"session":"449db4542c0c","build":"183.5912.21","bucket":"-1","time":1555833091679,"group":{"id":"system.os.name","version":"9"},"event":{"data":{"created":1555833091679},"id":"Mac.OS.X"}}
{"session":"449db4542c0c","build":"183.5912.21","bucket":"-1","time":1555833091679,"group":{"id":"system.os.version","version":"9"},"event":{"data":{"created":1555833091686},"id":"10.13.6"}}
{"session":"449db4542c0c","build":"183.5912.21","bucket":"-1","time":1555833091679,"group":{"id":"system.jvm.vendor","version":"9"},"event":{"data":{"created":1555833091698},"id":"JetBrains_s.r.o"}}
{"session":"449db4542c0c","build":"183.5912.21","bucket":"-1","time":1555833091679,"group":{"id":"system.jvm.version","version":"9"},"event":{"data":{"created":1555833091699},"id":"1.8"}}
{"session":"449db4542c0c","build":"183.5912.21","bucket":"-1","time":1555833091685,"group":{"id":"settings","version":"9"},"event":{"data":{"created":1555833091700,"name":"activeMruEditorOnClose","value":false},"id":"UISettings"}}
{"session":"449db4542c0c","build":"183.5912.21","bucket":"-1","time":1555833091685,"group":{"id":"settings","version":"9"},"event":{"data":{"created":1555833091700,"name":"activeRightEditorOnClose","value":false},"id":"UISettings"}}
{"session":"449db4542c0c","build":"183.5912.21","bucket":"-1","time":1555833091685,"group":{"id":"settings","version":"9"},"event":{"data":{"created":1555833091701,"name":"allowMergeButtons","value":true},"id":"UISettings"}}
{"session":"449db4542c0c","build":"183.5912.21","bucket":"-1","time":1555833091685,"group":{"id":"settings","version":"9"},"event":{"data":{"created":1555833091702,"name":"alwaysShowWindowsButton","value":false},"id":"UISettings"}}
{"session":"449db4542c0c","build":"183.5912.21","bucket":"-1","time":1555833091685,"group":{"id":"settings","version":"9"},"event":{"data":{"created":1555833091702,"name":"animateWindows","value":true},"id":"UISettings"}}
{"session":"449db4542c0c","build":"183.5912.21","bucket":"-1","time":1555833091685,"group":{"id":"settings","version":"9"},"event":{"data":{"created":1555833091702,"name":"closeNonModifiedFilesFirst","value":false},"id":"UISettings"}}
{"session":"449db4542c0c","build":"183.5912.21","bucket":"-1","time":1555833091685,"group":{"id":"settings","version":"9"},"event":{"data":{"created":1555833091703,"name":"closeTabButtonOnTheRight","value":true},"id":"UISettings"}}
{"session":"449db4542c0c","build":"183.5912.21","bucket":"-1","time":1555833091685,"group":{"id":"settings","version":"9"},"event":{"data":{"created":1555833091703,"name":"cycleScrolling","value":true},"id":"UISettings"}}
{"session":"449db4542c0c","build":"183.5912.21","bucket":"-1","time":1555833091685,"group":{"id":"settings","version":"9"},"event":{"data":{"created":1555833091704,"name":"defaultAutoScrollToSource","value":false},"id":"UISettings"}}
{"session":"449db4542c0c","build":"183.5912.21","bucket":"-1","time":1555833091685,"group":{"id":"settings","version":"9"},"event":{"data":{"created":1555833091704,"name":"disableMnemonics","value":true},"id":"UISettings"}}
{"session":"449db4542c0c","build":"183.5912.21","bucket":"-1","time":1555833091685,"group":{"id":"settings","version":"9"},"event":{"data":{"created":1555833091705,"name":"disableMnemonicsInControls","value":false},"id":"UISettings"}}
{"session":"449db4542c0c","build":"183.5912.21","bucket":"-1","time":1555833091685,"group":{"id":"settings","version":"9"},"event":{"data":{"created":1555833091705,"name":"dndWithPressedAltOnly","value":false},"id":"UISettings"}}
{"session":"449db4542c0c","build":"183.5912.21","bucket":"-1","time":1555833091686,"group":{"id":"settings","version":"9"},"event":{"data":{"created":1555833091705,"name":"enableAlphaMode","value":false},"id":"UISettings"}}
{"session":"449db4542c0c","build":"183.5912.21","bucket":"-1","time":1555833091686,"group":{"id":"settings","version":"9"},"event":{"data":{"created":1555833091706,"name":"hideKnownExtensionInTabs","value":false},"id":"UISettings"}}
{"session":"449db4542c0c","build":"183.5912.21","bucket":"-1","time":1555833091686,"group":{"id":"settings","version":"9"},"event":{"data":{"created":1555833091706,"name":"hideNavigationOnFocusLoss","value":true},"id":"UISettings"}}
{"session":"449db4542c0c","build":"183.5912.21","bucket":"-1","time":1555833091686,"group":{"id":"settings","version":"9"},"event":{"data":{"created":1555833091707,"name":"hideTabsIfNeed","value":true},"id":"UISettings"}}
{"session":"449db4542c0c","build":"183.5912.21","bucket":"-1","time":1555833091686,"group":{"id":"settings","version":"9"},"event":{"data":{"created":1555833091708,"name":"hideToolStripes","value":false},"id":"UISettings"}}
{"session":"449db4542c0c","build":"183.5912.21","bucket":"-1","time":1555833091686,"group":{"id":"settings","version":"9"},"event":{"data":{"created":1555833091708,"name":"leftHorizontalSplit","value":false},"id":"UISettings"}}
{"session":"449db4542c0c","build":"183.5912.21","bucket":"-1","time":1555833091686,"group":{"id":"settings","version":"9"},"event":{"data":{"created":1555833091709,"name":"markModifiedTabsWithAsterisk","value":false},"id":"UISettings"}}
{"session":"449db4542c0c","build":"183.5912.21","bucket":"-1","time":1555833091686,"group":{"id":"settings","version":"9"},"event":{"data":{"created":1555833091709,"name":"mergeEqualStackTraces","value":true},"id":"UISettings"}}
{"session":"449db4542c0c","build":"183.5912.21","bucket":"-1","time":1555833091686,"group":{"id":"settings","version":"9"},"event":{"data":{"created":1555833091709,"name":"moveMouseOnDefaultButton","value":false},"id":"UISettings"}}
{"session":"449db4542c0c","build":"183.5912.21","bucket":"-1","time":1555833091686,"group":{"id":"settings","version":"9"},"event":{"data":{"created":1555833091710,"name":"navigateToPreview","value":false},"id":"UISettings"}}
{"session":"449db4542c0c","build":"183.5912.21","bucket":"-1","time":1555833091686,"group":{"id":"settings","version":"9"},"event":{"data":{"created":1555833091710,"name":"overrideConsoleCycleBufferSize","value":false},"id":"UISettings"}}
{"session":"449db4542c0c","build":"183.5912.21","bucket":"-1","time":1555833091686,"group":{"id":"settings","version":"9"},"event":{"data":{"created":1555833091711,"name":"overrideLafFonts","value":false},"id":"UISettings"}}
{"session":"449db4542c0c","build":"183.5912.21","bucket":"-1","time":1555833091686,"group":{"id":"settings","version":"9"},"event":{"data":{"created":1555833091711,"name":"pinFindInPath","value":false},"id":"UISettings"}}
{"session":"449db4542c0c","build":"183.5912.21","bucket":"-1","time":1555833091686,"group":{"id":"settings","version":"9"},"event":{"data":{"created":1555833091712,"name":"presentationMode","value":false},"id":"UISettings"}}
{"session":"449db4542c0c","build":"183.5912.21","bucket":"-1","time":1555833091686,"group":{"id":"settings","version":"9"},"event":{"data":{"created":1555833091712,"name":"reuseNotModifiedTabs","value":false},"id":"UISettings"}}
{"session":"449db4542c0c","build":"183.5912.21","bucket":"-1","time":1555833091686,"group":{"id":"settings","version":"9"},"event":{"data":{"created":1555833091713,"name":"rightHorizontalSplit","value":false},"id":"UISettings"}}
{"session":"449db4542c0c","build":"183.5912.21","bucket":"-1","time":1555833091686,"group":{"id":"settings","version":"9"},"event":{"data":{"created":1555833091713,"name":"scrollTabLayoutInEditor","value":true},"id":"UISettings"}}
{"session":"449db4542c0c","build":"183.5912.21","bucket":"-1","time":1555833091686,"group":{"id":"settings","version":"9"},"event":{"data":{"created":1555833091714,"name":"showCloseButton","value":true},"id":"UISettings"}}
{"session":"449db4542c0c","build":"183.5912.21","bucket":"-1","time":1555833091686,"group":{"id":"settings","version":"9"},"event":{"data":{"created":1555833091714,"name":"showDirectoryForNonUniqueFilenames","value":true},"id":"UISettings"}}
{"session":"449db4542c0c","build":"183.5912.21","bucket":"-1","time":1555833091686,"group":{"id":"settings","version":"9"},"event":{"data":{"created":1555833091715,"name":"showEditorToolTip","value":true},"id":"UISettings"}}
{"session":"449db4542c0c","build":"183.5912.21","bucket":"-1","time":1555833091686,"group":{"id":"settings","version":"9"},"event":{"data":{"created":1555833091715,"name":"showIconInQuickNavigation","value":true},"id":"UISettings"}}
{"session":"449db4542c0c","build":"183.5912.21","bucket":"-1","time":1555833091686,"group":{"id":"settings","version":"9"},"event":{"data":{"created":1555833091716,"name":"showIconsInMenus","value":true},"id":"UISettings"}}
{"session":"449db4542c0c","build":"183.5912.21","bucket":"-1","time":1555833091686,"group":{"id":"settings","version":"9"},"event":{"data":{"created":1555833091716,"name":"showMainToolbar","value":false},"id":"UISettings"}}
{"session":"449db4542c0c","build":"183.5912.21","bucket":"-1","time":1555833091686,"group":{"id":"settings","version":"9"},"event":{"data":{"created":1555833091717,"name":"showMemoryIndicator","value":false},"id":"UISettings"}}
{"session":"449db4542c0c","build":"183.5912.21","bucket":"-1","time":1555833091686,"group":{"id":"settings","version":"9"},"event":{"data":{"created":1555833091717,"name":"showNavigationBar","value":true},"id":"UISettings"}}
{"session":"449db4542c0c","build":"183.5912.21","bucket":"-1","time":1555833091686,"group":{"id":"settings","version":"9"},"event":{"data":{"created":1555833091718,"name":"showStatusBar","value":true},"id":"UISettings"}}
{"session":"449db4542c0c","build":"183.5912.21","bucket":"-1","time":1555833091686,"group":{"id":"settings","version":"9"},"event":{"data":{"created":1555833091718,"name":"showTabsTooltips","value":true},"id":"UISettings"}}
{"session":"449db4542c0c","build":"183.5912.21","bucket":"-1","time":1555833091686,"group":{"id":"settings","version":"9"},"event":{"data":{"created":1555833091718,"name":"showToolWindowsNumbers","value":true},"id":"UISettings"}}
{"session":"449db4542c0c","build":"183.5912.21","bucket":"-1","time":1555833091686,"group":{"id":"settings","version":"9"},"event":{"data":{"created":1555833091719,"name":"smoothScrolling","value":true},"id":"UISettings"}}
{"session":"449db4542c0c","build":"183.5912.21","bucket":"-1","time":1555833091686,"group":{"id":"settings","version":"9"},"event":{"data":{"created":1555833091719,"name":"sortBookmarks","value":false},"id":"UISettings"}}
{"session":"449db4542c0c","build":"183.5912.21","bucket":"-1","time":1555833091686,"group":{"id":"settings","version":"9"},"event":{"data":{"created":1555833091719,"name":"sortLookupElementsLexicographically","value":false},"id":"UISettings"}}
{"session":"449db4542c0c","build":"183.5912.21","bucket":"-1","time":1555833091686,"group":{"id":"settings","version":"9"},"event":{"data":{"created":1555833091719,"name":"useSmallLabelsOnTabs","value":true},"id":"UISettings"}}
{"session":"449db4542c0c","build":"183.5912.21","bucket":"-1","time":1555833091686,"group":{"id":"settings","version":"9"},"event":{"data":{"created":1555833091720,"name":"wideScreenSupport","value":false},"id":"UISettings"}}
{"session":"449db4542c0c","build":"183.5912.21","bucket":"-1","time":1555833092340,"group":{"id":"settings","version":"9"},"event":{"data":{"created":1555833092340,"name":"autoSaveIfInactive","value":false},"id":"GeneralSettings"}}
{"session":"449db4542c0c","build":"183.5912.21","bucket":"-1","time":1555833092340,"group":{"id":"settings","version":"9"},"event":{"data":{"default":false,"created":1555833092340,"name":"confirmExit","value":false},"id":"GeneralSettings"}}
{"session":"449db4542c0c","build":"183.5912.21","bucket":"-1","time":1555833092340,"group":{"id":"settings","version":"9"},"event":{"data":{"created":1555833092341,"name":"reopenLastProject","value":true},"id":"GeneralSettings"}}
{"session":"449db4542c0c","build":"183.5912.21","bucket":"-1","time":1555833092340,"group":{"id":"settings","version":"9"},"event":{"data":{"created":1555833092341,"name":"saveOnFrameDeactivation","value":true},"id":"GeneralSettings"}}
{"session":"449db4542c0c","build":"183.5912.21","bucket":"-1","time":1555833092340,"group":{"id":"settings","version":"9"},"event":{"data":{"created":1555833092341,"name":"searchInBackground","value":false},"id":"GeneralSettings"}}
{"session":"449db4542c0c","build":"183.5912.21","bucket":"-1","time":1555833092340,"group":{"id":"settings","version":"9"},"event":{"data":{"default":false,"created":1555833092342,"name":"showTipsOnStartup","value":false},"id":"GeneralSettings"}}
{"session":"449db4542c0c","build":"183.5912.21","bucket":"-1","time":1555833092340,"group":{"id":"settings","version":"9"},"event":{"data":{"created":1555833092342,"name":"showWelcomeScreen","value":true},"id":"GeneralSettings"}}
{"session":"449db4542c0c","build":"183.5912.21","bucket":"-1","time":1555833092340,"group":{"id":"settings","version":"9"},"event":{"data":{"created":1555833092342,"name":"supportScreenReaders","value":false},"id":"GeneralSettings"}}
{"session":"449db4542c0c","build":"183.5912.21","bucket":"-1","time":1555833092340,"group":{"id":"settings","version":"9"},"event":{"data":{"created":1555833092343,"name":"syncOnFrameActivation","value":true},"id":"GeneralSettings"}}
{"session":"449db4542c0c","build":"183.5912.21","bucket":"-1","time":1555833092340,"group":{"id":"settings","version":"9"},"event":{"data":{"created":1555833092343,"name":"useDefaultBrowser","value":true},"id":"GeneralSettings"}}
{"session":"449db4542c0c","build":"183.5912.21","bucket":"-1","time":1555833092340,"group":{"id":"settings","version":"9"},"event":{"data":{"created":1555833092343,"name":"useSafeWrite","value":true},"id":"GeneralSettings"}}
{"session":"449db4542c0c","build":"183.5912.21","bucket":"-1","time":1555833108734,"group":{"id":"statistics.lifecycle.app","version":"9"},"event":{"count":1,"data":{"created":1555833108734},"id":"ide.start"}}
{"session":"449db4542c0c","build":"183.5912.21","bucket":"-1","time":1555833108735,"group":{"id":"lifecycle","version":"9"},"event":{"count":1,"data":{"created":1555833108735},"id":"app.started"}}
{"session":"449db4542c0c","build":"183.5912.21","bucket":"-1","time":1555833109201,"group":{"id":"statistics.lifecycle.app","version":"9"},"event":{"count":1,"data":{"created":1555833109201,"data_2":"10+","data_1":"timeSecondsGrouped"},"id":"ide.freeze"}}
{"session":"449db4542c0c","build":"183.5912.21","bucket":"-1","time":1555833109201,"group":{"id":"lifecycle","version":"9"},"event":{"count":1,"data":{"durationSeconds":17,"created":1555833109202},"id":"ide.freeze"}}
{"session":"449db4542c0c","build":"183.5912.21","bucket":"-1","time":1555833211280,"group":{"id":"ui.dialogs","version":"9"},"event":{"count":1,"data":{"created":1555833211280,"type":"show"},"id":"com.intellij.openapi.progress.util.ProgressDialog$MyDialogWrapper"}}
{"session":"449db4542c0c","build":"183.5912.21","bucket":"-1","time":1555833212115,"group":{"id":"statistics.lifecycle.app","version":"9"},"event":{"count":1,"data":{"created":1555833212116,"data_2":"mappingFailed:false","data_1":"OOM:false","data_3":"pluginId:unknown"},"id":"ide.error"}}
{"session":"449db4542c0c","build":"183.5912.21","bucket":"-1","time":1555833212268,"group":{"id":"ui.dialogs","version":"9"},"event":{"count":1,"data":{"code":1,"created":1555833212268,"type":"close"},"id":"com.intellij.openapi.progress.util.ProgressDialog$MyDialogWrapper"}}
{"session":"449db4542c0c","build":"183.5912.21","bucket":"-1","time":1555833212291,"group":{"id":"statistics.lifecycle.project","version":"9"},"event":{"count":1,"data":{"created":1555833212291,"project":"-1379659210"},"id":"project.opened"}}
{"session":"449db4542c0c","build":"183.5912.21","bucket":"-1","time":1555833212291,"group":{"id":"lifecycle","version":"9"},"event":{"count":1,"data":{"created":1555833212291},"id":"project.opened"}}
{"session":"449db4542c0c","build":"183.5912.21","bucket":"-1","time":1555833213804,"group":{"id":"ui.dialogs","version":"9"},"event":{"count":1,"data":{"created":1555833213804,"type":"show"},"id":"com.intellij.openapi.progress.util.ProgressDialog$MyDialogWrapper"}}
{"session":"449db4542c0c","build":"183.5912.21","bucket":"-1","time":1555833215928,"group":{"id":"toolwindow.v2","version":"9"},"event":{"count":1,"data":{"created":1555833215928,"data_1":"Mac"},"id":"Project_by_Activation"}}
{"session":"449db4542c0c","build":"183.5912.21","bucket":"-1","time":1555833216831,"group":{"id":"ui.dialogs","version":"9"},"event":{"count":1,"data":{"code":1,"created":1555833216831,"type":"close"},"id":"com.intellij.openapi.progress.util.ProgressDialog$MyDialogWrapper"}}
{"session":"449db4542c0c","build":"183.5912.21","bucket":"-1","time":1555833217711,"group":{"id":"statistics.lifecycle.project","version":"9"},"event":{"count":1,"data":{"created":1555833217711,"project":"-1379659210"},"id":"project.open.time.6"}}
{"session":"449db4542c0c","build":"183.5912.21","bucket":"-1","time":1555833217711,"group":{"id":"lifecycle","version":"9"},"event":{"count":1,"data":{"created":1555833217716,"time.ms":6769},"id":"project.opening.finished"}}
{"session":"449db4542c0c","build":"183.5912.21","bucket":"-1","time":1555833220423,"group":{"id":"actions.v2","version":"9"},"event":{"count":1,"data":{"context_menu":false,"created":1555833220423,"data_1":"Mac","input_event":"Shift+F1"},"id":"third.party.plugin.action"}}
{"session":"449db4542c0c","build":"183.5912.21","bucket":"-1","time":1555833387692,"group":{"id":"statistics.lifecycle.app","version":"9"},"event":{"count":1,"data":{"created":1555833387692},"id":"ide.close"}}
{"session":"449db4542c0c","build":"183.5912.21","bucket":"-1","time":1555833387692,"group":{"id":"lifecycle","version":"9"},"event":{"count":1,"data":{"restart":false,"created":1555833387698},"id":"app.closed"}}
{"session":"449db4542c0c","build":"183.5912.21","bucket":"-1","time":1555833387712,"group":{"id":"statistics.lifecycle.project","version":"9"},"event":{"count":1,"data":{"created":1555833387712,"project":"-1379659210"},"id":"project.closed"}}
{"session":"449db4542c0c","build":"183.5912.21","bucket":"-1","time":1555833387853,"group":{"id":"lifecycle","version":"9"},"event":{"count":1,"data":{"created":1555833387853},"id":"project.closed"}}
