{"session":"8c68db542e80","build":"183.5912.21","bucket":"-1","time":1555834901010,"group":{"id":"system.os.name","version":"9"},"event":{"data":{"created":1555834901011},"id":"Mac.OS.X"}}
{"session":"8c68db542e80","build":"183.5912.21","bucket":"-1","time":1555834901010,"group":{"id":"system.os.version","version":"9"},"event":{"data":{"created":1555834901020},"id":"10.13.6"}}
{"session":"8c68db542e80","build":"183.5912.21","bucket":"-1","time":1555834901011,"group":{"id":"system.jvm.vendor","version":"9"},"event":{"data":{"created":1555834901031},"id":"JetBrains_s.r.o"}}
{"session":"8c68db542e80","build":"183.5912.21","bucket":"-1","time":1555834901011,"group":{"id":"system.jvm.version","version":"9"},"event":{"data":{"created":1555834901032},"id":"1.8"}}
{"session":"8c68db542e80","build":"183.5912.21","bucket":"-1","time":1555834901018,"group":{"id":"settings","version":"9"},"event":{"data":{"created":1555834901033,"name":"activeMruEditorOnClose","value":false},"id":"UISettings"}}
{"session":"8c68db542e80","build":"183.5912.21","bucket":"-1","time":1555834901018,"group":{"id":"settings","version":"9"},"event":{"data":{"created":1555834901034,"name":"activeRightEditorOnClose","value":false},"id":"UISettings"}}
{"session":"8c68db542e80","build":"183.5912.21","bucket":"-1","time":1555834901018,"group":{"id":"settings","version":"9"},"event":{"data":{"created":1555834901035,"name":"allowMergeButtons","value":true},"id":"UISettings"}}
{"session":"8c68db542e80","build":"183.5912.21","bucket":"-1","time":1555834901018,"group":{"id":"settings","version":"9"},"event":{"data":{"created":1555834901035,"name":"alwaysShowWindowsButton","value":false},"id":"UISettings"}}
{"session":"8c68db542e80","build":"183.5912.21","bucket":"-1","time":1555834901018,"group":{"id":"settings","version":"9"},"event":{"data":{"created":1555834901036,"name":"animateWindows","value":true},"id":"UISettings"}}
{"session":"8c68db542e80","build":"183.5912.21","bucket":"-1","time":1555834901018,"group":{"id":"settings","version":"9"},"event":{"data":{"created":1555834901036,"name":"closeNonModifiedFilesFirst","value":false},"id":"UISettings"}}
{"session":"8c68db542e80","build":"183.5912.21","bucket":"-1","time":1555834901018,"group":{"id":"settings","version":"9"},"event":{"data":{"created":1555834901037,"name":"closeTabButtonOnTheRight","value":true},"id":"UISettings"}}
{"session":"8c68db542e80","build":"183.5912.21","bucket":"-1","time":1555834901018,"group":{"id":"settings","version":"9"},"event":{"data":{"created":1555834901037,"name":"cycleScrolling","value":true},"id":"UISettings"}}
{"session":"8c68db542e80","build":"183.5912.21","bucket":"-1","time":1555834901018,"group":{"id":"settings","version":"9"},"event":{"data":{"created":1555834901037,"name":"defaultAutoScrollToSource","value":false},"id":"UISettings"}}
{"session":"8c68db542e80","build":"183.5912.21","bucket":"-1","time":1555834901018,"group":{"id":"settings","version":"9"},"event":{"data":{"created":1555834901038,"name":"disableMnemonics","value":true},"id":"UISettings"}}
{"session":"8c68db542e80","build":"183.5912.21","bucket":"-1","time":1555834901018,"group":{"id":"settings","version":"9"},"event":{"data":{"created":1555834901039,"name":"disableMnemonicsInControls","value":false},"id":"UISettings"}}
{"session":"8c68db542e80","build":"183.5912.21","bucket":"-1","time":1555834901018,"group":{"id":"settings","version":"9"},"event":{"data":{"created":1555834901040,"name":"dndWithPressedAltOnly","value":false},"id":"UISettings"}}
{"session":"8c68db542e80","build":"183.5912.21","bucket":"-1","time":1555834901018,"group":{"id":"settings","version":"9"},"event":{"data":{"created":1555834901040,"name":"enableAlphaMode","value":false},"id":"UISettings"}}
{"session":"8c68db542e80","build":"183.5912.21","bucket":"-1","time":1555834901018,"group":{"id":"settings","version":"9"},"event":{"data":{"created":1555834901041,"name":"hideKnownExtensionInTabs","value":false},"id":"UISettings"}}
{"session":"8c68db542e80","build":"183.5912.21","bucket":"-1","time":1555834901018,"group":{"id":"settings","version":"9"},"event":{"data":{"created":1555834901041,"name":"hideNavigationOnFocusLoss","value":true},"id":"UISettings"}}
{"session":"8c68db542e80","build":"183.5912.21","bucket":"-1","time":1555834901018,"group":{"id":"settings","version":"9"},"event":{"data":{"created":1555834901042,"name":"hideTabsIfNeed","value":true},"id":"UISettings"}}
{"session":"8c68db542e80","build":"183.5912.21","bucket":"-1","time":1555834901018,"group":{"id":"settings","version":"9"},"event":{"data":{"created":1555834901042,"name":"hideToolStripes","value":false},"id":"UISettings"}}
{"session":"8c68db542e80","build":"183.5912.21","bucket":"-1","time":1555834901018,"group":{"id":"settings","version":"9"},"event":{"data":{"created":1555834901043,"name":"leftHorizontalSplit","value":false},"id":"UISettings"}}
{"session":"8c68db542e80","build":"183.5912.21","bucket":"-1","time":1555834901018,"group":{"id":"settings","version":"9"},"event":{"data":{"created":1555834901043,"name":"markModifiedTabsWithAsterisk","value":false},"id":"UISettings"}}
{"session":"8c68db542e80","build":"183.5912.21","bucket":"-1","time":1555834901018,"group":{"id":"settings","version":"9"},"event":{"data":{"created":1555834901043,"name":"mergeEqualStackTraces","value":true},"id":"UISettings"}}
{"session":"8c68db542e80","build":"183.5912.21","bucket":"-1","time":1555834901018,"group":{"id":"settings","version":"9"},"event":{"data":{"created":1555834901044,"name":"moveMouseOnDefaultButton","value":false},"id":"UISettings"}}
{"session":"8c68db542e80","build":"183.5912.21","bucket":"-1","time":1555834901018,"group":{"id":"settings","version":"9"},"event":{"data":{"created":1555834901044,"name":"navigateToPreview","value":false},"id":"UISettings"}}
{"session":"8c68db542e80","build":"183.5912.21","bucket":"-1","time":1555834901018,"group":{"id":"settings","version":"9"},"event":{"data":{"created":1555834901044,"name":"overrideConsoleCycleBufferSize","value":false},"id":"UISettings"}}
{"session":"8c68db542e80","build":"183.5912.21","bucket":"-1","time":1555834901018,"group":{"id":"settings","version":"9"},"event":{"data":{"created":1555834901045,"name":"overrideLafFonts","value":false},"id":"UISettings"}}
{"session":"8c68db542e80","build":"183.5912.21","bucket":"-1","time":1555834901018,"group":{"id":"settings","version":"9"},"event":{"data":{"created":1555834901045,"name":"pinFindInPath","value":false},"id":"UISettings"}}
{"session":"8c68db542e80","build":"183.5912.21","bucket":"-1","time":1555834901018,"group":{"id":"settings","version":"9"},"event":{"data":{"created":1555834901046,"name":"presentationMode","value":false},"id":"UISettings"}}
{"session":"8c68db542e80","build":"183.5912.21","bucket":"-1","time":1555834901018,"group":{"id":"settings","version":"9"},"event":{"data":{"created":1555834901046,"name":"reuseNotModifiedTabs","value":false},"id":"UISettings"}}
{"session":"8c68db542e80","build":"183.5912.21","bucket":"-1","time":1555834901018,"group":{"id":"settings","version":"9"},"event":{"data":{"created":1555834901047,"name":"rightHorizontalSplit","value":false},"id":"UISettings"}}
{"session":"8c68db542e80","build":"183.5912.21","bucket":"-1","time":1555834901018,"group":{"id":"settings","version":"9"},"event":{"data":{"created":1555834901047,"name":"scrollTabLayoutInEditor","value":true},"id":"UISettings"}}
{"session":"8c68db542e80","build":"183.5912.21","bucket":"-1","time":1555834901018,"group":{"id":"settings","version":"9"},"event":{"data":{"created":1555834901047,"name":"showCloseButton","value":true},"id":"UISettings"}}
{"session":"8c68db542e80","build":"183.5912.21","bucket":"-1","time":1555834901018,"group":{"id":"settings","version":"9"},"event":{"data":{"created":1555834901048,"name":"showDirectoryForNonUniqueFilenames","value":true},"id":"UISettings"}}
{"session":"8c68db542e80","build":"183.5912.21","bucket":"-1","time":1555834901019,"group":{"id":"settings","version":"9"},"event":{"data":{"created":1555834901048,"name":"showEditorToolTip","value":true},"id":"UISettings"}}
{"session":"8c68db542e80","build":"183.5912.21","bucket":"-1","time":1555834901019,"group":{"id":"settings","version":"9"},"event":{"data":{"created":1555834901049,"name":"showIconInQuickNavigation","value":true},"id":"UISettings"}}
{"session":"8c68db542e80","build":"183.5912.21","bucket":"-1","time":1555834901019,"group":{"id":"settings","version":"9"},"event":{"data":{"created":1555834901050,"name":"showIconsInMenus","value":true},"id":"UISettings"}}
{"session":"8c68db542e80","build":"183.5912.21","bucket":"-1","time":1555834901019,"group":{"id":"settings","version":"9"},"event":{"data":{"created":1555834901050,"name":"showMainToolbar","value":false},"id":"UISettings"}}
{"session":"8c68db542e80","build":"183.5912.21","bucket":"-1","time":1555834901019,"group":{"id":"settings","version":"9"},"event":{"data":{"created":1555834901051,"name":"showMemoryIndicator","value":false},"id":"UISettings"}}
{"session":"8c68db542e80","build":"183.5912.21","bucket":"-1","time":1555834901019,"group":{"id":"settings","version":"9"},"event":{"data":{"created":1555834901051,"name":"showNavigationBar","value":true},"id":"UISettings"}}
{"session":"8c68db542e80","build":"183.5912.21","bucket":"-1","time":1555834901019,"group":{"id":"settings","version":"9"},"event":{"data":{"created":1555834901051,"name":"showStatusBar","value":true},"id":"UISettings"}}
{"session":"8c68db542e80","build":"183.5912.21","bucket":"-1","time":1555834901019,"group":{"id":"settings","version":"9"},"event":{"data":{"created":1555834901052,"name":"showTabsTooltips","value":true},"id":"UISettings"}}
{"session":"8c68db542e80","build":"183.5912.21","bucket":"-1","time":1555834901019,"group":{"id":"settings","version":"9"},"event":{"data":{"created":1555834901052,"name":"showToolWindowsNumbers","value":true},"id":"UISettings"}}
{"session":"8c68db542e80","build":"183.5912.21","bucket":"-1","time":1555834901019,"group":{"id":"settings","version":"9"},"event":{"data":{"created":1555834901052,"name":"smoothScrolling","value":true},"id":"UISettings"}}
{"session":"8c68db542e80","build":"183.5912.21","bucket":"-1","time":1555834901019,"group":{"id":"settings","version":"9"},"event":{"data":{"created":1555834901053,"name":"sortBookmarks","value":false},"id":"UISettings"}}
{"session":"8c68db542e80","build":"183.5912.21","bucket":"-1","time":1555834901019,"group":{"id":"settings","version":"9"},"event":{"data":{"created":1555834901053,"name":"sortLookupElementsLexicographically","value":false},"id":"UISettings"}}
{"session":"8c68db542e80","build":"183.5912.21","bucket":"-1","time":1555834901019,"group":{"id":"settings","version":"9"},"event":{"data":{"created":1555834901053,"name":"useSmallLabelsOnTabs","value":true},"id":"UISettings"}}
{"session":"8c68db542e80","build":"183.5912.21","bucket":"-1","time":1555834901019,"group":{"id":"settings","version":"9"},"event":{"data":{"created":1555834901054,"name":"wideScreenSupport","value":false},"id":"UISettings"}}
{"session":"8c68db542e80","build":"183.5912.21","bucket":"-1","time":1555834901861,"group":{"id":"settings","version":"9"},"event":{"data":{"created":1555834901861,"name":"autoSaveIfInactive","value":false},"id":"GeneralSettings"}}
{"session":"8c68db542e80","build":"183.5912.21","bucket":"-1","time":1555834901861,"group":{"id":"settings","version":"9"},"event":{"data":{"default":false,"created":1555834901861,"name":"confirmExit","value":false},"id":"GeneralSettings"}}
{"session":"8c68db542e80","build":"183.5912.21","bucket":"-1","time":1555834901861,"group":{"id":"settings","version":"9"},"event":{"data":{"created":1555834901862,"name":"reopenLastProject","value":true},"id":"GeneralSettings"}}
{"session":"8c68db542e80","build":"183.5912.21","bucket":"-1","time":1555834901861,"group":{"id":"settings","version":"9"},"event":{"data":{"created":1555834901862,"name":"saveOnFrameDeactivation","value":true},"id":"GeneralSettings"}}
{"session":"8c68db542e80","build":"183.5912.21","bucket":"-1","time":1555834901861,"group":{"id":"settings","version":"9"},"event":{"data":{"created":1555834901862,"name":"searchInBackground","value":false},"id":"GeneralSettings"}}
{"session":"8c68db542e80","build":"183.5912.21","bucket":"-1","time":1555834901861,"group":{"id":"settings","version":"9"},"event":{"data":{"default":false,"created":1555834901863,"name":"showTipsOnStartup","value":false},"id":"GeneralSettings"}}
{"session":"8c68db542e80","build":"183.5912.21","bucket":"-1","time":1555834901861,"group":{"id":"settings","version":"9"},"event":{"data":{"created":1555834901863,"name":"showWelcomeScreen","value":true},"id":"GeneralSettings"}}
{"session":"8c68db542e80","build":"183.5912.21","bucket":"-1","time":1555834901861,"group":{"id":"settings","version":"9"},"event":{"data":{"created":1555834901863,"name":"supportScreenReaders","value":false},"id":"GeneralSettings"}}
{"session":"8c68db542e80","build":"183.5912.21","bucket":"-1","time":1555834901861,"group":{"id":"settings","version":"9"},"event":{"data":{"created":1555834901864,"name":"syncOnFrameActivation","value":true},"id":"GeneralSettings"}}
{"session":"8c68db542e80","build":"183.5912.21","bucket":"-1","time":1555834901861,"group":{"id":"settings","version":"9"},"event":{"data":{"created":1555834901864,"name":"useDefaultBrowser","value":true},"id":"GeneralSettings"}}
{"session":"8c68db542e80","build":"183.5912.21","bucket":"-1","time":1555834901861,"group":{"id":"settings","version":"9"},"event":{"data":{"created":1555834901864,"name":"useSafeWrite","value":true},"id":"GeneralSettings"}}
{"session":"8c68db542e80","build":"183.5912.21","bucket":"-1","time":1555834918122,"group":{"id":"statistics.lifecycle.app","version":"9"},"event":{"count":1,"data":{"created":1555834918122},"id":"ide.start"}}
{"session":"8c68db542e80","build":"183.5912.21","bucket":"-1","time":1555834918124,"group":{"id":"lifecycle","version":"9"},"event":{"count":1,"data":{"created":1555834918124},"id":"app.started"}}
{"session":"8c68db542e80","build":"183.5912.21","bucket":"-1","time":1555834918643,"group":{"id":"statistics.lifecycle.app","version":"9"},"event":{"count":1,"data":{"created":1555834918644,"data_2":"10+","data_1":"timeSecondsGrouped"},"id":"ide.freeze"}}
{"session":"8c68db542e80","build":"183.5912.21","bucket":"-1","time":1555834918644,"group":{"id":"lifecycle","version":"9"},"event":{"count":1,"data":{"durationSeconds":17,"created":1555834918644},"id":"ide.freeze"}}
{"session":"8c68db542e80","build":"183.5912.21","bucket":"-1","time":1555834927375,"group":{"id":"ui.dialogs","version":"9"},"event":{"count":1,"data":{"created":1555834927375,"type":"show"},"id":"com.intellij.openapi.progress.util.ProgressDialog$MyDialogWrapper"}}
{"session":"8c68db542e80","build":"183.5912.21","bucket":"-1","time":1555834928391,"group":{"id":"statistics.lifecycle.app","version":"9"},"event":{"count":1,"data":{"created":1555834928391,"data_2":"mappingFailed:false","data_1":"OOM:false","data_3":"pluginId:unknown"},"id":"ide.error"}}
{"session":"8c68db542e80","build":"183.5912.21","bucket":"-1","time":1555834928556,"group":{"id":"ui.dialogs","version":"9"},"event":{"count":1,"data":{"code":1,"created":1555834928556,"type":"close"},"id":"com.intellij.openapi.progress.util.ProgressDialog$MyDialogWrapper"}}
{"session":"8c68db542e80","build":"183.5912.21","bucket":"-1","time":1555834928596,"group":{"id":"statistics.lifecycle.project","version":"9"},"event":{"count":1,"data":{"created":1555834928596,"project":"-1379659210"},"id":"project.opened"}}
{"session":"8c68db542e80","build":"183.5912.21","bucket":"-1","time":1555834928597,"group":{"id":"lifecycle","version":"9"},"event":{"count":1,"data":{"created":1555834928597},"id":"project.opened"}}
{"session":"8c68db542e80","build":"183.5912.21","bucket":"-1","time":1555834930216,"group":{"id":"ui.dialogs","version":"9"},"event":{"count":1,"data":{"created":1555834930216,"type":"show"},"id":"com.intellij.openapi.progress.util.ProgressDialog$MyDialogWrapper"}}
{"session":"8c68db542e80","build":"183.5912.21","bucket":"-1","time":1555834932648,"group":{"id":"toolwindow.v2","version":"9"},"event":{"count":1,"data":{"created":1555834932648,"data_1":"Mac"},"id":"Project_by_Activation"}}
{"session":"8c68db542e80","build":"183.5912.21","bucket":"-1","time":1555834934076,"group":{"id":"ui.dialogs","version":"9"},"event":{"count":1,"data":{"code":1,"created":1555834934076,"type":"close"},"id":"com.intellij.openapi.progress.util.ProgressDialog$MyDialogWrapper"}}
{"session":"8c68db542e80","build":"183.5912.21","bucket":"-1","time":1555834935518,"group":{"id":"statistics.lifecycle.project","version":"9"},"event":{"count":1,"data":{"created":1555834935518,"project":"-1379659210"},"id":"project.open.time.8"}}
{"session":"8c68db542e80","build":"183.5912.21","bucket":"-1","time":1555834935518,"group":{"id":"lifecycle","version":"9"},"event":{"count":1,"data":{"created":1555834935519,"time.ms":8536},"id":"project.opening.finished"}}
{"session":"8c68db542e80","build":"183.5912.21","bucket":"-1","time":1555834938267,"group":{"id":"actions.v2","version":"9"},"event":{"count":1,"data":{"context_menu":false,"created":1555834938267,"data_1":"Mac","input_event":"Shift+F1"},"id":"third.party.plugin.action"}}
{"session":"8c68db542e80","build":"183.5912.21","bucket":"-1","time":1555834968312,"group":{"id":"statistics.lifecycle.app","version":"9"},"event":{"count":1,"data":{"created":1555834968312,"data_2":"mappingFailed:false","data_1":"OOM:false","data_3":"pluginId:unknown"},"id":"ide.error"}}
{"session":"8c68db542e80","build":"183.5912.21","bucket":"-1","time":1555834972245,"group":{"id":"statistics.lifecycle.project","version":"9"},"event":{"count":1,"data":{"created":1555834972245,"project":"-1379659210"},"id":"project.closed"}}
{"session":"8c68db542e80","build":"183.5912.21","bucket":"-1","time":1555834973758,"group":{"id":"lifecycle","version":"9"},"event":{"count":1,"data":{"created":1555834973758},"id":"project.closed"}}
{"session":"8c68db542e80","build":"183.5912.21","bucket":"-1","time":1555835411770,"group":{"id":"statistics.lifecycle.app","version":"9"},"event":{"count":1,"data":{"created":1555835411771,"data_2":"mappingFailed:false","data_1":"OOM:false","data_3":"pluginId:unknown"},"id":"ide.error"}}
{"session":"8c68db542e80","build":"183.5912.21","bucket":"-1","time":1555835411784,"group":{"id":"statistics.lifecycle.project","version":"9"},"event":{"count":1,"data":{"created":1555835411784,"project":"-1379659210"},"id":"project.opened"}}
{"session":"8c68db542e80","build":"183.5912.21","bucket":"-1","time":1555835411784,"group":{"id":"lifecycle","version":"9"},"event":{"count":1,"data":{"created":1555835411784},"id":"project.opened"}}
{"session":"8c68db542e80","build":"183.5912.21","bucket":"-1","time":1555835412317,"group":{"id":"ui.dialogs","version":"9"},"event":{"count":1,"data":{"created":1555835412317,"type":"show"},"id":"com.intellij.openapi.progress.util.ProgressDialog$MyDialogWrapper"}}
{"session":"8c68db542e80","build":"183.5912.21","bucket":"-1","time":1555835412979,"group":{"id":"toolwindow.v2","version":"9"},"event":{"count":1,"data":{"created":1555835412979,"data_1":"Mac"},"id":"Project_by_Activation"}}
{"session":"8c68db542e80","build":"183.5912.21","bucket":"-1","time":1555835413353,"group":{"id":"ui.dialogs","version":"9"},"event":{"count":1,"data":{"code":1,"created":1555835413353,"type":"close"},"id":"com.intellij.openapi.progress.util.ProgressDialog$MyDialogWrapper"}}
{"session":"8c68db542e80","build":"183.5912.21","bucket":"-1","time":1555835413578,"group":{"id":"statistics.lifecycle.project","version":"9"},"event":{"count":1,"data":{"created":1555835413578,"project":"-1379659210"},"id":"project.open.time.2"}}
{"session":"8c68db542e80","build":"183.5912.21","bucket":"-1","time":1555835413578,"group":{"id":"lifecycle","version":"9"},"event":{"count":1,"data":{"created":1555835413579,"time.ms":2056},"id":"project.opening.finished"}}
{"session":"8c68db542e80","build":"183.5912.21","bucket":"-1","time":1555835414565,"group":{"id":"actions.v2","version":"9"},"event":{"count":1,"data":{"context_menu":false,"created":1555835414565,"data_1":"Mac","input_event":"Shift+F1"},"id":"third.party.plugin.action"}}
{"session":"8c68db542e80","build":"183.5912.21","bucket":"-1","time":1555835414574,"group":{"id":"statistics.lifecycle.app","version":"9"},"event":{"count":1,"data":{"created":1555835414574,"data_2":"mappingFailed:false","data_1":"OOM:false","data_3":"pluginId:unknown"},"id":"ide.error"}}
{"session":"8c68db542e80","build":"183.5912.21","bucket":"-1","time":1555835415657,"group":{"id":"actions.v2","version":"9"},"event":{"count":1,"data":{"context_menu":false,"created":1555835415657,"data_1":"Mac","input_event":"Shift+F1"},"id":"third.party.plugin.action"}}
{"session":"8c68db542e80","build":"183.5912.21","bucket":"-1","time":1555835415659,"group":{"id":"statistics.lifecycle.app","version":"9"},"event":{"count":1,"data":{"created":1555835415659,"data_2":"mappingFailed:false","data_1":"OOM:false","data_3":"pluginId:unknown"},"id":"ide.error"}}
{"session":"8c68db542e80","build":"183.5912.21","bucket":"-1","time":1555835417317,"group":{"id":"actions.v2","version":"9"},"event":{"count":1,"data":{"context_menu":false,"created":1555835417317,"data_1":"Mac"},"id":"ToggleLineBreakpoint"}}
{"session":"8c68db542e80","build":"183.5912.21","bucket":"-1","time":1555835418393,"group":{"id":"actions.v2","version":"9"},"event":{"count":1,"data":{"context_menu":false,"created":1555835418393,"data_1":"Mac","input_event":"Shift+F1"},"id":"third.party.plugin.action"}}
{"session":"8c68db542e80","build":"183.5912.21","bucket":"-1","time":1555835421341,"group":{"id":"statistics.lifecycle.app","version":"9"},"event":{"count":1,"data":{"created":1555835421343,"data_2":"mappingFailed:false","data_1":"OOM:false","data_3":"pluginId:unknown"},"id":"ide.error"}}
{"session":"8c68db542e80","build":"183.5912.21","bucket":"-1","time":1555835423772,"group":{"id":"statistics.lifecycle.project","version":"9"},"event":{"count":1,"data":{"created":1555835423773,"project":"-1379659210"},"id":"project.closed"}}
{"session":"8c68db542e80","build":"183.5912.21","bucket":"-1","time":1555835424095,"group":{"id":"lifecycle","version":"9"},"event":{"count":1,"data":{"created":1555835424095},"id":"project.closed"}}
{"session":"8c68db542e80","build":"183.5912.21","bucket":"-1","time":1555835425743,"group":{"id":"statistics.lifecycle.app","version":"9"},"event":{"count":1,"data":{"created":1555835425743},"id":"ide.close"}}
{"session":"8c68db542e80","build":"183.5912.21","bucket":"-1","time":1555835425743,"group":{"id":"lifecycle","version":"9"},"event":{"count":1,"data":{"restart":false,"created":1555835425743},"id":"app.closed"}}
