{"session":"042e15da0710","build":"183.5912.21","bucket":"-1","time":1555825373447,"group":{"id":"system.os.name","version":"9"},"event":{"data":{"created":1555825373448},"id":"Mac.OS.X"}}
{"session":"042e15da0710","build":"183.5912.21","bucket":"-1","time":1555825373447,"group":{"id":"system.os.version","version":"9"},"event":{"data":{"created":1555825373458},"id":"10.13.6"}}
{"session":"042e15da0710","build":"183.5912.21","bucket":"-1","time":1555825373448,"group":{"id":"system.jvm.vendor","version":"9"},"event":{"data":{"created":1555825373467},"id":"JetBrains_s.r.o"}}
{"session":"042e15da0710","build":"183.5912.21","bucket":"-1","time":1555825373448,"group":{"id":"system.jvm.version","version":"9"},"event":{"data":{"created":1555825373468},"id":"1.8"}}
{"session":"042e15da0710","build":"183.5912.21","bucket":"-1","time":1555825373456,"group":{"id":"settings","version":"9"},"event":{"data":{"created":1555825373468,"name":"activeMruEditorOnClose","value":false},"id":"UISettings"}}
{"session":"042e15da0710","build":"183.5912.21","bucket":"-1","time":1555825373456,"group":{"id":"settings","version":"9"},"event":{"data":{"created":1555825373469,"name":"activeRightEditorOnClose","value":false},"id":"UISettings"}}
{"session":"042e15da0710","build":"183.5912.21","bucket":"-1","time":1555825373456,"group":{"id":"settings","version":"9"},"event":{"data":{"created":1555825373469,"name":"allowMergeButtons","value":true},"id":"UISettings"}}
{"session":"042e15da0710","build":"183.5912.21","bucket":"-1","time":1555825373456,"group":{"id":"settings","version":"9"},"event":{"data":{"created":1555825373470,"name":"alwaysShowWindowsButton","value":false},"id":"UISettings"}}
{"session":"042e15da0710","build":"183.5912.21","bucket":"-1","time":1555825373456,"group":{"id":"settings","version":"9"},"event":{"data":{"created":1555825373470,"name":"animateWindows","value":true},"id":"UISettings"}}
{"session":"042e15da0710","build":"183.5912.21","bucket":"-1","time":1555825373456,"group":{"id":"settings","version":"9"},"event":{"data":{"created":1555825373471,"name":"closeNonModifiedFilesFirst","value":false},"id":"UISettings"}}
{"session":"042e15da0710","build":"183.5912.21","bucket":"-1","time":1555825373456,"group":{"id":"settings","version":"9"},"event":{"data":{"created":1555825373471,"name":"closeTabButtonOnTheRight","value":true},"id":"UISettings"}}
{"session":"042e15da0710","build":"183.5912.21","bucket":"-1","time":1555825373456,"group":{"id":"settings","version":"9"},"event":{"data":{"created":1555825373472,"name":"cycleScrolling","value":true},"id":"UISettings"}}
{"session":"042e15da0710","build":"183.5912.21","bucket":"-1","time":1555825373456,"group":{"id":"settings","version":"9"},"event":{"data":{"created":1555825373472,"name":"defaultAutoScrollToSource","value":false},"id":"UISettings"}}
{"session":"042e15da0710","build":"183.5912.21","bucket":"-1","time":1555825373456,"group":{"id":"settings","version":"9"},"event":{"data":{"created":1555825373473,"name":"disableMnemonics","value":true},"id":"UISettings"}}
{"session":"042e15da0710","build":"183.5912.21","bucket":"-1","time":1555825373456,"group":{"id":"settings","version":"9"},"event":{"data":{"created":1555825373473,"name":"disableMnemonicsInControls","value":false},"id":"UISettings"}}
{"session":"042e15da0710","build":"183.5912.21","bucket":"-1","time":1555825373456,"group":{"id":"settings","version":"9"},"event":{"data":{"created":1555825373474,"name":"dndWithPressedAltOnly","value":false},"id":"UISettings"}}
{"session":"042e15da0710","build":"183.5912.21","bucket":"-1","time":1555825373456,"group":{"id":"settings","version":"9"},"event":{"data":{"created":1555825373475,"name":"enableAlphaMode","value":false},"id":"UISettings"}}
{"session":"042e15da0710","build":"183.5912.21","bucket":"-1","time":1555825373456,"group":{"id":"settings","version":"9"},"event":{"data":{"created":1555825373475,"name":"hideKnownExtensionInTabs","value":false},"id":"UISettings"}}
{"session":"042e15da0710","build":"183.5912.21","bucket":"-1","time":1555825373456,"group":{"id":"settings","version":"9"},"event":{"data":{"created":1555825373476,"name":"hideNavigationOnFocusLoss","value":true},"id":"UISettings"}}
{"session":"042e15da0710","build":"183.5912.21","bucket":"-1","time":1555825373456,"group":{"id":"settings","version":"9"},"event":{"data":{"created":1555825373477,"name":"hideTabsIfNeed","value":true},"id":"UISettings"}}
{"session":"042e15da0710","build":"183.5912.21","bucket":"-1","time":1555825373456,"group":{"id":"settings","version":"9"},"event":{"data":{"created":1555825373477,"name":"hideToolStripes","value":false},"id":"UISettings"}}
{"session":"042e15da0710","build":"183.5912.21","bucket":"-1","time":1555825373456,"group":{"id":"settings","version":"9"},"event":{"data":{"created":1555825373477,"name":"leftHorizontalSplit","value":false},"id":"UISettings"}}
{"session":"042e15da0710","build":"183.5912.21","bucket":"-1","time":1555825373456,"group":{"id":"settings","version":"9"},"event":{"data":{"created":1555825373478,"name":"markModifiedTabsWithAsterisk","value":false},"id":"UISettings"}}
{"session":"042e15da0710","build":"183.5912.21","bucket":"-1","time":1555825373456,"group":{"id":"settings","version":"9"},"event":{"data":{"created":1555825373478,"name":"mergeEqualStackTraces","value":true},"id":"UISettings"}}
{"session":"042e15da0710","build":"183.5912.21","bucket":"-1","time":1555825373456,"group":{"id":"settings","version":"9"},"event":{"data":{"created":1555825373479,"name":"moveMouseOnDefaultButton","value":false},"id":"UISettings"}}
{"session":"042e15da0710","build":"183.5912.21","bucket":"-1","time":1555825373456,"group":{"id":"settings","version":"9"},"event":{"data":{"created":1555825373479,"name":"navigateToPreview","value":false},"id":"UISettings"}}
{"session":"042e15da0710","build":"183.5912.21","bucket":"-1","time":1555825373456,"group":{"id":"settings","version":"9"},"event":{"data":{"created":1555825373479,"name":"overrideConsoleCycleBufferSize","value":false},"id":"UISettings"}}
{"session":"042e15da0710","build":"183.5912.21","bucket":"-1","time":1555825373456,"group":{"id":"settings","version":"9"},"event":{"data":{"created":1555825373480,"name":"overrideLafFonts","value":false},"id":"UISettings"}}
{"session":"042e15da0710","build":"183.5912.21","bucket":"-1","time":1555825373456,"group":{"id":"settings","version":"9"},"event":{"data":{"created":1555825373480,"name":"pinFindInPath","value":false},"id":"UISettings"}}
{"session":"042e15da0710","build":"183.5912.21","bucket":"-1","time":1555825373456,"group":{"id":"settings","version":"9"},"event":{"data":{"created":1555825373481,"name":"presentationMode","value":false},"id":"UISettings"}}
{"session":"042e15da0710","build":"183.5912.21","bucket":"-1","time":1555825373456,"group":{"id":"settings","version":"9"},"event":{"data":{"created":1555825373481,"name":"reuseNotModifiedTabs","value":false},"id":"UISettings"}}
{"session":"042e15da0710","build":"183.5912.21","bucket":"-1","time":1555825373456,"group":{"id":"settings","version":"9"},"event":{"data":{"created":1555825373481,"name":"rightHorizontalSplit","value":false},"id":"UISettings"}}
{"session":"042e15da0710","build":"183.5912.21","bucket":"-1","time":1555825373456,"group":{"id":"settings","version":"9"},"event":{"data":{"created":1555825373482,"name":"scrollTabLayoutInEditor","value":true},"id":"UISettings"}}
{"session":"042e15da0710","build":"183.5912.21","bucket":"-1","time":1555825373456,"group":{"id":"settings","version":"9"},"event":{"data":{"created":1555825373482,"name":"showCloseButton","value":true},"id":"UISettings"}}
{"session":"042e15da0710","build":"183.5912.21","bucket":"-1","time":1555825373456,"group":{"id":"settings","version":"9"},"event":{"data":{"created":1555825373483,"name":"showDirectoryForNonUniqueFilenames","value":true},"id":"UISettings"}}
{"session":"042e15da0710","build":"183.5912.21","bucket":"-1","time":1555825373456,"group":{"id":"settings","version":"9"},"event":{"data":{"created":1555825373483,"name":"showEditorToolTip","value":true},"id":"UISettings"}}
{"session":"042e15da0710","build":"183.5912.21","bucket":"-1","time":1555825373456,"group":{"id":"settings","version":"9"},"event":{"data":{"created":1555825373483,"name":"showIconInQuickNavigation","value":true},"id":"UISettings"}}
{"session":"042e15da0710","build":"183.5912.21","bucket":"-1","time":1555825373456,"group":{"id":"settings","version":"9"},"event":{"data":{"created":1555825373483,"name":"showIconsInMenus","value":true},"id":"UISettings"}}
{"session":"042e15da0710","build":"183.5912.21","bucket":"-1","time":1555825373456,"group":{"id":"settings","version":"9"},"event":{"data":{"created":1555825373484,"name":"showMainToolbar","value":false},"id":"UISettings"}}
{"session":"042e15da0710","build":"183.5912.21","bucket":"-1","time":1555825373456,"group":{"id":"settings","version":"9"},"event":{"data":{"created":1555825373484,"name":"showMemoryIndicator","value":false},"id":"UISettings"}}
{"session":"042e15da0710","build":"183.5912.21","bucket":"-1","time":1555825373456,"group":{"id":"settings","version":"9"},"event":{"data":{"created":1555825373484,"name":"showNavigationBar","value":true},"id":"UISettings"}}
{"session":"042e15da0710","build":"183.5912.21","bucket":"-1","time":1555825373456,"group":{"id":"settings","version":"9"},"event":{"data":{"created":1555825373485,"name":"showStatusBar","value":true},"id":"UISettings"}}
{"session":"042e15da0710","build":"183.5912.21","bucket":"-1","time":1555825373456,"group":{"id":"settings","version":"9"},"event":{"data":{"created":1555825373485,"name":"showTabsTooltips","value":true},"id":"UISettings"}}
{"session":"042e15da0710","build":"183.5912.21","bucket":"-1","time":1555825373456,"group":{"id":"settings","version":"9"},"event":{"data":{"created":1555825373486,"name":"showToolWindowsNumbers","value":true},"id":"UISettings"}}
{"session":"042e15da0710","build":"183.5912.21","bucket":"-1","time":1555825373456,"group":{"id":"settings","version":"9"},"event":{"data":{"created":1555825373486,"name":"smoothScrolling","value":true},"id":"UISettings"}}
{"session":"042e15da0710","build":"183.5912.21","bucket":"-1","time":1555825373456,"group":{"id":"settings","version":"9"},"event":{"data":{"created":1555825373487,"name":"sortBookmarks","value":false},"id":"UISettings"}}
{"session":"042e15da0710","build":"183.5912.21","bucket":"-1","time":1555825373456,"group":{"id":"settings","version":"9"},"event":{"data":{"created":1555825373487,"name":"sortLookupElementsLexicographically","value":false},"id":"UISettings"}}
{"session":"042e15da0710","build":"183.5912.21","bucket":"-1","time":1555825373456,"group":{"id":"settings","version":"9"},"event":{"data":{"created":1555825373487,"name":"useSmallLabelsOnTabs","value":true},"id":"UISettings"}}
{"session":"042e15da0710","build":"183.5912.21","bucket":"-1","time":1555825373456,"group":{"id":"settings","version":"9"},"event":{"data":{"created":1555825373488,"name":"wideScreenSupport","value":false},"id":"UISettings"}}
{"session":"042e15da0710","build":"183.5912.21","bucket":"-1","time":1555825374116,"group":{"id":"settings","version":"9"},"event":{"data":{"created":1555825374116,"name":"autoSaveIfInactive","value":false},"id":"GeneralSettings"}}
{"session":"042e15da0710","build":"183.5912.21","bucket":"-1","time":1555825374116,"group":{"id":"settings","version":"9"},"event":{"data":{"created":1555825374116,"name":"confirmExit","value":true},"id":"GeneralSettings"}}
{"session":"042e15da0710","build":"183.5912.21","bucket":"-1","time":1555825374116,"group":{"id":"settings","version":"9"},"event":{"data":{"created":1555825374117,"name":"reopenLastProject","value":true},"id":"GeneralSettings"}}
{"session":"042e15da0710","build":"183.5912.21","bucket":"-1","time":1555825374116,"group":{"id":"settings","version":"9"},"event":{"data":{"created":1555825374117,"name":"saveOnFrameDeactivation","value":true},"id":"GeneralSettings"}}
{"session":"042e15da0710","build":"183.5912.21","bucket":"-1","time":1555825374116,"group":{"id":"settings","version":"9"},"event":{"data":{"created":1555825374117,"name":"searchInBackground","value":false},"id":"GeneralSettings"}}
{"session":"042e15da0710","build":"183.5912.21","bucket":"-1","time":1555825374116,"group":{"id":"settings","version":"9"},"event":{"data":{"default":false,"created":1555825374118,"name":"showTipsOnStartup","value":false},"id":"GeneralSettings"}}
{"session":"042e15da0710","build":"183.5912.21","bucket":"-1","time":1555825374116,"group":{"id":"settings","version":"9"},"event":{"data":{"created":1555825374118,"name":"showWelcomeScreen","value":true},"id":"GeneralSettings"}}
{"session":"042e15da0710","build":"183.5912.21","bucket":"-1","time":1555825374116,"group":{"id":"settings","version":"9"},"event":{"data":{"created":1555825374118,"name":"supportScreenReaders","value":false},"id":"GeneralSettings"}}
{"session":"042e15da0710","build":"183.5912.21","bucket":"-1","time":1555825374116,"group":{"id":"settings","version":"9"},"event":{"data":{"created":1555825374118,"name":"syncOnFrameActivation","value":true},"id":"GeneralSettings"}}
{"session":"042e15da0710","build":"183.5912.21","bucket":"-1","time":1555825374116,"group":{"id":"settings","version":"9"},"event":{"data":{"created":1555825374119,"name":"useDefaultBrowser","value":true},"id":"GeneralSettings"}}
{"session":"042e15da0710","build":"183.5912.21","bucket":"-1","time":1555825374116,"group":{"id":"settings","version":"9"},"event":{"data":{"created":1555825374119,"name":"useSafeWrite","value":true},"id":"GeneralSettings"}}
{"session":"042e15da0710","build":"183.5912.21","bucket":"-1","time":1555825390412,"group":{"id":"statistics.lifecycle.app","version":"9"},"event":{"count":1,"data":{"created":1555825390412},"id":"ide.start"}}
{"session":"042e15da0710","build":"183.5912.21","bucket":"-1","time":1555825390414,"group":{"id":"lifecycle","version":"9"},"event":{"count":1,"data":{"created":1555825390414},"id":"app.started"}}
{"session":"042e15da0710","build":"183.5912.21","bucket":"-1","time":1555825391060,"group":{"id":"statistics.lifecycle.app","version":"9"},"event":{"count":1,"data":{"created":1555825391060,"data_2":"10+","data_1":"timeSecondsGrouped"},"id":"ide.freeze"}}
{"session":"042e15da0710","build":"183.5912.21","bucket":"-1","time":1555825391060,"group":{"id":"lifecycle","version":"9"},"event":{"count":1,"data":{"durationSeconds":17,"created":1555825391060},"id":"ide.freeze"}}
{"session":"042e15da0710","build":"183.5912.21","bucket":"-1","time":1555825393077,"group":{"id":"ui.dialogs","version":"9"},"event":{"count":1,"data":{"created":1555825393077,"type":"show"},"id":"com.intellij.openapi.progress.util.ProgressDialog$MyDialogWrapper"}}
{"session":"042e15da0710","build":"183.5912.21","bucket":"-1","time":1555825393966,"group":{"id":"statistics.lifecycle.app","version":"9"},"event":{"count":1,"data":{"created":1555825393966,"data_2":"mappingFailed:false","data_1":"OOM:false","data_3":"pluginId:unknown"},"id":"ide.error"}}
{"session":"042e15da0710","build":"183.5912.21","bucket":"-1","time":1555825394113,"group":{"id":"ui.dialogs","version":"9"},"event":{"count":1,"data":{"code":1,"created":1555825394113,"type":"close"},"id":"com.intellij.openapi.progress.util.ProgressDialog$MyDialogWrapper"}}
{"session":"042e15da0710","build":"183.5912.21","bucket":"-1","time":1555825394145,"group":{"id":"statistics.lifecycle.project","version":"9"},"event":{"count":1,"data":{"created":1555825394145,"project":"-1379659210"},"id":"project.opened"}}
{"session":"042e15da0710","build":"183.5912.21","bucket":"-1","time":1555825394145,"group":{"id":"lifecycle","version":"9"},"event":{"count":1,"data":{"created":1555825394145},"id":"project.opened"}}
{"session":"042e15da0710","build":"183.5912.21","bucket":"-1","time":1555825395540,"group":{"id":"ui.dialogs","version":"9"},"event":{"count":1,"data":{"created":1555825395540,"type":"show"},"id":"com.intellij.openapi.progress.util.ProgressDialog$MyDialogWrapper"}}
{"session":"042e15da0710","build":"183.5912.21","bucket":"-1","time":1555825397794,"group":{"id":"toolwindow.v2","version":"9"},"event":{"count":1,"data":{"created":1555825397794,"data_1":"Mac"},"id":"Project_by_Activation"}}
{"session":"042e15da0710","build":"183.5912.21","bucket":"-1","time":1555825398870,"group":{"id":"ui.dialogs","version":"9"},"event":{"count":1,"data":{"code":1,"created":1555825398870,"type":"close"},"id":"com.intellij.openapi.progress.util.ProgressDialog$MyDialogWrapper"}}
{"session":"042e15da0710","build":"183.5912.21","bucket":"-1","time":1555825399905,"group":{"id":"statistics.lifecycle.project","version":"9"},"event":{"count":1,"data":{"created":1555825399905,"project":"-1379659210"},"id":"project.open.time.7"}}
{"session":"042e15da0710","build":"183.5912.21","bucket":"-1","time":1555825399905,"group":{"id":"lifecycle","version":"9"},"event":{"count":1,"data":{"created":1555825399905,"time.ms":7207},"id":"project.opening.finished"}}
{"session":"042e15da0710","build":"183.5912.21","bucket":"-1","time":1555825401186,"group":{"id":"actions.v2","version":"9"},"event":{"count":1,"data":{"context_menu":false,"created":1555825401186,"data_1":"Mac","input_event":"Meta+Alt+Enter"},"id":"QuickActionPopup"}}
{"session":"042e15da0710","build":"183.5912.21","bucket":"-1","time":1555825404568,"group":{"id":"actions.v2","version":"9"},"event":{"count":1,"data":{"context_menu":false,"created":1555825404568,"data_1":"Mac","input_event":"Meta+Alt+Enter"},"id":"EditorStartNewLineBefore"}}
{"session":"042e15da0710","build":"183.5912.21","bucket":"-1","time":1555825404583,"group":{"id":"statistics.file.types.edit","version":"9"},"event":{"count":1,"data":{"created":1555825404583,"project":"-1379659210"},"id":"Groovy"}}
{"session":"042e15da0710","build":"183.5912.21","bucket":"-1","time":1555825405232,"group":{"id":"actions.v2","version":"9"},"event":{"count":4,"data":{"context_menu":false,"last":1555825406450,"created":1555825405232,"data_1":"Mac","input_event":"Meta+Alt+Enter"},"id":"EditorStartNewLineBefore"}}
{"session":"042e15da0710","build":"183.5912.21","bucket":"-1","time":1555825448708,"group":{"id":"actions.v2","version":"9"},"event":{"count":2,"data":{"context_menu":false,"last":1555825452444,"created":1555825448708,"data_1":"Mac","input_event":"Meta+Alt+F12"},"id":"ShowFilePath"}}
{"session":"042e15da0710","build":"183.5912.21","bucket":"-1","time":1555825455634,"group":{"id":"actions.v2","version":"9"},"event":{"count":1,"data":{"context_menu":false,"created":1555825455634,"data_1":"Mac","input_event":"F12"},"id":"JumpToLastWindow"}}
{"session":"042e15da0710","build":"183.5912.21","bucket":"-1","time":1555825455634,"group":{"id":"toolwindow.v2","version":"9"},"event":{"count":1,"data":{"created":1555825455634,"data_1":"Mac"},"id":"Project_by_Activation"}}
{"session":"042e15da0710","build":"183.5912.21","bucket":"-1","time":1555825456105,"group":{"id":"actions.v2","version":"9"},"event":{"count":1,"data":{"context_menu":false,"created":1555825456105,"data_1":"Mac","input_event":"F12"},"id":"JumpToLastWindow"}}
{"session":"042e15da0710","build":"183.5912.21","bucket":"-1","time":1555825456105,"group":{"id":"toolwindow.v2","version":"9"},"event":{"count":1,"data":{"created":1555825456105,"data_1":"Mac"},"id":"Project_by_Activation"}}
{"session":"042e15da0710","build":"183.5912.21","bucket":"-1","time":1555825456913,"group":{"id":"actions.v2","version":"9"},"event":{"count":2,"data":{"context_menu":false,"last":1555825459183,"created":1555825456913,"data_1":"Mac","input_event":"Meta+Alt+F12"},"id":"ShowFilePath"}}
{"session":"042e15da0710","build":"183.5912.21","bucket":"-1","time":1555825496511,"group":{"id":"actions.v2","version":"9"},"event":{"count":2,"data":{"context_menu":false,"last":1555825497329,"created":1555825496511,"data_1":"Mac","input_event":"Meta+Shift+F12"},"id":"HideAllWindows"}}
{"session":"042e15da0710","build":"183.5912.21","bucket":"-1","time":1555825498623,"group":{"id":"actions.v2","version":"9"},"event":{"count":2,"data":{"context_menu":false,"last":1555825498992,"created":1555825498623,"data_1":"Mac","input_event":"Meta+Shift+F11"},"id":"FocusTracer"}}
{"session":"042e15da0710","build":"183.5912.21","bucket":"-1","time":1555825499081,"group":{"id":"ui.dialogs","version":"9"},"event":{"count":1,"data":{"created":1555825499081,"type":"show"},"id":"com.intellij.internal.focus.FocusTracesDialog"}}
{"session":"042e15da0710","build":"183.5912.21","bucket":"-1","time":1555825499835,"group":{"id":"actions.v2","version":"9"},"event":{"count":1,"data":{"context_menu":false,"created":1555825499835,"data_1":"Mac","input_event":"Meta+Shift+F12"},"id":"HideAllWindows"}}
{"session":"042e15da0710","build":"183.5912.21","bucket":"-1","time":1555825501432,"group":{"id":"ui.dialogs","version":"9"},"event":{"count":1,"data":{"code":1,"created":1555825501432,"type":"close"},"id":"com.intellij.internal.focus.FocusTracesDialog"}}
{"session":"042e15da0710","build":"183.5912.21","bucket":"-1","time":1555825511952,"group":{"id":"actions.v2","version":"9"},"event":{"count":3,"data":{"context_menu":false,"last":1555825513678,"created":1555825511952,"data_1":"Mac","input_event":"Meta+Shift+F12"},"id":"HideAllWindows"}}
{"session":"042e15da0710","build":"183.5912.21","bucket":"-1","time":1555826575743,"group":{"id":"statistics.ui.info.features","version":"9"},"event":{"data":{"created":1555826575743,"data_1":"Mac"},"id":"Nav.Bar.visible"}}
{"session":"042e15da0710","build":"183.5912.21","bucket":"-1","time":1555826575743,"group":{"id":"statistics.ui.info.features","version":"9"},"event":{"data":{"created":1555826575744,"data_1":"Mac"},"id":"Tool.Window.buttons.hidden"}}
{"session":"042e15da0710","build":"183.5912.21","bucket":"-1","time":1555826575743,"group":{"id":"statistics.ui.info.features","version":"9"},"event":{"data":{"created":1555826575744,"data_1":"Mac"},"id":"Status.bar.visible"}}
{"session":"042e15da0710","build":"183.5912.21","bucket":"-1","time":1555826575743,"group":{"id":"statistics.ui.info.features","version":"9"},"event":{"data":{"created":1555826575744,"data_1":"Mac"},"id":"Recent.Files[30_50]"}}
{"session":"042e15da0710","build":"183.5912.21","bucket":"-1","time":1555826575743,"group":{"id":"statistics.ui.info.features","version":"9"},"event":{"data":{"created":1555826575744,"data_1":"Mac"},"id":"Toolbar.and.NavBar"}}
{"session":"042e15da0710","build":"183.5912.21","bucket":"-1","time":1555826575743,"group":{"id":"statistics.ui.info.features","version":"9"},"event":{"data":{"created":1555826575745,"data_1":"Mac"},"id":"Allow.merging.buttons.enabled"}}
{"session":"042e15da0710","build":"183.5912.21","bucket":"-1","time":1555826575743,"group":{"id":"statistics.ui.info.features","version":"9"},"event":{"data":{"created":1555826575745,"data_1":"Mac"},"id":"Gutter.Icons"}}
{"session":"042e15da0710","build":"183.5912.21","bucket":"-1","time":1555826575743,"group":{"id":"statistics.ui.info.features","version":"9"},"event":{"data":{"created":1555826575745,"data_1":"Mac"},"id":"Retina"}}
{"session":"042e15da0710","build":"183.5912.21","bucket":"-1","time":1555826575743,"group":{"id":"statistics.ui.info.features","version":"9"},"event":{"data":{"created":1555826575745,"data_1":"Mac"},"id":"Line.Numbers"}}
{"session":"042e15da0710","build":"183.5912.21","bucket":"-1","time":1555826575743,"group":{"id":"statistics.ui.info.features","version":"9"},"event":{"data":{"created":1555826575745,"data_1":"Mac","event_data_1":"[30_50]"},"id":"recent.files"}}
{"session":"042e15da0710","build":"183.5912.21","bucket":"-1","time":1555826575743,"group":{"id":"statistics.ui.info.features","version":"9"},"event":{"data":{"created":1555826575745,"data_1":"Mac"},"id":"Toolbar.hidden"}}
{"session":"042e15da0710","build":"183.5912.21","bucket":"-1","time":1555826575743,"group":{"id":"statistics.ui.info.features","version":"9"},"event":{"data":{"created":1555826575745,"data_1":"Mac"},"id":"Tabs.Top"}}
{"session":"042e15da0710","build":"183.5912.21","bucket":"-1","time":1555826575755,"group":{"id":"internal.statistics.platform.registry.application","version":"9"},"event":{"data":{"created":1555826575755},"id":"inline.browse.button"}}
{"session":"042e15da0710","build":"183.5912.21","bucket":"-1","time":1555826575755,"group":{"id":"internal.statistics.platform.registry.application","version":"9"},"event":{"data":{"created":1555826575755},"id":"java.completion.argument.hints.internal"}}
{"session":"042e15da0710","build":"183.5912.21","bucket":"-1","time":1555826575755,"group":{"id":"statistics.ui.look.and.feel","version":"9"},"event":{"data":{"created":1555826575755,"data_1":"Mac"},"id":"Mac_OS_X.Light"}}
{"session":"042e15da0710","build":"183.5912.21","bucket":"-1","time":1555826575756,"group":{"id":"statistics.ui.fonts","version":"9"},"event":{"data":{"created":1555826575756,"data_1":"Mac"},"id":"UI.font.name[null]"}}
{"session":"042e15da0710","build":"183.5912.21","bucket":"-1","time":1555826575756,"group":{"id":"statistics.ui.fonts","version":"9"},"event":{"data":{"created":1555826575756,"data_1":"Mac"},"id":"IDE.editor.font.size[12]"}}
{"session":"042e15da0710","build":"183.5912.21","bucket":"-1","time":1555826575756,"group":{"id":"statistics.ui.fonts","version":"9"},"event":{"data":{"created":1555826575756,"data_1":"Mac"},"id":"UI.font.size[12]"}}
{"session":"042e15da0710","build":"183.5912.21","bucket":"-1","time":1555826575756,"group":{"id":"statistics.ui.fonts","version":"9"},"event":{"data":{"created":1555826575757,"data_1":"Mac"},"id":"Presentation.mode.font.size[24]"}}
{"session":"042e15da0710","build":"183.5912.21","bucket":"-1","time":1555826575756,"group":{"id":"statistics.ui.fonts","version":"9"},"event":{"data":{"created":1555826575757,"data_1":"Mac"},"id":"IDE.editor.font.name[Menlo]"}}
{"session":"042e15da0710","build":"183.5912.21","bucket":"-1","time":1555826575756,"group":{"id":"statistics.vcs.github","version":"9"},"event":{"data":{"created":1555826575757},"id":"github.accounts.count.0"}}
{"session":"042e15da0710","build":"183.5912.21","bucket":"-1","time":1555826575757,"group":{"id":"statistics.vcs.github","version":"9"},"event":{"data":{"created":1555826575757},"id":"github.accounts.not.default.host.disabled"}}
{"session":"042e15da0710","build":"183.5912.21","bucket":"-1","time":1555826575765,"group":{"id":"statistics.ui.accessibility.screen.reader","version":"9"},"event":{"data":{"created":1555826575765},"id":"Mac.screen.reader.DISABLED"}}
{"session":"042e15da0710","build":"183.5912.21","bucket":"-1","time":1555826575765,"group":{"id":"internal.statistics.os.name","version":"9"},"event":{"data":{"created":1555826575766},"id":"Mac.OS.X"}}
{"session":"042e15da0710","build":"183.5912.21","bucket":"-1","time":1555826575766,"group":{"id":"statistics.user.advanced.info","version":"9"},"event":{"data":{"created":1555826575766},"id":"release"}}
{"session":"042e15da0710","build":"183.5912.21","bucket":"-1","time":1555826575775,"group":{"id":"statistics.editor.settings.ide","version":"9"},"event":{"data":{"created":1555826575775},"id":"completionHints"}}
{"session":"042e15da0710","build":"183.5912.21","bucket":"-1","time":1555826575779,"group":{"id":"statistics.ui.screen.scale","version":"9"},"event":{"data":{"created":1555826575779,"data_1":"Mac"},"id":"Mac_ScaledMode_2.0"}}
{"session":"042e15da0710","build":"183.5912.21","bucket":"-1","time":1555826575779,"group":{"id":"statistics.jdk.user","version":"9"},"event":{"data":{"created":1555826575779},"id":"JetBrains_s.r.o.1.8"}}
{"session":"042e15da0710","build":"183.5912.21","bucket":"-1","time":1555826575779,"group":{"id":"internal.statistics.ui.editor.color.schemes","version":"9"},"event":{"data":{"created":1555826575779,"data_1":"Mac"},"id":"Default"}}
{"session":"042e15da0710","build":"183.5912.21","bucket":"-1","time":1555826575789,"group":{"id":"statistics.vcs.diff","version":"9"},"event":{"data":{"created":1555826575789},"id":"collapse.unchanged.Default.disabled"}}
{"session":"042e15da0710","build":"183.5912.21","bucket":"-1","time":1555826575789,"group":{"id":"statistics.vcs.diff","version":"9"},"event":{"data":{"created":1555826575790},"id":"show.line.numbers.Merge.enabled"}}
{"session":"042e15da0710","build":"183.5912.21","bucket":"-1","time":1555826575789,"group":{"id":"statistics.vcs.diff","version":"9"},"event":{"data":{"created":1555826575790},"id":"show.line.numbers.ChangesView.enabled"}}
{"session":"042e15da0710","build":"183.5912.21","bucket":"-1","time":1555826575789,"group":{"id":"statistics.vcs.diff","version":"9"},"event":{"data":{"created":1555826575790},"id":"use.unified.diff.Merge.disabled"}}
{"session":"042e15da0710","build":"183.5912.21","bucket":"-1","time":1555826575789,"group":{"id":"statistics.vcs.diff","version":"9"},"event":{"data":{"created":1555826575790},"id":"show.warnings.policy.Merge.inspections"}}
{"session":"042e15da0710","build":"183.5912.21","bucket":"-1","time":1555826575789,"group":{"id":"statistics.vcs.diff","version":"9"},"event":{"data":{"created":1555826575790},"id":"show.line.numbers.TestsFiledAssertions.enabled"}}
{"session":"042e15da0710","build":"183.5912.21","bucket":"-1","time":1555826575789,"group":{"id":"statistics.vcs.diff","version":"9"},"event":{"data":{"created":1555826575790},"id":"ignore.policy.TestsFiledAssertions.default"}}
{"session":"042e15da0710","build":"183.5912.21","bucket":"-1","time":1555826575789,"group":{"id":"statistics.vcs.diff","version":"9"},"event":{"data":{"created":1555826575790},"id":"ignore.policy.Default.default"}}
{"session":"042e15da0710","build":"183.5912.21","bucket":"-1","time":1555826575789,"group":{"id":"statistics.vcs.diff","version":"9"},"event":{"data":{"created":1555826575790},"id":"collapse.unchanged.ChangesView.enabled"}}
{"session":"042e15da0710","build":"183.5912.21","bucket":"-1","time":1555826575789,"group":{"id":"statistics.vcs.diff","version":"9"},"event":{"data":{"created":1555826575791},"id":"iterate.next.file.enabled"}}
{"session":"042e15da0710","build":"183.5912.21","bucket":"-1","time":1555826575789,"group":{"id":"statistics.vcs.diff","version":"9"},"event":{"data":{"created":1555826575791},"id":"external.diff.default.disabled"}}
{"session":"042e15da0710","build":"183.5912.21","bucket":"-1","time":1555826575789,"group":{"id":"statistics.vcs.diff","version":"9"},"event":{"data":{"created":1555826575791},"id":"use.unified.diff.VcsLogView.enabled"}}
{"session":"042e15da0710","build":"183.5912.21","bucket":"-1","time":1555826575789,"group":{"id":"statistics.vcs.diff","version":"9"},"event":{"data":{"created":1555826575791},"id":"highlight.policy.CommitDialog.by_word"}}
{"session":"042e15da0710","build":"183.5912.21","bucket":"-1","time":1555826575789,"group":{"id":"statistics.vcs.diff","version":"9"},"event":{"data":{"created":1555826575791},"id":"ignore.policy.VcsLogView.default"}}
{"session":"042e15da0710","build":"183.5912.21","bucket":"-1","time":1555826575789,"group":{"id":"statistics.vcs.diff","version":"9"},"event":{"data":{"created":1555826575791},"id":"highlight.policy.TestsFiledAssertions.by_word"}}
{"session":"042e15da0710","build":"183.5912.21","bucket":"-1","time":1555826575789,"group":{"id":"statistics.vcs.diff","version":"9"},"event":{"data":{"created":1555826575791},"id":"use.soft.wraps.TestsFiledAssertions.disabled"}}
{"session":"042e15da0710","build":"183.5912.21","bucket":"-1","time":1555826575789,"group":{"id":"statistics.vcs.diff","version":"9"},"event":{"data":{"created":1555826575791},"id":"use.soft.wraps.VcsLogView.disabled"}}
{"session":"042e15da0710","build":"183.5912.21","bucket":"-1","time":1555826575789,"group":{"id":"statistics.vcs.diff","version":"9"},"event":{"data":{"created":1555826575792},"id":"use.soft.wraps.Default.disabled"}}
{"session":"042e15da0710","build":"183.5912.21","bucket":"-1","time":1555826575789,"group":{"id":"statistics.vcs.diff","version":"9"},"event":{"data":{"created":1555826575792},"id":"highlight.policy.Merge.by_word"}}
{"session":"042e15da0710","build":"183.5912.21","bucket":"-1","time":1555826575789,"group":{"id":"statistics.vcs.diff","version":"9"},"event":{"data":{"created":1555826575792},"id":"show.warnings.policy.VcsLogView.inspections"}}
{"session":"042e15da0710","build":"183.5912.21","bucket":"-1","time":1555826575789,"group":{"id":"statistics.vcs.diff","version":"9"},"event":{"data":{"created":1555826575792},"id":"use.soft.wraps.CommitDialog.disabled"}}
{"session":"042e15da0710","build":"183.5912.21","bucket":"-1","time":1555826575789,"group":{"id":"statistics.vcs.diff","version":"9"},"event":{"data":{"created":1555826575792},"id":"use.soft.wraps.ChangesView.disabled"}}
{"session":"042e15da0710","build":"183.5912.21","bucket":"-1","time":1555826575790,"group":{"id":"statistics.vcs.diff","version":"9"},"event":{"data":{"created":1555826575792},"id":"highlight.policy.Default.by_word"}}
{"session":"042e15da0710","build":"183.5912.21","bucket":"-1","time":1555826575790,"group":{"id":"statistics.vcs.diff","version":"9"},"event":{"data":{"created":1555826575792},"id":"ignore.policy.CommitDialog.default"}}
{"session":"042e15da0710","build":"183.5912.21","bucket":"-1","time":1555826575790,"group":{"id":"statistics.vcs.diff","version":"9"},"event":{"data":{"created":1555826575792},"id":"use.soft.wraps.Merge.disabled"}}
{"session":"042e15da0710","build":"183.5912.21","bucket":"-1","time":1555826575790,"group":{"id":"statistics.vcs.diff","version":"9"},"event":{"data":{"created":1555826575792},"id":"show.warnings.policy.Default.inspections"}}
{"session":"042e15da0710","build":"183.5912.21","bucket":"-1","time":1555826575790,"group":{"id":"statistics.vcs.diff","version":"9"},"event":{"data":{"created":1555826575792},"id":"show.line.numbers.Default.enabled"}}
{"session":"042e15da0710","build":"183.5912.21","bucket":"-1","time":1555826575790,"group":{"id":"statistics.vcs.diff","version":"9"},"event":{"data":{"created":1555826575792},"id":"show.warnings.policy.TestsFiledAssertions.inspections"}}
{"session":"042e15da0710","build":"183.5912.21","bucket":"-1","time":1555826575790,"group":{"id":"statistics.vcs.diff","version":"9"},"event":{"data":{"created":1555826575792},"id":"show.warnings.policy.ChangesView.inspections"}}
{"session":"042e15da0710","build":"183.5912.21","bucket":"-1","time":1555826575790,"group":{"id":"statistics.vcs.diff","version":"9"},"event":{"data":{"created":1555826575792},"id":"use.unified.diff.Default.disabled"}}
{"session":"042e15da0710","build":"183.5912.21","bucket":"-1","time":1555826575790,"group":{"id":"statistics.vcs.diff","version":"9"},"event":{"data":{"created":1555826575793},"id":"highlight.policy.VcsLogView.by_word"}}
{"session":"042e15da0710","build":"183.5912.21","bucket":"-1","time":1555826575790,"group":{"id":"statistics.vcs.diff","version":"9"},"event":{"data":{"created":1555826575793},"id":"highlight.policy.ChangesView.by_word"}}
{"session":"042e15da0710","build":"183.5912.21","bucket":"-1","time":1555826575790,"group":{"id":"statistics.vcs.diff","version":"9"},"event":{"data":{"created":1555826575793},"id":"show.line.numbers.CommitDialog.enabled"}}
{"session":"042e15da0710","build":"183.5912.21","bucket":"-1","time":1555826575790,"group":{"id":"statistics.vcs.diff","version":"9"},"event":{"data":{"created":1555826575793},"id":"external.diff.disabled"}}
{"session":"042e15da0710","build":"183.5912.21","bucket":"-1","time":1555826575790,"group":{"id":"statistics.vcs.diff","version":"9"},"event":{"data":{"created":1555826575793},"id":"collapse.unchanged.VcsLogView.enabled"}}
{"session":"042e15da0710","build":"183.5912.21","bucket":"-1","time":1555826575790,"group":{"id":"statistics.vcs.diff","version":"9"},"event":{"data":{"created":1555826575793},"id":"collapse.unchanged.TestsFiledAssertions.disabled"}}
{"session":"042e15da0710","build":"183.5912.21","bucket":"-1","time":1555826575790,"group":{"id":"statistics.vcs.diff","version":"9"},"event":{"data":{"created":1555826575793},"id":"use.unified.diff.TestsFiledAssertions.disabled"}}
{"session":"042e15da0710","build":"183.5912.21","bucket":"-1","time":1555826575790,"group":{"id":"statistics.vcs.diff","version":"9"},"event":{"data":{"created":1555826575793},"id":"ignore.policy.ChangesView.default"}}
{"session":"042e15da0710","build":"183.5912.21","bucket":"-1","time":1555826575790,"group":{"id":"statistics.vcs.diff","version":"9"},"event":{"data":{"created":1555826575793},"id":"enable.read.lock.CommitDialog.enabled"}}
{"session":"042e15da0710","build":"183.5912.21","bucket":"-1","time":1555826575790,"group":{"id":"statistics.vcs.diff","version":"9"},"event":{"data":{"created":1555826575793},"id":"ignore.policy.Merge.default"}}
{"session":"042e15da0710","build":"183.5912.21","bucket":"-1","time":1555826575790,"group":{"id":"statistics.vcs.diff","version":"9"},"event":{"data":{"created":1555826575793},"id":"show.warnings.policy.CommitDialog.inspections"}}
{"session":"042e15da0710","build":"183.5912.21","bucket":"-1","time":1555826575790,"group":{"id":"statistics.vcs.diff","version":"9"},"event":{"data":{"created":1555826575793},"id":"external.merge.disabled"}}
{"session":"042e15da0710","build":"183.5912.21","bucket":"-1","time":1555826575790,"group":{"id":"statistics.vcs.diff","version":"9"},"event":{"data":{"created":1555826575794},"id":"collapse.unchanged.CommitDialog.enabled"}}
{"session":"042e15da0710","build":"183.5912.21","bucket":"-1","time":1555826575790,"group":{"id":"statistics.vcs.diff","version":"9"},"event":{"data":{"created":1555826575794},"id":"use.unified.diff.CommitDialog.disabled"}}
{"session":"042e15da0710","build":"183.5912.21","bucket":"-1","time":1555826575790,"group":{"id":"statistics.vcs.diff","version":"9"},"event":{"data":{"created":1555826575794},"id":"collapse.unchanged.Merge.disabled"}}
{"session":"042e15da0710","build":"183.5912.21","bucket":"-1","time":1555826575790,"group":{"id":"statistics.vcs.diff","version":"9"},"event":{"data":{"created":1555826575794},"id":"use.unified.diff.ChangesView.disabled"}}
{"session":"042e15da0710","build":"183.5912.21","bucket":"-1","time":1555826575790,"group":{"id":"statistics.vcs.diff","version":"9"},"event":{"data":{"created":1555826575794},"id":"show.line.numbers.VcsLogView.enabled"}}
{"session":"042e15da0710","build":"183.5912.21","bucket":"-1","time":1555826575790,"group":{"id":"statistics.keymaps.name","version":"9"},"event":{"data":{"created":1555826575795,"data_1":"Mac"},"id":"Mac_OS_X"}}
{"session":"042e15da0710","build":"183.5912.21","bucket":"-1","time":1555826575791,"group":{"id":"internal.statistics.os.version","version":"9"},"event":{"data":{"created":1555826575795},"id":"Mac_OS_X.10.13.6"}}
{"session":"042e15da0710","build":"183.5912.21","bucket":"-1","time":1555826575791,"group":{"id":"statistics.ui.hidpi.mode","version":"9"},"event":{"data":{"created":1555826575795,"data_1":"Mac"},"id":"Mac.per_monitor_dpi"}}
{"session":"042e15da0710","build":"183.5912.21","bucket":"-1","time":1555826575797,"group":{"id":"internal.statistics.vcs.log.index.project","version":"9"},"event":{"data":{"created":1555826575797,"project":"-1379659210","data_1":"Mac"},"id":"resume.indexing.click.0"}}
{"session":"042e15da0710","build":"183.5912.21","bucket":"-1","time":1555826575797,"group":{"id":"internal.statistics.vcs.log.index.project","version":"9"},"event":{"data":{"created":1555826575797,"project":"-1379659210","data_1":"Mac"},"id":"indexing.time.minutes.0"}}
{"session":"042e15da0710","build":"183.5912.21","bucket":"-1","time":1555826575797,"group":{"id":"internal.statistics.vcs.log.index.project","version":"9"},"event":{"data":{"created":1555826575797,"project":"-1379659210","data_1":"Mac"},"id":"indexing.too.long.notification.0"}}
{"session":"042e15da0710","build":"183.5912.21","bucket":"-1","time":1555826575800,"group":{"id":"statistics.run.configuration.type.temp","version":"9"},"event":{"data":{"created":1555826575800,"event_data_4":"false","project":"-1379659210","value":5,"event_data_1":"false","event_data_2":"false","event_data_3":"true"},"id":"JUnit"}}
{"session":"042e15da0710","build":"183.5912.21","bucket":"-1","time":1555826575801,"group":{"id":"statistics.vcs.names","version":"9"},"event":{"data":{"created":1555826575801,"project":"-1379659210"},"id":"Git"}}
{"session":"042e15da0710","build":"183.5912.21","bucket":"-1","time":1555826575802,"group":{"id":"statistics.project.structure","version":"9"},"event":{"data":{"created":1555826575802,"project":"-1379659210"},"id":"excluded.roots.count.1"}}
{"session":"042e15da0710","build":"183.5912.21","bucket":"-1","time":1555826575802,"group":{"id":"statistics.project.structure","version":"9"},"event":{"data":{"created":1555826575803,"project":"-1379659210"},"id":"source.roots.count.2"}}
{"session":"042e15da0710","build":"183.5912.21","bucket":"-1","time":1555826575802,"group":{"id":"statistics.project.structure","version":"9"},"event":{"data":{"created":1555826575803,"project":"-1379659210"},"id":"excluded.roots.count.1"}}
{"session":"042e15da0710","build":"183.5912.21","bucket":"-1","time":1555826575802,"group":{"id":"statistics.project.structure","version":"9"},"event":{"data":{"created":1555826575803,"project":"-1379659210"},"id":"package.prefix.not.used"}}
{"session":"042e15da0710","build":"183.5912.21","bucket":"-1","time":1555826575802,"group":{"id":"statistics.project.structure","version":"9"},"event":{"data":{"created":1555826575803,"project":"-1379659210"},"id":"content.roots.count.1"}}
{"session":"042e15da0710","build":"183.5912.21","bucket":"-1","time":1555826575802,"group":{"id":"statistics.project.structure","version":"9"},"event":{"data":{"created":1555826575803,"project":"-1379659210"},"id":"source.roots.count.0"}}
{"session":"042e15da0710","build":"183.5912.21","bucket":"-1","time":1555826575802,"group":{"id":"statistics.project.structure","version":"9"},"event":{"data":{"created":1555826575803,"project":"-1379659210"},"id":"excluded.roots.count.2"}}
{"session":"042e15da0710","build":"183.5912.21","bucket":"-1","time":1555826575802,"group":{"id":"statistics.project.structure","version":"9"},"event":{"data":{"created":1555826575803,"project":"-1379659210"},"id":"content.roots.count.1"}}
{"session":"042e15da0710","build":"183.5912.21","bucket":"-1","time":1555826575802,"group":{"id":"statistics.project.structure","version":"9"},"event":{"data":{"created":1555826575803,"project":"-1379659210"},"id":"content.roots.count.1"}}
{"session":"042e15da0710","build":"183.5912.21","bucket":"-1","time":1555826575802,"group":{"id":"statistics.project.structure","version":"9"},"event":{"data":{"created":1555826575804,"project":"-1379659210"},"id":"source.root.java-resource.1"}}
{"session":"042e15da0710","build":"183.5912.21","bucket":"-1","time":1555826575802,"group":{"id":"statistics.project.structure","version":"9"},"event":{"data":{"created":1555826575804,"project":"-1379659210"},"id":"modules.count.3+"}}
{"session":"042e15da0710","build":"183.5912.21","bucket":"-1","time":1555826575802,"group":{"id":"statistics.project.structure","version":"9"},"event":{"data":{"created":1555826575804,"project":"-1379659210"},"id":"content.roots.count.1"}}
{"session":"042e15da0710","build":"183.5912.21","bucket":"-1","time":1555826575802,"group":{"id":"statistics.project.structure","version":"9"},"event":{"data":{"created":1555826575804,"project":"-1379659210"},"id":"source.roots.count.0"}}
{"session":"042e15da0710","build":"183.5912.21","bucket":"-1","time":1555826575802,"group":{"id":"statistics.project.structure","version":"9"},"event":{"data":{"created":1555826575804,"project":"-1379659210"},"id":"excluded.roots.count.1"}}
{"session":"042e15da0710","build":"183.5912.21","bucket":"-1","time":1555826575802,"group":{"id":"statistics.project.structure","version":"9"},"event":{"data":{"created":1555826575804,"project":"-1379659210"},"id":"source.roots.count.0"}}
{"session":"042e15da0710","build":"183.5912.21","bucket":"-1","time":1555826575802,"group":{"id":"statistics.project.structure","version":"9"},"event":{"data":{"created":1555826575804,"project":"-1379659210"},"id":"source.root.java-source.1"}}
{"session":"042e15da0710","build":"183.5912.21","bucket":"-1","time":1555826575803,"group":{"id":"statistics.vcs.metrics","version":"9"},"event":{"data":{"created":1555826575805,"project":"-1379659210"},"id":"vcs.roots.count.1"}}
{"session":"042e15da0710","build":"183.5912.21","bucket":"-1","time":1555826575803,"group":{"id":"statistics.vcs.metrics","version":"9"},"event":{"data":{"created":1555826575805,"project":"-1379659210"},"id":"unversioned.files.count.0"}}
{"session":"042e15da0710","build":"183.5912.21","bucket":"-1","time":1555826575803,"group":{"id":"statistics.vcs.metrics","version":"9"},"event":{"data":{"created":1555826575805,"project":"-1379659210"},"id":"has.default.vcs.root.mapping.disabled"}}
{"session":"042e15da0710","build":"183.5912.21","bucket":"-1","time":1555826575803,"group":{"id":"statistics.vcs.metrics","version":"9"},"event":{"data":{"created":1555826575805,"project":"-1379659210"},"id":"ignored.files.count.1"}}
{"session":"042e15da0710","build":"183.5912.21","bucket":"-1","time":1555826575803,"group":{"id":"statistics.vcs.metrics","version":"9"},"event":{"data":{"created":1555826575805,"project":"-1379659210"},"id":"active.changelists.count.1"}}
{"session":"042e15da0710","build":"183.5912.21","bucket":"-1","time":1555826575807,"group":{"id":"statistics.vcs.git.settings","version":"9"},"event":{"data":{"created":1555826575807,"project":"-1379659210"},"id":"config.push.update.all.roots.enabled"}}
{"session":"042e15da0710","build":"183.5912.21","bucket":"-1","time":1555826575807,"group":{"id":"statistics.vcs.git.settings","version":"9"},"event":{"data":{"created":1555826575807,"project":"-1379659210"},"id":"config.repo.sync.NOT_DECIDED"}}
{"session":"042e15da0710","build":"183.5912.21","bucket":"-1","time":1555826575807,"group":{"id":"statistics.vcs.git.settings","version":"9"},"event":{"data":{"created":1555826575807,"project":"-1379659210"},"id":"config.update.type.BRANCH_DEFAULT"}}
{"session":"042e15da0710","build":"183.5912.21","bucket":"-1","time":1555826575807,"group":{"id":"statistics.vcs.git.settings","version":"9"},"event":{"data":{"created":1555826575808,"project":"-1379659210"},"id":"config.warn.about.detached.enabled"}}
{"session":"042e15da0710","build":"183.5912.21","bucket":"-1","time":1555826575807,"group":{"id":"statistics.vcs.git.settings","version":"9"},"event":{"data":{"created":1555826575808,"project":"-1379659210"},"id":"data.remotes.in.project.1"}}
{"session":"042e15da0710","build":"183.5912.21","bucket":"-1","time":1555826575807,"group":{"id":"statistics.vcs.git.settings","version":"9"},"event":{"data":{"created":1555826575808,"project":"-1379659210"},"id":"version.2.17.2-UNIX"}}
{"session":"042e15da0710","build":"183.5912.21","bucket":"-1","time":1555826575807,"group":{"id":"statistics.vcs.git.settings","version":"9"},"event":{"data":{"created":1555826575808,"project":"-1379659210"},"id":"data.local.branches.count.1"}}
{"session":"042e15da0710","build":"183.5912.21","bucket":"-1","time":1555826575807,"group":{"id":"statistics.vcs.git.settings","version":"9"},"event":{"data":{"created":1555826575808,"project":"-1379659210"},"id":"data.remote.branches.count.1"}}
{"session":"042e15da0710","build":"183.5912.21","bucket":"-1","time":1555826575807,"group":{"id":"statistics.vcs.git.settings","version":"9"},"event":{"data":{"created":1555826575808,"project":"-1379659210"},"id":"config.save.policy.STASH"}}
{"session":"042e15da0710","build":"183.5912.21","bucket":"-1","time":1555826575807,"group":{"id":"statistics.vcs.git.settings","version":"9"},"event":{"data":{"created":1555826575808,"project":"-1379659210"},"id":"data.remote.servers.github.com.1"}}
{"session":"042e15da0710","build":"183.5912.21","bucket":"-1","time":1555826575807,"group":{"id":"statistics.vcs.git.settings","version":"9"},"event":{"data":{"created":1555826575808,"project":"-1379659210"},"id":"config.ssh.disabled"}}
{"session":"042e15da0710","build":"183.5912.21","bucket":"-1","time":1555826575807,"group":{"id":"statistics.vcs.git.settings","version":"9"},"event":{"data":{"created":1555826575808,"project":"-1379659210"},"id":"config.warn.about.crlf.enabled"}}
{"session":"042e15da0710","build":"183.5912.21","bucket":"-1","time":1555826575807,"group":{"id":"statistics.vcs.git.settings","version":"9"},"event":{"data":{"created":1555826575809,"project":"-1379659210"},"id":"config.push.autoupdate.disabled"}}
{"session":"042e15da0710","build":"183.5912.21","bucket":"-1","time":1555826575807,"group":{"id":"statistics.vcs.git.settings","version":"9"},"event":{"data":{"created":1555826575809,"project":"-1379659210"},"id":"config.cherry-pick.autocommit.disabled"}}
{"session":"042e15da0710","build":"183.5912.21","bucket":"-1","time":1555826575877,"group":{"id":"statistics.file.types","version":"9"},"event":{"data":{"created":1555826575877,"project":"-1379659210"},"id":"ARCHIVE"}}
{"session":"042e15da0710","build":"183.5912.21","bucket":"-1","time":1555826575877,"group":{"id":"statistics.file.types","version":"9"},"event":{"data":{"created":1555826575877,"project":"-1379659210"},"id":"Groovy"}}
{"session":"042e15da0710","build":"183.5912.21","bucket":"-1","time":1555826575877,"group":{"id":"statistics.file.types","version":"9"},"event":{"data":{"created":1555826575877,"project":"-1379659210"},"id":"Properties"}}
{"session":"042e15da0710","build":"183.5912.21","bucket":"-1","time":1555826575877,"group":{"id":"statistics.file.types","version":"9"},"event":{"data":{"created":1555826575877,"project":"-1379659210"},"id":"PLAIN_TEXT"}}
{"session":"042e15da0710","build":"183.5912.21","bucket":"-1","time":1555826575877,"group":{"id":"statistics.file.types","version":"9"},"event":{"data":{"created":1555826575877,"project":"-1379659210"},"id":"JAVA"}}
{"session":"042e15da0710","build":"183.5912.21","bucket":"-1","time":1555826575880,"group":{"id":"statistics.vcs.log.data","version":"9"},"event":{"data":{"created":1555826575880,"project":"-1379659210"},"id":"branches.count.1+"}}
{"session":"042e15da0710","build":"183.5912.21","bucket":"-1","time":1555826575880,"group":{"id":"statistics.vcs.log.data","version":"9"},"event":{"data":{"created":1555826575880,"project":"-1379659210"},"id":"git.root.count.1"}}
{"session":"042e15da0710","build":"183.5912.21","bucket":"-1","time":1555826575880,"group":{"id":"statistics.vcs.log.data","version":"9"},"event":{"data":{"created":1555826575880,"project":"-1379659210"},"id":"users.count.1+"}}
{"session":"042e15da0710","build":"183.5912.21","bucket":"-1","time":1555826575880,"group":{"id":"statistics.vcs.log.data","version":"9"},"event":{"data":{"created":1555826575880,"project":"-1379659210"},"id":"commit.count.1+"}}
{"session":"042e15da0710","build":"183.5912.21","bucket":"-1","time":1555826575898,"group":{"id":"internal.statistics.javaLibraries","version":"9"},"event":{"data":{"created":1555826575898,"project":"-1379659210"},"id":"spring-core_5.1.5.RELEASE"}}
{"session":"042e15da0710","build":"183.5912.21","bucket":"-1","time":1555826575898,"group":{"id":"internal.statistics.javaLibraries","version":"9"},"event":{"data":{"created":1555826575899,"project":"-1379659210"},"id":"spring-boot_2.1.3.RELEASE"}}
{"session":"042e15da0710","build":"183.5912.21","bucket":"-1","time":1555826575898,"group":{"id":"internal.statistics.javaLibraries","version":"9"},"event":{"data":{"created":1555826575899,"project":"-1379659210"},"id":"spring-mvc_5.1.5.RELEASE"}}
{"session":"042e15da0710","build":"183.5912.21","bucket":"-1","time":1555826575898,"group":{"id":"internal.statistics.javaLibraries","version":"9"},"event":{"data":{"created":1555826575899,"project":"-1379659210"},"id":"groovy_2.5.6"}}
{"session":"042e15da0710","build":"183.5912.21","bucket":"-1","time":1555826575910,"group":{"id":"statistics.build.gradle.state","version":"9"},"event":{"data":{"created":1555826575910,"project":"-1379659210"},"id":"showSelectiveImportDialogOnInitialImport.disabled"}}
{"session":"042e15da0710","build":"183.5912.21","bucket":"-1","time":1555826575910,"group":{"id":"statistics.build.gradle.state","version":"9"},"event":{"data":{"created":1555826575910,"project":"-1379659210"},"id":"delegateBuildRun.disabled"}}
{"session":"042e15da0710","build":"183.5912.21","bucket":"-1","time":1555826575910,"group":{"id":"statistics.build.gradle.state","version":"9"},"event":{"data":{"created":1555826575910,"project":"-1379659210"},"id":"preferredTestRunner.platform_test_runner"}}
{"session":"042e15da0710","build":"183.5912.21","bucket":"-1","time":1555826575910,"group":{"id":"statistics.build.gradle.state","version":"9"},"event":{"data":{"created":1555826575911,"project":"-1379659210"},"id":"distributionType.default_wrapped"}}
{"session":"042e15da0710","build":"183.5912.21","bucket":"-1","time":1555826575910,"group":{"id":"statistics.build.gradle.state","version":"9"},"event":{"data":{"created":1555826575911,"project":"-1379659210"},"id":"storeProjectFilesExternally.yes"}}
{"session":"042e15da0710","build":"183.5912.21","bucket":"-1","time":1555826575910,"group":{"id":"statistics.build.gradle.state","version":"9"},"event":{"data":{"created":1555826575911,"project":"-1379659210"},"id":"createModulePerSourceSet.enabled"}}
{"session":"042e15da0710","build":"183.5912.21","bucket":"-1","time":1555826575910,"group":{"id":"statistics.build.gradle.state","version":"9"},"event":{"data":{"created":1555826575911,"project":"-1379659210"},"id":"offlineWork.disabled"}}
{"session":"042e15da0710","build":"183.5912.21","bucket":"-1","time":1555826575910,"group":{"id":"statistics.build.gradle.state","version":"9"},"event":{"data":{"created":1555826575911,"project":"-1379659210"},"id":"isCompositeBuilds.no"}}
{"session":"042e15da0710","build":"183.5912.21","bucket":"-1","time":1555826575910,"group":{"id":"statistics.build.gradle.state","version":"9"},"event":{"data":{"created":1555826575911,"project":"-1379659210"},"id":"gradleJvm.11"}}
{"session":"042e15da0710","build":"183.5912.21","bucket":"-1","time":1555826575910,"group":{"id":"statistics.build.gradle.state","version":"9"},"event":{"data":{"created":1555826575911,"project":"-1379659210"},"id":"gradleVersion.5.2.1"}}
{"session":"042e15da0710","build":"183.5912.21","bucket":"-1","time":1555826575910,"group":{"id":"statistics.build.gradle.state","version":"9"},"event":{"data":{"created":1555826575911,"project":"-1379659210"},"id":"disableWrapperSourceDistributionNotification.disabled"}}
{"session":"042e15da0710","build":"183.5912.21","bucket":"-1","time":1555826575912,"group":{"id":"statistics.build.tools.state","version":"9"},"event":{"data":{"created":1555826575912,"project":"-1379659210","event_data_1":"gradle"},"id":"modules.count.1"}}
{"session":"042e15da0710","build":"183.5912.21","bucket":"-1","time":1555826575912,"group":{"id":"statistics.build.tools.state","version":"9"},"event":{"data":{"created":1555826575912,"project":"-1379659210","event_data_1":"gradle"},"id":"useQualifiedModuleNames.enabled"}}
{"session":"042e15da0710","build":"183.5912.21","bucket":"-1","time":1555826575912,"group":{"id":"statistics.build.tools.state","version":"9"},"event":{"data":{"created":1555826575912,"project":"-1379659210","event_data_1":"gradle"},"id":"autoImport.enabled"}}
{"session":"042e15da0710","build":"183.5912.21","bucket":"-1","time":1555826575918,"group":{"id":"statistics.debugger.breakpoints","version":"9"},"event":{"data":{"created":1555826575918,"project":"-1379659210"},"id":"total.0"}}
{"session":"042e15da0710","build":"183.5912.21","bucket":"-1","time":1555826576012,"group":{"id":"statistics.run.dashboard","version":"9"},"event":{"data":{"created":1555826576012,"project":"-1379659210"},"id":"run.dashboard.disabled"}}
{"session":"042e15da0710","build":"183.5912.21","bucket":"-1","time":1555826576012,"group":{"id":"statistics.platform.registry.project","version":"9"},"event":{"data":{"created":1555826576012,"project":"-1379659210"},"id":"java.completion.argument.hints.internal"}}
{"session":"042e15da0710","build":"183.5912.21","bucket":"-1","time":1555826576012,"group":{"id":"statistics.platform.registry.project","version":"9"},"event":{"data":{"created":1555826576013,"project":"-1379659210"},"id":"inline.browse.button"}}
{"session":"042e15da0710","build":"183.5912.21","bucket":"-1","time":1555826576014,"group":{"id":"statistics.build.tools","version":"9"},"event":{"data":{"created":1555826576014,"project":"-1379659210"},"id":"Gradle"}}
{"session":"042e15da0710","build":"183.5912.21","bucket":"-1","time":1555826576015,"group":{"id":"internal.statistics.vcs.options","version":"9"},"event":{"data":{"created":1555826576015,"project":"-1379659210"},"id":"perform.checkout.in.background.enabled"}}
{"session":"042e15da0710","build":"183.5912.21","bucket":"-1","time":1555826576015,"group":{"id":"internal.statistics.vcs.options","version":"9"},"event":{"data":{"created":1555826576015,"project":"-1379659210"},"id":"commit.before.check.non.empty.comment.disabled"}}
{"session":"042e15da0710","build":"183.5912.21","bucket":"-1","time":1555826576015,"group":{"id":"internal.statistics.vcs.options","version":"9"},"event":{"data":{"created":1555826576015,"project":"-1379659210"},"id":"changelist.preselect.existing.disabled"}}
{"session":"042e15da0710","build":"183.5912.21","bucket":"-1","time":1555826576015,"group":{"id":"internal.statistics.vcs.options","version":"9"},"event":{"data":{"created":1555826576015,"project":"-1379659210"},"id":"include.text.into.shelf.enabled"}}
{"session":"042e15da0710","build":"183.5912.21","bucket":"-1","time":1555826576015,"group":{"id":"internal.statistics.vcs.options","version":"9"},"event":{"data":{"created":1555826576016,"project":"-1379659210"},"id":"commit.show.unversioned.enabled"}}
{"session":"042e15da0710","build":"183.5912.21","bucket":"-1","time":1555826576015,"group":{"id":"internal.statistics.vcs.options","version":"9"},"event":{"data":{"created":1555826576016,"project":"-1379659210"},"id":"perform.add_remove.in.background.enabled"}}
{"session":"042e15da0710","build":"183.5912.21","bucket":"-1","time":1555826576015,"group":{"id":"internal.statistics.vcs.options","version":"9"},"event":{"data":{"created":1555826576016,"project":"-1379659210"},"id":"commit.before.optimize.imports.disabled"}}
{"session":"042e15da0710","build":"183.5912.21","bucket":"-1","time":1555826576015,"group":{"id":"internal.statistics.vcs.options","version":"9"},"event":{"data":{"created":1555826576016,"project":"-1379659210"},"id":"commit.before.check.todo.enabled"}}
{"session":"042e15da0710","build":"183.5912.21","bucket":"-1","time":1555826576015,"group":{"id":"internal.statistics.vcs.options","version":"9"},"event":{"data":{"created":1555826576016,"project":"-1379659210"},"id":"offer.remove.empty.changelist.show_confirmation"}}
{"session":"042e15da0710","build":"183.5912.21","bucket":"-1","time":1555826576015,"group":{"id":"internal.statistics.vcs.options","version":"9"},"event":{"data":{"created":1555826576016,"project":"-1379659210"},"id":"commit.before.reformat.project.disabled"}}
{"session":"042e15da0710","build":"183.5912.21","bucket":"-1","time":1555826576015,"group":{"id":"internal.statistics.vcs.options","version":"9"},"event":{"data":{"created":1555826576016,"project":"-1379659210"},"id":"commit.clear.initial.comment.disabled"}}
{"session":"042e15da0710","build":"183.5912.21","bucket":"-1","time":1555826576015,"group":{"id":"internal.statistics.vcs.options","version":"9"},"event":{"data":{"created":1555826576016,"project":"-1379659210"},"id":"perform.update.in.background.enabled"}}
{"session":"042e15da0710","build":"183.5912.21","bucket":"-1","time":1555826576015,"group":{"id":"internal.statistics.vcs.options","version":"9"},"event":{"data":{"created":1555826576016,"project":"-1379659210"},"id":"commit.before.check.code.cleanup.disabled"}}
{"session":"042e15da0710","build":"183.5912.21","bucket":"-1","time":1555826576015,"group":{"id":"internal.statistics.vcs.options","version":"9"},"event":{"data":{"created":1555826576016,"project":"-1379659210"},"id":"offer.move.failed.committed.do_nothing_silently"}}
{"session":"042e15da0710","build":"183.5912.21","bucket":"-1","time":1555826576015,"group":{"id":"internal.statistics.vcs.options","version":"9"},"event":{"data":{"created":1555826576016,"project":"-1379659210"},"id":"show.changes.preview.disabled"}}
{"session":"042e15da0710","build":"183.5912.21","bucket":"-1","time":1555826576015,"group":{"id":"internal.statistics.vcs.options","version":"9"},"event":{"data":{"created":1555826576016,"project":"-1379659210"},"id":"check.conflicts.in.background.disabled"}}
{"session":"042e15da0710","build":"183.5912.21","bucket":"-1","time":1555826576015,"group":{"id":"internal.statistics.vcs.options","version":"9"},"event":{"data":{"created":1555826576017,"project":"-1379659210"},"id":"changelist.make.new.active.disabled"}}
{"session":"042e15da0710","build":"183.5912.21","bucket":"-1","time":1555826576015,"group":{"id":"internal.statistics.vcs.options","version":"9"},"event":{"data":{"created":1555826576017,"project":"-1379659210"},"id":"commit.before.check.code.smell.enabled"}}
{"session":"042e15da0710","build":"183.5912.21","bucket":"-1","time":1555826576015,"group":{"id":"internal.statistics.vcs.options","version":"9"},"event":{"data":{"created":1555826576017,"project":"-1379659210"},"id":"perform.edit.in.background.enabled"}}
{"session":"042e15da0710","build":"183.5912.21","bucket":"-1","time":1555826576015,"group":{"id":"internal.statistics.vcs.options","version":"9"},"event":{"data":{"created":1555826576017,"project":"-1379659210"},"id":"commit.before.rearrange.disabled"}}
{"session":"042e15da0710","build":"183.5912.21","bucket":"-1","time":1555826576015,"group":{"id":"internal.statistics.vcs.options","version":"9"},"event":{"data":{"created":1555826576017,"project":"-1379659210"},"id":"perform.commit.in.background.enabled"}}
{"session":"042e15da0710","build":"183.5912.21","bucket":"-1","time":1555826576015,"group":{"id":"internal.statistics.vcs.options","version":"9"},"event":{"data":{"created":1555826576017,"project":"-1379659210"},"id":"perform.rollback.in.background.disabled"}}
{"session":"042e15da0710","build":"183.5912.21","bucket":"-1","time":1555826576015,"group":{"id":"internal.statistics.vcs.options","version":"9"},"event":{"data":{"created":1555826576017,"project":"-1379659210"},"id":"offer.move.partially.committed.disabled"}}
{"session":"042e15da0710","build":"183.5912.21","bucket":"-1","time":1555826576015,"group":{"id":"internal.statistics.vcs.options","version":"9"},"event":{"data":{"created":1555826576017,"project":"-1379659210"},"id":"commit.use.right.margin.enabled"}}
{"session":"042e15da0710","build":"183.5912.21","bucket":"-1","time":1555827195810,"group":{"id":"internal.statistics.vcs.log.index.project","version":"9"},"event":{"data":{"created":1555827195810,"project":"-1379659210","data_1":"Mac"},"id":"indexing.time.minutes.0"}}
{"session":"042e15da0710","build":"183.5912.21","bucket":"-1","time":1555827195810,"group":{"id":"internal.statistics.vcs.log.index.project","version":"9"},"event":{"data":{"created":1555827195816,"project":"-1379659210","data_1":"Mac"},"id":"resume.indexing.click.0"}}
{"session":"042e15da0710","build":"183.5912.21","bucket":"-1","time":1555827195810,"group":{"id":"internal.statistics.vcs.log.index.project","version":"9"},"event":{"data":{"created":1555827195816,"project":"-1379659210","data_1":"Mac"},"id":"indexing.too.long.notification.0"}}
{"session":"042e15da0710","build":"183.5912.21","bucket":"-1","time":1555827195811,"group":{"id":"statistics.run.configuration.type.temp","version":"9"},"event":{"data":{"created":1555827195816,"event_data_4":"false","project":"-1379659210","value":5,"event_data_1":"false","event_data_2":"false","event_data_3":"true"},"id":"JUnit"}}
{"session":"042e15da0710","build":"183.5912.21","bucket":"-1","time":1555827195811,"group":{"id":"statistics.vcs.names","version":"9"},"event":{"data":{"created":1555827195816,"project":"-1379659210"},"id":"Git"}}
{"session":"042e15da0710","build":"183.5912.21","bucket":"-1","time":1555827195811,"group":{"id":"statistics.project.structure","version":"9"},"event":{"data":{"created":1555827195817,"project":"-1379659210"},"id":"package.prefix.not.used"}}
{"session":"042e15da0710","build":"183.5912.21","bucket":"-1","time":1555827195811,"group":{"id":"statistics.project.structure","version":"9"},"event":{"data":{"created":1555827195817,"project":"-1379659210"},"id":"excluded.roots.count.1"}}
{"session":"042e15da0710","build":"183.5912.21","bucket":"-1","time":1555827195811,"group":{"id":"statistics.project.structure","version":"9"},"event":{"data":{"created":1555827195817,"project":"-1379659210"},"id":"source.roots.count.0"}}
{"session":"042e15da0710","build":"183.5912.21","bucket":"-1","time":1555827195811,"group":{"id":"statistics.project.structure","version":"9"},"event":{"data":{"created":1555827195817,"project":"-1379659210"},"id":"excluded.roots.count.1"}}
{"session":"042e15da0710","build":"183.5912.21","bucket":"-1","time":1555827195811,"group":{"id":"statistics.project.structure","version":"9"},"event":{"data":{"created":1555827195817,"project":"-1379659210"},"id":"excluded.roots.count.2"}}
{"session":"042e15da0710","build":"183.5912.21","bucket":"-1","time":1555827195811,"group":{"id":"statistics.project.structure","version":"9"},"event":{"data":{"created":1555827195817,"project":"-1379659210"},"id":"content.roots.count.1"}}
{"session":"042e15da0710","build":"183.5912.21","bucket":"-1","time":1555827195811,"group":{"id":"statistics.project.structure","version":"9"},"event":{"data":{"created":1555827195817,"project":"-1379659210"},"id":"source.roots.count.2"}}
{"session":"042e15da0710","build":"183.5912.21","bucket":"-1","time":1555827195811,"group":{"id":"statistics.project.structure","version":"9"},"event":{"data":{"created":1555827195817,"project":"-1379659210"},"id":"source.roots.count.0"}}
{"session":"042e15da0710","build":"183.5912.21","bucket":"-1","time":1555827195811,"group":{"id":"statistics.project.structure","version":"9"},"event":{"data":{"created":1555827195817,"project":"-1379659210"},"id":"excluded.roots.count.1"}}
{"session":"042e15da0710","build":"183.5912.21","bucket":"-1","time":1555827195811,"group":{"id":"statistics.project.structure","version":"9"},"event":{"data":{"created":1555827195817,"project":"-1379659210"},"id":"content.roots.count.1"}}
{"session":"042e15da0710","build":"183.5912.21","bucket":"-1","time":1555827195811,"group":{"id":"statistics.project.structure","version":"9"},"event":{"data":{"created":1555827195818,"project":"-1379659210"},"id":"source.roots.count.0"}}
{"session":"042e15da0710","build":"183.5912.21","bucket":"-1","time":1555827195811,"group":{"id":"statistics.project.structure","version":"9"},"event":{"data":{"created":1555827195818,"project":"-1379659210"},"id":"source.root.java-resource.1"}}
{"session":"042e15da0710","build":"183.5912.21","bucket":"-1","time":1555827195811,"group":{"id":"statistics.project.structure","version":"9"},"event":{"data":{"created":1555827195818,"project":"-1379659210"},"id":"content.roots.count.1"}}
{"session":"042e15da0710","build":"183.5912.21","bucket":"-1","time":1555827195811,"group":{"id":"statistics.project.structure","version":"9"},"event":{"data":{"created":1555827195818,"project":"-1379659210"},"id":"modules.count.3+"}}
{"session":"042e15da0710","build":"183.5912.21","bucket":"-1","time":1555827195811,"group":{"id":"statistics.project.structure","version":"9"},"event":{"data":{"created":1555827195818,"project":"-1379659210"},"id":"source.root.java-source.1"}}
{"session":"042e15da0710","build":"183.5912.21","bucket":"-1","time":1555827195811,"group":{"id":"statistics.project.structure","version":"9"},"event":{"data":{"created":1555827195818,"project":"-1379659210"},"id":"content.roots.count.1"}}
{"session":"042e15da0710","build":"183.5912.21","bucket":"-1","time":1555827195811,"group":{"id":"statistics.vcs.metrics","version":"9"},"event":{"data":{"created":1555827195818,"project":"-1379659210"},"id":"unversioned.files.count.0"}}
{"session":"042e15da0710","build":"183.5912.21","bucket":"-1","time":1555827195811,"group":{"id":"statistics.vcs.metrics","version":"9"},"event":{"data":{"created":1555827195818,"project":"-1379659210"},"id":"vcs.roots.count.1"}}
{"session":"042e15da0710","build":"183.5912.21","bucket":"-1","time":1555827195811,"group":{"id":"statistics.vcs.metrics","version":"9"},"event":{"data":{"created":1555827195818,"project":"-1379659210"},"id":"ignored.files.count.1"}}
{"session":"042e15da0710","build":"183.5912.21","bucket":"-1","time":1555827195811,"group":{"id":"statistics.vcs.metrics","version":"9"},"event":{"data":{"created":1555827195818,"project":"-1379659210"},"id":"has.default.vcs.root.mapping.disabled"}}
{"session":"042e15da0710","build":"183.5912.21","bucket":"-1","time":1555827195811,"group":{"id":"statistics.vcs.metrics","version":"9"},"event":{"data":{"created":1555827195818,"project":"-1379659210"},"id":"active.changelists.count.1"}}
{"session":"042e15da0710","build":"183.5912.21","bucket":"-1","time":1555827195811,"group":{"id":"statistics.vcs.git.settings","version":"9"},"event":{"data":{"created":1555827195819,"project":"-1379659210"},"id":"config.warn.about.crlf.enabled"}}
{"session":"042e15da0710","build":"183.5912.21","bucket":"-1","time":1555827195811,"group":{"id":"statistics.vcs.git.settings","version":"9"},"event":{"data":{"created":1555827195819,"project":"-1379659210"},"id":"config.save.policy.STASH"}}
{"session":"042e15da0710","build":"183.5912.21","bucket":"-1","time":1555827195811,"group":{"id":"statistics.vcs.git.settings","version":"9"},"event":{"data":{"created":1555827195819,"project":"-1379659210"},"id":"data.remotes.in.project.1"}}
{"session":"042e15da0710","build":"183.5912.21","bucket":"-1","time":1555827195811,"group":{"id":"statistics.vcs.git.settings","version":"9"},"event":{"data":{"created":1555827195819,"project":"-1379659210"},"id":"version.2.17.2-UNIX"}}
{"session":"042e15da0710","build":"183.5912.21","bucket":"-1","time":1555827195811,"group":{"id":"statistics.vcs.git.settings","version":"9"},"event":{"data":{"created":1555827195819,"project":"-1379659210"},"id":"config.push.update.all.roots.enabled"}}
{"session":"042e15da0710","build":"183.5912.21","bucket":"-1","time":1555827195811,"group":{"id":"statistics.vcs.git.settings","version":"9"},"event":{"data":{"created":1555827195819,"project":"-1379659210"},"id":"config.cherry-pick.autocommit.disabled"}}
{"session":"042e15da0710","build":"183.5912.21","bucket":"-1","time":1555827195811,"group":{"id":"statistics.vcs.git.settings","version":"9"},"event":{"data":{"created":1555827195819,"project":"-1379659210"},"id":"config.push.autoupdate.disabled"}}
{"session":"042e15da0710","build":"183.5912.21","bucket":"-1","time":1555827195811,"group":{"id":"statistics.vcs.git.settings","version":"9"},"event":{"data":{"created":1555827195819,"project":"-1379659210"},"id":"data.remote.branches.count.1"}}
{"session":"042e15da0710","build":"183.5912.21","bucket":"-1","time":1555827195811,"group":{"id":"statistics.vcs.git.settings","version":"9"},"event":{"data":{"created":1555827195819,"project":"-1379659210"},"id":"data.remote.servers.github.com.1"}}
{"session":"042e15da0710","build":"183.5912.21","bucket":"-1","time":1555827195811,"group":{"id":"statistics.vcs.git.settings","version":"9"},"event":{"data":{"created":1555827195819,"project":"-1379659210"},"id":"data.local.branches.count.1"}}
{"session":"042e15da0710","build":"183.5912.21","bucket":"-1","time":1555827195811,"group":{"id":"statistics.vcs.git.settings","version":"9"},"event":{"data":{"created":1555827195819,"project":"-1379659210"},"id":"config.repo.sync.NOT_DECIDED"}}
{"session":"042e15da0710","build":"183.5912.21","bucket":"-1","time":1555827195811,"group":{"id":"statistics.vcs.git.settings","version":"9"},"event":{"data":{"created":1555827195819,"project":"-1379659210"},"id":"config.update.type.BRANCH_DEFAULT"}}
{"session":"042e15da0710","build":"183.5912.21","bucket":"-1","time":1555827195811,"group":{"id":"statistics.vcs.git.settings","version":"9"},"event":{"data":{"created":1555827195819,"project":"-1379659210"},"id":"config.ssh.disabled"}}
{"session":"042e15da0710","build":"183.5912.21","bucket":"-1","time":1555827195811,"group":{"id":"statistics.vcs.git.settings","version":"9"},"event":{"data":{"created":1555827195819,"project":"-1379659210"},"id":"config.warn.about.detached.enabled"}}
{"session":"042e15da0710","build":"183.5912.21","bucket":"-1","time":1555827195846,"group":{"id":"statistics.file.types","version":"9"},"event":{"data":{"created":1555827195846,"project":"-1379659210"},"id":"PLAIN_TEXT"}}
{"session":"042e15da0710","build":"183.5912.21","bucket":"-1","time":1555827195846,"group":{"id":"statistics.file.types","version":"9"},"event":{"data":{"created":1555827195847,"project":"-1379659210"},"id":"Properties"}}
{"session":"042e15da0710","build":"183.5912.21","bucket":"-1","time":1555827195846,"group":{"id":"statistics.file.types","version":"9"},"event":{"data":{"created":1555827195847,"project":"-1379659210"},"id":"ARCHIVE"}}
{"session":"042e15da0710","build":"183.5912.21","bucket":"-1","time":1555827195846,"group":{"id":"statistics.file.types","version":"9"},"event":{"data":{"created":1555827195847,"project":"-1379659210"},"id":"JAVA"}}
{"session":"042e15da0710","build":"183.5912.21","bucket":"-1","time":1555827195846,"group":{"id":"statistics.file.types","version":"9"},"event":{"data":{"created":1555827195847,"project":"-1379659210"},"id":"Groovy"}}
{"session":"042e15da0710","build":"183.5912.21","bucket":"-1","time":1555827195848,"group":{"id":"statistics.vcs.log.data","version":"9"},"event":{"data":{"created":1555827195848,"project":"-1379659210"},"id":"branches.count.1+"}}
{"session":"042e15da0710","build":"183.5912.21","bucket":"-1","time":1555827195848,"group":{"id":"statistics.vcs.log.data","version":"9"},"event":{"data":{"created":1555827195848,"project":"-1379659210"},"id":"users.count.1+"}}
{"session":"042e15da0710","build":"183.5912.21","bucket":"-1","time":1555827195848,"group":{"id":"statistics.vcs.log.data","version":"9"},"event":{"data":{"created":1555827195848,"project":"-1379659210"},"id":"git.root.count.1"}}
{"session":"042e15da0710","build":"183.5912.21","bucket":"-1","time":1555827195848,"group":{"id":"statistics.vcs.log.data","version":"9"},"event":{"data":{"created":1555827195848,"project":"-1379659210"},"id":"commit.count.1+"}}
{"session":"042e15da0710","build":"183.5912.21","bucket":"-1","time":1555827195857,"group":{"id":"internal.statistics.javaLibraries","version":"9"},"event":{"data":{"created":1555827195857,"project":"-1379659210"},"id":"groovy_2.5.6"}}
{"session":"042e15da0710","build":"183.5912.21","bucket":"-1","time":1555827195857,"group":{"id":"internal.statistics.javaLibraries","version":"9"},"event":{"data":{"created":1555827195857,"project":"-1379659210"},"id":"spring-mvc_5.1.5.RELEASE"}}
{"session":"042e15da0710","build":"183.5912.21","bucket":"-1","time":1555827195857,"group":{"id":"internal.statistics.javaLibraries","version":"9"},"event":{"data":{"created":1555827195857,"project":"-1379659210"},"id":"spring-boot_2.1.3.RELEASE"}}
{"session":"042e15da0710","build":"183.5912.21","bucket":"-1","time":1555827195857,"group":{"id":"internal.statistics.javaLibraries","version":"9"},"event":{"data":{"created":1555827195857,"project":"-1379659210"},"id":"spring-core_5.1.5.RELEASE"}}
{"session":"042e15da0710","build":"183.5912.21","bucket":"-1","time":1555827195860,"group":{"id":"statistics.build.gradle.state","version":"9"},"event":{"data":{"created":1555827195860,"project":"-1379659210"},"id":"createModulePerSourceSet.enabled"}}
{"session":"042e15da0710","build":"183.5912.21","bucket":"-1","time":1555827195860,"group":{"id":"statistics.build.gradle.state","version":"9"},"event":{"data":{"created":1555827195860,"project":"-1379659210"},"id":"showSelectiveImportDialogOnInitialImport.disabled"}}
{"session":"042e15da0710","build":"183.5912.21","bucket":"-1","time":1555827195860,"group":{"id":"statistics.build.gradle.state","version":"9"},"event":{"data":{"created":1555827195860,"project":"-1379659210"},"id":"delegateBuildRun.disabled"}}
{"session":"042e15da0710","build":"183.5912.21","bucket":"-1","time":1555827195860,"group":{"id":"statistics.build.gradle.state","version":"9"},"event":{"data":{"created":1555827195860,"project":"-1379659210"},"id":"offlineWork.disabled"}}
{"session":"042e15da0710","build":"183.5912.21","bucket":"-1","time":1555827195860,"group":{"id":"statistics.build.gradle.state","version":"9"},"event":{"data":{"created":1555827195860,"project":"-1379659210"},"id":"disableWrapperSourceDistributionNotification.disabled"}}
{"session":"042e15da0710","build":"183.5912.21","bucket":"-1","time":1555827195860,"group":{"id":"statistics.build.gradle.state","version":"9"},"event":{"data":{"created":1555827195860,"project":"-1379659210"},"id":"storeProjectFilesExternally.yes"}}
{"session":"042e15da0710","build":"183.5912.21","bucket":"-1","time":1555827195860,"group":{"id":"statistics.build.gradle.state","version":"9"},"event":{"data":{"created":1555827195861,"project":"-1379659210"},"id":"preferredTestRunner.platform_test_runner"}}
{"session":"042e15da0710","build":"183.5912.21","bucket":"-1","time":1555827195860,"group":{"id":"statistics.build.gradle.state","version":"9"},"event":{"data":{"created":1555827195861,"project":"-1379659210"},"id":"distributionType.default_wrapped"}}
{"session":"042e15da0710","build":"183.5912.21","bucket":"-1","time":1555827195860,"group":{"id":"statistics.build.gradle.state","version":"9"},"event":{"data":{"created":1555827195861,"project":"-1379659210"},"id":"gradleJvm.11"}}
{"session":"042e15da0710","build":"183.5912.21","bucket":"-1","time":1555827195860,"group":{"id":"statistics.build.gradle.state","version":"9"},"event":{"data":{"created":1555827195861,"project":"-1379659210"},"id":"isCompositeBuilds.no"}}
{"session":"042e15da0710","build":"183.5912.21","bucket":"-1","time":1555827195860,"group":{"id":"statistics.build.gradle.state","version":"9"},"event":{"data":{"created":1555827195861,"project":"-1379659210"},"id":"gradleVersion.5.2.1"}}
{"session":"042e15da0710","build":"183.5912.21","bucket":"-1","time":1555827195860,"group":{"id":"statistics.build.tools.state","version":"9"},"event":{"data":{"created":1555827195861,"project":"-1379659210","event_data_1":"gradle"},"id":"modules.count.1"}}
{"session":"042e15da0710","build":"183.5912.21","bucket":"-1","time":1555827195860,"group":{"id":"statistics.build.tools.state","version":"9"},"event":{"data":{"created":1555827195861,"project":"-1379659210","event_data_1":"gradle"},"id":"autoImport.enabled"}}
{"session":"042e15da0710","build":"183.5912.21","bucket":"-1","time":1555827195860,"group":{"id":"statistics.build.tools.state","version":"9"},"event":{"data":{"created":1555827195861,"project":"-1379659210","event_data_1":"gradle"},"id":"useQualifiedModuleNames.enabled"}}
{"session":"042e15da0710","build":"183.5912.21","bucket":"-1","time":1555827195860,"group":{"id":"statistics.debugger.breakpoints","version":"9"},"event":{"data":{"created":1555827195861,"project":"-1379659210"},"id":"total.0"}}
{"session":"042e15da0710","build":"183.5912.21","bucket":"-1","time":1555827195860,"group":{"id":"statistics.run.dashboard","version":"9"},"event":{"data":{"created":1555827195861,"project":"-1379659210"},"id":"run.dashboard.disabled"}}
{"session":"042e15da0710","build":"183.5912.21","bucket":"-1","time":1555827195861,"group":{"id":"statistics.platform.registry.project","version":"9"},"event":{"data":{"created":1555827195861,"project":"-1379659210"},"id":"inline.browse.button"}}
{"session":"042e15da0710","build":"183.5912.21","bucket":"-1","time":1555827195861,"group":{"id":"statistics.platform.registry.project","version":"9"},"event":{"data":{"created":1555827195861,"project":"-1379659210"},"id":"java.completion.argument.hints.internal"}}
{"session":"042e15da0710","build":"183.5912.21","bucket":"-1","time":1555827195862,"group":{"id":"statistics.build.tools","version":"9"},"event":{"data":{"created":1555827195862,"project":"-1379659210"},"id":"Gradle"}}
{"session":"042e15da0710","build":"183.5912.21","bucket":"-1","time":1555827195862,"group":{"id":"internal.statistics.vcs.options","version":"9"},"event":{"data":{"created":1555827195862,"project":"-1379659210"},"id":"perform.update.in.background.enabled"}}
{"session":"042e15da0710","build":"183.5912.21","bucket":"-1","time":1555827195862,"group":{"id":"internal.statistics.vcs.options","version":"9"},"event":{"data":{"created":1555827195862,"project":"-1379659210"},"id":"perform.edit.in.background.enabled"}}
{"session":"042e15da0710","build":"183.5912.21","bucket":"-1","time":1555827195862,"group":{"id":"internal.statistics.vcs.options","version":"9"},"event":{"data":{"created":1555827195862,"project":"-1379659210"},"id":"check.conflicts.in.background.disabled"}}
{"session":"042e15da0710","build":"183.5912.21","bucket":"-1","time":1555827195862,"group":{"id":"internal.statistics.vcs.options","version":"9"},"event":{"data":{"created":1555827195862,"project":"-1379659210"},"id":"perform.commit.in.background.enabled"}}
{"session":"042e15da0710","build":"183.5912.21","bucket":"-1","time":1555827195862,"group":{"id":"internal.statistics.vcs.options","version":"9"},"event":{"data":{"created":1555827195863,"project":"-1379659210"},"id":"offer.move.failed.committed.do_nothing_silently"}}
{"session":"042e15da0710","build":"183.5912.21","bucket":"-1","time":1555827195862,"group":{"id":"internal.statistics.vcs.options","version":"9"},"event":{"data":{"created":1555827195863,"project":"-1379659210"},"id":"perform.rollback.in.background.disabled"}}
{"session":"042e15da0710","build":"183.5912.21","bucket":"-1","time":1555827195862,"group":{"id":"internal.statistics.vcs.options","version":"9"},"event":{"data":{"created":1555827195863,"project":"-1379659210"},"id":"include.text.into.shelf.enabled"}}
{"session":"042e15da0710","build":"183.5912.21","bucket":"-1","time":1555827195862,"group":{"id":"internal.statistics.vcs.options","version":"9"},"event":{"data":{"created":1555827195863,"project":"-1379659210"},"id":"commit.before.check.non.empty.comment.disabled"}}
{"session":"042e15da0710","build":"183.5912.21","bucket":"-1","time":1555827195862,"group":{"id":"internal.statistics.vcs.options","version":"9"},"event":{"data":{"created":1555827195863,"project":"-1379659210"},"id":"commit.before.check.code.cleanup.disabled"}}
{"session":"042e15da0710","build":"183.5912.21","bucket":"-1","time":1555827195862,"group":{"id":"internal.statistics.vcs.options","version":"9"},"event":{"data":{"created":1555827195863,"project":"-1379659210"},"id":"offer.remove.empty.changelist.show_confirmation"}}
{"session":"042e15da0710","build":"183.5912.21","bucket":"-1","time":1555827195862,"group":{"id":"internal.statistics.vcs.options","version":"9"},"event":{"data":{"created":1555827195863,"project":"-1379659210"},"id":"commit.before.rearrange.disabled"}}
{"session":"042e15da0710","build":"183.5912.21","bucket":"-1","time":1555827195862,"group":{"id":"internal.statistics.vcs.options","version":"9"},"event":{"data":{"created":1555827195863,"project":"-1379659210"},"id":"commit.clear.initial.comment.disabled"}}
{"session":"042e15da0710","build":"183.5912.21","bucket":"-1","time":1555827195862,"group":{"id":"internal.statistics.vcs.options","version":"9"},"event":{"data":{"created":1555827195863,"project":"-1379659210"},"id":"show.changes.preview.disabled"}}
{"session":"042e15da0710","build":"183.5912.21","bucket":"-1","time":1555827195862,"group":{"id":"internal.statistics.vcs.options","version":"9"},"event":{"data":{"created":1555827195863,"project":"-1379659210"},"id":"perform.checkout.in.background.enabled"}}
{"session":"042e15da0710","build":"183.5912.21","bucket":"-1","time":1555827195862,"group":{"id":"internal.statistics.vcs.options","version":"9"},"event":{"data":{"created":1555827195863,"project":"-1379659210"},"id":"commit.before.check.todo.enabled"}}
{"session":"042e15da0710","build":"183.5912.21","bucket":"-1","time":1555827195862,"group":{"id":"internal.statistics.vcs.options","version":"9"},"event":{"data":{"created":1555827195863,"project":"-1379659210"},"id":"changelist.preselect.existing.disabled"}}
{"session":"042e15da0710","build":"183.5912.21","bucket":"-1","time":1555827195862,"group":{"id":"internal.statistics.vcs.options","version":"9"},"event":{"data":{"created":1555827195863,"project":"-1379659210"},"id":"offer.move.partially.committed.disabled"}}
{"session":"042e15da0710","build":"183.5912.21","bucket":"-1","time":1555827195862,"group":{"id":"internal.statistics.vcs.options","version":"9"},"event":{"data":{"created":1555827195863,"project":"-1379659210"},"id":"changelist.make.new.active.disabled"}}
{"session":"042e15da0710","build":"183.5912.21","bucket":"-1","time":1555827195862,"group":{"id":"internal.statistics.vcs.options","version":"9"},"event":{"data":{"created":1555827195863,"project":"-1379659210"},"id":"perform.add_remove.in.background.enabled"}}
{"session":"042e15da0710","build":"183.5912.21","bucket":"-1","time":1555827195862,"group":{"id":"internal.statistics.vcs.options","version":"9"},"event":{"data":{"created":1555827195863,"project":"-1379659210"},"id":"commit.show.unversioned.enabled"}}
{"session":"042e15da0710","build":"183.5912.21","bucket":"-1","time":1555827195862,"group":{"id":"internal.statistics.vcs.options","version":"9"},"event":{"data":{"created":1555827195863,"project":"-1379659210"},"id":"commit.use.right.margin.enabled"}}
{"session":"042e15da0710","build":"183.5912.21","bucket":"-1","time":1555827195862,"group":{"id":"internal.statistics.vcs.options","version":"9"},"event":{"data":{"created":1555827195863,"project":"-1379659210"},"id":"commit.before.check.code.smell.enabled"}}
{"session":"042e15da0710","build":"183.5912.21","bucket":"-1","time":1555827195862,"group":{"id":"internal.statistics.vcs.options","version":"9"},"event":{"data":{"created":1555827195863,"project":"-1379659210"},"id":"commit.before.optimize.imports.disabled"}}
{"session":"042e15da0710","build":"183.5912.21","bucket":"-1","time":1555827195862,"group":{"id":"internal.statistics.vcs.options","version":"9"},"event":{"data":{"created":1555827195863,"project":"-1379659210"},"id":"commit.before.reformat.project.disabled"}}
{"session":"042e15da0710","build":"183.5912.21","bucket":"-1","time":1555830360984,"group":{"id":"actions.v2","version":"9"},"event":{"count":1,"data":{"context_menu":true,"created":1555830360984,"data_1":"Mac"},"id":"third.party.plugin.action"}}
{"session":"042e15da0710","build":"183.5912.21","bucket":"-1","time":1555830433684,"group":{"id":"actions.v2","version":"9"},"event":{"count":1,"data":{"context_menu":true,"created":1555830433684,"data_1":"Mac"},"id":"third.party.plugin.action"}}
{"session":"042e15da0710","build":"183.5912.21","bucket":"-1","time":1555830437898,"group":{"id":"statistics.lifecycle.project","version":"9"},"event":{"count":1,"data":{"created":1555830437898,"project":"-1379659210"},"id":"project.closed"}}
{"session":"042e15da0710","build":"183.5912.21","bucket":"-1","time":1555830438009,"group":{"id":"lifecycle","version":"9"},"event":{"count":1,"data":{"created":1555830438009},"id":"project.closed"}}
{"session":"042e15da0710","build":"183.5912.21","bucket":"-1","time":1555830443135,"group":{"id":"statistics.lifecycle.app","version":"9"},"event":{"count":1,"data":{"created":1555830443135},"id":"ide.close"}}
{"session":"042e15da0710","build":"183.5912.21","bucket":"-1","time":1555830443135,"group":{"id":"lifecycle","version":"9"},"event":{"count":1,"data":{"restart":false,"created":1555830443135},"id":"app.closed"}}
