{"session":"63cc327efdde","build":"183.5912.21","bucket":"-1","time":1555846580474,"group":{"id":"system.os.name","version":"9"},"event":{"data":{"created":1555846580474},"id":"Mac.OS.X"}}
{"session":"63cc327efdde","build":"183.5912.21","bucket":"-1","time":1555846580474,"group":{"id":"system.os.version","version":"9"},"event":{"data":{"created":1555846580486},"id":"10.13.6"}}
{"session":"63cc327efdde","build":"183.5912.21","bucket":"-1","time":1555846580474,"group":{"id":"system.jvm.vendor","version":"9"},"event":{"data":{"created":1555846580498},"id":"JetBrains_s.r.o"}}
{"session":"63cc327efdde","build":"183.5912.21","bucket":"-1","time":1555846580474,"group":{"id":"system.jvm.version","version":"9"},"event":{"data":{"created":1555846580499},"id":"1.8"}}
{"session":"63cc327efdde","build":"183.5912.21","bucket":"-1","time":1555846580485,"group":{"id":"settings","version":"9"},"event":{"data":{"created":1555846580499,"name":"activeMruEditorOnClose","value":false},"id":"UISettings"}}
{"session":"63cc327efdde","build":"183.5912.21","bucket":"-1","time":1555846580485,"group":{"id":"settings","version":"9"},"event":{"data":{"created":1555846580500,"name":"activeRightEditorOnClose","value":false},"id":"UISettings"}}
{"session":"63cc327efdde","build":"183.5912.21","bucket":"-1","time":1555846580485,"group":{"id":"settings","version":"9"},"event":{"data":{"created":1555846580501,"name":"allowMergeButtons","value":true},"id":"UISettings"}}
{"session":"63cc327efdde","build":"183.5912.21","bucket":"-1","time":1555846580485,"group":{"id":"settings","version":"9"},"event":{"data":{"created":1555846580501,"name":"alwaysShowWindowsButton","value":false},"id":"UISettings"}}
{"session":"63cc327efdde","build":"183.5912.21","bucket":"-1","time":1555846580485,"group":{"id":"settings","version":"9"},"event":{"data":{"created":1555846580502,"name":"animateWindows","value":true},"id":"UISettings"}}
{"session":"63cc327efdde","build":"183.5912.21","bucket":"-1","time":1555846580485,"group":{"id":"settings","version":"9"},"event":{"data":{"created":1555846580502,"name":"closeNonModifiedFilesFirst","value":false},"id":"UISettings"}}
{"session":"63cc327efdde","build":"183.5912.21","bucket":"-1","time":1555846580485,"group":{"id":"settings","version":"9"},"event":{"data":{"created":1555846580503,"name":"closeTabButtonOnTheRight","value":true},"id":"UISettings"}}
{"session":"63cc327efdde","build":"183.5912.21","bucket":"-1","time":1555846580485,"group":{"id":"settings","version":"9"},"event":{"data":{"created":1555846580504,"name":"cycleScrolling","value":true},"id":"UISettings"}}
{"session":"63cc327efdde","build":"183.5912.21","bucket":"-1","time":1555846580485,"group":{"id":"settings","version":"9"},"event":{"data":{"created":1555846580505,"name":"defaultAutoScrollToSource","value":false},"id":"UISettings"}}
{"session":"63cc327efdde","build":"183.5912.21","bucket":"-1","time":1555846580485,"group":{"id":"settings","version":"9"},"event":{"data":{"created":1555846580505,"name":"disableMnemonics","value":true},"id":"UISettings"}}
{"session":"63cc327efdde","build":"183.5912.21","bucket":"-1","time":1555846580485,"group":{"id":"settings","version":"9"},"event":{"data":{"created":1555846580506,"name":"disableMnemonicsInControls","value":false},"id":"UISettings"}}
{"session":"63cc327efdde","build":"183.5912.21","bucket":"-1","time":1555846580485,"group":{"id":"settings","version":"9"},"event":{"data":{"created":1555846580506,"name":"dndWithPressedAltOnly","value":false},"id":"UISettings"}}
{"session":"63cc327efdde","build":"183.5912.21","bucket":"-1","time":1555846580485,"group":{"id":"settings","version":"9"},"event":{"data":{"created":1555846580507,"name":"enableAlphaMode","value":false},"id":"UISettings"}}
{"session":"63cc327efdde","build":"183.5912.21","bucket":"-1","time":1555846580485,"group":{"id":"settings","version":"9"},"event":{"data":{"created":1555846580507,"name":"hideKnownExtensionInTabs","value":false},"id":"UISettings"}}
{"session":"63cc327efdde","build":"183.5912.21","bucket":"-1","time":1555846580485,"group":{"id":"settings","version":"9"},"event":{"data":{"created":1555846580508,"name":"hideNavigationOnFocusLoss","value":true},"id":"UISettings"}}
{"session":"63cc327efdde","build":"183.5912.21","bucket":"-1","time":1555846580485,"group":{"id":"settings","version":"9"},"event":{"data":{"created":1555846580509,"name":"hideTabsIfNeed","value":true},"id":"UISettings"}}
{"session":"63cc327efdde","build":"183.5912.21","bucket":"-1","time":1555846580485,"group":{"id":"settings","version":"9"},"event":{"data":{"created":1555846580509,"name":"hideToolStripes","value":false},"id":"UISettings"}}
{"session":"63cc327efdde","build":"183.5912.21","bucket":"-1","time":1555846580485,"group":{"id":"settings","version":"9"},"event":{"data":{"created":1555846580510,"name":"leftHorizontalSplit","value":false},"id":"UISettings"}}
{"session":"63cc327efdde","build":"183.5912.21","bucket":"-1","time":1555846580485,"group":{"id":"settings","version":"9"},"event":{"data":{"created":1555846580510,"name":"markModifiedTabsWithAsterisk","value":false},"id":"UISettings"}}
{"session":"63cc327efdde","build":"183.5912.21","bucket":"-1","time":1555846580485,"group":{"id":"settings","version":"9"},"event":{"data":{"created":1555846580510,"name":"mergeEqualStackTraces","value":true},"id":"UISettings"}}
{"session":"63cc327efdde","build":"183.5912.21","bucket":"-1","time":1555846580485,"group":{"id":"settings","version":"9"},"event":{"data":{"created":1555846580511,"name":"moveMouseOnDefaultButton","value":false},"id":"UISettings"}}
{"session":"63cc327efdde","build":"183.5912.21","bucket":"-1","time":1555846580485,"group":{"id":"settings","version":"9"},"event":{"data":{"created":1555846580511,"name":"navigateToPreview","value":false},"id":"UISettings"}}
{"session":"63cc327efdde","build":"183.5912.21","bucket":"-1","time":1555846580485,"group":{"id":"settings","version":"9"},"event":{"data":{"created":1555846580512,"name":"overrideConsoleCycleBufferSize","value":false},"id":"UISettings"}}
{"session":"63cc327efdde","build":"183.5912.21","bucket":"-1","time":1555846580485,"group":{"id":"settings","version":"9"},"event":{"data":{"created":1555846580512,"name":"overrideLafFonts","value":false},"id":"UISettings"}}
{"session":"63cc327efdde","build":"183.5912.21","bucket":"-1","time":1555846580485,"group":{"id":"settings","version":"9"},"event":{"data":{"created":1555846580513,"name":"pinFindInPath","value":false},"id":"UISettings"}}
{"session":"63cc327efdde","build":"183.5912.21","bucket":"-1","time":1555846580485,"group":{"id":"settings","version":"9"},"event":{"data":{"created":1555846580514,"name":"presentationMode","value":false},"id":"UISettings"}}
{"session":"63cc327efdde","build":"183.5912.21","bucket":"-1","time":1555846580485,"group":{"id":"settings","version":"9"},"event":{"data":{"created":1555846580514,"name":"reuseNotModifiedTabs","value":false},"id":"UISettings"}}
{"session":"63cc327efdde","build":"183.5912.21","bucket":"-1","time":1555846580485,"group":{"id":"settings","version":"9"},"event":{"data":{"created":1555846580514,"name":"rightHorizontalSplit","value":false},"id":"UISettings"}}
{"session":"63cc327efdde","build":"183.5912.21","bucket":"-1","time":1555846580485,"group":{"id":"settings","version":"9"},"event":{"data":{"created":1555846580515,"name":"scrollTabLayoutInEditor","value":true},"id":"UISettings"}}
{"session":"63cc327efdde","build":"183.5912.21","bucket":"-1","time":1555846580485,"group":{"id":"settings","version":"9"},"event":{"data":{"created":1555846580515,"name":"showCloseButton","value":true},"id":"UISettings"}}
{"session":"63cc327efdde","build":"183.5912.21","bucket":"-1","time":1555846580485,"group":{"id":"settings","version":"9"},"event":{"data":{"created":1555846580515,"name":"showDirectoryForNonUniqueFilenames","value":true},"id":"UISettings"}}
{"session":"63cc327efdde","build":"183.5912.21","bucket":"-1","time":1555846580485,"group":{"id":"settings","version":"9"},"event":{"data":{"created":1555846580516,"name":"showEditorToolTip","value":true},"id":"UISettings"}}
{"session":"63cc327efdde","build":"183.5912.21","bucket":"-1","time":1555846580485,"group":{"id":"settings","version":"9"},"event":{"data":{"created":1555846580516,"name":"showIconInQuickNavigation","value":true},"id":"UISettings"}}
{"session":"63cc327efdde","build":"183.5912.21","bucket":"-1","time":1555846580485,"group":{"id":"settings","version":"9"},"event":{"data":{"created":1555846580517,"name":"showIconsInMenus","value":true},"id":"UISettings"}}
{"session":"63cc327efdde","build":"183.5912.21","bucket":"-1","time":1555846580485,"group":{"id":"settings","version":"9"},"event":{"data":{"created":1555846580517,"name":"showMainToolbar","value":false},"id":"UISettings"}}
{"session":"63cc327efdde","build":"183.5912.21","bucket":"-1","time":1555846580485,"group":{"id":"settings","version":"9"},"event":{"data":{"created":1555846580517,"name":"showMemoryIndicator","value":false},"id":"UISettings"}}
{"session":"63cc327efdde","build":"183.5912.21","bucket":"-1","time":1555846580486,"group":{"id":"settings","version":"9"},"event":{"data":{"created":1555846580518,"name":"showNavigationBar","value":true},"id":"UISettings"}}
{"session":"63cc327efdde","build":"183.5912.21","bucket":"-1","time":1555846580486,"group":{"id":"settings","version":"9"},"event":{"data":{"created":1555846580518,"name":"showStatusBar","value":true},"id":"UISettings"}}
{"session":"63cc327efdde","build":"183.5912.21","bucket":"-1","time":1555846580486,"group":{"id":"settings","version":"9"},"event":{"data":{"created":1555846580518,"name":"showTabsTooltips","value":true},"id":"UISettings"}}
{"session":"63cc327efdde","build":"183.5912.21","bucket":"-1","time":1555846580486,"group":{"id":"settings","version":"9"},"event":{"data":{"created":1555846580519,"name":"showToolWindowsNumbers","value":true},"id":"UISettings"}}
{"session":"63cc327efdde","build":"183.5912.21","bucket":"-1","time":1555846580486,"group":{"id":"settings","version":"9"},"event":{"data":{"created":1555846580519,"name":"smoothScrolling","value":true},"id":"UISettings"}}
{"session":"63cc327efdde","build":"183.5912.21","bucket":"-1","time":1555846580486,"group":{"id":"settings","version":"9"},"event":{"data":{"created":1555846580520,"name":"sortBookmarks","value":false},"id":"UISettings"}}
{"session":"63cc327efdde","build":"183.5912.21","bucket":"-1","time":1555846580486,"group":{"id":"settings","version":"9"},"event":{"data":{"created":1555846580520,"name":"sortLookupElementsLexicographically","value":false},"id":"UISettings"}}
{"session":"63cc327efdde","build":"183.5912.21","bucket":"-1","time":1555846580486,"group":{"id":"settings","version":"9"},"event":{"data":{"created":1555846580520,"name":"useSmallLabelsOnTabs","value":true},"id":"UISettings"}}
{"session":"63cc327efdde","build":"183.5912.21","bucket":"-1","time":1555846580486,"group":{"id":"settings","version":"9"},"event":{"data":{"created":1555846580521,"name":"wideScreenSupport","value":false},"id":"UISettings"}}
{"session":"63cc327efdde","build":"183.5912.21","bucket":"-1","time":1555846581320,"group":{"id":"settings","version":"9"},"event":{"data":{"created":1555846581320,"name":"autoSaveIfInactive","value":false},"id":"GeneralSettings"}}
{"session":"63cc327efdde","build":"183.5912.21","bucket":"-1","time":1555846581320,"group":{"id":"settings","version":"9"},"event":{"data":{"default":false,"created":1555846581321,"name":"confirmExit","value":false},"id":"GeneralSettings"}}
{"session":"63cc327efdde","build":"183.5912.21","bucket":"-1","time":1555846581320,"group":{"id":"settings","version":"9"},"event":{"data":{"created":1555846581321,"name":"reopenLastProject","value":true},"id":"GeneralSettings"}}
{"session":"63cc327efdde","build":"183.5912.21","bucket":"-1","time":1555846581320,"group":{"id":"settings","version":"9"},"event":{"data":{"created":1555846581322,"name":"saveOnFrameDeactivation","value":true},"id":"GeneralSettings"}}
{"session":"63cc327efdde","build":"183.5912.21","bucket":"-1","time":1555846581320,"group":{"id":"settings","version":"9"},"event":{"data":{"created":1555846581322,"name":"searchInBackground","value":false},"id":"GeneralSettings"}}
{"session":"63cc327efdde","build":"183.5912.21","bucket":"-1","time":1555846581320,"group":{"id":"settings","version":"9"},"event":{"data":{"default":false,"created":1555846581322,"name":"showTipsOnStartup","value":false},"id":"GeneralSettings"}}
{"session":"63cc327efdde","build":"183.5912.21","bucket":"-1","time":1555846581320,"group":{"id":"settings","version":"9"},"event":{"data":{"created":1555846581322,"name":"showWelcomeScreen","value":true},"id":"GeneralSettings"}}
{"session":"63cc327efdde","build":"183.5912.21","bucket":"-1","time":1555846581320,"group":{"id":"settings","version":"9"},"event":{"data":{"created":1555846581323,"name":"supportScreenReaders","value":false},"id":"GeneralSettings"}}
{"session":"63cc327efdde","build":"183.5912.21","bucket":"-1","time":1555846581320,"group":{"id":"settings","version":"9"},"event":{"data":{"created":1555846581323,"name":"syncOnFrameActivation","value":true},"id":"GeneralSettings"}}
{"session":"63cc327efdde","build":"183.5912.21","bucket":"-1","time":1555846581320,"group":{"id":"settings","version":"9"},"event":{"data":{"created":1555846581323,"name":"useDefaultBrowser","value":true},"id":"GeneralSettings"}}
{"session":"63cc327efdde","build":"183.5912.21","bucket":"-1","time":1555846581320,"group":{"id":"settings","version":"9"},"event":{"data":{"created":1555846581323,"name":"useSafeWrite","value":true},"id":"GeneralSettings"}}
{"session":"63cc327efdde","build":"183.5912.21","bucket":"-1","time":1555846597136,"group":{"id":"statistics.lifecycle.app","version":"9"},"event":{"count":1,"data":{"created":1555846597136,"data_2":"10+","data_1":"timeSecondsGrouped"},"id":"ide.freeze"}}
{"session":"63cc327efdde","build":"183.5912.21","bucket":"-1","time":1555846597137,"group":{"id":"lifecycle","version":"9"},"event":{"count":1,"data":{"durationSeconds":16,"created":1555846597137},"id":"ide.freeze"}}
{"session":"63cc327efdde","build":"183.5912.21","bucket":"-1","time":1555846597403,"group":{"id":"ui.dialogs","version":"9"},"event":{"count":1,"data":{"created":1555846597403,"type":"show"},"id":"com.intellij.openapi.progress.util.ProgressDialog$MyDialogWrapper"}}
{"session":"63cc327efdde","build":"183.5912.21","bucket":"-1","time":1555846598915,"group":{"id":"statistics.lifecycle.app","version":"9"},"event":{"count":1,"data":{"created":1555846598915,"data_2":"mappingFailed:false","data_1":"OOM:false","data_3":"pluginId:unknown"},"id":"ide.error"}}
{"session":"63cc327efdde","build":"183.5912.21","bucket":"-1","time":1555846599092,"group":{"id":"ui.dialogs","version":"9"},"event":{"count":1,"data":{"code":1,"created":1555846599092,"type":"close"},"id":"com.intellij.openapi.progress.util.ProgressDialog$MyDialogWrapper"}}
{"session":"63cc327efdde","build":"183.5912.21","bucket":"-1","time":1555846599130,"group":{"id":"statistics.lifecycle.project","version":"9"},"event":{"count":1,"data":{"created":1555846599130,"project":"-1379659210"},"id":"project.opened"}}
{"session":"63cc327efdde","build":"183.5912.21","bucket":"-1","time":1555846599130,"group":{"id":"lifecycle","version":"9"},"event":{"count":1,"data":{"created":1555846599130},"id":"project.opened"}}
{"session":"63cc327efdde","build":"183.5912.21","bucket":"-1","time":1555846600453,"group":{"id":"ui.dialogs","version":"9"},"event":{"count":1,"data":{"created":1555846600453,"type":"show"},"id":"com.intellij.openapi.progress.util.ProgressDialog$MyDialogWrapper"}}
{"session":"63cc327efdde","build":"183.5912.21","bucket":"-1","time":1555846603039,"group":{"id":"toolwindow.v2","version":"9"},"event":{"count":1,"data":{"created":1555846603039,"data_1":"Mac"},"id":"Project_by_Activation"}}
{"session":"63cc327efdde","build":"183.5912.21","bucket":"-1","time":1555846603858,"group":{"id":"statistics.lifecycle.app","version":"9"},"event":{"count":1,"data":{"created":1555846603858},"id":"ide.start"}}
{"session":"63cc327efdde","build":"183.5912.21","bucket":"-1","time":1555846603858,"group":{"id":"lifecycle","version":"9"},"event":{"count":1,"data":{"created":1555846603858},"id":"app.started"}}
{"session":"63cc327efdde","build":"183.5912.21","bucket":"-1","time":1555846604994,"group":{"id":"ui.dialogs","version":"9"},"event":{"count":1,"data":{"code":1,"created":1555846604994,"type":"close"},"id":"com.intellij.openapi.progress.util.ProgressDialog$MyDialogWrapper"}}
{"session":"63cc327efdde","build":"183.5912.21","bucket":"-1","time":1555846605731,"group":{"id":"statistics.lifecycle.project","version":"9"},"event":{"count":1,"data":{"created":1555846605731,"project":"-1379659210"},"id":"project.open.time.8"}}
{"session":"63cc327efdde","build":"183.5912.21","bucket":"-1","time":1555846605731,"group":{"id":"lifecycle","version":"9"},"event":{"count":1,"data":{"created":1555846605731,"time.ms":8795},"id":"project.opening.finished"}}
{"session":"63cc327efdde","build":"183.5912.21","bucket":"-1","time":1555846609590,"group":{"id":"actions.v2","version":"9"},"event":{"count":1,"data":{"context_menu":false,"created":1555846609590,"data_1":"Mac","input_event":"Up"},"id":"EditorUp"}}
{"session":"63cc327efdde","build":"183.5912.21","bucket":"-1","time":1555846609718,"group":{"id":"actions.v2","version":"9"},"event":{"count":2,"data":{"context_menu":false,"last":1555846609754,"created":1555846609718,"data_1":"Mac","input_event":"Right"},"id":"EditorRight"}}
{"session":"63cc327efdde","build":"183.5912.21","bucket":"-1","time":1555846613280,"group":{"id":"actions.v2","version":"9"},"event":{"count":1,"data":{"context_menu":false,"created":1555846613280,"data_1":"Mac","input_event":"Alt+Enter"},"id":"ShowIntentionActions"}}
{"session":"63cc327efdde","build":"183.5912.21","bucket":"-1","time":1555846614220,"group":{"id":"statistics.actions.intentions","version":"9"},"event":{"count":1,"data":{"created":1555846614220,"data_1":"Mac"},"id":"JAVA_NOT_LISTED"}}
{"session":"63cc327efdde","build":"183.5912.21","bucket":"-1","time":1555846618340,"group":{"id":"actions.v2","version":"9"},"event":{"count":1,"data":{"context_menu":false,"created":1555846618340,"data_1":"Mac","input_event":"Alt+Enter"},"id":"ShowIntentionActions"}}
{"session":"63cc327efdde","build":"183.5912.21","bucket":"-1","time":1555846618988,"group":{"id":"statistics.actions.intentions","version":"9"},"event":{"count":1,"data":{"created":1555846618988,"data_1":"Mac"},"id":"JAVA_NOT_LISTED"}}
{"session":"63cc327efdde","build":"183.5912.21","bucket":"-1","time":1555846624274,"group":{"id":"actions.v2","version":"9"},"event":{"count":1,"data":{"context_menu":false,"created":1555846624274,"data_1":"Mac","input_event":"Alt+Enter"},"id":"ShowIntentionActions"}}
