{"session":"138ad0434814","build":"183.5912.21","bucket":"-1","time":1555846685448,"group":{"id":"system.os.name","version":"9"},"event":{"data":{"created":1555846685448},"id":"Mac.OS.X"}}
{"session":"138ad0434814","build":"183.5912.21","bucket":"-1","time":1555846685448,"group":{"id":"system.os.version","version":"9"},"event":{"data":{"created":1555846685458},"id":"10.13.6"}}
{"session":"138ad0434814","build":"183.5912.21","bucket":"-1","time":1555846685448,"group":{"id":"system.jvm.vendor","version":"9"},"event":{"data":{"created":1555846685468},"id":"JetBrains_s.r.o"}}
{"session":"138ad0434814","build":"183.5912.21","bucket":"-1","time":1555846685448,"group":{"id":"system.jvm.version","version":"9"},"event":{"data":{"created":1555846685469},"id":"1.8"}}
{"session":"138ad0434814","build":"183.5912.21","bucket":"-1","time":1555846685457,"group":{"id":"settings","version":"9"},"event":{"data":{"created":1555846685469,"name":"activeMruEditorOnClose","value":false},"id":"UISettings"}}
{"session":"138ad0434814","build":"183.5912.21","bucket":"-1","time":1555846685457,"group":{"id":"settings","version":"9"},"event":{"data":{"created":1555846685470,"name":"activeRightEditorOnClose","value":false},"id":"UISettings"}}
{"session":"138ad0434814","build":"183.5912.21","bucket":"-1","time":1555846685457,"group":{"id":"settings","version":"9"},"event":{"data":{"created":1555846685470,"name":"allowMergeButtons","value":true},"id":"UISettings"}}
{"session":"138ad0434814","build":"183.5912.21","bucket":"-1","time":1555846685457,"group":{"id":"settings","version":"9"},"event":{"data":{"created":1555846685471,"name":"alwaysShowWindowsButton","value":false},"id":"UISettings"}}
{"session":"138ad0434814","build":"183.5912.21","bucket":"-1","time":1555846685457,"group":{"id":"settings","version":"9"},"event":{"data":{"created":1555846685471,"name":"animateWindows","value":true},"id":"UISettings"}}
{"session":"138ad0434814","build":"183.5912.21","bucket":"-1","time":1555846685457,"group":{"id":"settings","version":"9"},"event":{"data":{"created":1555846685472,"name":"closeNonModifiedFilesFirst","value":false},"id":"UISettings"}}
{"session":"138ad0434814","build":"183.5912.21","bucket":"-1","time":1555846685457,"group":{"id":"settings","version":"9"},"event":{"data":{"created":1555846685472,"name":"closeTabButtonOnTheRight","value":true},"id":"UISettings"}}
{"session":"138ad0434814","build":"183.5912.21","bucket":"-1","time":1555846685457,"group":{"id":"settings","version":"9"},"event":{"data":{"created":1555846685472,"name":"cycleScrolling","value":true},"id":"UISettings"}}
{"session":"138ad0434814","build":"183.5912.21","bucket":"-1","time":1555846685457,"group":{"id":"settings","version":"9"},"event":{"data":{"created":1555846685473,"name":"defaultAutoScrollToSource","value":false},"id":"UISettings"}}
{"session":"138ad0434814","build":"183.5912.21","bucket":"-1","time":1555846685457,"group":{"id":"settings","version":"9"},"event":{"data":{"created":1555846685473,"name":"disableMnemonics","value":true},"id":"UISettings"}}
{"session":"138ad0434814","build":"183.5912.21","bucket":"-1","time":1555846685457,"group":{"id":"settings","version":"9"},"event":{"data":{"created":1555846685474,"name":"disableMnemonicsInControls","value":false},"id":"UISettings"}}
{"session":"138ad0434814","build":"183.5912.21","bucket":"-1","time":1555846685457,"group":{"id":"settings","version":"9"},"event":{"data":{"created":1555846685474,"name":"dndWithPressedAltOnly","value":false},"id":"UISettings"}}
{"session":"138ad0434814","build":"183.5912.21","bucket":"-1","time":1555846685458,"group":{"id":"settings","version":"9"},"event":{"data":{"created":1555846685475,"name":"enableAlphaMode","value":false},"id":"UISettings"}}
{"session":"138ad0434814","build":"183.5912.21","bucket":"-1","time":1555846685458,"group":{"id":"settings","version":"9"},"event":{"data":{"created":1555846685476,"name":"hideKnownExtensionInTabs","value":false},"id":"UISettings"}}
{"session":"138ad0434814","build":"183.5912.21","bucket":"-1","time":1555846685458,"group":{"id":"settings","version":"9"},"event":{"data":{"created":1555846685476,"name":"hideNavigationOnFocusLoss","value":true},"id":"UISettings"}}
{"session":"138ad0434814","build":"183.5912.21","bucket":"-1","time":1555846685458,"group":{"id":"settings","version":"9"},"event":{"data":{"created":1555846685477,"name":"hideTabsIfNeed","value":true},"id":"UISettings"}}
{"session":"138ad0434814","build":"183.5912.21","bucket":"-1","time":1555846685458,"group":{"id":"settings","version":"9"},"event":{"data":{"created":1555846685478,"name":"hideToolStripes","value":false},"id":"UISettings"}}
{"session":"138ad0434814","build":"183.5912.21","bucket":"-1","time":1555846685458,"group":{"id":"settings","version":"9"},"event":{"data":{"created":1555846685479,"name":"leftHorizontalSplit","value":false},"id":"UISettings"}}
{"session":"138ad0434814","build":"183.5912.21","bucket":"-1","time":1555846685458,"group":{"id":"settings","version":"9"},"event":{"data":{"created":1555846685479,"name":"markModifiedTabsWithAsterisk","value":false},"id":"UISettings"}}
{"session":"138ad0434814","build":"183.5912.21","bucket":"-1","time":1555846685458,"group":{"id":"settings","version":"9"},"event":{"data":{"created":1555846685480,"name":"mergeEqualStackTraces","value":true},"id":"UISettings"}}
{"session":"138ad0434814","build":"183.5912.21","bucket":"-1","time":1555846685458,"group":{"id":"settings","version":"9"},"event":{"data":{"created":1555846685480,"name":"moveMouseOnDefaultButton","value":false},"id":"UISettings"}}
{"session":"138ad0434814","build":"183.5912.21","bucket":"-1","time":1555846685458,"group":{"id":"settings","version":"9"},"event":{"data":{"created":1555846685480,"name":"navigateToPreview","value":false},"id":"UISettings"}}
{"session":"138ad0434814","build":"183.5912.21","bucket":"-1","time":1555846685458,"group":{"id":"settings","version":"9"},"event":{"data":{"created":1555846685481,"name":"overrideConsoleCycleBufferSize","value":false},"id":"UISettings"}}
{"session":"138ad0434814","build":"183.5912.21","bucket":"-1","time":1555846685458,"group":{"id":"settings","version":"9"},"event":{"data":{"created":1555846685481,"name":"overrideLafFonts","value":false},"id":"UISettings"}}
{"session":"138ad0434814","build":"183.5912.21","bucket":"-1","time":1555846685458,"group":{"id":"settings","version":"9"},"event":{"data":{"created":1555846685482,"name":"pinFindInPath","value":false},"id":"UISettings"}}
{"session":"138ad0434814","build":"183.5912.21","bucket":"-1","time":1555846685458,"group":{"id":"settings","version":"9"},"event":{"data":{"created":1555846685482,"name":"presentationMode","value":false},"id":"UISettings"}}
{"session":"138ad0434814","build":"183.5912.21","bucket":"-1","time":1555846685458,"group":{"id":"settings","version":"9"},"event":{"data":{"created":1555846685483,"name":"reuseNotModifiedTabs","value":false},"id":"UISettings"}}
{"session":"138ad0434814","build":"183.5912.21","bucket":"-1","time":1555846685458,"group":{"id":"settings","version":"9"},"event":{"data":{"created":1555846685483,"name":"rightHorizontalSplit","value":false},"id":"UISettings"}}
{"session":"138ad0434814","build":"183.5912.21","bucket":"-1","time":1555846685458,"group":{"id":"settings","version":"9"},"event":{"data":{"created":1555846685483,"name":"scrollTabLayoutInEditor","value":true},"id":"UISettings"}}
{"session":"138ad0434814","build":"183.5912.21","bucket":"-1","time":1555846685458,"group":{"id":"settings","version":"9"},"event":{"data":{"created":1555846685484,"name":"showCloseButton","value":true},"id":"UISettings"}}
{"session":"138ad0434814","build":"183.5912.21","bucket":"-1","time":1555846685458,"group":{"id":"settings","version":"9"},"event":{"data":{"created":1555846685484,"name":"showDirectoryForNonUniqueFilenames","value":true},"id":"UISettings"}}
{"session":"138ad0434814","build":"183.5912.21","bucket":"-1","time":1555846685458,"group":{"id":"settings","version":"9"},"event":{"data":{"created":1555846685484,"name":"showEditorToolTip","value":true},"id":"UISettings"}}
{"session":"138ad0434814","build":"183.5912.21","bucket":"-1","time":1555846685458,"group":{"id":"settings","version":"9"},"event":{"data":{"created":1555846685485,"name":"showIconInQuickNavigation","value":true},"id":"UISettings"}}
{"session":"138ad0434814","build":"183.5912.21","bucket":"-1","time":1555846685458,"group":{"id":"settings","version":"9"},"event":{"data":{"created":1555846685485,"name":"showIconsInMenus","value":true},"id":"UISettings"}}
{"session":"138ad0434814","build":"183.5912.21","bucket":"-1","time":1555846685458,"group":{"id":"settings","version":"9"},"event":{"data":{"created":1555846685485,"name":"showMainToolbar","value":false},"id":"UISettings"}}
{"session":"138ad0434814","build":"183.5912.21","bucket":"-1","time":1555846685458,"group":{"id":"settings","version":"9"},"event":{"data":{"created":1555846685486,"name":"showMemoryIndicator","value":false},"id":"UISettings"}}
{"session":"138ad0434814","build":"183.5912.21","bucket":"-1","time":1555846685458,"group":{"id":"settings","version":"9"},"event":{"data":{"created":1555846685486,"name":"showNavigationBar","value":true},"id":"UISettings"}}
{"session":"138ad0434814","build":"183.5912.21","bucket":"-1","time":1555846685458,"group":{"id":"settings","version":"9"},"event":{"data":{"created":1555846685487,"name":"showStatusBar","value":true},"id":"UISettings"}}
{"session":"138ad0434814","build":"183.5912.21","bucket":"-1","time":1555846685458,"group":{"id":"settings","version":"9"},"event":{"data":{"created":1555846685487,"name":"showTabsTooltips","value":true},"id":"UISettings"}}
{"session":"138ad0434814","build":"183.5912.21","bucket":"-1","time":1555846685458,"group":{"id":"settings","version":"9"},"event":{"data":{"created":1555846685487,"name":"showToolWindowsNumbers","value":true},"id":"UISettings"}}
{"session":"138ad0434814","build":"183.5912.21","bucket":"-1","time":1555846685458,"group":{"id":"settings","version":"9"},"event":{"data":{"created":1555846685488,"name":"smoothScrolling","value":true},"id":"UISettings"}}
{"session":"138ad0434814","build":"183.5912.21","bucket":"-1","time":1555846685458,"group":{"id":"settings","version":"9"},"event":{"data":{"created":1555846685488,"name":"sortBookmarks","value":false},"id":"UISettings"}}
{"session":"138ad0434814","build":"183.5912.21","bucket":"-1","time":1555846685458,"group":{"id":"settings","version":"9"},"event":{"data":{"created":1555846685489,"name":"sortLookupElementsLexicographically","value":false},"id":"UISettings"}}
{"session":"138ad0434814","build":"183.5912.21","bucket":"-1","time":1555846685458,"group":{"id":"settings","version":"9"},"event":{"data":{"created":1555846685489,"name":"useSmallLabelsOnTabs","value":true},"id":"UISettings"}}
{"session":"138ad0434814","build":"183.5912.21","bucket":"-1","time":1555846685458,"group":{"id":"settings","version":"9"},"event":{"data":{"created":1555846685489,"name":"wideScreenSupport","value":false},"id":"UISettings"}}
{"session":"138ad0434814","build":"183.5912.21","bucket":"-1","time":1555846686259,"group":{"id":"settings","version":"9"},"event":{"data":{"created":1555846686259,"name":"autoSaveIfInactive","value":false},"id":"GeneralSettings"}}
{"session":"138ad0434814","build":"183.5912.21","bucket":"-1","time":1555846686259,"group":{"id":"settings","version":"9"},"event":{"data":{"default":false,"created":1555846686260,"name":"confirmExit","value":false},"id":"GeneralSettings"}}
{"session":"138ad0434814","build":"183.5912.21","bucket":"-1","time":1555846686259,"group":{"id":"settings","version":"9"},"event":{"data":{"created":1555846686260,"name":"reopenLastProject","value":true},"id":"GeneralSettings"}}
{"session":"138ad0434814","build":"183.5912.21","bucket":"-1","time":1555846686259,"group":{"id":"settings","version":"9"},"event":{"data":{"created":1555846686261,"name":"saveOnFrameDeactivation","value":true},"id":"GeneralSettings"}}
{"session":"138ad0434814","build":"183.5912.21","bucket":"-1","time":1555846686259,"group":{"id":"settings","version":"9"},"event":{"data":{"created":1555846686261,"name":"searchInBackground","value":false},"id":"GeneralSettings"}}
{"session":"138ad0434814","build":"183.5912.21","bucket":"-1","time":1555846686259,"group":{"id":"settings","version":"9"},"event":{"data":{"default":false,"created":1555846686261,"name":"showTipsOnStartup","value":false},"id":"GeneralSettings"}}
{"session":"138ad0434814","build":"183.5912.21","bucket":"-1","time":1555846686259,"group":{"id":"settings","version":"9"},"event":{"data":{"created":1555846686262,"name":"showWelcomeScreen","value":true},"id":"GeneralSettings"}}
{"session":"138ad0434814","build":"183.5912.21","bucket":"-1","time":1555846686259,"group":{"id":"settings","version":"9"},"event":{"data":{"created":1555846686262,"name":"supportScreenReaders","value":false},"id":"GeneralSettings"}}
{"session":"138ad0434814","build":"183.5912.21","bucket":"-1","time":1555846686259,"group":{"id":"settings","version":"9"},"event":{"data":{"created":1555846686263,"name":"syncOnFrameActivation","value":true},"id":"GeneralSettings"}}
{"session":"138ad0434814","build":"183.5912.21","bucket":"-1","time":1555846686259,"group":{"id":"settings","version":"9"},"event":{"data":{"created":1555846686263,"name":"useDefaultBrowser","value":true},"id":"GeneralSettings"}}
{"session":"138ad0434814","build":"183.5912.21","bucket":"-1","time":1555846686259,"group":{"id":"settings","version":"9"},"event":{"data":{"created":1555846686263,"name":"useSafeWrite","value":true},"id":"GeneralSettings"}}
{"session":"138ad0434814","build":"183.5912.21","bucket":"-1","time":1555846702501,"group":{"id":"ui.dialogs","version":"9"},"event":{"count":1,"data":{"created":1555846702501,"type":"show"},"id":"com.intellij.openapi.progress.util.ProgressDialog$MyDialogWrapper"}}
{"session":"138ad0434814","build":"183.5912.21","bucket":"-1","time":1555846703100,"group":{"id":"statistics.lifecycle.app","version":"9"},"event":{"count":1,"data":{"created":1555846703101,"data_2":"10+","data_1":"timeSecondsGrouped"},"id":"ide.freeze"}}
{"session":"138ad0434814","build":"183.5912.21","bucket":"-1","time":1555846703102,"group":{"id":"lifecycle","version":"9"},"event":{"count":1,"data":{"durationSeconds":17,"created":1555846703102},"id":"ide.freeze"}}
{"session":"138ad0434814","build":"183.5912.21","bucket":"-1","time":1555846704590,"group":{"id":"statistics.lifecycle.app","version":"9"},"event":{"count":1,"data":{"created":1555846704590,"data_2":"mappingFailed:false","data_1":"OOM:false","data_3":"pluginId:unknown"},"id":"ide.error"}}
{"session":"138ad0434814","build":"183.5912.21","bucket":"-1","time":1555846704806,"group":{"id":"ui.dialogs","version":"9"},"event":{"count":1,"data":{"code":1,"created":1555846704806,"type":"close"},"id":"com.intellij.openapi.progress.util.ProgressDialog$MyDialogWrapper"}}
{"session":"138ad0434814","build":"183.5912.21","bucket":"-1","time":1555846704841,"group":{"id":"statistics.lifecycle.project","version":"9"},"event":{"count":1,"data":{"created":1555846704841,"project":"-1379659210"},"id":"project.opened"}}
{"session":"138ad0434814","build":"183.5912.21","bucket":"-1","time":1555846704841,"group":{"id":"lifecycle","version":"9"},"event":{"count":1,"data":{"created":1555846704841},"id":"project.opened"}}
{"session":"138ad0434814","build":"183.5912.21","bucket":"-1","time":1555846706421,"group":{"id":"ui.dialogs","version":"9"},"event":{"count":1,"data":{"created":1555846706421,"type":"show"},"id":"com.intellij.openapi.progress.util.ProgressDialog$MyDialogWrapper"}}
{"session":"138ad0434814","build":"183.5912.21","bucket":"-1","time":1555846708854,"group":{"id":"toolwindow.v2","version":"9"},"event":{"count":1,"data":{"created":1555846708854,"data_1":"Mac"},"id":"Project_by_Activation"}}
{"session":"138ad0434814","build":"183.5912.21","bucket":"-1","time":1555846709804,"group":{"id":"statistics.lifecycle.app","version":"9"},"event":{"count":1,"data":{"created":1555846709804},"id":"ide.start"}}
{"session":"138ad0434814","build":"183.5912.21","bucket":"-1","time":1555846709804,"group":{"id":"lifecycle","version":"9"},"event":{"count":1,"data":{"created":1555846709804},"id":"app.started"}}
{"session":"138ad0434814","build":"183.5912.21","bucket":"-1","time":1555846711117,"group":{"id":"ui.dialogs","version":"9"},"event":{"count":1,"data":{"code":1,"created":1555846711117,"type":"close"},"id":"com.intellij.openapi.progress.util.ProgressDialog$MyDialogWrapper"}}
{"session":"138ad0434814","build":"183.5912.21","bucket":"-1","time":1555846712026,"group":{"id":"statistics.lifecycle.project","version":"9"},"event":{"count":1,"data":{"created":1555846712026,"project":"-1379659210"},"id":"project.open.time.9"}}
{"session":"138ad0434814","build":"183.5912.21","bucket":"-1","time":1555846712026,"group":{"id":"lifecycle","version":"9"},"event":{"count":1,"data":{"created":1555846712027,"time.ms":9955},"id":"project.opening.finished"}}
{"session":"138ad0434814","build":"183.5912.21","bucket":"-1","time":1555846740996,"group":{"id":"actions.v2","version":"9"},"event":{"count":1,"data":{"context_menu":false,"created":1555846740996,"data_1":"Mac","input_event":"Alt+Enter"},"id":"ShowIntentionActions"}}
{"session":"138ad0434814","build":"183.5912.21","bucket":"-1","time":1555846741619,"group":{"id":"statistics.actions.intentions","version":"9"},"event":{"count":1,"data":{"created":1555846741619,"data_1":"Mac"},"id":"JAVA_NOT_LISTED"}}
