{"session":"7af05422dfc3","build":"183.5912.21","bucket":"-1","time":1555831462338,"group":{"id":"system.os.name","version":"9"},"event":{"data":{"created":1555831462339},"id":"Mac.OS.X"}}
{"session":"7af05422dfc3","build":"183.5912.21","bucket":"-1","time":1555831462339,"group":{"id":"system.os.version","version":"9"},"event":{"data":{"created":1555831462348},"id":"10.13.6"}}
{"session":"7af05422dfc3","build":"183.5912.21","bucket":"-1","time":1555831462339,"group":{"id":"system.jvm.vendor","version":"9"},"event":{"data":{"created":1555831462359},"id":"JetBrains_s.r.o"}}
{"session":"7af05422dfc3","build":"183.5912.21","bucket":"-1","time":1555831462339,"group":{"id":"system.jvm.version","version":"9"},"event":{"data":{"created":1555831462360},"id":"1.8"}}
{"session":"7af05422dfc3","build":"183.5912.21","bucket":"-1","time":1555831462347,"group":{"id":"settings","version":"9"},"event":{"data":{"created":1555831462361,"name":"activeMruEditorOnClose","value":false},"id":"UISettings"}}
{"session":"7af05422dfc3","build":"183.5912.21","bucket":"-1","time":1555831462347,"group":{"id":"settings","version":"9"},"event":{"data":{"created":1555831462362,"name":"activeRightEditorOnClose","value":false},"id":"UISettings"}}
{"session":"7af05422dfc3","build":"183.5912.21","bucket":"-1","time":1555831462347,"group":{"id":"settings","version":"9"},"event":{"data":{"created":1555831462362,"name":"allowMergeButtons","value":true},"id":"UISettings"}}
{"session":"7af05422dfc3","build":"183.5912.21","bucket":"-1","time":1555831462347,"group":{"id":"settings","version":"9"},"event":{"data":{"created":1555831462363,"name":"alwaysShowWindowsButton","value":false},"id":"UISettings"}}
{"session":"7af05422dfc3","build":"183.5912.21","bucket":"-1","time":1555831462347,"group":{"id":"settings","version":"9"},"event":{"data":{"created":1555831462363,"name":"animateWindows","value":true},"id":"UISettings"}}
{"session":"7af05422dfc3","build":"183.5912.21","bucket":"-1","time":1555831462347,"group":{"id":"settings","version":"9"},"event":{"data":{"created":1555831462364,"name":"closeNonModifiedFilesFirst","value":false},"id":"UISettings"}}
{"session":"7af05422dfc3","build":"183.5912.21","bucket":"-1","time":1555831462347,"group":{"id":"settings","version":"9"},"event":{"data":{"created":1555831462364,"name":"closeTabButtonOnTheRight","value":true},"id":"UISettings"}}
{"session":"7af05422dfc3","build":"183.5912.21","bucket":"-1","time":1555831462347,"group":{"id":"settings","version":"9"},"event":{"data":{"created":1555831462365,"name":"cycleScrolling","value":true},"id":"UISettings"}}
{"session":"7af05422dfc3","build":"183.5912.21","bucket":"-1","time":1555831462347,"group":{"id":"settings","version":"9"},"event":{"data":{"created":1555831462365,"name":"defaultAutoScrollToSource","value":false},"id":"UISettings"}}
{"session":"7af05422dfc3","build":"183.5912.21","bucket":"-1","time":1555831462347,"group":{"id":"settings","version":"9"},"event":{"data":{"created":1555831462365,"name":"disableMnemonics","value":true},"id":"UISettings"}}
{"session":"7af05422dfc3","build":"183.5912.21","bucket":"-1","time":1555831462347,"group":{"id":"settings","version":"9"},"event":{"data":{"created":1555831462366,"name":"disableMnemonicsInControls","value":false},"id":"UISettings"}}
{"session":"7af05422dfc3","build":"183.5912.21","bucket":"-1","time":1555831462347,"group":{"id":"settings","version":"9"},"event":{"data":{"created":1555831462367,"name":"dndWithPressedAltOnly","value":false},"id":"UISettings"}}
{"session":"7af05422dfc3","build":"183.5912.21","bucket":"-1","time":1555831462347,"group":{"id":"settings","version":"9"},"event":{"data":{"created":1555831462367,"name":"enableAlphaMode","value":false},"id":"UISettings"}}
{"session":"7af05422dfc3","build":"183.5912.21","bucket":"-1","time":1555831462347,"group":{"id":"settings","version":"9"},"event":{"data":{"created":1555831462368,"name":"hideKnownExtensionInTabs","value":false},"id":"UISettings"}}
{"session":"7af05422dfc3","build":"183.5912.21","bucket":"-1","time":1555831462347,"group":{"id":"settings","version":"9"},"event":{"data":{"created":1555831462369,"name":"hideNavigationOnFocusLoss","value":true},"id":"UISettings"}}
{"session":"7af05422dfc3","build":"183.5912.21","bucket":"-1","time":1555831462347,"group":{"id":"settings","version":"9"},"event":{"data":{"created":1555831462370,"name":"hideTabsIfNeed","value":true},"id":"UISettings"}}
{"session":"7af05422dfc3","build":"183.5912.21","bucket":"-1","time":1555831462347,"group":{"id":"settings","version":"9"},"event":{"data":{"created":1555831462370,"name":"hideToolStripes","value":false},"id":"UISettings"}}
{"session":"7af05422dfc3","build":"183.5912.21","bucket":"-1","time":1555831462347,"group":{"id":"settings","version":"9"},"event":{"data":{"created":1555831462371,"name":"leftHorizontalSplit","value":false},"id":"UISettings"}}
{"session":"7af05422dfc3","build":"183.5912.21","bucket":"-1","time":1555831462347,"group":{"id":"settings","version":"9"},"event":{"data":{"created":1555831462371,"name":"markModifiedTabsWithAsterisk","value":false},"id":"UISettings"}}
{"session":"7af05422dfc3","build":"183.5912.21","bucket":"-1","time":1555831462347,"group":{"id":"settings","version":"9"},"event":{"data":{"created":1555831462372,"name":"mergeEqualStackTraces","value":true},"id":"UISettings"}}
{"session":"7af05422dfc3","build":"183.5912.21","bucket":"-1","time":1555831462347,"group":{"id":"settings","version":"9"},"event":{"data":{"created":1555831462373,"name":"moveMouseOnDefaultButton","value":false},"id":"UISettings"}}
{"session":"7af05422dfc3","build":"183.5912.21","bucket":"-1","time":1555831462347,"group":{"id":"settings","version":"9"},"event":{"data":{"created":1555831462373,"name":"navigateToPreview","value":false},"id":"UISettings"}}
{"session":"7af05422dfc3","build":"183.5912.21","bucket":"-1","time":1555831462347,"group":{"id":"settings","version":"9"},"event":{"data":{"created":1555831462373,"name":"overrideConsoleCycleBufferSize","value":false},"id":"UISettings"}}
{"session":"7af05422dfc3","build":"183.5912.21","bucket":"-1","time":1555831462347,"group":{"id":"settings","version":"9"},"event":{"data":{"created":1555831462374,"name":"overrideLafFonts","value":false},"id":"UISettings"}}
{"session":"7af05422dfc3","build":"183.5912.21","bucket":"-1","time":1555831462347,"group":{"id":"settings","version":"9"},"event":{"data":{"created":1555831462374,"name":"pinFindInPath","value":false},"id":"UISettings"}}
{"session":"7af05422dfc3","build":"183.5912.21","bucket":"-1","time":1555831462347,"group":{"id":"settings","version":"9"},"event":{"data":{"created":1555831462375,"name":"presentationMode","value":false},"id":"UISettings"}}
{"session":"7af05422dfc3","build":"183.5912.21","bucket":"-1","time":1555831462347,"group":{"id":"settings","version":"9"},"event":{"data":{"created":1555831462375,"name":"reuseNotModifiedTabs","value":false},"id":"UISettings"}}
{"session":"7af05422dfc3","build":"183.5912.21","bucket":"-1","time":1555831462347,"group":{"id":"settings","version":"9"},"event":{"data":{"created":1555831462376,"name":"rightHorizontalSplit","value":false},"id":"UISettings"}}
{"session":"7af05422dfc3","build":"183.5912.21","bucket":"-1","time":1555831462347,"group":{"id":"settings","version":"9"},"event":{"data":{"created":1555831462376,"name":"scrollTabLayoutInEditor","value":true},"id":"UISettings"}}
{"session":"7af05422dfc3","build":"183.5912.21","bucket":"-1","time":1555831462347,"group":{"id":"settings","version":"9"},"event":{"data":{"created":1555831462377,"name":"showCloseButton","value":true},"id":"UISettings"}}
{"session":"7af05422dfc3","build":"183.5912.21","bucket":"-1","time":1555831462347,"group":{"id":"settings","version":"9"},"event":{"data":{"created":1555831462377,"name":"showDirectoryForNonUniqueFilenames","value":true},"id":"UISettings"}}
{"session":"7af05422dfc3","build":"183.5912.21","bucket":"-1","time":1555831462347,"group":{"id":"settings","version":"9"},"event":{"data":{"created":1555831462378,"name":"showEditorToolTip","value":true},"id":"UISettings"}}
{"session":"7af05422dfc3","build":"183.5912.21","bucket":"-1","time":1555831462347,"group":{"id":"settings","version":"9"},"event":{"data":{"created":1555831462378,"name":"showIconInQuickNavigation","value":true},"id":"UISettings"}}
{"session":"7af05422dfc3","build":"183.5912.21","bucket":"-1","time":1555831462347,"group":{"id":"settings","version":"9"},"event":{"data":{"created":1555831462378,"name":"showIconsInMenus","value":true},"id":"UISettings"}}
{"session":"7af05422dfc3","build":"183.5912.21","bucket":"-1","time":1555831462347,"group":{"id":"settings","version":"9"},"event":{"data":{"created":1555831462379,"name":"showMainToolbar","value":false},"id":"UISettings"}}
{"session":"7af05422dfc3","build":"183.5912.21","bucket":"-1","time":1555831462347,"group":{"id":"settings","version":"9"},"event":{"data":{"created":1555831462379,"name":"showMemoryIndicator","value":false},"id":"UISettings"}}
{"session":"7af05422dfc3","build":"183.5912.21","bucket":"-1","time":1555831462347,"group":{"id":"settings","version":"9"},"event":{"data":{"created":1555831462380,"name":"showNavigationBar","value":true},"id":"UISettings"}}
{"session":"7af05422dfc3","build":"183.5912.21","bucket":"-1","time":1555831462347,"group":{"id":"settings","version":"9"},"event":{"data":{"created":1555831462380,"name":"showStatusBar","value":true},"id":"UISettings"}}
{"session":"7af05422dfc3","build":"183.5912.21","bucket":"-1","time":1555831462347,"group":{"id":"settings","version":"9"},"event":{"data":{"created":1555831462381,"name":"showTabsTooltips","value":true},"id":"UISettings"}}
{"session":"7af05422dfc3","build":"183.5912.21","bucket":"-1","time":1555831462347,"group":{"id":"settings","version":"9"},"event":{"data":{"created":1555831462381,"name":"showToolWindowsNumbers","value":true},"id":"UISettings"}}
{"session":"7af05422dfc3","build":"183.5912.21","bucket":"-1","time":1555831462347,"group":{"id":"settings","version":"9"},"event":{"data":{"created":1555831462382,"name":"smoothScrolling","value":true},"id":"UISettings"}}
{"session":"7af05422dfc3","build":"183.5912.21","bucket":"-1","time":1555831462347,"group":{"id":"settings","version":"9"},"event":{"data":{"created":1555831462382,"name":"sortBookmarks","value":false},"id":"UISettings"}}
{"session":"7af05422dfc3","build":"183.5912.21","bucket":"-1","time":1555831462348,"group":{"id":"settings","version":"9"},"event":{"data":{"created":1555831462382,"name":"sortLookupElementsLexicographically","value":false},"id":"UISettings"}}
{"session":"7af05422dfc3","build":"183.5912.21","bucket":"-1","time":1555831462348,"group":{"id":"settings","version":"9"},"event":{"data":{"created":1555831462383,"name":"useSmallLabelsOnTabs","value":true},"id":"UISettings"}}
{"session":"7af05422dfc3","build":"183.5912.21","bucket":"-1","time":1555831462348,"group":{"id":"settings","version":"9"},"event":{"data":{"created":1555831462383,"name":"wideScreenSupport","value":false},"id":"UISettings"}}
{"session":"7af05422dfc3","build":"183.5912.21","bucket":"-1","time":1555831462993,"group":{"id":"settings","version":"9"},"event":{"data":{"created":1555831462993,"name":"autoSaveIfInactive","value":false},"id":"GeneralSettings"}}
{"session":"7af05422dfc3","build":"183.5912.21","bucket":"-1","time":1555831462993,"group":{"id":"settings","version":"9"},"event":{"data":{"created":1555831462994,"name":"confirmExit","value":true},"id":"GeneralSettings"}}
{"session":"7af05422dfc3","build":"183.5912.21","bucket":"-1","time":1555831462993,"group":{"id":"settings","version":"9"},"event":{"data":{"created":1555831462994,"name":"reopenLastProject","value":true},"id":"GeneralSettings"}}
{"session":"7af05422dfc3","build":"183.5912.21","bucket":"-1","time":1555831462993,"group":{"id":"settings","version":"9"},"event":{"data":{"created":1555831462995,"name":"saveOnFrameDeactivation","value":true},"id":"GeneralSettings"}}
{"session":"7af05422dfc3","build":"183.5912.21","bucket":"-1","time":1555831462993,"group":{"id":"settings","version":"9"},"event":{"data":{"created":1555831462995,"name":"searchInBackground","value":false},"id":"GeneralSettings"}}
{"session":"7af05422dfc3","build":"183.5912.21","bucket":"-1","time":1555831462993,"group":{"id":"settings","version":"9"},"event":{"data":{"default":false,"created":1555831462995,"name":"showTipsOnStartup","value":false},"id":"GeneralSettings"}}
{"session":"7af05422dfc3","build":"183.5912.21","bucket":"-1","time":1555831462994,"group":{"id":"settings","version":"9"},"event":{"data":{"created":1555831462996,"name":"showWelcomeScreen","value":true},"id":"GeneralSettings"}}
{"session":"7af05422dfc3","build":"183.5912.21","bucket":"-1","time":1555831462994,"group":{"id":"settings","version":"9"},"event":{"data":{"created":1555831462996,"name":"supportScreenReaders","value":false},"id":"GeneralSettings"}}
{"session":"7af05422dfc3","build":"183.5912.21","bucket":"-1","time":1555831462994,"group":{"id":"settings","version":"9"},"event":{"data":{"created":1555831462996,"name":"syncOnFrameActivation","value":true},"id":"GeneralSettings"}}
{"session":"7af05422dfc3","build":"183.5912.21","bucket":"-1","time":1555831462994,"group":{"id":"settings","version":"9"},"event":{"data":{"created":1555831462996,"name":"useDefaultBrowser","value":true},"id":"GeneralSettings"}}
{"session":"7af05422dfc3","build":"183.5912.21","bucket":"-1","time":1555831462994,"group":{"id":"settings","version":"9"},"event":{"data":{"created":1555831462997,"name":"useSafeWrite","value":true},"id":"GeneralSettings"}}
{"session":"7af05422dfc3","build":"183.5912.21","bucket":"-1","time":1555831480551,"group":{"id":"ui.dialogs","version":"9"},"event":{"count":1,"data":{"created":1555831480551,"type":"show"},"id":"com.intellij.openapi.progress.util.ProgressDialog$MyDialogWrapper"}}
{"session":"7af05422dfc3","build":"183.5912.21","bucket":"-1","time":1555831480878,"group":{"id":"statistics.lifecycle.app","version":"9"},"event":{"count":1,"data":{"created":1555831480878,"data_2":"10+","data_1":"timeSecondsGrouped"},"id":"ide.freeze"}}
{"session":"7af05422dfc3","build":"183.5912.21","bucket":"-1","time":1555831480879,"group":{"id":"lifecycle","version":"9"},"event":{"count":1,"data":{"durationSeconds":18,"created":1555831480879},"id":"ide.freeze"}}
{"session":"7af05422dfc3","build":"183.5912.21","bucket":"-1","time":1555831481613,"group":{"id":"statistics.lifecycle.app","version":"9"},"event":{"count":1,"data":{"created":1555831481613,"data_2":"mappingFailed:false","data_1":"OOM:false","data_3":"pluginId:unknown"},"id":"ide.error"}}
{"session":"7af05422dfc3","build":"183.5912.21","bucket":"-1","time":1555831481777,"group":{"id":"ui.dialogs","version":"9"},"event":{"count":1,"data":{"code":1,"created":1555831481777,"type":"close"},"id":"com.intellij.openapi.progress.util.ProgressDialog$MyDialogWrapper"}}
{"session":"7af05422dfc3","build":"183.5912.21","bucket":"-1","time":1555831481802,"group":{"id":"statistics.lifecycle.project","version":"9"},"event":{"count":1,"data":{"created":1555831481802,"project":"-1379659210"},"id":"project.opened"}}
{"session":"7af05422dfc3","build":"183.5912.21","bucket":"-1","time":1555831481802,"group":{"id":"lifecycle","version":"9"},"event":{"count":1,"data":{"created":1555831481803},"id":"project.opened"}}
{"session":"7af05422dfc3","build":"183.5912.21","bucket":"-1","time":1555831482757,"group":{"id":"ui.dialogs","version":"9"},"event":{"count":1,"data":{"created":1555831482757,"type":"show"},"id":"com.intellij.openapi.progress.util.ProgressDialog$MyDialogWrapper"}}
{"session":"7af05422dfc3","build":"183.5912.21","bucket":"-1","time":1555831485073,"group":{"id":"toolwindow.v2","version":"9"},"event":{"count":1,"data":{"created":1555831485073,"data_1":"Mac"},"id":"Project_by_Activation"}}
{"session":"7af05422dfc3","build":"183.5912.21","bucket":"-1","time":1555831485915,"group":{"id":"statistics.lifecycle.app","version":"9"},"event":{"count":1,"data":{"created":1555831485915},"id":"ide.start"}}
{"session":"7af05422dfc3","build":"183.5912.21","bucket":"-1","time":1555831485915,"group":{"id":"lifecycle","version":"9"},"event":{"count":1,"data":{"created":1555831485916},"id":"app.started"}}
{"session":"7af05422dfc3","build":"183.5912.21","bucket":"-1","time":1555831487030,"group":{"id":"ui.dialogs","version":"9"},"event":{"count":1,"data":{"code":1,"created":1555831487030,"type":"close"},"id":"com.intellij.openapi.progress.util.ProgressDialog$MyDialogWrapper"}}
{"session":"7af05422dfc3","build":"183.5912.21","bucket":"-1","time":1555831488004,"group":{"id":"statistics.lifecycle.project","version":"9"},"event":{"count":1,"data":{"created":1555831488004,"project":"-1379659210"},"id":"project.open.time.7"}}
{"session":"7af05422dfc3","build":"183.5912.21","bucket":"-1","time":1555831488004,"group":{"id":"lifecycle","version":"9"},"event":{"count":1,"data":{"created":1555831488004,"time.ms":7879},"id":"project.opening.finished"}}
{"session":"7af05422dfc3","build":"183.5912.21","bucket":"-1","time":1555831491569,"group":{"id":"actions.v2","version":"9"},"event":{"count":1,"data":{"context_menu":false,"created":1555831491569,"data_1":"Mac","input_event":"Shift+F1"},"id":"third.party.plugin.action"}}
{"session":"7af05422dfc3","build":"183.5912.21","bucket":"-1","time":1555831915172,"group":{"id":"statistics.lifecycle.app","version":"9"},"event":{"count":1,"data":{"created":1555831915172},"id":"ide.close"}}
{"session":"7af05422dfc3","build":"183.5912.21","bucket":"-1","time":1555831915172,"group":{"id":"lifecycle","version":"9"},"event":{"count":1,"data":{"restart":false,"created":1555831915178},"id":"app.closed"}}
{"session":"7af05422dfc3","build":"183.5912.21","bucket":"-1","time":1555831915202,"group":{"id":"statistics.lifecycle.project","version":"9"},"event":{"count":1,"data":{"created":1555831915202,"project":"-1379659210"},"id":"project.closed"}}
{"session":"7af05422dfc3","build":"183.5912.21","bucket":"-1","time":1555831915398,"group":{"id":"lifecycle","version":"9"},"event":{"count":1,"data":{"created":1555831915399},"id":"project.closed"}}
