{"session":"328783e89276","build":"183.5912.21","bucket":"-1","time":1555845631953,"group":{"id":"system.os.name","version":"9"},"event":{"data":{"created":1555845631955},"id":"Mac.OS.X"}}
{"session":"328783e89276","build":"183.5912.21","bucket":"-1","time":1555845631955,"group":{"id":"system.os.version","version":"9"},"event":{"data":{"created":1555845631974},"id":"10.13.6"}}
{"session":"328783e89276","build":"183.5912.21","bucket":"-1","time":1555845631955,"group":{"id":"system.jvm.vendor","version":"9"},"event":{"data":{"created":1555845631993},"id":"JetBrains_s.r.o"}}
{"session":"328783e89276","build":"183.5912.21","bucket":"-1","time":1555845631955,"group":{"id":"system.jvm.version","version":"9"},"event":{"data":{"created":1555845631995},"id":"1.8"}}
{"session":"328783e89276","build":"183.5912.21","bucket":"-1","time":1555845631972,"group":{"id":"settings","version":"9"},"event":{"data":{"created":1555845631995,"name":"activeMruEditorOnClose","value":false},"id":"UISettings"}}
{"session":"328783e89276","build":"183.5912.21","bucket":"-1","time":1555845631972,"group":{"id":"settings","version":"9"},"event":{"data":{"created":1555845631996,"name":"activeRightEditorOnClose","value":false},"id":"UISettings"}}
{"session":"328783e89276","build":"183.5912.21","bucket":"-1","time":1555845631972,"group":{"id":"settings","version":"9"},"event":{"data":{"created":1555845631997,"name":"allowMergeButtons","value":true},"id":"UISettings"}}
{"session":"328783e89276","build":"183.5912.21","bucket":"-1","time":1555845631972,"group":{"id":"settings","version":"9"},"event":{"data":{"created":1555845631999,"name":"alwaysShowWindowsButton","value":false},"id":"UISettings"}}
{"session":"328783e89276","build":"183.5912.21","bucket":"-1","time":1555845631972,"group":{"id":"settings","version":"9"},"event":{"data":{"created":1555845632000,"name":"animateWindows","value":true},"id":"UISettings"}}
{"session":"328783e89276","build":"183.5912.21","bucket":"-1","time":1555845631972,"group":{"id":"settings","version":"9"},"event":{"data":{"created":1555845632001,"name":"closeNonModifiedFilesFirst","value":false},"id":"UISettings"}}
{"session":"328783e89276","build":"183.5912.21","bucket":"-1","time":1555845631972,"group":{"id":"settings","version":"9"},"event":{"data":{"created":1555845632003,"name":"closeTabButtonOnTheRight","value":true},"id":"UISettings"}}
{"session":"328783e89276","build":"183.5912.21","bucket":"-1","time":1555845631972,"group":{"id":"settings","version":"9"},"event":{"data":{"created":1555845632004,"name":"cycleScrolling","value":true},"id":"UISettings"}}
{"session":"328783e89276","build":"183.5912.21","bucket":"-1","time":1555845631972,"group":{"id":"settings","version":"9"},"event":{"data":{"created":1555845632005,"name":"defaultAutoScrollToSource","value":false},"id":"UISettings"}}
{"session":"328783e89276","build":"183.5912.21","bucket":"-1","time":1555845631972,"group":{"id":"settings","version":"9"},"event":{"data":{"created":1555845632006,"name":"disableMnemonics","value":true},"id":"UISettings"}}
{"session":"328783e89276","build":"183.5912.21","bucket":"-1","time":1555845631972,"group":{"id":"settings","version":"9"},"event":{"data":{"created":1555845632007,"name":"disableMnemonicsInControls","value":false},"id":"UISettings"}}
{"session":"328783e89276","build":"183.5912.21","bucket":"-1","time":1555845631972,"group":{"id":"settings","version":"9"},"event":{"data":{"created":1555845632008,"name":"dndWithPressedAltOnly","value":false},"id":"UISettings"}}
{"session":"328783e89276","build":"183.5912.21","bucket":"-1","time":1555845631972,"group":{"id":"settings","version":"9"},"event":{"data":{"created":1555845632009,"name":"enableAlphaMode","value":false},"id":"UISettings"}}
{"session":"328783e89276","build":"183.5912.21","bucket":"-1","time":1555845631972,"group":{"id":"settings","version":"9"},"event":{"data":{"created":1555845632010,"name":"hideKnownExtensionInTabs","value":false},"id":"UISettings"}}
{"session":"328783e89276","build":"183.5912.21","bucket":"-1","time":1555845631972,"group":{"id":"settings","version":"9"},"event":{"data":{"created":1555845632011,"name":"hideNavigationOnFocusLoss","value":true},"id":"UISettings"}}
{"session":"328783e89276","build":"183.5912.21","bucket":"-1","time":1555845631972,"group":{"id":"settings","version":"9"},"event":{"data":{"created":1555845632012,"name":"hideTabsIfNeed","value":true},"id":"UISettings"}}
{"session":"328783e89276","build":"183.5912.21","bucket":"-1","time":1555845631972,"group":{"id":"settings","version":"9"},"event":{"data":{"created":1555845632013,"name":"hideToolStripes","value":false},"id":"UISettings"}}
{"session":"328783e89276","build":"183.5912.21","bucket":"-1","time":1555845631972,"group":{"id":"settings","version":"9"},"event":{"data":{"created":1555845632015,"name":"leftHorizontalSplit","value":false},"id":"UISettings"}}
{"session":"328783e89276","build":"183.5912.21","bucket":"-1","time":1555845631972,"group":{"id":"settings","version":"9"},"event":{"data":{"created":1555845632016,"name":"markModifiedTabsWithAsterisk","value":false},"id":"UISettings"}}
{"session":"328783e89276","build":"183.5912.21","bucket":"-1","time":1555845631972,"group":{"id":"settings","version":"9"},"event":{"data":{"created":1555845632017,"name":"mergeEqualStackTraces","value":true},"id":"UISettings"}}
{"session":"328783e89276","build":"183.5912.21","bucket":"-1","time":1555845631973,"group":{"id":"settings","version":"9"},"event":{"data":{"created":1555845632018,"name":"moveMouseOnDefaultButton","value":false},"id":"UISettings"}}
{"session":"328783e89276","build":"183.5912.21","bucket":"-1","time":1555845631973,"group":{"id":"settings","version":"9"},"event":{"data":{"created":1555845632020,"name":"navigateToPreview","value":false},"id":"UISettings"}}
{"session":"328783e89276","build":"183.5912.21","bucket":"-1","time":1555845631973,"group":{"id":"settings","version":"9"},"event":{"data":{"created":1555845632020,"name":"overrideConsoleCycleBufferSize","value":false},"id":"UISettings"}}
{"session":"328783e89276","build":"183.5912.21","bucket":"-1","time":1555845631973,"group":{"id":"settings","version":"9"},"event":{"data":{"created":1555845632022,"name":"overrideLafFonts","value":false},"id":"UISettings"}}
{"session":"328783e89276","build":"183.5912.21","bucket":"-1","time":1555845631973,"group":{"id":"settings","version":"9"},"event":{"data":{"created":1555845632024,"name":"pinFindInPath","value":false},"id":"UISettings"}}
{"session":"328783e89276","build":"183.5912.21","bucket":"-1","time":1555845631973,"group":{"id":"settings","version":"9"},"event":{"data":{"created":1555845632027,"name":"presentationMode","value":false},"id":"UISettings"}}
{"session":"328783e89276","build":"183.5912.21","bucket":"-1","time":1555845631973,"group":{"id":"settings","version":"9"},"event":{"data":{"created":1555845632028,"name":"reuseNotModifiedTabs","value":false},"id":"UISettings"}}
{"session":"328783e89276","build":"183.5912.21","bucket":"-1","time":1555845631973,"group":{"id":"settings","version":"9"},"event":{"data":{"created":1555845632029,"name":"rightHorizontalSplit","value":false},"id":"UISettings"}}
{"session":"328783e89276","build":"183.5912.21","bucket":"-1","time":1555845631973,"group":{"id":"settings","version":"9"},"event":{"data":{"created":1555845632031,"name":"scrollTabLayoutInEditor","value":true},"id":"UISettings"}}
{"session":"328783e89276","build":"183.5912.21","bucket":"-1","time":1555845631973,"group":{"id":"settings","version":"9"},"event":{"data":{"created":1555845632032,"name":"showCloseButton","value":true},"id":"UISettings"}}
{"session":"328783e89276","build":"183.5912.21","bucket":"-1","time":1555845631973,"group":{"id":"settings","version":"9"},"event":{"data":{"created":1555845632033,"name":"showDirectoryForNonUniqueFilenames","value":true},"id":"UISettings"}}
{"session":"328783e89276","build":"183.5912.21","bucket":"-1","time":1555845631973,"group":{"id":"settings","version":"9"},"event":{"data":{"created":1555845632034,"name":"showEditorToolTip","value":true},"id":"UISettings"}}
{"session":"328783e89276","build":"183.5912.21","bucket":"-1","time":1555845631973,"group":{"id":"settings","version":"9"},"event":{"data":{"created":1555845632035,"name":"showIconInQuickNavigation","value":true},"id":"UISettings"}}
{"session":"328783e89276","build":"183.5912.21","bucket":"-1","time":1555845631973,"group":{"id":"settings","version":"9"},"event":{"data":{"created":1555845632035,"name":"showIconsInMenus","value":true},"id":"UISettings"}}
{"session":"328783e89276","build":"183.5912.21","bucket":"-1","time":1555845631973,"group":{"id":"settings","version":"9"},"event":{"data":{"created":1555845632036,"name":"showMainToolbar","value":false},"id":"UISettings"}}
{"session":"328783e89276","build":"183.5912.21","bucket":"-1","time":1555845631973,"group":{"id":"settings","version":"9"},"event":{"data":{"created":1555845632037,"name":"showMemoryIndicator","value":false},"id":"UISettings"}}
{"session":"328783e89276","build":"183.5912.21","bucket":"-1","time":1555845631973,"group":{"id":"settings","version":"9"},"event":{"data":{"created":1555845632037,"name":"showNavigationBar","value":true},"id":"UISettings"}}
{"session":"328783e89276","build":"183.5912.21","bucket":"-1","time":1555845631973,"group":{"id":"settings","version":"9"},"event":{"data":{"created":1555845632038,"name":"showStatusBar","value":true},"id":"UISettings"}}
{"session":"328783e89276","build":"183.5912.21","bucket":"-1","time":1555845631973,"group":{"id":"settings","version":"9"},"event":{"data":{"created":1555845632038,"name":"showTabsTooltips","value":true},"id":"UISettings"}}
{"session":"328783e89276","build":"183.5912.21","bucket":"-1","time":1555845631973,"group":{"id":"settings","version":"9"},"event":{"data":{"created":1555845632039,"name":"showToolWindowsNumbers","value":true},"id":"UISettings"}}
{"session":"328783e89276","build":"183.5912.21","bucket":"-1","time":1555845631973,"group":{"id":"settings","version":"9"},"event":{"data":{"created":1555845632039,"name":"smoothScrolling","value":true},"id":"UISettings"}}
{"session":"328783e89276","build":"183.5912.21","bucket":"-1","time":1555845631973,"group":{"id":"settings","version":"9"},"event":{"data":{"created":1555845632040,"name":"sortBookmarks","value":false},"id":"UISettings"}}
{"session":"328783e89276","build":"183.5912.21","bucket":"-1","time":1555845631973,"group":{"id":"settings","version":"9"},"event":{"data":{"created":1555845632040,"name":"sortLookupElementsLexicographically","value":false},"id":"UISettings"}}
{"session":"328783e89276","build":"183.5912.21","bucket":"-1","time":1555845631973,"group":{"id":"settings","version":"9"},"event":{"data":{"created":1555845632041,"name":"useSmallLabelsOnTabs","value":true},"id":"UISettings"}}
{"session":"328783e89276","build":"183.5912.21","bucket":"-1","time":1555845631973,"group":{"id":"settings","version":"9"},"event":{"data":{"created":1555845632042,"name":"wideScreenSupport","value":false},"id":"UISettings"}}
{"session":"328783e89276","build":"183.5912.21","bucket":"-1","time":1555845632854,"group":{"id":"settings","version":"9"},"event":{"data":{"created":1555845632854,"name":"autoSaveIfInactive","value":false},"id":"GeneralSettings"}}
{"session":"328783e89276","build":"183.5912.21","bucket":"-1","time":1555845632854,"group":{"id":"settings","version":"9"},"event":{"data":{"default":false,"created":1555845632855,"name":"confirmExit","value":false},"id":"GeneralSettings"}}
{"session":"328783e89276","build":"183.5912.21","bucket":"-1","time":1555845632854,"group":{"id":"settings","version":"9"},"event":{"data":{"created":1555845632855,"name":"reopenLastProject","value":true},"id":"GeneralSettings"}}
{"session":"328783e89276","build":"183.5912.21","bucket":"-1","time":1555845632854,"group":{"id":"settings","version":"9"},"event":{"data":{"created":1555845632855,"name":"saveOnFrameDeactivation","value":true},"id":"GeneralSettings"}}
{"session":"328783e89276","build":"183.5912.21","bucket":"-1","time":1555845632854,"group":{"id":"settings","version":"9"},"event":{"data":{"created":1555845632856,"name":"searchInBackground","value":false},"id":"GeneralSettings"}}
{"session":"328783e89276","build":"183.5912.21","bucket":"-1","time":1555845632854,"group":{"id":"settings","version":"9"},"event":{"data":{"default":false,"created":1555845632856,"name":"showTipsOnStartup","value":false},"id":"GeneralSettings"}}
{"session":"328783e89276","build":"183.5912.21","bucket":"-1","time":1555845632854,"group":{"id":"settings","version":"9"},"event":{"data":{"created":1555845632856,"name":"showWelcomeScreen","value":true},"id":"GeneralSettings"}}
{"session":"328783e89276","build":"183.5912.21","bucket":"-1","time":1555845632854,"group":{"id":"settings","version":"9"},"event":{"data":{"created":1555845632856,"name":"supportScreenReaders","value":false},"id":"GeneralSettings"}}
{"session":"328783e89276","build":"183.5912.21","bucket":"-1","time":1555845632854,"group":{"id":"settings","version":"9"},"event":{"data":{"created":1555845632857,"name":"syncOnFrameActivation","value":true},"id":"GeneralSettings"}}
{"session":"328783e89276","build":"183.5912.21","bucket":"-1","time":1555845632854,"group":{"id":"settings","version":"9"},"event":{"data":{"created":1555845632857,"name":"useDefaultBrowser","value":true},"id":"GeneralSettings"}}
{"session":"328783e89276","build":"183.5912.21","bucket":"-1","time":1555845632854,"group":{"id":"settings","version":"9"},"event":{"data":{"created":1555845632857,"name":"useSafeWrite","value":true},"id":"GeneralSettings"}}
{"session":"328783e89276","build":"183.5912.21","bucket":"-1","time":1555845648354,"group":{"id":"statistics.lifecycle.app","version":"9"},"event":{"count":1,"data":{"created":1555845648355},"id":"ide.start"}}
{"session":"328783e89276","build":"183.5912.21","bucket":"-1","time":1555845648356,"group":{"id":"lifecycle","version":"9"},"event":{"count":1,"data":{"created":1555845648356},"id":"app.started"}}
{"session":"328783e89276","build":"183.5912.21","bucket":"-1","time":1555845648813,"group":{"id":"statistics.lifecycle.app","version":"9"},"event":{"count":1,"data":{"created":1555845648813,"data_2":"10+","data_1":"timeSecondsGrouped"},"id":"ide.freeze"}}
{"session":"328783e89276","build":"183.5912.21","bucket":"-1","time":1555845648813,"group":{"id":"lifecycle","version":"9"},"event":{"count":1,"data":{"durationSeconds":16,"created":1555845648813},"id":"ide.freeze"}}
{"session":"328783e89276","build":"183.5912.21","bucket":"-1","time":1555845716482,"group":{"id":"ui.dialogs","version":"9"},"event":{"count":1,"data":{"created":1555845716482,"type":"show"},"id":"com.intellij.openapi.progress.util.ProgressDialog$MyDialogWrapper"}}
{"session":"328783e89276","build":"183.5912.21","bucket":"-1","time":1555845717684,"group":{"id":"statistics.lifecycle.app","version":"9"},"event":{"count":1,"data":{"created":1555845717684,"data_2":"mappingFailed:false","data_1":"OOM:false","data_3":"pluginId:unknown"},"id":"ide.error"}}
{"session":"328783e89276","build":"183.5912.21","bucket":"-1","time":1555845717855,"group":{"id":"ui.dialogs","version":"9"},"event":{"count":1,"data":{"code":1,"created":1555845717855,"type":"close"},"id":"com.intellij.openapi.progress.util.ProgressDialog$MyDialogWrapper"}}
{"session":"328783e89276","build":"183.5912.21","bucket":"-1","time":1555845717891,"group":{"id":"statistics.lifecycle.project","version":"9"},"event":{"count":1,"data":{"created":1555845717891,"project":"-1379659210"},"id":"project.opened"}}
{"session":"328783e89276","build":"183.5912.21","bucket":"-1","time":1555845717891,"group":{"id":"lifecycle","version":"9"},"event":{"count":1,"data":{"created":1555845717891},"id":"project.opened"}}
{"session":"328783e89276","build":"183.5912.21","bucket":"-1","time":1555845719591,"group":{"id":"ui.dialogs","version":"9"},"event":{"count":1,"data":{"created":1555845719591,"type":"show"},"id":"com.intellij.openapi.progress.util.ProgressDialog$MyDialogWrapper"}}
{"session":"328783e89276","build":"183.5912.21","bucket":"-1","time":1555845721834,"group":{"id":"toolwindow.v2","version":"9"},"event":{"count":1,"data":{"created":1555845721834,"data_1":"Mac"},"id":"Project_by_Activation"}}
{"session":"328783e89276","build":"183.5912.21","bucket":"-1","time":1555845723021,"group":{"id":"ui.dialogs","version":"9"},"event":{"count":1,"data":{"code":1,"created":1555845723021,"type":"close"},"id":"com.intellij.openapi.progress.util.ProgressDialog$MyDialogWrapper"}}
{"session":"328783e89276","build":"183.5912.21","bucket":"-1","time":1555845724379,"group":{"id":"statistics.lifecycle.project","version":"9"},"event":{"count":1,"data":{"created":1555845724379,"project":"-1379659210"},"id":"project.open.time.8"}}
{"session":"328783e89276","build":"183.5912.21","bucket":"-1","time":1555845724379,"group":{"id":"lifecycle","version":"9"},"event":{"count":1,"data":{"created":1555845724379,"time.ms":8276},"id":"project.opening.finished"}}
{"session":"328783e89276","build":"183.5912.21","bucket":"-1","time":1555845726986,"group":{"id":"actions.v2","version":"9"},"event":{"count":3,"data":{"context_menu":false,"last":1555845733417,"created":1555845726986,"data_1":"Mac","input_event":"Alt+Enter"},"id":"ShowIntentionActions"}}
{"session":"328783e89276","build":"183.5912.21","bucket":"-1","time":1555845735524,"group":{"id":"statistics.actions.intentions","version":"9"},"event":{"count":1,"data":{"created":1555845735524,"data_1":"Mac"},"id":"JAVA_NOT_LISTED"}}
