{"session":"c058403b1e8a","build":"183.5912.21","bucket":"-1","time":1555831927189,"group":{"id":"system.os.name","version":"9"},"event":{"data":{"created":1555831927190},"id":"Mac.OS.X"}}
{"session":"c058403b1e8a","build":"183.5912.21","bucket":"-1","time":1555831927190,"group":{"id":"system.os.version","version":"9"},"event":{"data":{"created":1555831927199},"id":"10.13.6"}}
{"session":"c058403b1e8a","build":"183.5912.21","bucket":"-1","time":1555831927190,"group":{"id":"system.jvm.vendor","version":"9"},"event":{"data":{"created":1555831927210},"id":"JetBrains_s.r.o"}}
{"session":"c058403b1e8a","build":"183.5912.21","bucket":"-1","time":1555831927190,"group":{"id":"system.jvm.version","version":"9"},"event":{"data":{"created":1555831927211},"id":"1.8"}}
{"session":"c058403b1e8a","build":"183.5912.21","bucket":"-1","time":1555831927201,"group":{"id":"settings","version":"9"},"event":{"data":{"created":1555831927212,"name":"activeMruEditorOnClose","value":false},"id":"UISettings"}}
{"session":"c058403b1e8a","build":"183.5912.21","bucket":"-1","time":1555831927201,"group":{"id":"settings","version":"9"},"event":{"data":{"created":1555831927212,"name":"activeRightEditorOnClose","value":false},"id":"UISettings"}}
{"session":"c058403b1e8a","build":"183.5912.21","bucket":"-1","time":1555831927201,"group":{"id":"settings","version":"9"},"event":{"data":{"created":1555831927213,"name":"allowMergeButtons","value":true},"id":"UISettings"}}
{"session":"c058403b1e8a","build":"183.5912.21","bucket":"-1","time":1555831927201,"group":{"id":"settings","version":"9"},"event":{"data":{"created":1555831927214,"name":"alwaysShowWindowsButton","value":false},"id":"UISettings"}}
{"session":"c058403b1e8a","build":"183.5912.21","bucket":"-1","time":1555831927201,"group":{"id":"settings","version":"9"},"event":{"data":{"created":1555831927214,"name":"animateWindows","value":true},"id":"UISettings"}}
{"session":"c058403b1e8a","build":"183.5912.21","bucket":"-1","time":1555831927201,"group":{"id":"settings","version":"9"},"event":{"data":{"created":1555831927215,"name":"closeNonModifiedFilesFirst","value":false},"id":"UISettings"}}
{"session":"c058403b1e8a","build":"183.5912.21","bucket":"-1","time":1555831927201,"group":{"id":"settings","version":"9"},"event":{"data":{"created":1555831927216,"name":"closeTabButtonOnTheRight","value":true},"id":"UISettings"}}
{"session":"c058403b1e8a","build":"183.5912.21","bucket":"-1","time":1555831927202,"group":{"id":"settings","version":"9"},"event":{"data":{"created":1555831927217,"name":"cycleScrolling","value":true},"id":"UISettings"}}
{"session":"c058403b1e8a","build":"183.5912.21","bucket":"-1","time":1555831927202,"group":{"id":"settings","version":"9"},"event":{"data":{"created":1555831927218,"name":"defaultAutoScrollToSource","value":false},"id":"UISettings"}}
{"session":"c058403b1e8a","build":"183.5912.21","bucket":"-1","time":1555831927202,"group":{"id":"settings","version":"9"},"event":{"data":{"created":1555831927218,"name":"disableMnemonics","value":true},"id":"UISettings"}}
{"session":"c058403b1e8a","build":"183.5912.21","bucket":"-1","time":1555831927202,"group":{"id":"settings","version":"9"},"event":{"data":{"created":1555831927219,"name":"disableMnemonicsInControls","value":false},"id":"UISettings"}}
{"session":"c058403b1e8a","build":"183.5912.21","bucket":"-1","time":1555831927202,"group":{"id":"settings","version":"9"},"event":{"data":{"created":1555831927219,"name":"dndWithPressedAltOnly","value":false},"id":"UISettings"}}
{"session":"c058403b1e8a","build":"183.5912.21","bucket":"-1","time":1555831927202,"group":{"id":"settings","version":"9"},"event":{"data":{"created":1555831927220,"name":"enableAlphaMode","value":false},"id":"UISettings"}}
{"session":"c058403b1e8a","build":"183.5912.21","bucket":"-1","time":1555831927202,"group":{"id":"settings","version":"9"},"event":{"data":{"created":1555831927221,"name":"hideKnownExtensionInTabs","value":false},"id":"UISettings"}}
{"session":"c058403b1e8a","build":"183.5912.21","bucket":"-1","time":1555831927202,"group":{"id":"settings","version":"9"},"event":{"data":{"created":1555831927221,"name":"hideNavigationOnFocusLoss","value":true},"id":"UISettings"}}
{"session":"c058403b1e8a","build":"183.5912.21","bucket":"-1","time":1555831927202,"group":{"id":"settings","version":"9"},"event":{"data":{"created":1555831927222,"name":"hideTabsIfNeed","value":true},"id":"UISettings"}}
{"session":"c058403b1e8a","build":"183.5912.21","bucket":"-1","time":1555831927202,"group":{"id":"settings","version":"9"},"event":{"data":{"created":1555831927222,"name":"hideToolStripes","value":false},"id":"UISettings"}}
{"session":"c058403b1e8a","build":"183.5912.21","bucket":"-1","time":1555831927202,"group":{"id":"settings","version":"9"},"event":{"data":{"created":1555831927223,"name":"leftHorizontalSplit","value":false},"id":"UISettings"}}
{"session":"c058403b1e8a","build":"183.5912.21","bucket":"-1","time":1555831927202,"group":{"id":"settings","version":"9"},"event":{"data":{"created":1555831927223,"name":"markModifiedTabsWithAsterisk","value":false},"id":"UISettings"}}
{"session":"c058403b1e8a","build":"183.5912.21","bucket":"-1","time":1555831927202,"group":{"id":"settings","version":"9"},"event":{"data":{"created":1555831927224,"name":"mergeEqualStackTraces","value":true},"id":"UISettings"}}
{"session":"c058403b1e8a","build":"183.5912.21","bucket":"-1","time":1555831927202,"group":{"id":"settings","version":"9"},"event":{"data":{"created":1555831927224,"name":"moveMouseOnDefaultButton","value":false},"id":"UISettings"}}
{"session":"c058403b1e8a","build":"183.5912.21","bucket":"-1","time":1555831927202,"group":{"id":"settings","version":"9"},"event":{"data":{"created":1555831927225,"name":"navigateToPreview","value":false},"id":"UISettings"}}
{"session":"c058403b1e8a","build":"183.5912.21","bucket":"-1","time":1555831927202,"group":{"id":"settings","version":"9"},"event":{"data":{"created":1555831927225,"name":"overrideConsoleCycleBufferSize","value":false},"id":"UISettings"}}
{"session":"c058403b1e8a","build":"183.5912.21","bucket":"-1","time":1555831927202,"group":{"id":"settings","version":"9"},"event":{"data":{"created":1555831927226,"name":"overrideLafFonts","value":false},"id":"UISettings"}}
{"session":"c058403b1e8a","build":"183.5912.21","bucket":"-1","time":1555831927202,"group":{"id":"settings","version":"9"},"event":{"data":{"created":1555831927226,"name":"pinFindInPath","value":false},"id":"UISettings"}}
{"session":"c058403b1e8a","build":"183.5912.21","bucket":"-1","time":1555831927202,"group":{"id":"settings","version":"9"},"event":{"data":{"created":1555831927227,"name":"presentationMode","value":false},"id":"UISettings"}}
{"session":"c058403b1e8a","build":"183.5912.21","bucket":"-1","time":1555831927202,"group":{"id":"settings","version":"9"},"event":{"data":{"created":1555831927227,"name":"reuseNotModifiedTabs","value":false},"id":"UISettings"}}
{"session":"c058403b1e8a","build":"183.5912.21","bucket":"-1","time":1555831927202,"group":{"id":"settings","version":"9"},"event":{"data":{"created":1555831927228,"name":"rightHorizontalSplit","value":false},"id":"UISettings"}}
{"session":"c058403b1e8a","build":"183.5912.21","bucket":"-1","time":1555831927202,"group":{"id":"settings","version":"9"},"event":{"data":{"created":1555831927229,"name":"scrollTabLayoutInEditor","value":true},"id":"UISettings"}}
{"session":"c058403b1e8a","build":"183.5912.21","bucket":"-1","time":1555831927202,"group":{"id":"settings","version":"9"},"event":{"data":{"created":1555831927229,"name":"showCloseButton","value":true},"id":"UISettings"}}
{"session":"c058403b1e8a","build":"183.5912.21","bucket":"-1","time":1555831927202,"group":{"id":"settings","version":"9"},"event":{"data":{"created":1555831927230,"name":"showDirectoryForNonUniqueFilenames","value":true},"id":"UISettings"}}
{"session":"c058403b1e8a","build":"183.5912.21","bucket":"-1","time":1555831927202,"group":{"id":"settings","version":"9"},"event":{"data":{"created":1555831927230,"name":"showEditorToolTip","value":true},"id":"UISettings"}}
{"session":"c058403b1e8a","build":"183.5912.21","bucket":"-1","time":1555831927202,"group":{"id":"settings","version":"9"},"event":{"data":{"created":1555831927231,"name":"showIconInQuickNavigation","value":true},"id":"UISettings"}}
{"session":"c058403b1e8a","build":"183.5912.21","bucket":"-1","time":1555831927202,"group":{"id":"settings","version":"9"},"event":{"data":{"created":1555831927232,"name":"showIconsInMenus","value":true},"id":"UISettings"}}
{"session":"c058403b1e8a","build":"183.5912.21","bucket":"-1","time":1555831927202,"group":{"id":"settings","version":"9"},"event":{"data":{"created":1555831927232,"name":"showMainToolbar","value":false},"id":"UISettings"}}
{"session":"c058403b1e8a","build":"183.5912.21","bucket":"-1","time":1555831927202,"group":{"id":"settings","version":"9"},"event":{"data":{"created":1555831927233,"name":"showMemoryIndicator","value":false},"id":"UISettings"}}
{"session":"c058403b1e8a","build":"183.5912.21","bucket":"-1","time":1555831927202,"group":{"id":"settings","version":"9"},"event":{"data":{"created":1555831927233,"name":"showNavigationBar","value":true},"id":"UISettings"}}
{"session":"c058403b1e8a","build":"183.5912.21","bucket":"-1","time":1555831927202,"group":{"id":"settings","version":"9"},"event":{"data":{"created":1555831927234,"name":"showStatusBar","value":true},"id":"UISettings"}}
{"session":"c058403b1e8a","build":"183.5912.21","bucket":"-1","time":1555831927202,"group":{"id":"settings","version":"9"},"event":{"data":{"created":1555831927234,"name":"showTabsTooltips","value":true},"id":"UISettings"}}
{"session":"c058403b1e8a","build":"183.5912.21","bucket":"-1","time":1555831927202,"group":{"id":"settings","version":"9"},"event":{"data":{"created":1555831927235,"name":"showToolWindowsNumbers","value":true},"id":"UISettings"}}
{"session":"c058403b1e8a","build":"183.5912.21","bucket":"-1","time":1555831927202,"group":{"id":"settings","version":"9"},"event":{"data":{"created":1555831927235,"name":"smoothScrolling","value":true},"id":"UISettings"}}
{"session":"c058403b1e8a","build":"183.5912.21","bucket":"-1","time":1555831927202,"group":{"id":"settings","version":"9"},"event":{"data":{"created":1555831927236,"name":"sortBookmarks","value":false},"id":"UISettings"}}
{"session":"c058403b1e8a","build":"183.5912.21","bucket":"-1","time":1555831927202,"group":{"id":"settings","version":"9"},"event":{"data":{"created":1555831927236,"name":"sortLookupElementsLexicographically","value":false},"id":"UISettings"}}
{"session":"c058403b1e8a","build":"183.5912.21","bucket":"-1","time":1555831927202,"group":{"id":"settings","version":"9"},"event":{"data":{"created":1555831927236,"name":"useSmallLabelsOnTabs","value":true},"id":"UISettings"}}
{"session":"c058403b1e8a","build":"183.5912.21","bucket":"-1","time":1555831927202,"group":{"id":"settings","version":"9"},"event":{"data":{"created":1555831927237,"name":"wideScreenSupport","value":false},"id":"UISettings"}}
{"session":"c058403b1e8a","build":"183.5912.21","bucket":"-1","time":1555831928006,"group":{"id":"settings","version":"9"},"event":{"data":{"created":1555831928006,"name":"autoSaveIfInactive","value":false},"id":"GeneralSettings"}}
{"session":"c058403b1e8a","build":"183.5912.21","bucket":"-1","time":1555831928006,"group":{"id":"settings","version":"9"},"event":{"data":{"default":false,"created":1555831928007,"name":"confirmExit","value":false},"id":"GeneralSettings"}}
{"session":"c058403b1e8a","build":"183.5912.21","bucket":"-1","time":1555831928006,"group":{"id":"settings","version":"9"},"event":{"data":{"created":1555831928007,"name":"reopenLastProject","value":true},"id":"GeneralSettings"}}
{"session":"c058403b1e8a","build":"183.5912.21","bucket":"-1","time":1555831928006,"group":{"id":"settings","version":"9"},"event":{"data":{"created":1555831928008,"name":"saveOnFrameDeactivation","value":true},"id":"GeneralSettings"}}
{"session":"c058403b1e8a","build":"183.5912.21","bucket":"-1","time":1555831928006,"group":{"id":"settings","version":"9"},"event":{"data":{"created":1555831928008,"name":"searchInBackground","value":false},"id":"GeneralSettings"}}
{"session":"c058403b1e8a","build":"183.5912.21","bucket":"-1","time":1555831928007,"group":{"id":"settings","version":"9"},"event":{"data":{"default":false,"created":1555831928009,"name":"showTipsOnStartup","value":false},"id":"GeneralSettings"}}
{"session":"c058403b1e8a","build":"183.5912.21","bucket":"-1","time":1555831928007,"group":{"id":"settings","version":"9"},"event":{"data":{"created":1555831928009,"name":"showWelcomeScreen","value":true},"id":"GeneralSettings"}}
{"session":"c058403b1e8a","build":"183.5912.21","bucket":"-1","time":1555831928007,"group":{"id":"settings","version":"9"},"event":{"data":{"created":1555831928009,"name":"supportScreenReaders","value":false},"id":"GeneralSettings"}}
{"session":"c058403b1e8a","build":"183.5912.21","bucket":"-1","time":1555831928007,"group":{"id":"settings","version":"9"},"event":{"data":{"created":1555831928010,"name":"syncOnFrameActivation","value":true},"id":"GeneralSettings"}}
{"session":"c058403b1e8a","build":"183.5912.21","bucket":"-1","time":1555831928007,"group":{"id":"settings","version":"9"},"event":{"data":{"created":1555831928010,"name":"useDefaultBrowser","value":true},"id":"GeneralSettings"}}
{"session":"c058403b1e8a","build":"183.5912.21","bucket":"-1","time":1555831928007,"group":{"id":"settings","version":"9"},"event":{"data":{"created":1555831928010,"name":"useSafeWrite","value":true},"id":"GeneralSettings"}}
{"session":"c058403b1e8a","build":"183.5912.21","bucket":"-1","time":1555831944610,"group":{"id":"ui.dialogs","version":"9"},"event":{"count":1,"data":{"created":1555831944610,"type":"show"},"id":"com.intellij.openapi.progress.util.ProgressDialog$MyDialogWrapper"}}
{"session":"c058403b1e8a","build":"183.5912.21","bucket":"-1","time":1555831944823,"group":{"id":"statistics.lifecycle.app","version":"9"},"event":{"count":1,"data":{"created":1555831944823,"data_2":"10+","data_1":"timeSecondsGrouped"},"id":"ide.freeze"}}
{"session":"c058403b1e8a","build":"183.5912.21","bucket":"-1","time":1555831944824,"group":{"id":"lifecycle","version":"9"},"event":{"count":1,"data":{"durationSeconds":17,"created":1555831944824},"id":"ide.freeze"}}
{"session":"c058403b1e8a","build":"183.5912.21","bucket":"-1","time":1555831945669,"group":{"id":"statistics.lifecycle.app","version":"9"},"event":{"count":1,"data":{"created":1555831945669,"data_2":"mappingFailed:false","data_1":"OOM:false","data_3":"pluginId:unknown"},"id":"ide.error"}}
{"session":"c058403b1e8a","build":"183.5912.21","bucket":"-1","time":1555831945811,"group":{"id":"ui.dialogs","version":"9"},"event":{"count":1,"data":{"code":1,"created":1555831945811,"type":"close"},"id":"com.intellij.openapi.progress.util.ProgressDialog$MyDialogWrapper"}}
{"session":"c058403b1e8a","build":"183.5912.21","bucket":"-1","time":1555831945837,"group":{"id":"statistics.lifecycle.project","version":"9"},"event":{"count":1,"data":{"created":1555831945837,"project":"-1379659210"},"id":"project.opened"}}
{"session":"c058403b1e8a","build":"183.5912.21","bucket":"-1","time":1555831945837,"group":{"id":"lifecycle","version":"9"},"event":{"count":1,"data":{"created":1555831945837},"id":"project.opened"}}
{"session":"c058403b1e8a","build":"183.5912.21","bucket":"-1","time":1555831946766,"group":{"id":"ui.dialogs","version":"9"},"event":{"count":1,"data":{"created":1555831946766,"type":"show"},"id":"com.intellij.openapi.progress.util.ProgressDialog$MyDialogWrapper"}}
{"session":"c058403b1e8a","build":"183.5912.21","bucket":"-1","time":1555831948959,"group":{"id":"toolwindow.v2","version":"9"},"event":{"count":1,"data":{"created":1555831948959,"data_1":"Mac"},"id":"Project_by_Activation"}}
{"session":"c058403b1e8a","build":"183.5912.21","bucket":"-1","time":1555831949493,"group":{"id":"statistics.lifecycle.app","version":"9"},"event":{"count":1,"data":{"created":1555831949493},"id":"ide.start"}}
{"session":"c058403b1e8a","build":"183.5912.21","bucket":"-1","time":1555831949493,"group":{"id":"lifecycle","version":"9"},"event":{"count":1,"data":{"created":1555831949493},"id":"app.started"}}
{"session":"c058403b1e8a","build":"183.5912.21","bucket":"-1","time":1555831950698,"group":{"id":"ui.dialogs","version":"9"},"event":{"count":1,"data":{"code":1,"created":1555831950698,"type":"close"},"id":"com.intellij.openapi.progress.util.ProgressDialog$MyDialogWrapper"}}
{"session":"c058403b1e8a","build":"183.5912.21","bucket":"-1","time":1555831951298,"group":{"id":"statistics.lifecycle.project","version":"9"},"event":{"count":1,"data":{"created":1555831951298,"project":"-1379659210"},"id":"project.open.time.7"}}
{"session":"c058403b1e8a","build":"183.5912.21","bucket":"-1","time":1555831951298,"group":{"id":"lifecycle","version":"9"},"event":{"count":1,"data":{"created":1555831951298,"time.ms":7118},"id":"project.opening.finished"}}
{"session":"c058403b1e8a","build":"183.5912.21","bucket":"-1","time":1555831956292,"group":{"id":"actions.v2","version":"9"},"event":{"count":1,"data":{"context_menu":false,"created":1555831956292,"data_1":"Mac","input_event":"Shift+F1"},"id":"third.party.plugin.action"}}
{"session":"c058403b1e8a","build":"183.5912.21","bucket":"-1","time":1555831966684,"group":{"id":"statistics.file.types.open","version":"9"},"event":{"count":1,"data":{"created":1555831966684,"project":"-1379659210"},"id":"JAVA"}}
{"session":"c058403b1e8a","build":"183.5912.21","bucket":"-1","time":1555831968539,"group":{"id":"actions.v2","version":"9"},"event":{"count":1,"data":{"context_menu":false,"created":1555831968539,"data_1":"Mac","input_event":"Shift+F1"},"id":"third.party.plugin.action"}}
{"session":"c058403b1e8a","build":"183.5912.21","bucket":"-1","time":1555832098449,"group":{"id":"statistics.lifecycle.app","version":"9"},"event":{"count":1,"data":{"created":1555832098450},"id":"ide.close"}}
{"session":"c058403b1e8a","build":"183.5912.21","bucket":"-1","time":1555832098450,"group":{"id":"lifecycle","version":"9"},"event":{"count":1,"data":{"restart":false,"created":1555832098455},"id":"app.closed"}}
{"session":"c058403b1e8a","build":"183.5912.21","bucket":"-1","time":1555832098479,"group":{"id":"statistics.lifecycle.project","version":"9"},"event":{"count":1,"data":{"created":1555832098479,"project":"-1379659210"},"id":"project.closed"}}
{"session":"c058403b1e8a","build":"183.5912.21","bucket":"-1","time":1555832098643,"group":{"id":"lifecycle","version":"9"},"event":{"count":1,"data":{"created":1555832098643},"id":"project.closed"}}
