{"session":"285aa0be16cc","build":"183.5912.21","bucket":"-1","time":1555836045390,"group":{"id":"system.os.name","version":"9"},"event":{"data":{"created":1555836045391},"id":"Mac.OS.X"}}
{"session":"285aa0be16cc","build":"183.5912.21","bucket":"-1","time":1555836045391,"group":{"id":"system.os.version","version":"9"},"event":{"data":{"created":1555836045401},"id":"10.13.6"}}
{"session":"285aa0be16cc","build":"183.5912.21","bucket":"-1","time":1555836045391,"group":{"id":"system.jvm.vendor","version":"9"},"event":{"data":{"created":1555836045410},"id":"JetBrains_s.r.o"}}
{"session":"285aa0be16cc","build":"183.5912.21","bucket":"-1","time":1555836045391,"group":{"id":"system.jvm.version","version":"9"},"event":{"data":{"created":1555836045411},"id":"1.8"}}
{"session":"285aa0be16cc","build":"183.5912.21","bucket":"-1","time":1555836045400,"group":{"id":"settings","version":"9"},"event":{"data":{"created":1555836045411,"name":"activeMruEditorOnClose","value":false},"id":"UISettings"}}
{"session":"285aa0be16cc","build":"183.5912.21","bucket":"-1","time":1555836045400,"group":{"id":"settings","version":"9"},"event":{"data":{"created":1555836045412,"name":"activeRightEditorOnClose","value":false},"id":"UISettings"}}
{"session":"285aa0be16cc","build":"183.5912.21","bucket":"-1","time":1555836045400,"group":{"id":"settings","version":"9"},"event":{"data":{"created":1555836045412,"name":"allowMergeButtons","value":true},"id":"UISettings"}}
{"session":"285aa0be16cc","build":"183.5912.21","bucket":"-1","time":1555836045400,"group":{"id":"settings","version":"9"},"event":{"data":{"created":1555836045413,"name":"alwaysShowWindowsButton","value":false},"id":"UISettings"}}
{"session":"285aa0be16cc","build":"183.5912.21","bucket":"-1","time":1555836045400,"group":{"id":"settings","version":"9"},"event":{"data":{"created":1555836045413,"name":"animateWindows","value":true},"id":"UISettings"}}
{"session":"285aa0be16cc","build":"183.5912.21","bucket":"-1","time":1555836045400,"group":{"id":"settings","version":"9"},"event":{"data":{"created":1555836045414,"name":"closeNonModifiedFilesFirst","value":false},"id":"UISettings"}}
{"session":"285aa0be16cc","build":"183.5912.21","bucket":"-1","time":1555836045400,"group":{"id":"settings","version":"9"},"event":{"data":{"created":1555836045414,"name":"closeTabButtonOnTheRight","value":true},"id":"UISettings"}}
{"session":"285aa0be16cc","build":"183.5912.21","bucket":"-1","time":1555836045400,"group":{"id":"settings","version":"9"},"event":{"data":{"created":1555836045415,"name":"cycleScrolling","value":true},"id":"UISettings"}}
{"session":"285aa0be16cc","build":"183.5912.21","bucket":"-1","time":1555836045400,"group":{"id":"settings","version":"9"},"event":{"data":{"created":1555836045415,"name":"defaultAutoScrollToSource","value":false},"id":"UISettings"}}
{"session":"285aa0be16cc","build":"183.5912.21","bucket":"-1","time":1555836045400,"group":{"id":"settings","version":"9"},"event":{"data":{"created":1555836045416,"name":"disableMnemonics","value":true},"id":"UISettings"}}
{"session":"285aa0be16cc","build":"183.5912.21","bucket":"-1","time":1555836045400,"group":{"id":"settings","version":"9"},"event":{"data":{"created":1555836045416,"name":"disableMnemonicsInControls","value":false},"id":"UISettings"}}
{"session":"285aa0be16cc","build":"183.5912.21","bucket":"-1","time":1555836045400,"group":{"id":"settings","version":"9"},"event":{"data":{"created":1555836045417,"name":"dndWithPressedAltOnly","value":false},"id":"UISettings"}}
{"session":"285aa0be16cc","build":"183.5912.21","bucket":"-1","time":1555836045400,"group":{"id":"settings","version":"9"},"event":{"data":{"created":1555836045417,"name":"enableAlphaMode","value":false},"id":"UISettings"}}
{"session":"285aa0be16cc","build":"183.5912.21","bucket":"-1","time":1555836045400,"group":{"id":"settings","version":"9"},"event":{"data":{"created":1555836045418,"name":"hideKnownExtensionInTabs","value":false},"id":"UISettings"}}
{"session":"285aa0be16cc","build":"183.5912.21","bucket":"-1","time":1555836045400,"group":{"id":"settings","version":"9"},"event":{"data":{"created":1555836045418,"name":"hideNavigationOnFocusLoss","value":true},"id":"UISettings"}}
{"session":"285aa0be16cc","build":"183.5912.21","bucket":"-1","time":1555836045400,"group":{"id":"settings","version":"9"},"event":{"data":{"created":1555836045419,"name":"hideTabsIfNeed","value":true},"id":"UISettings"}}
{"session":"285aa0be16cc","build":"183.5912.21","bucket":"-1","time":1555836045400,"group":{"id":"settings","version":"9"},"event":{"data":{"created":1555836045420,"name":"hideToolStripes","value":false},"id":"UISettings"}}
{"session":"285aa0be16cc","build":"183.5912.21","bucket":"-1","time":1555836045400,"group":{"id":"settings","version":"9"},"event":{"data":{"created":1555836045420,"name":"leftHorizontalSplit","value":false},"id":"UISettings"}}
{"session":"285aa0be16cc","build":"183.5912.21","bucket":"-1","time":1555836045400,"group":{"id":"settings","version":"9"},"event":{"data":{"created":1555836045421,"name":"markModifiedTabsWithAsterisk","value":false},"id":"UISettings"}}
{"session":"285aa0be16cc","build":"183.5912.21","bucket":"-1","time":1555836045400,"group":{"id":"settings","version":"9"},"event":{"data":{"created":1555836045421,"name":"mergeEqualStackTraces","value":true},"id":"UISettings"}}
{"session":"285aa0be16cc","build":"183.5912.21","bucket":"-1","time":1555836045400,"group":{"id":"settings","version":"9"},"event":{"data":{"created":1555836045422,"name":"moveMouseOnDefaultButton","value":false},"id":"UISettings"}}
{"session":"285aa0be16cc","build":"183.5912.21","bucket":"-1","time":1555836045400,"group":{"id":"settings","version":"9"},"event":{"data":{"created":1555836045422,"name":"navigateToPreview","value":false},"id":"UISettings"}}
{"session":"285aa0be16cc","build":"183.5912.21","bucket":"-1","time":1555836045400,"group":{"id":"settings","version":"9"},"event":{"data":{"created":1555836045423,"name":"overrideConsoleCycleBufferSize","value":false},"id":"UISettings"}}
{"session":"285aa0be16cc","build":"183.5912.21","bucket":"-1","time":1555836045400,"group":{"id":"settings","version":"9"},"event":{"data":{"created":1555836045423,"name":"overrideLafFonts","value":false},"id":"UISettings"}}
{"session":"285aa0be16cc","build":"183.5912.21","bucket":"-1","time":1555836045400,"group":{"id":"settings","version":"9"},"event":{"data":{"created":1555836045424,"name":"pinFindInPath","value":false},"id":"UISettings"}}
{"session":"285aa0be16cc","build":"183.5912.21","bucket":"-1","time":1555836045400,"group":{"id":"settings","version":"9"},"event":{"data":{"created":1555836045424,"name":"presentationMode","value":false},"id":"UISettings"}}
{"session":"285aa0be16cc","build":"183.5912.21","bucket":"-1","time":1555836045400,"group":{"id":"settings","version":"9"},"event":{"data":{"created":1555836045425,"name":"reuseNotModifiedTabs","value":false},"id":"UISettings"}}
{"session":"285aa0be16cc","build":"183.5912.21","bucket":"-1","time":1555836045400,"group":{"id":"settings","version":"9"},"event":{"data":{"created":1555836045425,"name":"rightHorizontalSplit","value":false},"id":"UISettings"}}
{"session":"285aa0be16cc","build":"183.5912.21","bucket":"-1","time":1555836045400,"group":{"id":"settings","version":"9"},"event":{"data":{"created":1555836045426,"name":"scrollTabLayoutInEditor","value":true},"id":"UISettings"}}
{"session":"285aa0be16cc","build":"183.5912.21","bucket":"-1","time":1555836045400,"group":{"id":"settings","version":"9"},"event":{"data":{"created":1555836045427,"name":"showCloseButton","value":true},"id":"UISettings"}}
{"session":"285aa0be16cc","build":"183.5912.21","bucket":"-1","time":1555836045400,"group":{"id":"settings","version":"9"},"event":{"data":{"created":1555836045427,"name":"showDirectoryForNonUniqueFilenames","value":true},"id":"UISettings"}}
{"session":"285aa0be16cc","build":"183.5912.21","bucket":"-1","time":1555836045400,"group":{"id":"settings","version":"9"},"event":{"data":{"created":1555836045428,"name":"showEditorToolTip","value":true},"id":"UISettings"}}
{"session":"285aa0be16cc","build":"183.5912.21","bucket":"-1","time":1555836045400,"group":{"id":"settings","version":"9"},"event":{"data":{"created":1555836045429,"name":"showIconInQuickNavigation","value":true},"id":"UISettings"}}
{"session":"285aa0be16cc","build":"183.5912.21","bucket":"-1","time":1555836045400,"group":{"id":"settings","version":"9"},"event":{"data":{"created":1555836045429,"name":"showIconsInMenus","value":true},"id":"UISettings"}}
{"session":"285aa0be16cc","build":"183.5912.21","bucket":"-1","time":1555836045400,"group":{"id":"settings","version":"9"},"event":{"data":{"created":1555836045430,"name":"showMainToolbar","value":false},"id":"UISettings"}}
{"session":"285aa0be16cc","build":"183.5912.21","bucket":"-1","time":1555836045400,"group":{"id":"settings","version":"9"},"event":{"data":{"created":1555836045430,"name":"showMemoryIndicator","value":false},"id":"UISettings"}}
{"session":"285aa0be16cc","build":"183.5912.21","bucket":"-1","time":1555836045400,"group":{"id":"settings","version":"9"},"event":{"data":{"created":1555836045431,"name":"showNavigationBar","value":true},"id":"UISettings"}}
{"session":"285aa0be16cc","build":"183.5912.21","bucket":"-1","time":1555836045400,"group":{"id":"settings","version":"9"},"event":{"data":{"created":1555836045431,"name":"showStatusBar","value":true},"id":"UISettings"}}
{"session":"285aa0be16cc","build":"183.5912.21","bucket":"-1","time":1555836045400,"group":{"id":"settings","version":"9"},"event":{"data":{"created":1555836045432,"name":"showTabsTooltips","value":true},"id":"UISettings"}}
{"session":"285aa0be16cc","build":"183.5912.21","bucket":"-1","time":1555836045400,"group":{"id":"settings","version":"9"},"event":{"data":{"created":1555836045432,"name":"showToolWindowsNumbers","value":true},"id":"UISettings"}}
{"session":"285aa0be16cc","build":"183.5912.21","bucket":"-1","time":1555836045400,"group":{"id":"settings","version":"9"},"event":{"data":{"created":1555836045433,"name":"smoothScrolling","value":true},"id":"UISettings"}}
{"session":"285aa0be16cc","build":"183.5912.21","bucket":"-1","time":1555836045400,"group":{"id":"settings","version":"9"},"event":{"data":{"created":1555836045433,"name":"sortBookmarks","value":false},"id":"UISettings"}}
{"session":"285aa0be16cc","build":"183.5912.21","bucket":"-1","time":1555836045400,"group":{"id":"settings","version":"9"},"event":{"data":{"created":1555836045434,"name":"sortLookupElementsLexicographically","value":false},"id":"UISettings"}}
{"session":"285aa0be16cc","build":"183.5912.21","bucket":"-1","time":1555836045400,"group":{"id":"settings","version":"9"},"event":{"data":{"created":1555836045434,"name":"useSmallLabelsOnTabs","value":true},"id":"UISettings"}}
{"session":"285aa0be16cc","build":"183.5912.21","bucket":"-1","time":1555836045400,"group":{"id":"settings","version":"9"},"event":{"data":{"created":1555836045435,"name":"wideScreenSupport","value":false},"id":"UISettings"}}
{"session":"285aa0be16cc","build":"183.5912.21","bucket":"-1","time":1555836046100,"group":{"id":"settings","version":"9"},"event":{"data":{"created":1555836046100,"name":"autoSaveIfInactive","value":false},"id":"GeneralSettings"}}
{"session":"285aa0be16cc","build":"183.5912.21","bucket":"-1","time":1555836046100,"group":{"id":"settings","version":"9"},"event":{"data":{"default":false,"created":1555836046100,"name":"confirmExit","value":false},"id":"GeneralSettings"}}
{"session":"285aa0be16cc","build":"183.5912.21","bucket":"-1","time":1555836046100,"group":{"id":"settings","version":"9"},"event":{"data":{"created":1555836046101,"name":"reopenLastProject","value":true},"id":"GeneralSettings"}}
{"session":"285aa0be16cc","build":"183.5912.21","bucket":"-1","time":1555836046100,"group":{"id":"settings","version":"9"},"event":{"data":{"created":1555836046101,"name":"saveOnFrameDeactivation","value":true},"id":"GeneralSettings"}}
{"session":"285aa0be16cc","build":"183.5912.21","bucket":"-1","time":1555836046100,"group":{"id":"settings","version":"9"},"event":{"data":{"created":1555836046102,"name":"searchInBackground","value":false},"id":"GeneralSettings"}}
{"session":"285aa0be16cc","build":"183.5912.21","bucket":"-1","time":1555836046100,"group":{"id":"settings","version":"9"},"event":{"data":{"default":false,"created":1555836046102,"name":"showTipsOnStartup","value":false},"id":"GeneralSettings"}}
{"session":"285aa0be16cc","build":"183.5912.21","bucket":"-1","time":1555836046100,"group":{"id":"settings","version":"9"},"event":{"data":{"created":1555836046102,"name":"showWelcomeScreen","value":true},"id":"GeneralSettings"}}
{"session":"285aa0be16cc","build":"183.5912.21","bucket":"-1","time":1555836046100,"group":{"id":"settings","version":"9"},"event":{"data":{"created":1555836046103,"name":"supportScreenReaders","value":false},"id":"GeneralSettings"}}
{"session":"285aa0be16cc","build":"183.5912.21","bucket":"-1","time":1555836046100,"group":{"id":"settings","version":"9"},"event":{"data":{"created":1555836046103,"name":"syncOnFrameActivation","value":true},"id":"GeneralSettings"}}
{"session":"285aa0be16cc","build":"183.5912.21","bucket":"-1","time":1555836046100,"group":{"id":"settings","version":"9"},"event":{"data":{"created":1555836046103,"name":"useDefaultBrowser","value":true},"id":"GeneralSettings"}}
{"session":"285aa0be16cc","build":"183.5912.21","bucket":"-1","time":1555836046100,"group":{"id":"settings","version":"9"},"event":{"data":{"created":1555836046104,"name":"useSafeWrite","value":true},"id":"GeneralSettings"}}
{"session":"285aa0be16cc","build":"183.5912.21","bucket":"-1","time":1555836062705,"group":{"id":"ui.dialogs","version":"9"},"event":{"count":1,"data":{"created":1555836062705,"type":"show"},"id":"com.intellij.openapi.progress.util.ProgressDialog$MyDialogWrapper"}}
{"session":"285aa0be16cc","build":"183.5912.21","bucket":"-1","time":1555836062979,"group":{"id":"statistics.lifecycle.app","version":"9"},"event":{"count":1,"data":{"created":1555836062979,"data_2":"10+","data_1":"timeSecondsGrouped"},"id":"ide.freeze"}}
{"session":"285aa0be16cc","build":"183.5912.21","bucket":"-1","time":1555836062981,"group":{"id":"lifecycle","version":"9"},"event":{"count":1,"data":{"durationSeconds":17,"created":1555836062981},"id":"ide.freeze"}}
{"session":"285aa0be16cc","build":"183.5912.21","bucket":"-1","time":1555836063874,"group":{"id":"statistics.lifecycle.app","version":"9"},"event":{"count":1,"data":{"created":1555836063874,"data_2":"mappingFailed:false","data_1":"OOM:false","data_3":"pluginId:unknown"},"id":"ide.error"}}
{"session":"285aa0be16cc","build":"183.5912.21","bucket":"-1","time":1555836064015,"group":{"id":"ui.dialogs","version":"9"},"event":{"count":1,"data":{"code":1,"created":1555836064015,"type":"close"},"id":"com.intellij.openapi.progress.util.ProgressDialog$MyDialogWrapper"}}
{"session":"285aa0be16cc","build":"183.5912.21","bucket":"-1","time":1555836064041,"group":{"id":"statistics.lifecycle.project","version":"9"},"event":{"count":1,"data":{"created":1555836064041,"project":"-1379659210"},"id":"project.opened"}}
{"session":"285aa0be16cc","build":"183.5912.21","bucket":"-1","time":1555836064041,"group":{"id":"lifecycle","version":"9"},"event":{"count":1,"data":{"created":1555836064042},"id":"project.opened"}}
{"session":"285aa0be16cc","build":"183.5912.21","bucket":"-1","time":1555836064977,"group":{"id":"ui.dialogs","version":"9"},"event":{"count":1,"data":{"created":1555836064977,"type":"show"},"id":"com.intellij.openapi.progress.util.ProgressDialog$MyDialogWrapper"}}
{"session":"285aa0be16cc","build":"183.5912.21","bucket":"-1","time":1555836067112,"group":{"id":"toolwindow.v2","version":"9"},"event":{"count":1,"data":{"created":1555836067112,"data_1":"Mac"},"id":"Project_by_Activation"}}
{"session":"285aa0be16cc","build":"183.5912.21","bucket":"-1","time":1555836067823,"group":{"id":"statistics.lifecycle.app","version":"9"},"event":{"count":1,"data":{"created":1555836067823},"id":"ide.start"}}
{"session":"285aa0be16cc","build":"183.5912.21","bucket":"-1","time":1555836067823,"group":{"id":"lifecycle","version":"9"},"event":{"count":1,"data":{"created":1555836067823},"id":"app.started"}}
{"session":"285aa0be16cc","build":"183.5912.21","bucket":"-1","time":1555836068781,"group":{"id":"ui.dialogs","version":"9"},"event":{"count":1,"data":{"code":1,"created":1555836068782,"type":"close"},"id":"com.intellij.openapi.progress.util.ProgressDialog$MyDialogWrapper"}}
{"session":"285aa0be16cc","build":"183.5912.21","bucket":"-1","time":1555836068978,"group":{"id":"statistics.lifecycle.project","version":"9"},"event":{"count":1,"data":{"created":1555836068978,"project":"-1379659210"},"id":"project.open.time.6"}}
{"session":"285aa0be16cc","build":"183.5912.21","bucket":"-1","time":1555836068978,"group":{"id":"lifecycle","version":"9"},"event":{"count":1,"data":{"created":1555836069000,"time.ms":6700},"id":"project.opening.finished"}}
{"session":"285aa0be16cc","build":"183.5912.21","bucket":"-1","time":1555836094992,"group":{"id":"actions.v2","version":"9"},"event":{"count":1,"data":{"context_menu":false,"created":1555836094992,"data_1":"Mac","input_event":"Shift+F1"},"id":"third.party.plugin.action"}}
{"session":"285aa0be16cc","build":"183.5912.21","bucket":"-1","time":1555836208466,"group":{"id":"statistics.lifecycle.project","version":"9"},"event":{"count":1,"data":{"created":1555836208466,"project":"-1379659210"},"id":"project.closed"}}
{"session":"285aa0be16cc","build":"183.5912.21","bucket":"-1","time":1555836208758,"group":{"id":"lifecycle","version":"9"},"event":{"count":1,"data":{"created":1555836208758},"id":"project.closed"}}
{"session":"285aa0be16cc","build":"183.5912.21","bucket":"-1","time":1555836211341,"group":{"id":"statistics.lifecycle.app","version":"9"},"event":{"count":1,"data":{"created":1555836211341},"id":"ide.close"}}
{"session":"285aa0be16cc","build":"183.5912.21","bucket":"-1","time":1555836211341,"group":{"id":"lifecycle","version":"9"},"event":{"count":1,"data":{"restart":false,"created":1555836211342},"id":"app.closed"}}
