{"session":"c4776a06432e","build":"183.5912.21","bucket":"-1","time":1555830703664,"group":{"id":"system.os.name","version":"9"},"event":{"data":{"created":1555830703664},"id":"Mac.OS.X"}}
{"session":"c4776a06432e","build":"183.5912.21","bucket":"-1","time":1555830703664,"group":{"id":"system.os.version","version":"9"},"event":{"data":{"created":1555830703673},"id":"10.13.6"}}
{"session":"c4776a06432e","build":"183.5912.21","bucket":"-1","time":1555830703664,"group":{"id":"system.jvm.vendor","version":"9"},"event":{"data":{"created":1555830703682},"id":"JetBrains_s.r.o"}}
{"session":"c4776a06432e","build":"183.5912.21","bucket":"-1","time":1555830703664,"group":{"id":"system.jvm.version","version":"9"},"event":{"data":{"created":1555830703683},"id":"1.8"}}
{"session":"c4776a06432e","build":"183.5912.21","bucket":"-1","time":1555830703673,"group":{"id":"settings","version":"9"},"event":{"data":{"created":1555830703684,"name":"activeMruEditorOnClose","value":false},"id":"UISettings"}}
{"session":"c4776a06432e","build":"183.5912.21","bucket":"-1","time":1555830703673,"group":{"id":"settings","version":"9"},"event":{"data":{"created":1555830703684,"name":"activeRightEditorOnClose","value":false},"id":"UISettings"}}
{"session":"c4776a06432e","build":"183.5912.21","bucket":"-1","time":1555830703673,"group":{"id":"settings","version":"9"},"event":{"data":{"created":1555830703685,"name":"allowMergeButtons","value":true},"id":"UISettings"}}
{"session":"c4776a06432e","build":"183.5912.21","bucket":"-1","time":1555830703673,"group":{"id":"settings","version":"9"},"event":{"data":{"created":1555830703686,"name":"alwaysShowWindowsButton","value":false},"id":"UISettings"}}
{"session":"c4776a06432e","build":"183.5912.21","bucket":"-1","time":1555830703673,"group":{"id":"settings","version":"9"},"event":{"data":{"created":1555830703687,"name":"animateWindows","value":true},"id":"UISettings"}}
{"session":"c4776a06432e","build":"183.5912.21","bucket":"-1","time":1555830703673,"group":{"id":"settings","version":"9"},"event":{"data":{"created":1555830703687,"name":"closeNonModifiedFilesFirst","value":false},"id":"UISettings"}}
{"session":"c4776a06432e","build":"183.5912.21","bucket":"-1","time":1555830703673,"group":{"id":"settings","version":"9"},"event":{"data":{"created":1555830703688,"name":"closeTabButtonOnTheRight","value":true},"id":"UISettings"}}
{"session":"c4776a06432e","build":"183.5912.21","bucket":"-1","time":1555830703673,"group":{"id":"settings","version":"9"},"event":{"data":{"created":1555830703689,"name":"cycleScrolling","value":true},"id":"UISettings"}}
{"session":"c4776a06432e","build":"183.5912.21","bucket":"-1","time":1555830703673,"group":{"id":"settings","version":"9"},"event":{"data":{"created":1555830703689,"name":"defaultAutoScrollToSource","value":false},"id":"UISettings"}}
{"session":"c4776a06432e","build":"183.5912.21","bucket":"-1","time":1555830703673,"group":{"id":"settings","version":"9"},"event":{"data":{"created":1555830703690,"name":"disableMnemonics","value":true},"id":"UISettings"}}
{"session":"c4776a06432e","build":"183.5912.21","bucket":"-1","time":1555830703673,"group":{"id":"settings","version":"9"},"event":{"data":{"created":1555830703690,"name":"disableMnemonicsInControls","value":false},"id":"UISettings"}}
{"session":"c4776a06432e","build":"183.5912.21","bucket":"-1","time":1555830703673,"group":{"id":"settings","version":"9"},"event":{"data":{"created":1555830703691,"name":"dndWithPressedAltOnly","value":false},"id":"UISettings"}}
{"session":"c4776a06432e","build":"183.5912.21","bucket":"-1","time":1555830703673,"group":{"id":"settings","version":"9"},"event":{"data":{"created":1555830703692,"name":"enableAlphaMode","value":false},"id":"UISettings"}}
{"session":"c4776a06432e","build":"183.5912.21","bucket":"-1","time":1555830703673,"group":{"id":"settings","version":"9"},"event":{"data":{"created":1555830703692,"name":"hideKnownExtensionInTabs","value":false},"id":"UISettings"}}
{"session":"c4776a06432e","build":"183.5912.21","bucket":"-1","time":1555830703673,"group":{"id":"settings","version":"9"},"event":{"data":{"created":1555830703693,"name":"hideNavigationOnFocusLoss","value":true},"id":"UISettings"}}
{"session":"c4776a06432e","build":"183.5912.21","bucket":"-1","time":1555830703673,"group":{"id":"settings","version":"9"},"event":{"data":{"created":1555830703694,"name":"hideTabsIfNeed","value":true},"id":"UISettings"}}
{"session":"c4776a06432e","build":"183.5912.21","bucket":"-1","time":1555830703673,"group":{"id":"settings","version":"9"},"event":{"data":{"created":1555830703695,"name":"hideToolStripes","value":false},"id":"UISettings"}}
{"session":"c4776a06432e","build":"183.5912.21","bucket":"-1","time":1555830703673,"group":{"id":"settings","version":"9"},"event":{"data":{"created":1555830703695,"name":"leftHorizontalSplit","value":false},"id":"UISettings"}}
{"session":"c4776a06432e","build":"183.5912.21","bucket":"-1","time":1555830703673,"group":{"id":"settings","version":"9"},"event":{"data":{"created":1555830703696,"name":"markModifiedTabsWithAsterisk","value":false},"id":"UISettings"}}
{"session":"c4776a06432e","build":"183.5912.21","bucket":"-1","time":1555830703673,"group":{"id":"settings","version":"9"},"event":{"data":{"created":1555830703696,"name":"mergeEqualStackTraces","value":true},"id":"UISettings"}}
{"session":"c4776a06432e","build":"183.5912.21","bucket":"-1","time":1555830703673,"group":{"id":"settings","version":"9"},"event":{"data":{"created":1555830703697,"name":"moveMouseOnDefaultButton","value":false},"id":"UISettings"}}
{"session":"c4776a06432e","build":"183.5912.21","bucket":"-1","time":1555830703673,"group":{"id":"settings","version":"9"},"event":{"data":{"created":1555830703697,"name":"navigateToPreview","value":false},"id":"UISettings"}}
{"session":"c4776a06432e","build":"183.5912.21","bucket":"-1","time":1555830703673,"group":{"id":"settings","version":"9"},"event":{"data":{"created":1555830703698,"name":"overrideConsoleCycleBufferSize","value":false},"id":"UISettings"}}
{"session":"c4776a06432e","build":"183.5912.21","bucket":"-1","time":1555830703673,"group":{"id":"settings","version":"9"},"event":{"data":{"created":1555830703699,"name":"overrideLafFonts","value":false},"id":"UISettings"}}
{"session":"c4776a06432e","build":"183.5912.21","bucket":"-1","time":1555830703673,"group":{"id":"settings","version":"9"},"event":{"data":{"created":1555830703699,"name":"pinFindInPath","value":false},"id":"UISettings"}}
{"session":"c4776a06432e","build":"183.5912.21","bucket":"-1","time":1555830703673,"group":{"id":"settings","version":"9"},"event":{"data":{"created":1555830703700,"name":"presentationMode","value":false},"id":"UISettings"}}
{"session":"c4776a06432e","build":"183.5912.21","bucket":"-1","time":1555830703673,"group":{"id":"settings","version":"9"},"event":{"data":{"created":1555830703700,"name":"reuseNotModifiedTabs","value":false},"id":"UISettings"}}
{"session":"c4776a06432e","build":"183.5912.21","bucket":"-1","time":1555830703673,"group":{"id":"settings","version":"9"},"event":{"data":{"created":1555830703700,"name":"rightHorizontalSplit","value":false},"id":"UISettings"}}
{"session":"c4776a06432e","build":"183.5912.21","bucket":"-1","time":1555830703673,"group":{"id":"settings","version":"9"},"event":{"data":{"created":1555830703701,"name":"scrollTabLayoutInEditor","value":true},"id":"UISettings"}}
{"session":"c4776a06432e","build":"183.5912.21","bucket":"-1","time":1555830703673,"group":{"id":"settings","version":"9"},"event":{"data":{"created":1555830703701,"name":"showCloseButton","value":true},"id":"UISettings"}}
{"session":"c4776a06432e","build":"183.5912.21","bucket":"-1","time":1555830703673,"group":{"id":"settings","version":"9"},"event":{"data":{"created":1555830703702,"name":"showDirectoryForNonUniqueFilenames","value":true},"id":"UISettings"}}
{"session":"c4776a06432e","build":"183.5912.21","bucket":"-1","time":1555830703673,"group":{"id":"settings","version":"9"},"event":{"data":{"created":1555830703702,"name":"showEditorToolTip","value":true},"id":"UISettings"}}
{"session":"c4776a06432e","build":"183.5912.21","bucket":"-1","time":1555830703673,"group":{"id":"settings","version":"9"},"event":{"data":{"created":1555830703703,"name":"showIconInQuickNavigation","value":true},"id":"UISettings"}}
{"session":"c4776a06432e","build":"183.5912.21","bucket":"-1","time":1555830703673,"group":{"id":"settings","version":"9"},"event":{"data":{"created":1555830703703,"name":"showIconsInMenus","value":true},"id":"UISettings"}}
{"session":"c4776a06432e","build":"183.5912.21","bucket":"-1","time":1555830703673,"group":{"id":"settings","version":"9"},"event":{"data":{"created":1555830703704,"name":"showMainToolbar","value":false},"id":"UISettings"}}
{"session":"c4776a06432e","build":"183.5912.21","bucket":"-1","time":1555830703673,"group":{"id":"settings","version":"9"},"event":{"data":{"created":1555830703704,"name":"showMemoryIndicator","value":false},"id":"UISettings"}}
{"session":"c4776a06432e","build":"183.5912.21","bucket":"-1","time":1555830703673,"group":{"id":"settings","version":"9"},"event":{"data":{"created":1555830703705,"name":"showNavigationBar","value":true},"id":"UISettings"}}
{"session":"c4776a06432e","build":"183.5912.21","bucket":"-1","time":1555830703673,"group":{"id":"settings","version":"9"},"event":{"data":{"created":1555830703705,"name":"showStatusBar","value":true},"id":"UISettings"}}
{"session":"c4776a06432e","build":"183.5912.21","bucket":"-1","time":1555830703673,"group":{"id":"settings","version":"9"},"event":{"data":{"created":1555830703705,"name":"showTabsTooltips","value":true},"id":"UISettings"}}
{"session":"c4776a06432e","build":"183.5912.21","bucket":"-1","time":1555830703673,"group":{"id":"settings","version":"9"},"event":{"data":{"created":1555830703706,"name":"showToolWindowsNumbers","value":true},"id":"UISettings"}}
{"session":"c4776a06432e","build":"183.5912.21","bucket":"-1","time":1555830703673,"group":{"id":"settings","version":"9"},"event":{"data":{"created":1555830703706,"name":"smoothScrolling","value":true},"id":"UISettings"}}
{"session":"c4776a06432e","build":"183.5912.21","bucket":"-1","time":1555830703673,"group":{"id":"settings","version":"9"},"event":{"data":{"created":1555830703707,"name":"sortBookmarks","value":false},"id":"UISettings"}}
{"session":"c4776a06432e","build":"183.5912.21","bucket":"-1","time":1555830703673,"group":{"id":"settings","version":"9"},"event":{"data":{"created":1555830703707,"name":"sortLookupElementsLexicographically","value":false},"id":"UISettings"}}
{"session":"c4776a06432e","build":"183.5912.21","bucket":"-1","time":1555830703673,"group":{"id":"settings","version":"9"},"event":{"data":{"created":1555830703707,"name":"useSmallLabelsOnTabs","value":true},"id":"UISettings"}}
{"session":"c4776a06432e","build":"183.5912.21","bucket":"-1","time":1555830703673,"group":{"id":"settings","version":"9"},"event":{"data":{"created":1555830703707,"name":"wideScreenSupport","value":false},"id":"UISettings"}}
{"session":"c4776a06432e","build":"183.5912.21","bucket":"-1","time":1555830704323,"group":{"id":"settings","version":"9"},"event":{"data":{"created":1555830704323,"name":"autoSaveIfInactive","value":false},"id":"GeneralSettings"}}
{"session":"c4776a06432e","build":"183.5912.21","bucket":"-1","time":1555830704323,"group":{"id":"settings","version":"9"},"event":{"data":{"created":1555830704323,"name":"confirmExit","value":true},"id":"GeneralSettings"}}
{"session":"c4776a06432e","build":"183.5912.21","bucket":"-1","time":1555830704323,"group":{"id":"settings","version":"9"},"event":{"data":{"created":1555830704324,"name":"reopenLastProject","value":true},"id":"GeneralSettings"}}
{"session":"c4776a06432e","build":"183.5912.21","bucket":"-1","time":1555830704323,"group":{"id":"settings","version":"9"},"event":{"data":{"created":1555830704324,"name":"saveOnFrameDeactivation","value":true},"id":"GeneralSettings"}}
{"session":"c4776a06432e","build":"183.5912.21","bucket":"-1","time":1555830704323,"group":{"id":"settings","version":"9"},"event":{"data":{"created":1555830704324,"name":"searchInBackground","value":false},"id":"GeneralSettings"}}
{"session":"c4776a06432e","build":"183.5912.21","bucket":"-1","time":1555830704323,"group":{"id":"settings","version":"9"},"event":{"data":{"default":false,"created":1555830704325,"name":"showTipsOnStartup","value":false},"id":"GeneralSettings"}}
{"session":"c4776a06432e","build":"183.5912.21","bucket":"-1","time":1555830704323,"group":{"id":"settings","version":"9"},"event":{"data":{"created":1555830704325,"name":"showWelcomeScreen","value":true},"id":"GeneralSettings"}}
{"session":"c4776a06432e","build":"183.5912.21","bucket":"-1","time":1555830704323,"group":{"id":"settings","version":"9"},"event":{"data":{"created":1555830704325,"name":"supportScreenReaders","value":false},"id":"GeneralSettings"}}
{"session":"c4776a06432e","build":"183.5912.21","bucket":"-1","time":1555830704323,"group":{"id":"settings","version":"9"},"event":{"data":{"created":1555830704326,"name":"syncOnFrameActivation","value":true},"id":"GeneralSettings"}}
{"session":"c4776a06432e","build":"183.5912.21","bucket":"-1","time":1555830704323,"group":{"id":"settings","version":"9"},"event":{"data":{"created":1555830704326,"name":"useDefaultBrowser","value":true},"id":"GeneralSettings"}}
{"session":"c4776a06432e","build":"183.5912.21","bucket":"-1","time":1555830704323,"group":{"id":"settings","version":"9"},"event":{"data":{"created":1555830704326,"name":"useSafeWrite","value":true},"id":"GeneralSettings"}}
{"session":"c4776a06432e","build":"183.5912.21","bucket":"-1","time":1555830721233,"group":{"id":"statistics.lifecycle.app","version":"9"},"event":{"count":1,"data":{"created":1555830721233},"id":"ide.start"}}
{"session":"c4776a06432e","build":"183.5912.21","bucket":"-1","time":1555830721234,"group":{"id":"lifecycle","version":"9"},"event":{"count":1,"data":{"created":1555830721234},"id":"app.started"}}
{"session":"c4776a06432e","build":"183.5912.21","bucket":"-1","time":1555830722185,"group":{"id":"statistics.lifecycle.app","version":"9"},"event":{"count":1,"data":{"created":1555830722185,"data_2":"10+","data_1":"timeSecondsGrouped"},"id":"ide.freeze"}}
{"session":"c4776a06432e","build":"183.5912.21","bucket":"-1","time":1555830722185,"group":{"id":"lifecycle","version":"9"},"event":{"count":1,"data":{"durationSeconds":18,"created":1555830722185},"id":"ide.freeze"}}
{"session":"c4776a06432e","build":"183.5912.21","bucket":"-1","time":1555831191619,"group":{"id":"ui.dialogs","version":"9"},"event":{"count":1,"data":{"created":1555831191619,"type":"show"},"id":"com.intellij.openapi.progress.util.ProgressDialog$MyDialogWrapper"}}
{"session":"c4776a06432e","build":"183.5912.21","bucket":"-1","time":1555831192583,"group":{"id":"statistics.lifecycle.app","version":"9"},"event":{"count":1,"data":{"created":1555831192583,"data_2":"mappingFailed:false","data_1":"OOM:false","data_3":"pluginId:unknown"},"id":"ide.error"}}
{"session":"c4776a06432e","build":"183.5912.21","bucket":"-1","time":1555831192832,"group":{"id":"ui.dialogs","version":"9"},"event":{"count":1,"data":{"code":1,"created":1555831192832,"type":"close"},"id":"com.intellij.openapi.progress.util.ProgressDialog$MyDialogWrapper"}}
{"session":"c4776a06432e","build":"183.5912.21","bucket":"-1","time":1555831192882,"group":{"id":"statistics.lifecycle.project","version":"9"},"event":{"count":1,"data":{"created":1555831192882,"project":"-1379659210"},"id":"project.opened"}}
{"session":"c4776a06432e","build":"183.5912.21","bucket":"-1","time":1555831192882,"group":{"id":"lifecycle","version":"9"},"event":{"count":1,"data":{"created":1555831192882},"id":"project.opened"}}
{"session":"c4776a06432e","build":"183.5912.21","bucket":"-1","time":1555831194503,"group":{"id":"ui.dialogs","version":"9"},"event":{"count":1,"data":{"created":1555831194503,"type":"show"},"id":"com.intellij.openapi.progress.util.ProgressDialog$MyDialogWrapper"}}
{"session":"c4776a06432e","build":"183.5912.21","bucket":"-1","time":1555831197750,"group":{"id":"ui.dialogs","version":"9"},"event":{"count":1,"data":{"code":1,"created":1555831197750,"type":"close"},"id":"com.intellij.openapi.progress.util.ProgressDialog$MyDialogWrapper"}}
{"session":"c4776a06432e","build":"183.5912.21","bucket":"-1","time":1555831198848,"group":{"id":"statistics.lifecycle.project","version":"9"},"event":{"count":1,"data":{"created":1555831198848,"project":"-1379659210"},"id":"project.open.time.7"}}
{"session":"c4776a06432e","build":"183.5912.21","bucket":"-1","time":1555831198848,"group":{"id":"lifecycle","version":"9"},"event":{"count":1,"data":{"created":1555831198848,"time.ms":7621},"id":"project.opening.finished"}}
{"session":"c4776a06432e","build":"183.5912.21","bucket":"-1","time":1555831201969,"group":{"id":"actions.v2","version":"9"},"event":{"count":1,"data":{"context_menu":false,"created":1555831201969,"data_1":"Mac","input_event":"Shift+F1"},"id":"third.party.plugin.action"}}
{"session":"c4776a06432e","build":"183.5912.21","bucket":"-1","time":1555831208839,"group":{"id":"toolwindow.v2","version":"9"},"event":{"count":1,"data":{"created":1555831208839,"data_1":"Mac"},"id":"Project_by_Activation"}}
{"session":"c4776a06432e","build":"183.5912.21","bucket":"-1","time":1555831214614,"group":{"id":"statistics.file.types.open","version":"9"},"event":{"count":1,"data":{"created":1555831214614,"project":"-1379659210"},"id":"JAVA"}}
{"session":"c4776a06432e","build":"183.5912.21","bucket":"-1","time":1555831216857,"group":{"id":"actions.v2","version":"9"},"event":{"count":1,"data":{"context_menu":false,"created":1555831216857,"data_1":"Mac","input_event":"Shift+F1"},"id":"third.party.plugin.action"}}
{"session":"c4776a06432e","build":"183.5912.21","bucket":"-1","time":1555831450655,"group":{"id":"statistics.lifecycle.app","version":"9"},"event":{"count":1,"data":{"created":1555831450655},"id":"ide.close"}}
{"session":"c4776a06432e","build":"183.5912.21","bucket":"-1","time":1555831450655,"group":{"id":"lifecycle","version":"9"},"event":{"count":1,"data":{"restart":false,"created":1555831450656},"id":"app.closed"}}
{"session":"c4776a06432e","build":"183.5912.21","bucket":"-1","time":1555831450681,"group":{"id":"statistics.lifecycle.project","version":"9"},"event":{"count":1,"data":{"created":1555831450681,"project":"-1379659210"},"id":"project.closed"}}
{"session":"c4776a06432e","build":"183.5912.21","bucket":"-1","time":1555831450858,"group":{"id":"lifecycle","version":"9"},"event":{"count":1,"data":{"created":1555831450858},"id":"project.closed"}}
