{"session":"6a8a68069937","build":"183.5912.21","bucket":"-1","time":1555832784195,"group":{"id":"system.os.name","version":"9"},"event":{"data":{"created":1555832784195},"id":"Mac.OS.X"}}
{"session":"6a8a68069937","build":"183.5912.21","bucket":"-1","time":1555832784195,"group":{"id":"system.os.version","version":"9"},"event":{"data":{"created":1555832784202},"id":"10.13.6"}}
{"session":"6a8a68069937","build":"183.5912.21","bucket":"-1","time":1555832784195,"group":{"id":"system.jvm.vendor","version":"9"},"event":{"data":{"created":1555832784213},"id":"JetBrains_s.r.o"}}
{"session":"6a8a68069937","build":"183.5912.21","bucket":"-1","time":1555832784195,"group":{"id":"system.jvm.version","version":"9"},"event":{"data":{"created":1555832784214},"id":"1.8"}}
{"session":"6a8a68069937","build":"183.5912.21","bucket":"-1","time":1555832784202,"group":{"id":"settings","version":"9"},"event":{"data":{"created":1555832784214,"name":"activeMruEditorOnClose","value":false},"id":"UISettings"}}
{"session":"6a8a68069937","build":"183.5912.21","bucket":"-1","time":1555832784202,"group":{"id":"settings","version":"9"},"event":{"data":{"created":1555832784215,"name":"activeRightEditorOnClose","value":false},"id":"UISettings"}}
{"session":"6a8a68069937","build":"183.5912.21","bucket":"-1","time":1555832784202,"group":{"id":"settings","version":"9"},"event":{"data":{"created":1555832784216,"name":"allowMergeButtons","value":true},"id":"UISettings"}}
{"session":"6a8a68069937","build":"183.5912.21","bucket":"-1","time":1555832784202,"group":{"id":"settings","version":"9"},"event":{"data":{"created":1555832784216,"name":"alwaysShowWindowsButton","value":false},"id":"UISettings"}}
{"session":"6a8a68069937","build":"183.5912.21","bucket":"-1","time":1555832784202,"group":{"id":"settings","version":"9"},"event":{"data":{"created":1555832784217,"name":"animateWindows","value":true},"id":"UISettings"}}
{"session":"6a8a68069937","build":"183.5912.21","bucket":"-1","time":1555832784202,"group":{"id":"settings","version":"9"},"event":{"data":{"created":1555832784217,"name":"closeNonModifiedFilesFirst","value":false},"id":"UISettings"}}
{"session":"6a8a68069937","build":"183.5912.21","bucket":"-1","time":1555832784202,"group":{"id":"settings","version":"9"},"event":{"data":{"created":1555832784218,"name":"closeTabButtonOnTheRight","value":true},"id":"UISettings"}}
{"session":"6a8a68069937","build":"183.5912.21","bucket":"-1","time":1555832784202,"group":{"id":"settings","version":"9"},"event":{"data":{"created":1555832784218,"name":"cycleScrolling","value":true},"id":"UISettings"}}
{"session":"6a8a68069937","build":"183.5912.21","bucket":"-1","time":1555832784203,"group":{"id":"settings","version":"9"},"event":{"data":{"created":1555832784219,"name":"defaultAutoScrollToSource","value":false},"id":"UISettings"}}
{"session":"6a8a68069937","build":"183.5912.21","bucket":"-1","time":1555832784203,"group":{"id":"settings","version":"9"},"event":{"data":{"created":1555832784219,"name":"disableMnemonics","value":true},"id":"UISettings"}}
{"session":"6a8a68069937","build":"183.5912.21","bucket":"-1","time":1555832784203,"group":{"id":"settings","version":"9"},"event":{"data":{"created":1555832784220,"name":"disableMnemonicsInControls","value":false},"id":"UISettings"}}
{"session":"6a8a68069937","build":"183.5912.21","bucket":"-1","time":1555832784203,"group":{"id":"settings","version":"9"},"event":{"data":{"created":1555832784220,"name":"dndWithPressedAltOnly","value":false},"id":"UISettings"}}
{"session":"6a8a68069937","build":"183.5912.21","bucket":"-1","time":1555832784203,"group":{"id":"settings","version":"9"},"event":{"data":{"created":1555832784221,"name":"enableAlphaMode","value":false},"id":"UISettings"}}
{"session":"6a8a68069937","build":"183.5912.21","bucket":"-1","time":1555832784203,"group":{"id":"settings","version":"9"},"event":{"data":{"created":1555832784221,"name":"hideKnownExtensionInTabs","value":false},"id":"UISettings"}}
{"session":"6a8a68069937","build":"183.5912.21","bucket":"-1","time":1555832784203,"group":{"id":"settings","version":"9"},"event":{"data":{"created":1555832784222,"name":"hideNavigationOnFocusLoss","value":true},"id":"UISettings"}}
{"session":"6a8a68069937","build":"183.5912.21","bucket":"-1","time":1555832784203,"group":{"id":"settings","version":"9"},"event":{"data":{"created":1555832784222,"name":"hideTabsIfNeed","value":true},"id":"UISettings"}}
{"session":"6a8a68069937","build":"183.5912.21","bucket":"-1","time":1555832784203,"group":{"id":"settings","version":"9"},"event":{"data":{"created":1555832784223,"name":"hideToolStripes","value":false},"id":"UISettings"}}
{"session":"6a8a68069937","build":"183.5912.21","bucket":"-1","time":1555832784203,"group":{"id":"settings","version":"9"},"event":{"data":{"created":1555832784223,"name":"leftHorizontalSplit","value":false},"id":"UISettings"}}
{"session":"6a8a68069937","build":"183.5912.21","bucket":"-1","time":1555832784203,"group":{"id":"settings","version":"9"},"event":{"data":{"created":1555832784223,"name":"markModifiedTabsWithAsterisk","value":false},"id":"UISettings"}}
{"session":"6a8a68069937","build":"183.5912.21","bucket":"-1","time":1555832784203,"group":{"id":"settings","version":"9"},"event":{"data":{"created":1555832784224,"name":"mergeEqualStackTraces","value":true},"id":"UISettings"}}
{"session":"6a8a68069937","build":"183.5912.21","bucket":"-1","time":1555832784203,"group":{"id":"settings","version":"9"},"event":{"data":{"created":1555832784224,"name":"moveMouseOnDefaultButton","value":false},"id":"UISettings"}}
{"session":"6a8a68069937","build":"183.5912.21","bucket":"-1","time":1555832784203,"group":{"id":"settings","version":"9"},"event":{"data":{"created":1555832784224,"name":"navigateToPreview","value":false},"id":"UISettings"}}
{"session":"6a8a68069937","build":"183.5912.21","bucket":"-1","time":1555832784203,"group":{"id":"settings","version":"9"},"event":{"data":{"created":1555832784225,"name":"overrideConsoleCycleBufferSize","value":false},"id":"UISettings"}}
{"session":"6a8a68069937","build":"183.5912.21","bucket":"-1","time":1555832784203,"group":{"id":"settings","version":"9"},"event":{"data":{"created":1555832784225,"name":"overrideLafFonts","value":false},"id":"UISettings"}}
{"session":"6a8a68069937","build":"183.5912.21","bucket":"-1","time":1555832784203,"group":{"id":"settings","version":"9"},"event":{"data":{"created":1555832784226,"name":"pinFindInPath","value":false},"id":"UISettings"}}
{"session":"6a8a68069937","build":"183.5912.21","bucket":"-1","time":1555832784203,"group":{"id":"settings","version":"9"},"event":{"data":{"created":1555832784226,"name":"presentationMode","value":false},"id":"UISettings"}}
{"session":"6a8a68069937","build":"183.5912.21","bucket":"-1","time":1555832784203,"group":{"id":"settings","version":"9"},"event":{"data":{"created":1555832784227,"name":"reuseNotModifiedTabs","value":false},"id":"UISettings"}}
{"session":"6a8a68069937","build":"183.5912.21","bucket":"-1","time":1555832784203,"group":{"id":"settings","version":"9"},"event":{"data":{"created":1555832784227,"name":"rightHorizontalSplit","value":false},"id":"UISettings"}}
{"session":"6a8a68069937","build":"183.5912.21","bucket":"-1","time":1555832784203,"group":{"id":"settings","version":"9"},"event":{"data":{"created":1555832784228,"name":"scrollTabLayoutInEditor","value":true},"id":"UISettings"}}
{"session":"6a8a68069937","build":"183.5912.21","bucket":"-1","time":1555832784203,"group":{"id":"settings","version":"9"},"event":{"data":{"created":1555832784228,"name":"showCloseButton","value":true},"id":"UISettings"}}
{"session":"6a8a68069937","build":"183.5912.21","bucket":"-1","time":1555832784203,"group":{"id":"settings","version":"9"},"event":{"data":{"created":1555832784229,"name":"showDirectoryForNonUniqueFilenames","value":true},"id":"UISettings"}}
{"session":"6a8a68069937","build":"183.5912.21","bucket":"-1","time":1555832784203,"group":{"id":"settings","version":"9"},"event":{"data":{"created":1555832784229,"name":"showEditorToolTip","value":true},"id":"UISettings"}}
{"session":"6a8a68069937","build":"183.5912.21","bucket":"-1","time":1555832784203,"group":{"id":"settings","version":"9"},"event":{"data":{"created":1555832784230,"name":"showIconInQuickNavigation","value":true},"id":"UISettings"}}
{"session":"6a8a68069937","build":"183.5912.21","bucket":"-1","time":1555832784203,"group":{"id":"settings","version":"9"},"event":{"data":{"created":1555832784230,"name":"showIconsInMenus","value":true},"id":"UISettings"}}
{"session":"6a8a68069937","build":"183.5912.21","bucket":"-1","time":1555832784203,"group":{"id":"settings","version":"9"},"event":{"data":{"created":1555832784231,"name":"showMainToolbar","value":false},"id":"UISettings"}}
{"session":"6a8a68069937","build":"183.5912.21","bucket":"-1","time":1555832784203,"group":{"id":"settings","version":"9"},"event":{"data":{"created":1555832784231,"name":"showMemoryIndicator","value":false},"id":"UISettings"}}
{"session":"6a8a68069937","build":"183.5912.21","bucket":"-1","time":1555832784203,"group":{"id":"settings","version":"9"},"event":{"data":{"created":1555832784231,"name":"showNavigationBar","value":true},"id":"UISettings"}}
{"session":"6a8a68069937","build":"183.5912.21","bucket":"-1","time":1555832784203,"group":{"id":"settings","version":"9"},"event":{"data":{"created":1555832784232,"name":"showStatusBar","value":true},"id":"UISettings"}}
{"session":"6a8a68069937","build":"183.5912.21","bucket":"-1","time":1555832784203,"group":{"id":"settings","version":"9"},"event":{"data":{"created":1555832784232,"name":"showTabsTooltips","value":true},"id":"UISettings"}}
{"session":"6a8a68069937","build":"183.5912.21","bucket":"-1","time":1555832784203,"group":{"id":"settings","version":"9"},"event":{"data":{"created":1555832784232,"name":"showToolWindowsNumbers","value":true},"id":"UISettings"}}
{"session":"6a8a68069937","build":"183.5912.21","bucket":"-1","time":1555832784203,"group":{"id":"settings","version":"9"},"event":{"data":{"created":1555832784233,"name":"smoothScrolling","value":true},"id":"UISettings"}}
{"session":"6a8a68069937","build":"183.5912.21","bucket":"-1","time":1555832784203,"group":{"id":"settings","version":"9"},"event":{"data":{"created":1555832784233,"name":"sortBookmarks","value":false},"id":"UISettings"}}
{"session":"6a8a68069937","build":"183.5912.21","bucket":"-1","time":1555832784203,"group":{"id":"settings","version":"9"},"event":{"data":{"created":1555832784233,"name":"sortLookupElementsLexicographically","value":false},"id":"UISettings"}}
{"session":"6a8a68069937","build":"183.5912.21","bucket":"-1","time":1555832784203,"group":{"id":"settings","version":"9"},"event":{"data":{"created":1555832784233,"name":"useSmallLabelsOnTabs","value":true},"id":"UISettings"}}
{"session":"6a8a68069937","build":"183.5912.21","bucket":"-1","time":1555832784203,"group":{"id":"settings","version":"9"},"event":{"data":{"created":1555832784233,"name":"wideScreenSupport","value":false},"id":"UISettings"}}
{"session":"6a8a68069937","build":"183.5912.21","bucket":"-1","time":1555832784850,"group":{"id":"settings","version":"9"},"event":{"data":{"created":1555832784850,"name":"autoSaveIfInactive","value":false},"id":"GeneralSettings"}}
{"session":"6a8a68069937","build":"183.5912.21","bucket":"-1","time":1555832784850,"group":{"id":"settings","version":"9"},"event":{"data":{"default":false,"created":1555832784850,"name":"confirmExit","value":false},"id":"GeneralSettings"}}
{"session":"6a8a68069937","build":"183.5912.21","bucket":"-1","time":1555832784850,"group":{"id":"settings","version":"9"},"event":{"data":{"created":1555832784851,"name":"reopenLastProject","value":true},"id":"GeneralSettings"}}
{"session":"6a8a68069937","build":"183.5912.21","bucket":"-1","time":1555832784850,"group":{"id":"settings","version":"9"},"event":{"data":{"created":1555832784851,"name":"saveOnFrameDeactivation","value":true},"id":"GeneralSettings"}}
{"session":"6a8a68069937","build":"183.5912.21","bucket":"-1","time":1555832784850,"group":{"id":"settings","version":"9"},"event":{"data":{"created":1555832784851,"name":"searchInBackground","value":false},"id":"GeneralSettings"}}
{"session":"6a8a68069937","build":"183.5912.21","bucket":"-1","time":1555832784850,"group":{"id":"settings","version":"9"},"event":{"data":{"default":false,"created":1555832784852,"name":"showTipsOnStartup","value":false},"id":"GeneralSettings"}}
{"session":"6a8a68069937","build":"183.5912.21","bucket":"-1","time":1555832784850,"group":{"id":"settings","version":"9"},"event":{"data":{"created":1555832784852,"name":"showWelcomeScreen","value":true},"id":"GeneralSettings"}}
{"session":"6a8a68069937","build":"183.5912.21","bucket":"-1","time":1555832784850,"group":{"id":"settings","version":"9"},"event":{"data":{"created":1555832784852,"name":"supportScreenReaders","value":false},"id":"GeneralSettings"}}
{"session":"6a8a68069937","build":"183.5912.21","bucket":"-1","time":1555832784850,"group":{"id":"settings","version":"9"},"event":{"data":{"created":1555832784853,"name":"syncOnFrameActivation","value":true},"id":"GeneralSettings"}}
{"session":"6a8a68069937","build":"183.5912.21","bucket":"-1","time":1555832784850,"group":{"id":"settings","version":"9"},"event":{"data":{"created":1555832784853,"name":"useDefaultBrowser","value":true},"id":"GeneralSettings"}}
{"session":"6a8a68069937","build":"183.5912.21","bucket":"-1","time":1555832784850,"group":{"id":"settings","version":"9"},"event":{"data":{"created":1555832784853,"name":"useSafeWrite","value":true},"id":"GeneralSettings"}}
{"session":"6a8a68069937","build":"183.5912.21","bucket":"-1","time":1555832801712,"group":{"id":"statistics.lifecycle.app","version":"9"},"event":{"count":1,"data":{"created":1555832801713,"data_2":"10+","data_1":"timeSecondsGrouped"},"id":"ide.freeze"}}
{"session":"6a8a68069937","build":"183.5912.21","bucket":"-1","time":1555832801714,"group":{"id":"lifecycle","version":"9"},"event":{"count":1,"data":{"durationSeconds":17,"created":1555832801714},"id":"ide.freeze"}}
{"session":"6a8a68069937","build":"183.5912.21","bucket":"-1","time":1555832801936,"group":{"id":"ui.dialogs","version":"9"},"event":{"count":1,"data":{"created":1555832801936,"type":"show"},"id":"com.intellij.openapi.progress.util.ProgressDialog$MyDialogWrapper"}}
{"session":"6a8a68069937","build":"183.5912.21","bucket":"-1","time":1555832803015,"group":{"id":"statistics.lifecycle.app","version":"9"},"event":{"count":1,"data":{"created":1555832803016,"data_2":"mappingFailed:false","data_1":"OOM:false","data_3":"pluginId:unknown"},"id":"ide.error"}}
{"session":"6a8a68069937","build":"183.5912.21","bucket":"-1","time":1555832803157,"group":{"id":"ui.dialogs","version":"9"},"event":{"count":1,"data":{"code":1,"created":1555832803157,"type":"close"},"id":"com.intellij.openapi.progress.util.ProgressDialog$MyDialogWrapper"}}
{"session":"6a8a68069937","build":"183.5912.21","bucket":"-1","time":1555832803182,"group":{"id":"statistics.lifecycle.project","version":"9"},"event":{"count":1,"data":{"created":1555832803183,"project":"-1379659210"},"id":"project.opened"}}
{"session":"6a8a68069937","build":"183.5912.21","bucket":"-1","time":1555832803183,"group":{"id":"lifecycle","version":"9"},"event":{"count":1,"data":{"created":1555832803183},"id":"project.opened"}}
{"session":"6a8a68069937","build":"183.5912.21","bucket":"-1","time":1555832804078,"group":{"id":"ui.dialogs","version":"9"},"event":{"count":1,"data":{"created":1555832804078,"type":"show"},"id":"com.intellij.openapi.progress.util.ProgressDialog$MyDialogWrapper"}}
{"session":"6a8a68069937","build":"183.5912.21","bucket":"-1","time":1555832806094,"group":{"id":"toolwindow.v2","version":"9"},"event":{"count":1,"data":{"created":1555832806094,"data_1":"Mac"},"id":"Project_by_Activation"}}
{"session":"6a8a68069937","build":"183.5912.21","bucket":"-1","time":1555832806859,"group":{"id":"statistics.lifecycle.app","version":"9"},"event":{"count":1,"data":{"created":1555832806859},"id":"ide.start"}}
{"session":"6a8a68069937","build":"183.5912.21","bucket":"-1","time":1555832806859,"group":{"id":"lifecycle","version":"9"},"event":{"count":1,"data":{"created":1555832806859},"id":"app.started"}}
{"session":"6a8a68069937","build":"183.5912.21","bucket":"-1","time":1555832807901,"group":{"id":"ui.dialogs","version":"9"},"event":{"count":1,"data":{"code":1,"created":1555832807901,"type":"close"},"id":"com.intellij.openapi.progress.util.ProgressDialog$MyDialogWrapper"}}
{"session":"6a8a68069937","build":"183.5912.21","bucket":"-1","time":1555832808114,"group":{"id":"statistics.lifecycle.project","version":"9"},"event":{"count":1,"data":{"created":1555832808114,"project":"-1379659210"},"id":"project.open.time.6"}}
{"session":"6a8a68069937","build":"183.5912.21","bucket":"-1","time":1555832808114,"group":{"id":"lifecycle","version":"9"},"event":{"count":1,"data":{"created":1555832808114,"time.ms":6603},"id":"project.opening.finished"}}
{"session":"6a8a68069937","build":"183.5912.21","bucket":"-1","time":1555832858213,"group":{"id":"actions.v2","version":"9"},"event":{"count":1,"data":{"context_menu":false,"created":1555832858213,"data_1":"Mac","input_event":"Shift+F1"},"id":"third.party.plugin.action"}}
{"session":"6a8a68069937","build":"183.5912.21","bucket":"-1","time":1555833073545,"group":{"id":"actions.v2","version":"9"},"event":{"count":1,"data":{"context_menu":false,"created":1555833073545,"data_1":"Mac","input_event":"Shift+F1"},"id":"third.party.plugin.action"}}
{"session":"6a8a68069937","build":"183.5912.21","bucket":"-1","time":1555833075799,"group":{"id":"statistics.lifecycle.project","version":"9"},"event":{"count":1,"data":{"created":1555833075799,"project":"-1379659210"},"id":"project.closed"}}
{"session":"6a8a68069937","build":"183.5912.21","bucket":"-1","time":1555833075913,"group":{"id":"lifecycle","version":"9"},"event":{"count":1,"data":{"created":1555833075913},"id":"project.closed"}}
{"session":"6a8a68069937","build":"183.5912.21","bucket":"-1","time":1555833078575,"group":{"id":"statistics.lifecycle.app","version":"9"},"event":{"count":1,"data":{"created":1555833078575},"id":"ide.close"}}
{"session":"6a8a68069937","build":"183.5912.21","bucket":"-1","time":1555833078575,"group":{"id":"lifecycle","version":"9"},"event":{"count":1,"data":{"restart":false,"created":1555833078575},"id":"app.closed"}}
