{"session":"542b9261731e","build":"183.5912.21","bucket":"-1","time":1555845474913,"group":{"id":"system.os.name","version":"9"},"event":{"data":{"created":1555845474914},"id":"Mac.OS.X"}}
{"session":"542b9261731e","build":"183.5912.21","bucket":"-1","time":1555845474913,"group":{"id":"system.os.version","version":"9"},"event":{"data":{"created":1555845474937},"id":"10.13.6"}}
{"session":"542b9261731e","build":"183.5912.21","bucket":"-1","time":1555845474914,"group":{"id":"system.jvm.vendor","version":"9"},"event":{"data":{"created":1555845474951},"id":"JetBrains_s.r.o"}}
{"session":"542b9261731e","build":"183.5912.21","bucket":"-1","time":1555845474914,"group":{"id":"system.jvm.version","version":"9"},"event":{"data":{"created":1555845474951},"id":"1.8"}}
{"session":"542b9261731e","build":"183.5912.21","bucket":"-1","time":1555845474922,"group":{"id":"settings","version":"9"},"event":{"data":{"created":1555845474952,"name":"activeMruEditorOnClose","value":false},"id":"UISettings"}}
{"session":"542b9261731e","build":"183.5912.21","bucket":"-1","time":1555845474922,"group":{"id":"settings","version":"9"},"event":{"data":{"created":1555845474953,"name":"activeRightEditorOnClose","value":false},"id":"UISettings"}}
{"session":"542b9261731e","build":"183.5912.21","bucket":"-1","time":1555845474922,"group":{"id":"settings","version":"9"},"event":{"data":{"created":1555845474953,"name":"allowMergeButtons","value":true},"id":"UISettings"}}
{"session":"542b9261731e","build":"183.5912.21","bucket":"-1","time":1555845474922,"group":{"id":"settings","version":"9"},"event":{"data":{"created":1555845474954,"name":"alwaysShowWindowsButton","value":false},"id":"UISettings"}}
{"session":"542b9261731e","build":"183.5912.21","bucket":"-1","time":1555845474922,"group":{"id":"settings","version":"9"},"event":{"data":{"created":1555845474954,"name":"animateWindows","value":true},"id":"UISettings"}}
{"session":"542b9261731e","build":"183.5912.21","bucket":"-1","time":1555845474922,"group":{"id":"settings","version":"9"},"event":{"data":{"created":1555845474955,"name":"closeNonModifiedFilesFirst","value":false},"id":"UISettings"}}
{"session":"542b9261731e","build":"183.5912.21","bucket":"-1","time":1555845474922,"group":{"id":"settings","version":"9"},"event":{"data":{"created":1555845474955,"name":"closeTabButtonOnTheRight","value":true},"id":"UISettings"}}
{"session":"542b9261731e","build":"183.5912.21","bucket":"-1","time":1555845474922,"group":{"id":"settings","version":"9"},"event":{"data":{"created":1555845474956,"name":"cycleScrolling","value":true},"id":"UISettings"}}
{"session":"542b9261731e","build":"183.5912.21","bucket":"-1","time":1555845474922,"group":{"id":"settings","version":"9"},"event":{"data":{"created":1555845474957,"name":"defaultAutoScrollToSource","value":false},"id":"UISettings"}}
{"session":"542b9261731e","build":"183.5912.21","bucket":"-1","time":1555845474922,"group":{"id":"settings","version":"9"},"event":{"data":{"created":1555845474958,"name":"disableMnemonics","value":true},"id":"UISettings"}}
{"session":"542b9261731e","build":"183.5912.21","bucket":"-1","time":1555845474922,"group":{"id":"settings","version":"9"},"event":{"data":{"created":1555845474958,"name":"disableMnemonicsInControls","value":false},"id":"UISettings"}}
{"session":"542b9261731e","build":"183.5912.21","bucket":"-1","time":1555845474922,"group":{"id":"settings","version":"9"},"event":{"data":{"created":1555845474959,"name":"dndWithPressedAltOnly","value":false},"id":"UISettings"}}
{"session":"542b9261731e","build":"183.5912.21","bucket":"-1","time":1555845474922,"group":{"id":"settings","version":"9"},"event":{"data":{"created":1555845474960,"name":"enableAlphaMode","value":false},"id":"UISettings"}}
{"session":"542b9261731e","build":"183.5912.21","bucket":"-1","time":1555845474922,"group":{"id":"settings","version":"9"},"event":{"data":{"created":1555845474960,"name":"hideKnownExtensionInTabs","value":false},"id":"UISettings"}}
{"session":"542b9261731e","build":"183.5912.21","bucket":"-1","time":1555845474922,"group":{"id":"settings","version":"9"},"event":{"data":{"created":1555845474961,"name":"hideNavigationOnFocusLoss","value":true},"id":"UISettings"}}
{"session":"542b9261731e","build":"183.5912.21","bucket":"-1","time":1555845474922,"group":{"id":"settings","version":"9"},"event":{"data":{"created":1555845474961,"name":"hideTabsIfNeed","value":true},"id":"UISettings"}}
{"session":"542b9261731e","build":"183.5912.21","bucket":"-1","time":1555845474922,"group":{"id":"settings","version":"9"},"event":{"data":{"created":1555845474962,"name":"hideToolStripes","value":false},"id":"UISettings"}}
{"session":"542b9261731e","build":"183.5912.21","bucket":"-1","time":1555845474922,"group":{"id":"settings","version":"9"},"event":{"data":{"created":1555845474962,"name":"leftHorizontalSplit","value":false},"id":"UISettings"}}
{"session":"542b9261731e","build":"183.5912.21","bucket":"-1","time":1555845474922,"group":{"id":"settings","version":"9"},"event":{"data":{"created":1555845474963,"name":"markModifiedTabsWithAsterisk","value":false},"id":"UISettings"}}
{"session":"542b9261731e","build":"183.5912.21","bucket":"-1","time":1555845474922,"group":{"id":"settings","version":"9"},"event":{"data":{"created":1555845474963,"name":"mergeEqualStackTraces","value":true},"id":"UISettings"}}
{"session":"542b9261731e","build":"183.5912.21","bucket":"-1","time":1555845474922,"group":{"id":"settings","version":"9"},"event":{"data":{"created":1555845474963,"name":"moveMouseOnDefaultButton","value":false},"id":"UISettings"}}
{"session":"542b9261731e","build":"183.5912.21","bucket":"-1","time":1555845474922,"group":{"id":"settings","version":"9"},"event":{"data":{"created":1555845474964,"name":"navigateToPreview","value":false},"id":"UISettings"}}
{"session":"542b9261731e","build":"183.5912.21","bucket":"-1","time":1555845474922,"group":{"id":"settings","version":"9"},"event":{"data":{"created":1555845474964,"name":"overrideConsoleCycleBufferSize","value":false},"id":"UISettings"}}
{"session":"542b9261731e","build":"183.5912.21","bucket":"-1","time":1555845474922,"group":{"id":"settings","version":"9"},"event":{"data":{"created":1555845474964,"name":"overrideLafFonts","value":false},"id":"UISettings"}}
{"session":"542b9261731e","build":"183.5912.21","bucket":"-1","time":1555845474922,"group":{"id":"settings","version":"9"},"event":{"data":{"created":1555845474965,"name":"pinFindInPath","value":false},"id":"UISettings"}}
{"session":"542b9261731e","build":"183.5912.21","bucket":"-1","time":1555845474922,"group":{"id":"settings","version":"9"},"event":{"data":{"created":1555845474965,"name":"presentationMode","value":false},"id":"UISettings"}}
{"session":"542b9261731e","build":"183.5912.21","bucket":"-1","time":1555845474922,"group":{"id":"settings","version":"9"},"event":{"data":{"created":1555845474965,"name":"reuseNotModifiedTabs","value":false},"id":"UISettings"}}
{"session":"542b9261731e","build":"183.5912.21","bucket":"-1","time":1555845474922,"group":{"id":"settings","version":"9"},"event":{"data":{"created":1555845474966,"name":"rightHorizontalSplit","value":false},"id":"UISettings"}}
{"session":"542b9261731e","build":"183.5912.21","bucket":"-1","time":1555845474922,"group":{"id":"settings","version":"9"},"event":{"data":{"created":1555845474966,"name":"scrollTabLayoutInEditor","value":true},"id":"UISettings"}}
{"session":"542b9261731e","build":"183.5912.21","bucket":"-1","time":1555845474922,"group":{"id":"settings","version":"9"},"event":{"data":{"created":1555845474967,"name":"showCloseButton","value":true},"id":"UISettings"}}
{"session":"542b9261731e","build":"183.5912.21","bucket":"-1","time":1555845474922,"group":{"id":"settings","version":"9"},"event":{"data":{"created":1555845474967,"name":"showDirectoryForNonUniqueFilenames","value":true},"id":"UISettings"}}
{"session":"542b9261731e","build":"183.5912.21","bucket":"-1","time":1555845474922,"group":{"id":"settings","version":"9"},"event":{"data":{"created":1555845474967,"name":"showEditorToolTip","value":true},"id":"UISettings"}}
{"session":"542b9261731e","build":"183.5912.21","bucket":"-1","time":1555845474922,"group":{"id":"settings","version":"9"},"event":{"data":{"created":1555845474968,"name":"showIconInQuickNavigation","value":true},"id":"UISettings"}}
{"session":"542b9261731e","build":"183.5912.21","bucket":"-1","time":1555845474922,"group":{"id":"settings","version":"9"},"event":{"data":{"created":1555845474968,"name":"showIconsInMenus","value":true},"id":"UISettings"}}
{"session":"542b9261731e","build":"183.5912.21","bucket":"-1","time":1555845474922,"group":{"id":"settings","version":"9"},"event":{"data":{"created":1555845474969,"name":"showMainToolbar","value":false},"id":"UISettings"}}
{"session":"542b9261731e","build":"183.5912.21","bucket":"-1","time":1555845474922,"group":{"id":"settings","version":"9"},"event":{"data":{"created":1555845474969,"name":"showMemoryIndicator","value":false},"id":"UISettings"}}
{"session":"542b9261731e","build":"183.5912.21","bucket":"-1","time":1555845474922,"group":{"id":"settings","version":"9"},"event":{"data":{"created":1555845474970,"name":"showNavigationBar","value":true},"id":"UISettings"}}
{"session":"542b9261731e","build":"183.5912.21","bucket":"-1","time":1555845474922,"group":{"id":"settings","version":"9"},"event":{"data":{"created":1555845474970,"name":"showStatusBar","value":true},"id":"UISettings"}}
{"session":"542b9261731e","build":"183.5912.21","bucket":"-1","time":1555845474922,"group":{"id":"settings","version":"9"},"event":{"data":{"created":1555845474971,"name":"showTabsTooltips","value":true},"id":"UISettings"}}
{"session":"542b9261731e","build":"183.5912.21","bucket":"-1","time":1555845474922,"group":{"id":"settings","version":"9"},"event":{"data":{"created":1555845474971,"name":"showToolWindowsNumbers","value":true},"id":"UISettings"}}
{"session":"542b9261731e","build":"183.5912.21","bucket":"-1","time":1555845474923,"group":{"id":"settings","version":"9"},"event":{"data":{"created":1555845474971,"name":"smoothScrolling","value":true},"id":"UISettings"}}
{"session":"542b9261731e","build":"183.5912.21","bucket":"-1","time":1555845474923,"group":{"id":"settings","version":"9"},"event":{"data":{"created":1555845474971,"name":"sortBookmarks","value":false},"id":"UISettings"}}
{"session":"542b9261731e","build":"183.5912.21","bucket":"-1","time":1555845474923,"group":{"id":"settings","version":"9"},"event":{"data":{"created":1555845474972,"name":"sortLookupElementsLexicographically","value":false},"id":"UISettings"}}
{"session":"542b9261731e","build":"183.5912.21","bucket":"-1","time":1555845474923,"group":{"id":"settings","version":"9"},"event":{"data":{"created":1555845474972,"name":"useSmallLabelsOnTabs","value":true},"id":"UISettings"}}
{"session":"542b9261731e","build":"183.5912.21","bucket":"-1","time":1555845474923,"group":{"id":"settings","version":"9"},"event":{"data":{"created":1555845474972,"name":"wideScreenSupport","value":false},"id":"UISettings"}}
{"session":"542b9261731e","build":"183.5912.21","bucket":"-1","time":1555845475936,"group":{"id":"settings","version":"9"},"event":{"data":{"created":1555845475936,"name":"autoSaveIfInactive","value":false},"id":"GeneralSettings"}}
{"session":"542b9261731e","build":"183.5912.21","bucket":"-1","time":1555845475936,"group":{"id":"settings","version":"9"},"event":{"data":{"default":false,"created":1555845475937,"name":"confirmExit","value":false},"id":"GeneralSettings"}}
{"session":"542b9261731e","build":"183.5912.21","bucket":"-1","time":1555845475936,"group":{"id":"settings","version":"9"},"event":{"data":{"created":1555845475937,"name":"reopenLastProject","value":true},"id":"GeneralSettings"}}
{"session":"542b9261731e","build":"183.5912.21","bucket":"-1","time":1555845475936,"group":{"id":"settings","version":"9"},"event":{"data":{"created":1555845475937,"name":"saveOnFrameDeactivation","value":true},"id":"GeneralSettings"}}
{"session":"542b9261731e","build":"183.5912.21","bucket":"-1","time":1555845475936,"group":{"id":"settings","version":"9"},"event":{"data":{"created":1555845475938,"name":"searchInBackground","value":false},"id":"GeneralSettings"}}
{"session":"542b9261731e","build":"183.5912.21","bucket":"-1","time":1555845475936,"group":{"id":"settings","version":"9"},"event":{"data":{"default":false,"created":1555845475938,"name":"showTipsOnStartup","value":false},"id":"GeneralSettings"}}
{"session":"542b9261731e","build":"183.5912.21","bucket":"-1","time":1555845475936,"group":{"id":"settings","version":"9"},"event":{"data":{"created":1555845475938,"name":"showWelcomeScreen","value":true},"id":"GeneralSettings"}}
{"session":"542b9261731e","build":"183.5912.21","bucket":"-1","time":1555845475936,"group":{"id":"settings","version":"9"},"event":{"data":{"created":1555845475939,"name":"supportScreenReaders","value":false},"id":"GeneralSettings"}}
{"session":"542b9261731e","build":"183.5912.21","bucket":"-1","time":1555845475936,"group":{"id":"settings","version":"9"},"event":{"data":{"created":1555845475939,"name":"syncOnFrameActivation","value":true},"id":"GeneralSettings"}}
{"session":"542b9261731e","build":"183.5912.21","bucket":"-1","time":1555845475936,"group":{"id":"settings","version":"9"},"event":{"data":{"created":1555845475939,"name":"useDefaultBrowser","value":true},"id":"GeneralSettings"}}
{"session":"542b9261731e","build":"183.5912.21","bucket":"-1","time":1555845475936,"group":{"id":"settings","version":"9"},"event":{"data":{"created":1555845475940,"name":"useSafeWrite","value":true},"id":"GeneralSettings"}}
{"session":"542b9261731e","build":"183.5912.21","bucket":"-1","time":1555845489814,"group":{"id":"statistics.lifecycle.app","version":"9"},"event":{"count":1,"data":{"created":1555845489814},"id":"ide.start"}}
{"session":"542b9261731e","build":"183.5912.21","bucket":"-1","time":1555845489817,"group":{"id":"lifecycle","version":"9"},"event":{"count":1,"data":{"created":1555845489817},"id":"app.started"}}
{"session":"542b9261731e","build":"183.5912.21","bucket":"-1","time":1555845490678,"group":{"id":"statistics.lifecycle.app","version":"9"},"event":{"count":1,"data":{"created":1555845490678,"data_2":"10+","data_1":"timeSecondsGrouped"},"id":"ide.freeze"}}
{"session":"542b9261731e","build":"183.5912.21","bucket":"-1","time":1555845490678,"group":{"id":"lifecycle","version":"9"},"event":{"count":1,"data":{"durationSeconds":15,"created":1555845490679},"id":"ide.freeze"}}
{"session":"542b9261731e","build":"183.5912.21","bucket":"-1","time":1555845523679,"group":{"id":"ui.dialogs","version":"9"},"event":{"count":1,"data":{"created":1555845523679,"type":"show"},"id":"com.intellij.openapi.progress.util.ProgressDialog$MyDialogWrapper"}}
{"session":"542b9261731e","build":"183.5912.21","bucket":"-1","time":1555845525226,"group":{"id":"statistics.lifecycle.app","version":"9"},"event":{"count":1,"data":{"created":1555845525226,"data_2":"mappingFailed:false","data_1":"OOM:false","data_3":"pluginId:unknown"},"id":"ide.error"}}
{"session":"542b9261731e","build":"183.5912.21","bucket":"-1","time":1555845525408,"group":{"id":"ui.dialogs","version":"9"},"event":{"count":1,"data":{"code":1,"created":1555845525408,"type":"close"},"id":"com.intellij.openapi.progress.util.ProgressDialog$MyDialogWrapper"}}
{"session":"542b9261731e","build":"183.5912.21","bucket":"-1","time":1555845525458,"group":{"id":"statistics.lifecycle.project","version":"9"},"event":{"count":1,"data":{"created":1555845525458,"project":"-1379659210"},"id":"project.opened"}}
{"session":"542b9261731e","build":"183.5912.21","bucket":"-1","time":1555845525458,"group":{"id":"lifecycle","version":"9"},"event":{"count":1,"data":{"created":1555845525458},"id":"project.opened"}}
{"session":"542b9261731e","build":"183.5912.21","bucket":"-1","time":1555845527190,"group":{"id":"ui.dialogs","version":"9"},"event":{"count":1,"data":{"created":1555845527190,"type":"show"},"id":"com.intellij.openapi.progress.util.ProgressDialog$MyDialogWrapper"}}
{"session":"542b9261731e","build":"183.5912.21","bucket":"-1","time":1555845529336,"group":{"id":"toolwindow.v2","version":"9"},"event":{"count":1,"data":{"created":1555845529336,"data_1":"Mac"},"id":"Project_by_Activation"}}
{"session":"542b9261731e","build":"183.5912.21","bucket":"-1","time":1555845530336,"group":{"id":"ui.dialogs","version":"9"},"event":{"count":1,"data":{"code":1,"created":1555845530336,"type":"close"},"id":"com.intellij.openapi.progress.util.ProgressDialog$MyDialogWrapper"}}
{"session":"542b9261731e","build":"183.5912.21","bucket":"-1","time":1555845531250,"group":{"id":"statistics.lifecycle.project","version":"9"},"event":{"count":1,"data":{"created":1555845531250,"project":"-1379659210"},"id":"project.open.time.7"}}
{"session":"542b9261731e","build":"183.5912.21","bucket":"-1","time":1555845531250,"group":{"id":"lifecycle","version":"9"},"event":{"count":1,"data":{"created":1555845531250,"time.ms":7997},"id":"project.opening.finished"}}
{"session":"542b9261731e","build":"183.5912.21","bucket":"-1","time":1555845534315,"group":{"id":"actions.v2","version":"9"},"event":{"count":1,"data":{"context_menu":false,"created":1555845534315,"data_1":"Mac","input_event":"Alt+Enter"},"id":"ShowIntentionActions"}}
{"session":"542b9261731e","build":"183.5912.21","bucket":"-1","time":1555845534346,"group":{"id":"statistics.lifecycle.app","version":"9"},"event":{"count":3,"data":{"last":1555845536512,"created":1555845534346,"data_2":"mappingFailed:false","data_1":"OOM:false","data_3":"pluginId:unknown"},"id":"ide.error"}}
{"session":"542b9261731e","build":"183.5912.21","bucket":"-1","time":1555845537347,"group":{"id":"actions.v2","version":"9"},"event":{"count":1,"data":{"context_menu":false,"created":1555845537347,"data_1":"Mac","input_event":"Alt+Enter"},"id":"ShowIntentionActions"}}
{"session":"542b9261731e","build":"183.5912.21","bucket":"-1","time":1555845537350,"group":{"id":"statistics.lifecycle.app","version":"9"},"event":{"count":1,"data":{"created":1555845537350,"data_2":"mappingFailed:false","data_1":"OOM:false","data_3":"pluginId:unknown"},"id":"ide.error"}}
{"session":"542b9261731e","build":"183.5912.21","bucket":"-1","time":1555845537929,"group":{"id":"actions.v2","version":"9"},"event":{"count":1,"data":{"context_menu":false,"created":1555845537929,"data_1":"Mac","input_event":"Alt+Enter"},"id":"ShowIntentionActions"}}
{"session":"542b9261731e","build":"183.5912.21","bucket":"-1","time":1555845537931,"group":{"id":"statistics.lifecycle.app","version":"9"},"event":{"count":1,"data":{"created":1555845537931,"data_2":"mappingFailed:false","data_1":"OOM:false","data_3":"pluginId:unknown"},"id":"ide.error"}}
{"session":"542b9261731e","build":"183.5912.21","bucket":"-1","time":1555845538758,"group":{"id":"actions.v2","version":"9"},"event":{"count":1,"data":{"context_menu":false,"created":1555845538758,"data_1":"Mac","input_event":"Alt+Enter"},"id":"ShowIntentionActions"}}
{"session":"542b9261731e","build":"183.5912.21","bucket":"-1","time":1555845538762,"group":{"id":"statistics.lifecycle.app","version":"9"},"event":{"count":1,"data":{"created":1555845538762,"data_2":"mappingFailed:false","data_1":"OOM:false","data_3":"pluginId:unknown"},"id":"ide.error"}}
{"session":"542b9261731e","build":"183.5912.21","bucket":"-1","time":1555845539951,"group":{"id":"actions.v2","version":"9"},"event":{"count":3,"data":{"context_menu":false,"last":1555845540242,"created":1555845539951,"data_1":"Mac","input_event":"Left"},"id":"EditorLeft"}}
{"session":"542b9261731e","build":"183.5912.21","bucket":"-1","time":1555845540286,"group":{"id":"statistics.lifecycle.app","version":"9"},"event":{"count":1,"data":{"created":1555845540286,"data_2":"mappingFailed:false","data_1":"OOM:false","data_3":"pluginId:unknown"},"id":"ide.error"}}
{"session":"542b9261731e","build":"183.5912.21","bucket":"-1","time":1555845540406,"group":{"id":"actions.v2","version":"9"},"event":{"count":1,"data":{"context_menu":false,"created":1555845540406,"data_1":"Mac","input_event":"Left"},"id":"EditorLeft"}}
{"session":"542b9261731e","build":"183.5912.21","bucket":"-1","time":1555845540721,"group":{"id":"statistics.lifecycle.app","version":"9"},"event":{"count":1,"data":{"created":1555845540721,"data_2":"mappingFailed:false","data_1":"OOM:false","data_3":"pluginId:unknown"},"id":"ide.error"}}
{"session":"542b9261731e","build":"183.5912.21","bucket":"-1","time":1555845540833,"group":{"id":"actions.v2","version":"9"},"event":{"count":1,"data":{"context_menu":false,"created":1555845540833,"data_1":"Mac","input_event":"Alt+Enter"},"id":"ShowIntentionActions"}}
{"session":"542b9261731e","build":"183.5912.21","bucket":"-1","time":1555845540836,"group":{"id":"statistics.lifecycle.app","version":"9"},"event":{"count":1,"data":{"created":1555845540836,"data_2":"mappingFailed:false","data_1":"OOM:false","data_3":"pluginId:unknown"},"id":"ide.error"}}
{"session":"542b9261731e","build":"183.5912.21","bucket":"-1","time":1555845541225,"group":{"id":"actions.v2","version":"9"},"event":{"count":1,"data":{"context_menu":false,"created":1555845541225,"data_1":"Mac","input_event":"Alt+Enter"},"id":"ShowIntentionActions"}}
{"session":"542b9261731e","build":"183.5912.21","bucket":"-1","time":1555845541230,"group":{"id":"statistics.lifecycle.app","version":"9"},"event":{"count":1,"data":{"created":1555845541230,"data_2":"mappingFailed:false","data_1":"OOM:false","data_3":"pluginId:unknown"},"id":"ide.error"}}
{"session":"542b9261731e","build":"183.5912.21","bucket":"-1","time":1555845543893,"group":{"id":"actions.v2","version":"9"},"event":{"count":1,"data":{"context_menu":false,"created":1555845543893,"data_1":"Mac","input_event":"Alt+Enter"},"id":"ShowIntentionActions"}}
{"session":"542b9261731e","build":"183.5912.21","bucket":"-1","time":1555845543896,"group":{"id":"statistics.lifecycle.app","version":"9"},"event":{"count":1,"data":{"created":1555845543896,"data_2":"mappingFailed:false","data_1":"OOM:false","data_3":"pluginId:unknown"},"id":"ide.error"}}
{"session":"542b9261731e","build":"183.5912.21","bucket":"-1","time":1555845544720,"group":{"id":"actions.v2","version":"9"},"event":{"count":1,"data":{"context_menu":false,"created":1555845544721,"data_1":"Mac","input_event":"Meta+Alt+Enter"},"id":"EditorStartNewLineBefore"}}
{"session":"542b9261731e","build":"183.5912.21","bucket":"-1","time":1555845544725,"group":{"id":"statistics.file.types.edit","version":"9"},"event":{"count":1,"data":{"created":1555845544725,"project":"-1379659210"},"id":"JAVA"}}
{"session":"542b9261731e","build":"183.5912.21","bucket":"-1","time":1555845545014,"group":{"id":"actions.v2","version":"9"},"event":{"count":1,"data":{"context_menu":false,"created":1555845545014,"data_1":"Mac","input_event":"Alt+Enter"},"id":"ShowIntentionActions"}}
{"session":"542b9261731e","build":"183.5912.21","bucket":"-1","time":1555845545016,"group":{"id":"statistics.lifecycle.app","version":"9"},"event":{"count":3,"data":{"last":1555845545515,"created":1555845545016,"data_2":"mappingFailed:false","data_1":"OOM:false","data_3":"pluginId:unknown"},"id":"ide.error"}}
{"session":"542b9261731e","build":"183.5912.21","bucket":"-1","time":1555845545917,"group":{"id":"actions.v2","version":"9"},"event":{"count":1,"data":{"context_menu":false,"created":1555845545917,"data_1":"Mac","input_event":"Meta+Z"},"id":"$Undo"}}
{"session":"542b9261731e","build":"183.5912.21","bucket":"-1","time":1555845546273,"group":{"id":"statistics.lifecycle.app","version":"9"},"event":{"count":1,"data":{"created":1555845546273,"data_2":"mappingFailed:false","data_1":"OOM:false","data_3":"pluginId:unknown"},"id":"ide.error"}}
{"session":"542b9261731e","build":"183.5912.21","bucket":"-1","time":1555845546723,"group":{"id":"actions.v2","version":"9"},"event":{"count":1,"data":{"context_menu":false,"created":1555845546723,"data_1":"Mac","input_event":"Alt+Enter"},"id":"ShowIntentionActions"}}
{"session":"542b9261731e","build":"183.5912.21","bucket":"-1","time":1555845546727,"group":{"id":"statistics.lifecycle.app","version":"9"},"event":{"count":1,"data":{"created":1555845546727,"data_2":"mappingFailed:false","data_1":"OOM:false","data_3":"pluginId:unknown"},"id":"ide.error"}}
{"session":"542b9261731e","build":"183.5912.21","bucket":"-1","time":1555845547127,"group":{"id":"actions.v2","version":"9"},"event":{"count":1,"data":{"context_menu":false,"created":1555845547127,"data_1":"Mac","input_event":"Alt+Enter"},"id":"ShowIntentionActions"}}
{"session":"542b9261731e","build":"183.5912.21","bucket":"-1","time":1555845547129,"group":{"id":"statistics.lifecycle.app","version":"9"},"event":{"count":3,"data":{"last":1555845548495,"created":1555845547129,"data_2":"mappingFailed:false","data_1":"OOM:false","data_3":"pluginId:unknown"},"id":"ide.error"}}
{"session":"542b9261731e","build":"183.5912.21","bucket":"-1","time":1555845548603,"group":{"id":"actions.v2","version":"9"},"event":{"count":1,"data":{"context_menu":false,"created":1555845548603,"data_1":"Mac","input_event":"Alt+Enter"},"id":"ShowIntentionActions"}}
{"session":"542b9261731e","build":"183.5912.21","bucket":"-1","time":1555845548606,"group":{"id":"statistics.lifecycle.app","version":"9"},"event":{"count":1,"data":{"created":1555845548606,"data_2":"mappingFailed:false","data_1":"OOM:false","data_3":"pluginId:unknown"},"id":"ide.error"}}
{"session":"542b9261731e","build":"183.5912.21","bucket":"-1","time":1555845548952,"group":{"id":"actions.v2","version":"9"},"event":{"count":1,"data":{"context_menu":false,"created":1555845548952,"data_1":"Mac","input_event":"Alt+Enter"},"id":"ShowIntentionActions"}}
{"session":"542b9261731e","build":"183.5912.21","bucket":"-1","time":1555845548955,"group":{"id":"statistics.lifecycle.app","version":"9"},"event":{"count":1,"data":{"created":1555845548955,"data_2":"mappingFailed:false","data_1":"OOM:false","data_3":"pluginId:unknown"},"id":"ide.error"}}
{"session":"542b9261731e","build":"183.5912.21","bucket":"-1","time":1555845614737,"group":{"id":"statistics.lifecycle.project","version":"9"},"event":{"count":1,"data":{"created":1555845614737,"project":"-1379659210"},"id":"project.closed"}}
{"session":"542b9261731e","build":"183.5912.21","bucket":"-1","time":1555845614923,"group":{"id":"lifecycle","version":"9"},"event":{"count":1,"data":{"created":1555845614923},"id":"project.closed"}}
{"session":"542b9261731e","build":"183.5912.21","bucket":"-1","time":1555845617550,"group":{"id":"statistics.lifecycle.app","version":"9"},"event":{"count":1,"data":{"created":1555845617551},"id":"ide.close"}}
{"session":"542b9261731e","build":"183.5912.21","bucket":"-1","time":1555845617551,"group":{"id":"lifecycle","version":"9"},"event":{"count":1,"data":{"restart":false,"created":1555845617551},"id":"app.closed"}}
