{"session":"a08d01e54d4e","build":"183.5912.21","bucket":"-1","time":1555830454998,"group":{"id":"system.os.name","version":"9"},"event":{"data":{"created":1555830454999},"id":"Mac.OS.X"}}
{"session":"a08d01e54d4e","build":"183.5912.21","bucket":"-1","time":1555830454999,"group":{"id":"system.os.version","version":"9"},"event":{"data":{"created":1555830455008},"id":"10.13.6"}}
{"session":"a08d01e54d4e","build":"183.5912.21","bucket":"-1","time":1555830454999,"group":{"id":"system.jvm.vendor","version":"9"},"event":{"data":{"created":1555830455019},"id":"JetBrains_s.r.o"}}
{"session":"a08d01e54d4e","build":"183.5912.21","bucket":"-1","time":1555830454999,"group":{"id":"system.jvm.version","version":"9"},"event":{"data":{"created":1555830455020},"id":"1.8"}}
{"session":"a08d01e54d4e","build":"183.5912.21","bucket":"-1","time":1555830455006,"group":{"id":"settings","version":"9"},"event":{"data":{"created":1555830455020,"name":"activeMruEditorOnClose","value":false},"id":"UISettings"}}
{"session":"a08d01e54d4e","build":"183.5912.21","bucket":"-1","time":1555830455006,"group":{"id":"settings","version":"9"},"event":{"data":{"created":1555830455021,"name":"activeRightEditorOnClose","value":false},"id":"UISettings"}}
{"session":"a08d01e54d4e","build":"183.5912.21","bucket":"-1","time":1555830455006,"group":{"id":"settings","version":"9"},"event":{"data":{"created":1555830455022,"name":"allowMergeButtons","value":true},"id":"UISettings"}}
{"session":"a08d01e54d4e","build":"183.5912.21","bucket":"-1","time":1555830455006,"group":{"id":"settings","version":"9"},"event":{"data":{"created":1555830455023,"name":"alwaysShowWindowsButton","value":false},"id":"UISettings"}}
{"session":"a08d01e54d4e","build":"183.5912.21","bucket":"-1","time":1555830455006,"group":{"id":"settings","version":"9"},"event":{"data":{"created":1555830455023,"name":"animateWindows","value":true},"id":"UISettings"}}
{"session":"a08d01e54d4e","build":"183.5912.21","bucket":"-1","time":1555830455006,"group":{"id":"settings","version":"9"},"event":{"data":{"created":1555830455024,"name":"closeNonModifiedFilesFirst","value":false},"id":"UISettings"}}
{"session":"a08d01e54d4e","build":"183.5912.21","bucket":"-1","time":1555830455006,"group":{"id":"settings","version":"9"},"event":{"data":{"created":1555830455025,"name":"closeTabButtonOnTheRight","value":true},"id":"UISettings"}}
{"session":"a08d01e54d4e","build":"183.5912.21","bucket":"-1","time":1555830455006,"group":{"id":"settings","version":"9"},"event":{"data":{"created":1555830455025,"name":"cycleScrolling","value":true},"id":"UISettings"}}
{"session":"a08d01e54d4e","build":"183.5912.21","bucket":"-1","time":1555830455006,"group":{"id":"settings","version":"9"},"event":{"data":{"created":1555830455026,"name":"defaultAutoScrollToSource","value":false},"id":"UISettings"}}
{"session":"a08d01e54d4e","build":"183.5912.21","bucket":"-1","time":1555830455006,"group":{"id":"settings","version":"9"},"event":{"data":{"created":1555830455027,"name":"disableMnemonics","value":true},"id":"UISettings"}}
{"session":"a08d01e54d4e","build":"183.5912.21","bucket":"-1","time":1555830455006,"group":{"id":"settings","version":"9"},"event":{"data":{"created":1555830455027,"name":"disableMnemonicsInControls","value":false},"id":"UISettings"}}
{"session":"a08d01e54d4e","build":"183.5912.21","bucket":"-1","time":1555830455006,"group":{"id":"settings","version":"9"},"event":{"data":{"created":1555830455028,"name":"dndWithPressedAltOnly","value":false},"id":"UISettings"}}
{"session":"a08d01e54d4e","build":"183.5912.21","bucket":"-1","time":1555830455006,"group":{"id":"settings","version":"9"},"event":{"data":{"created":1555830455028,"name":"enableAlphaMode","value":false},"id":"UISettings"}}
{"session":"a08d01e54d4e","build":"183.5912.21","bucket":"-1","time":1555830455006,"group":{"id":"settings","version":"9"},"event":{"data":{"created":1555830455029,"name":"hideKnownExtensionInTabs","value":false},"id":"UISettings"}}
{"session":"a08d01e54d4e","build":"183.5912.21","bucket":"-1","time":1555830455006,"group":{"id":"settings","version":"9"},"event":{"data":{"created":1555830455029,"name":"hideNavigationOnFocusLoss","value":true},"id":"UISettings"}}
{"session":"a08d01e54d4e","build":"183.5912.21","bucket":"-1","time":1555830455006,"group":{"id":"settings","version":"9"},"event":{"data":{"created":1555830455030,"name":"hideTabsIfNeed","value":true},"id":"UISettings"}}
{"session":"a08d01e54d4e","build":"183.5912.21","bucket":"-1","time":1555830455006,"group":{"id":"settings","version":"9"},"event":{"data":{"created":1555830455031,"name":"hideToolStripes","value":false},"id":"UISettings"}}
{"session":"a08d01e54d4e","build":"183.5912.21","bucket":"-1","time":1555830455006,"group":{"id":"settings","version":"9"},"event":{"data":{"created":1555830455031,"name":"leftHorizontalSplit","value":false},"id":"UISettings"}}
{"session":"a08d01e54d4e","build":"183.5912.21","bucket":"-1","time":1555830455006,"group":{"id":"settings","version":"9"},"event":{"data":{"created":1555830455032,"name":"markModifiedTabsWithAsterisk","value":false},"id":"UISettings"}}
{"session":"a08d01e54d4e","build":"183.5912.21","bucket":"-1","time":1555830455006,"group":{"id":"settings","version":"9"},"event":{"data":{"created":1555830455032,"name":"mergeEqualStackTraces","value":true},"id":"UISettings"}}
{"session":"a08d01e54d4e","build":"183.5912.21","bucket":"-1","time":1555830455006,"group":{"id":"settings","version":"9"},"event":{"data":{"created":1555830455033,"name":"moveMouseOnDefaultButton","value":false},"id":"UISettings"}}
{"session":"a08d01e54d4e","build":"183.5912.21","bucket":"-1","time":1555830455006,"group":{"id":"settings","version":"9"},"event":{"data":{"created":1555830455033,"name":"navigateToPreview","value":false},"id":"UISettings"}}
{"session":"a08d01e54d4e","build":"183.5912.21","bucket":"-1","time":1555830455006,"group":{"id":"settings","version":"9"},"event":{"data":{"created":1555830455034,"name":"overrideConsoleCycleBufferSize","value":false},"id":"UISettings"}}
{"session":"a08d01e54d4e","build":"183.5912.21","bucket":"-1","time":1555830455006,"group":{"id":"settings","version":"9"},"event":{"data":{"created":1555830455034,"name":"overrideLafFonts","value":false},"id":"UISettings"}}
{"session":"a08d01e54d4e","build":"183.5912.21","bucket":"-1","time":1555830455006,"group":{"id":"settings","version":"9"},"event":{"data":{"created":1555830455035,"name":"pinFindInPath","value":false},"id":"UISettings"}}
{"session":"a08d01e54d4e","build":"183.5912.21","bucket":"-1","time":1555830455006,"group":{"id":"settings","version":"9"},"event":{"data":{"created":1555830455036,"name":"presentationMode","value":false},"id":"UISettings"}}
{"session":"a08d01e54d4e","build":"183.5912.21","bucket":"-1","time":1555830455006,"group":{"id":"settings","version":"9"},"event":{"data":{"created":1555830455036,"name":"reuseNotModifiedTabs","value":false},"id":"UISettings"}}
{"session":"a08d01e54d4e","build":"183.5912.21","bucket":"-1","time":1555830455006,"group":{"id":"settings","version":"9"},"event":{"data":{"created":1555830455037,"name":"rightHorizontalSplit","value":false},"id":"UISettings"}}
{"session":"a08d01e54d4e","build":"183.5912.21","bucket":"-1","time":1555830455006,"group":{"id":"settings","version":"9"},"event":{"data":{"created":1555830455037,"name":"scrollTabLayoutInEditor","value":true},"id":"UISettings"}}
{"session":"a08d01e54d4e","build":"183.5912.21","bucket":"-1","time":1555830455006,"group":{"id":"settings","version":"9"},"event":{"data":{"created":1555830455038,"name":"showCloseButton","value":true},"id":"UISettings"}}
{"session":"a08d01e54d4e","build":"183.5912.21","bucket":"-1","time":1555830455006,"group":{"id":"settings","version":"9"},"event":{"data":{"created":1555830455038,"name":"showDirectoryForNonUniqueFilenames","value":true},"id":"UISettings"}}
{"session":"a08d01e54d4e","build":"183.5912.21","bucket":"-1","time":1555830455006,"group":{"id":"settings","version":"9"},"event":{"data":{"created":1555830455038,"name":"showEditorToolTip","value":true},"id":"UISettings"}}
{"session":"a08d01e54d4e","build":"183.5912.21","bucket":"-1","time":1555830455006,"group":{"id":"settings","version":"9"},"event":{"data":{"created":1555830455039,"name":"showIconInQuickNavigation","value":true},"id":"UISettings"}}
{"session":"a08d01e54d4e","build":"183.5912.21","bucket":"-1","time":1555830455006,"group":{"id":"settings","version":"9"},"event":{"data":{"created":1555830455039,"name":"showIconsInMenus","value":true},"id":"UISettings"}}
{"session":"a08d01e54d4e","build":"183.5912.21","bucket":"-1","time":1555830455006,"group":{"id":"settings","version":"9"},"event":{"data":{"created":1555830455040,"name":"showMainToolbar","value":false},"id":"UISettings"}}
{"session":"a08d01e54d4e","build":"183.5912.21","bucket":"-1","time":1555830455006,"group":{"id":"settings","version":"9"},"event":{"data":{"created":1555830455041,"name":"showMemoryIndicator","value":false},"id":"UISettings"}}
{"session":"a08d01e54d4e","build":"183.5912.21","bucket":"-1","time":1555830455006,"group":{"id":"settings","version":"9"},"event":{"data":{"created":1555830455041,"name":"showNavigationBar","value":true},"id":"UISettings"}}
{"session":"a08d01e54d4e","build":"183.5912.21","bucket":"-1","time":1555830455006,"group":{"id":"settings","version":"9"},"event":{"data":{"created":1555830455042,"name":"showStatusBar","value":true},"id":"UISettings"}}
{"session":"a08d01e54d4e","build":"183.5912.21","bucket":"-1","time":1555830455006,"group":{"id":"settings","version":"9"},"event":{"data":{"created":1555830455042,"name":"showTabsTooltips","value":true},"id":"UISettings"}}
{"session":"a08d01e54d4e","build":"183.5912.21","bucket":"-1","time":1555830455006,"group":{"id":"settings","version":"9"},"event":{"data":{"created":1555830455043,"name":"showToolWindowsNumbers","value":true},"id":"UISettings"}}
{"session":"a08d01e54d4e","build":"183.5912.21","bucket":"-1","time":1555830455006,"group":{"id":"settings","version":"9"},"event":{"data":{"created":1555830455043,"name":"smoothScrolling","value":true},"id":"UISettings"}}
{"session":"a08d01e54d4e","build":"183.5912.21","bucket":"-1","time":1555830455006,"group":{"id":"settings","version":"9"},"event":{"data":{"created":1555830455044,"name":"sortBookmarks","value":false},"id":"UISettings"}}
{"session":"a08d01e54d4e","build":"183.5912.21","bucket":"-1","time":1555830455006,"group":{"id":"settings","version":"9"},"event":{"data":{"created":1555830455044,"name":"sortLookupElementsLexicographically","value":false},"id":"UISettings"}}
{"session":"a08d01e54d4e","build":"183.5912.21","bucket":"-1","time":1555830455006,"group":{"id":"settings","version":"9"},"event":{"data":{"created":1555830455044,"name":"useSmallLabelsOnTabs","value":true},"id":"UISettings"}}
{"session":"a08d01e54d4e","build":"183.5912.21","bucket":"-1","time":1555830455006,"group":{"id":"settings","version":"9"},"event":{"data":{"created":1555830455045,"name":"wideScreenSupport","value":false},"id":"UISettings"}}
{"session":"a08d01e54d4e","build":"183.5912.21","bucket":"-1","time":1555830455743,"group":{"id":"settings","version":"9"},"event":{"data":{"created":1555830455743,"name":"autoSaveIfInactive","value":false},"id":"GeneralSettings"}}
{"session":"a08d01e54d4e","build":"183.5912.21","bucket":"-1","time":1555830455743,"group":{"id":"settings","version":"9"},"event":{"data":{"created":1555830455744,"name":"confirmExit","value":true},"id":"GeneralSettings"}}
{"session":"a08d01e54d4e","build":"183.5912.21","bucket":"-1","time":1555830455743,"group":{"id":"settings","version":"9"},"event":{"data":{"created":1555830455744,"name":"reopenLastProject","value":true},"id":"GeneralSettings"}}
{"session":"a08d01e54d4e","build":"183.5912.21","bucket":"-1","time":1555830455743,"group":{"id":"settings","version":"9"},"event":{"data":{"created":1555830455744,"name":"saveOnFrameDeactivation","value":true},"id":"GeneralSettings"}}
{"session":"a08d01e54d4e","build":"183.5912.21","bucket":"-1","time":1555830455743,"group":{"id":"settings","version":"9"},"event":{"data":{"created":1555830455745,"name":"searchInBackground","value":false},"id":"GeneralSettings"}}
{"session":"a08d01e54d4e","build":"183.5912.21","bucket":"-1","time":1555830455743,"group":{"id":"settings","version":"9"},"event":{"data":{"default":false,"created":1555830455745,"name":"showTipsOnStartup","value":false},"id":"GeneralSettings"}}
{"session":"a08d01e54d4e","build":"183.5912.21","bucket":"-1","time":1555830455743,"group":{"id":"settings","version":"9"},"event":{"data":{"created":1555830455745,"name":"showWelcomeScreen","value":true},"id":"GeneralSettings"}}
{"session":"a08d01e54d4e","build":"183.5912.21","bucket":"-1","time":1555830455743,"group":{"id":"settings","version":"9"},"event":{"data":{"created":1555830455745,"name":"supportScreenReaders","value":false},"id":"GeneralSettings"}}
{"session":"a08d01e54d4e","build":"183.5912.21","bucket":"-1","time":1555830455743,"group":{"id":"settings","version":"9"},"event":{"data":{"created":1555830455746,"name":"syncOnFrameActivation","value":true},"id":"GeneralSettings"}}
{"session":"a08d01e54d4e","build":"183.5912.21","bucket":"-1","time":1555830455743,"group":{"id":"settings","version":"9"},"event":{"data":{"created":1555830455746,"name":"useDefaultBrowser","value":true},"id":"GeneralSettings"}}
{"session":"a08d01e54d4e","build":"183.5912.21","bucket":"-1","time":1555830455743,"group":{"id":"settings","version":"9"},"event":{"data":{"created":1555830455746,"name":"useSafeWrite","value":true},"id":"GeneralSettings"}}
{"session":"a08d01e54d4e","build":"183.5912.21","bucket":"-1","time":1555830471487,"group":{"id":"statistics.lifecycle.app","version":"9"},"event":{"count":1,"data":{"created":1555830471487},"id":"ide.start"}}
{"session":"a08d01e54d4e","build":"183.5912.21","bucket":"-1","time":1555830471488,"group":{"id":"lifecycle","version":"9"},"event":{"count":1,"data":{"created":1555830471488},"id":"app.started"}}
{"session":"a08d01e54d4e","build":"183.5912.21","bucket":"-1","time":1555830472578,"group":{"id":"statistics.lifecycle.app","version":"9"},"event":{"count":1,"data":{"created":1555830472578,"data_2":"10+","data_1":"timeSecondsGrouped"},"id":"ide.freeze"}}
{"session":"a08d01e54d4e","build":"183.5912.21","bucket":"-1","time":1555830472578,"group":{"id":"lifecycle","version":"9"},"event":{"count":1,"data":{"durationSeconds":17,"created":1555830472578},"id":"ide.freeze"}}
{"session":"a08d01e54d4e","build":"183.5912.21","bucket":"-1","time":1555830473465,"group":{"id":"ui.dialogs","version":"9"},"event":{"count":1,"data":{"created":1555830473465,"type":"show"},"id":"com.intellij.openapi.progress.util.ProgressDialog$MyDialogWrapper"}}
{"session":"a08d01e54d4e","build":"183.5912.21","bucket":"-1","time":1555830474400,"group":{"id":"statistics.lifecycle.app","version":"9"},"event":{"count":1,"data":{"created":1555830474401,"data_2":"mappingFailed:false","data_1":"OOM:false","data_3":"pluginId:unknown"},"id":"ide.error"}}
{"session":"a08d01e54d4e","build":"183.5912.21","bucket":"-1","time":1555830474547,"group":{"id":"ui.dialogs","version":"9"},"event":{"count":1,"data":{"code":1,"created":1555830474548,"type":"close"},"id":"com.intellij.openapi.progress.util.ProgressDialog$MyDialogWrapper"}}
{"session":"a08d01e54d4e","build":"183.5912.21","bucket":"-1","time":1555830474579,"group":{"id":"statistics.lifecycle.project","version":"9"},"event":{"count":1,"data":{"created":1555830474579,"project":"-1379659210"},"id":"project.opened"}}
{"session":"a08d01e54d4e","build":"183.5912.21","bucket":"-1","time":1555830474579,"group":{"id":"lifecycle","version":"9"},"event":{"count":1,"data":{"created":1555830474579},"id":"project.opened"}}
{"session":"a08d01e54d4e","build":"183.5912.21","bucket":"-1","time":1555830476079,"group":{"id":"ui.dialogs","version":"9"},"event":{"count":1,"data":{"created":1555830476079,"type":"show"},"id":"com.intellij.openapi.progress.util.ProgressDialog$MyDialogWrapper"}}
{"session":"a08d01e54d4e","build":"183.5912.21","bucket":"-1","time":1555830479172,"group":{"id":"ui.dialogs","version":"9"},"event":{"count":1,"data":{"code":1,"created":1555830479172,"type":"close"},"id":"com.intellij.openapi.progress.util.ProgressDialog$MyDialogWrapper"}}
{"session":"a08d01e54d4e","build":"183.5912.21","bucket":"-1","time":1555830480191,"group":{"id":"statistics.lifecycle.project","version":"9"},"event":{"count":1,"data":{"created":1555830480191,"project":"-1379659210"},"id":"project.open.time.7"}}
{"session":"a08d01e54d4e","build":"183.5912.21","bucket":"-1","time":1555830480191,"group":{"id":"lifecycle","version":"9"},"event":{"count":1,"data":{"created":1555830480192,"time.ms":7115},"id":"project.opening.finished"}}
{"session":"a08d01e54d4e","build":"183.5912.21","bucket":"-1","time":1555830481555,"group":{"id":"actions.v2","version":"9"},"event":{"count":1,"data":{"context_menu":false,"created":1555830481555,"data_1":"Mac","input_event":"Shift+F1"},"id":"third.party.plugin.action"}}
{"session":"a08d01e54d4e","build":"183.5912.21","bucket":"-1","time":1555830493222,"group":{"id":"actions.v2","version":"9"},"event":{"count":1,"data":{"context_menu":false,"created":1555830493222,"data_1":"Mac","input_event":"Shift+F1"},"id":"third.party.plugin.action"}}
{"session":"a08d01e54d4e","build":"183.5912.21","bucket":"-1","time":1555830651489,"group":{"id":"actions.v2","version":"9"},"event":{"count":3,"data":{"context_menu":false,"last":1555830651770,"created":1555830651489,"data_1":"Mac","input_event":"F1"},"id":"ContextHelp"}}
{"session":"a08d01e54d4e","build":"183.5912.21","bucket":"-1","time":1555830651820,"group":{"id":"actions.v2","version":"9"},"event":{"count":12,"data":{"context_menu":false,"last":1555830652471,"created":1555830651820,"data_1":"Mac","input_event":"Shift+F1"},"id":"third.party.plugin.action"}}
{"session":"a08d01e54d4e","build":"183.5912.21","bucket":"-1","time":1555830652501,"group":{"id":"actions.v2","version":"9"},"event":{"count":37,"data":{"context_menu":false,"last":1555830653441,"created":1555830652501,"data_1":"Mac","input_event":"F1"},"id":"ContextHelp"}}
{"session":"a08d01e54d4e","build":"183.5912.21","bucket":"-1","time":1555830677410,"group":{"id":"actions.v2","version":"9"},"event":{"count":1,"data":{"context_menu":false,"created":1555830677410,"data_1":"Mac","input_event":"Shift+F1"},"id":"third.party.plugin.action"}}
{"session":"a08d01e54d4e","build":"183.5912.21","bucket":"-1","time":1555830680482,"group":{"id":"statistics.lifecycle.project","version":"9"},"event":{"count":1,"data":{"created":1555830680482,"project":"-1379659210"},"id":"project.closed"}}
{"session":"a08d01e54d4e","build":"183.5912.21","bucket":"-1","time":1555830680630,"group":{"id":"lifecycle","version":"9"},"event":{"count":1,"data":{"created":1555830680630},"id":"project.closed"}}
{"session":"a08d01e54d4e","build":"183.5912.21","bucket":"-1","time":1555830682119,"group":{"id":"statistics.lifecycle.app","version":"9"},"event":{"count":1,"data":{"created":1555830682119,"data_2":"mappingFailed:false","data_1":"OOM:false","data_3":"pluginId:unknown"},"id":"ide.error"}}
{"session":"a08d01e54d4e","build":"183.5912.21","bucket":"-1","time":1555830682131,"group":{"id":"statistics.lifecycle.project","version":"9"},"event":{"count":1,"data":{"created":1555830682131,"project":"-1379659210"},"id":"project.opened"}}
{"session":"a08d01e54d4e","build":"183.5912.21","bucket":"-1","time":1555830682131,"group":{"id":"lifecycle","version":"9"},"event":{"count":1,"data":{"created":1555830682131},"id":"project.opened"}}
{"session":"a08d01e54d4e","build":"183.5912.21","bucket":"-1","time":1555830682607,"group":{"id":"ui.dialogs","version":"9"},"event":{"count":1,"data":{"created":1555830682607,"type":"show"},"id":"com.intellij.openapi.progress.util.ProgressDialog$MyDialogWrapper"}}
{"session":"a08d01e54d4e","build":"183.5912.21","bucket":"-1","time":1555830683255,"group":{"id":"ui.dialogs","version":"9"},"event":{"count":1,"data":{"code":1,"created":1555830683255,"type":"close"},"id":"com.intellij.openapi.progress.util.ProgressDialog$MyDialogWrapper"}}
{"session":"a08d01e54d4e","build":"183.5912.21","bucket":"-1","time":1555830683476,"group":{"id":"statistics.lifecycle.project","version":"9"},"event":{"count":1,"data":{"created":1555830683478,"project":"-1379659210"},"id":"project.open.time.1"}}
{"session":"a08d01e54d4e","build":"183.5912.21","bucket":"-1","time":1555830683476,"group":{"id":"lifecycle","version":"9"},"event":{"count":1,"data":{"created":1555830683478,"time.ms":1437},"id":"project.opening.finished"}}
{"session":"a08d01e54d4e","build":"183.5912.21","bucket":"-1","time":1555830684930,"group":{"id":"actions.v2","version":"9"},"event":{"count":1,"data":{"context_menu":false,"created":1555830684931,"data_1":"Mac","input_event":"Shift+F1"},"id":"third.party.plugin.action"}}
{"session":"a08d01e54d4e","build":"183.5912.21","bucket":"-1","time":1555830687469,"group":{"id":"statistics.lifecycle.project","version":"9"},"event":{"count":1,"data":{"created":1555830687469,"project":"-1379659210"},"id":"project.closed"}}
{"session":"a08d01e54d4e","build":"183.5912.21","bucket":"-1","time":1555830687518,"group":{"id":"lifecycle","version":"9"},"event":{"count":1,"data":{"created":1555830687518},"id":"project.closed"}}
{"session":"a08d01e54d4e","build":"183.5912.21","bucket":"-1","time":1555830692559,"group":{"id":"statistics.lifecycle.app","version":"9"},"event":{"count":1,"data":{"created":1555830692559},"id":"ide.close"}}
{"session":"a08d01e54d4e","build":"183.5912.21","bucket":"-1","time":1555830692559,"group":{"id":"lifecycle","version":"9"},"event":{"count":1,"data":{"restart":false,"created":1555830692559},"id":"app.closed"}}
