{"session":"08503c0a310b","build":"183.5912.21","bucket":"-1","time":1555834534894,"group":{"id":"system.os.name","version":"9"},"event":{"data":{"created":1555834534895},"id":"Mac.OS.X"}}
{"session":"08503c0a310b","build":"183.5912.21","bucket":"-1","time":1555834534895,"group":{"id":"system.os.version","version":"9"},"event":{"data":{"created":1555834534904},"id":"10.13.6"}}
{"session":"08503c0a310b","build":"183.5912.21","bucket":"-1","time":1555834534895,"group":{"id":"system.jvm.vendor","version":"9"},"event":{"data":{"created":1555834534913},"id":"JetBrains_s.r.o"}}
{"session":"08503c0a310b","build":"183.5912.21","bucket":"-1","time":1555834534895,"group":{"id":"system.jvm.version","version":"9"},"event":{"data":{"created":1555834534914},"id":"1.8"}}
{"session":"08503c0a310b","build":"183.5912.21","bucket":"-1","time":1555834534901,"group":{"id":"settings","version":"9"},"event":{"data":{"created":1555834534914,"name":"activeMruEditorOnClose","value":false},"id":"UISettings"}}
{"session":"08503c0a310b","build":"183.5912.21","bucket":"-1","time":1555834534901,"group":{"id":"settings","version":"9"},"event":{"data":{"created":1555834534915,"name":"activeRightEditorOnClose","value":false},"id":"UISettings"}}
{"session":"08503c0a310b","build":"183.5912.21","bucket":"-1","time":1555834534901,"group":{"id":"settings","version":"9"},"event":{"data":{"created":1555834534915,"name":"allowMergeButtons","value":true},"id":"UISettings"}}
{"session":"08503c0a310b","build":"183.5912.21","bucket":"-1","time":1555834534901,"group":{"id":"settings","version":"9"},"event":{"data":{"created":1555834534916,"name":"alwaysShowWindowsButton","value":false},"id":"UISettings"}}
{"session":"08503c0a310b","build":"183.5912.21","bucket":"-1","time":1555834534901,"group":{"id":"settings","version":"9"},"event":{"data":{"created":1555834534916,"name":"animateWindows","value":true},"id":"UISettings"}}
{"session":"08503c0a310b","build":"183.5912.21","bucket":"-1","time":1555834534901,"group":{"id":"settings","version":"9"},"event":{"data":{"created":1555834534917,"name":"closeNonModifiedFilesFirst","value":false},"id":"UISettings"}}
{"session":"08503c0a310b","build":"183.5912.21","bucket":"-1","time":1555834534901,"group":{"id":"settings","version":"9"},"event":{"data":{"created":1555834534917,"name":"closeTabButtonOnTheRight","value":true},"id":"UISettings"}}
{"session":"08503c0a310b","build":"183.5912.21","bucket":"-1","time":1555834534901,"group":{"id":"settings","version":"9"},"event":{"data":{"created":1555834534918,"name":"cycleScrolling","value":true},"id":"UISettings"}}
{"session":"08503c0a310b","build":"183.5912.21","bucket":"-1","time":1555834534901,"group":{"id":"settings","version":"9"},"event":{"data":{"created":1555834534918,"name":"defaultAutoScrollToSource","value":false},"id":"UISettings"}}
{"session":"08503c0a310b","build":"183.5912.21","bucket":"-1","time":1555834534901,"group":{"id":"settings","version":"9"},"event":{"data":{"created":1555834534919,"name":"disableMnemonics","value":true},"id":"UISettings"}}
{"session":"08503c0a310b","build":"183.5912.21","bucket":"-1","time":1555834534901,"group":{"id":"settings","version":"9"},"event":{"data":{"created":1555834534919,"name":"disableMnemonicsInControls","value":false},"id":"UISettings"}}
{"session":"08503c0a310b","build":"183.5912.21","bucket":"-1","time":1555834534901,"group":{"id":"settings","version":"9"},"event":{"data":{"created":1555834534920,"name":"dndWithPressedAltOnly","value":false},"id":"UISettings"}}
{"session":"08503c0a310b","build":"183.5912.21","bucket":"-1","time":1555834534901,"group":{"id":"settings","version":"9"},"event":{"data":{"created":1555834534920,"name":"enableAlphaMode","value":false},"id":"UISettings"}}
{"session":"08503c0a310b","build":"183.5912.21","bucket":"-1","time":1555834534901,"group":{"id":"settings","version":"9"},"event":{"data":{"created":1555834534921,"name":"hideKnownExtensionInTabs","value":false},"id":"UISettings"}}
{"session":"08503c0a310b","build":"183.5912.21","bucket":"-1","time":1555834534901,"group":{"id":"settings","version":"9"},"event":{"data":{"created":1555834534921,"name":"hideNavigationOnFocusLoss","value":true},"id":"UISettings"}}
{"session":"08503c0a310b","build":"183.5912.21","bucket":"-1","time":1555834534901,"group":{"id":"settings","version":"9"},"event":{"data":{"created":1555834534922,"name":"hideTabsIfNeed","value":true},"id":"UISettings"}}
{"session":"08503c0a310b","build":"183.5912.21","bucket":"-1","time":1555834534901,"group":{"id":"settings","version":"9"},"event":{"data":{"created":1555834534923,"name":"hideToolStripes","value":false},"id":"UISettings"}}
{"session":"08503c0a310b","build":"183.5912.21","bucket":"-1","time":1555834534901,"group":{"id":"settings","version":"9"},"event":{"data":{"created":1555834534923,"name":"leftHorizontalSplit","value":false},"id":"UISettings"}}
{"session":"08503c0a310b","build":"183.5912.21","bucket":"-1","time":1555834534901,"group":{"id":"settings","version":"9"},"event":{"data":{"created":1555834534923,"name":"markModifiedTabsWithAsterisk","value":false},"id":"UISettings"}}
{"session":"08503c0a310b","build":"183.5912.21","bucket":"-1","time":1555834534901,"group":{"id":"settings","version":"9"},"event":{"data":{"created":1555834534924,"name":"mergeEqualStackTraces","value":true},"id":"UISettings"}}
{"session":"08503c0a310b","build":"183.5912.21","bucket":"-1","time":1555834534901,"group":{"id":"settings","version":"9"},"event":{"data":{"created":1555834534925,"name":"moveMouseOnDefaultButton","value":false},"id":"UISettings"}}
{"session":"08503c0a310b","build":"183.5912.21","bucket":"-1","time":1555834534901,"group":{"id":"settings","version":"9"},"event":{"data":{"created":1555834534925,"name":"navigateToPreview","value":false},"id":"UISettings"}}
{"session":"08503c0a310b","build":"183.5912.21","bucket":"-1","time":1555834534901,"group":{"id":"settings","version":"9"},"event":{"data":{"created":1555834534925,"name":"overrideConsoleCycleBufferSize","value":false},"id":"UISettings"}}
{"session":"08503c0a310b","build":"183.5912.21","bucket":"-1","time":1555834534902,"group":{"id":"settings","version":"9"},"event":{"data":{"created":1555834534926,"name":"overrideLafFonts","value":false},"id":"UISettings"}}
{"session":"08503c0a310b","build":"183.5912.21","bucket":"-1","time":1555834534902,"group":{"id":"settings","version":"9"},"event":{"data":{"created":1555834534926,"name":"pinFindInPath","value":false},"id":"UISettings"}}
{"session":"08503c0a310b","build":"183.5912.21","bucket":"-1","time":1555834534902,"group":{"id":"settings","version":"9"},"event":{"data":{"created":1555834534927,"name":"presentationMode","value":false},"id":"UISettings"}}
{"session":"08503c0a310b","build":"183.5912.21","bucket":"-1","time":1555834534902,"group":{"id":"settings","version":"9"},"event":{"data":{"created":1555834534927,"name":"reuseNotModifiedTabs","value":false},"id":"UISettings"}}
{"session":"08503c0a310b","build":"183.5912.21","bucket":"-1","time":1555834534902,"group":{"id":"settings","version":"9"},"event":{"data":{"created":1555834534927,"name":"rightHorizontalSplit","value":false},"id":"UISettings"}}
{"session":"08503c0a310b","build":"183.5912.21","bucket":"-1","time":1555834534902,"group":{"id":"settings","version":"9"},"event":{"data":{"created":1555834534928,"name":"scrollTabLayoutInEditor","value":true},"id":"UISettings"}}
{"session":"08503c0a310b","build":"183.5912.21","bucket":"-1","time":1555834534902,"group":{"id":"settings","version":"9"},"event":{"data":{"created":1555834534928,"name":"showCloseButton","value":true},"id":"UISettings"}}
{"session":"08503c0a310b","build":"183.5912.21","bucket":"-1","time":1555834534902,"group":{"id":"settings","version":"9"},"event":{"data":{"created":1555834534928,"name":"showDirectoryForNonUniqueFilenames","value":true},"id":"UISettings"}}
{"session":"08503c0a310b","build":"183.5912.21","bucket":"-1","time":1555834534902,"group":{"id":"settings","version":"9"},"event":{"data":{"created":1555834534928,"name":"showEditorToolTip","value":true},"id":"UISettings"}}
{"session":"08503c0a310b","build":"183.5912.21","bucket":"-1","time":1555834534902,"group":{"id":"settings","version":"9"},"event":{"data":{"created":1555834534929,"name":"showIconInQuickNavigation","value":true},"id":"UISettings"}}
{"session":"08503c0a310b","build":"183.5912.21","bucket":"-1","time":1555834534902,"group":{"id":"settings","version":"9"},"event":{"data":{"created":1555834534929,"name":"showIconsInMenus","value":true},"id":"UISettings"}}
{"session":"08503c0a310b","build":"183.5912.21","bucket":"-1","time":1555834534902,"group":{"id":"settings","version":"9"},"event":{"data":{"created":1555834534930,"name":"showMainToolbar","value":false},"id":"UISettings"}}
{"session":"08503c0a310b","build":"183.5912.21","bucket":"-1","time":1555834534902,"group":{"id":"settings","version":"9"},"event":{"data":{"created":1555834534930,"name":"showMemoryIndicator","value":false},"id":"UISettings"}}
{"session":"08503c0a310b","build":"183.5912.21","bucket":"-1","time":1555834534902,"group":{"id":"settings","version":"9"},"event":{"data":{"created":1555834534930,"name":"showNavigationBar","value":true},"id":"UISettings"}}
{"session":"08503c0a310b","build":"183.5912.21","bucket":"-1","time":1555834534902,"group":{"id":"settings","version":"9"},"event":{"data":{"created":1555834534931,"name":"showStatusBar","value":true},"id":"UISettings"}}
{"session":"08503c0a310b","build":"183.5912.21","bucket":"-1","time":1555834534902,"group":{"id":"settings","version":"9"},"event":{"data":{"created":1555834534931,"name":"showTabsTooltips","value":true},"id":"UISettings"}}
{"session":"08503c0a310b","build":"183.5912.21","bucket":"-1","time":1555834534902,"group":{"id":"settings","version":"9"},"event":{"data":{"created":1555834534932,"name":"showToolWindowsNumbers","value":true},"id":"UISettings"}}
{"session":"08503c0a310b","build":"183.5912.21","bucket":"-1","time":1555834534902,"group":{"id":"settings","version":"9"},"event":{"data":{"created":1555834534932,"name":"smoothScrolling","value":true},"id":"UISettings"}}
{"session":"08503c0a310b","build":"183.5912.21","bucket":"-1","time":1555834534902,"group":{"id":"settings","version":"9"},"event":{"data":{"created":1555834534932,"name":"sortBookmarks","value":false},"id":"UISettings"}}
{"session":"08503c0a310b","build":"183.5912.21","bucket":"-1","time":1555834534902,"group":{"id":"settings","version":"9"},"event":{"data":{"created":1555834534933,"name":"sortLookupElementsLexicographically","value":false},"id":"UISettings"}}
{"session":"08503c0a310b","build":"183.5912.21","bucket":"-1","time":1555834534902,"group":{"id":"settings","version":"9"},"event":{"data":{"created":1555834534933,"name":"useSmallLabelsOnTabs","value":true},"id":"UISettings"}}
{"session":"08503c0a310b","build":"183.5912.21","bucket":"-1","time":1555834534902,"group":{"id":"settings","version":"9"},"event":{"data":{"created":1555834534934,"name":"wideScreenSupport","value":false},"id":"UISettings"}}
{"session":"08503c0a310b","build":"183.5912.21","bucket":"-1","time":1555834535563,"group":{"id":"settings","version":"9"},"event":{"data":{"created":1555834535563,"name":"autoSaveIfInactive","value":false},"id":"GeneralSettings"}}
{"session":"08503c0a310b","build":"183.5912.21","bucket":"-1","time":1555834535563,"group":{"id":"settings","version":"9"},"event":{"data":{"default":false,"created":1555834535564,"name":"confirmExit","value":false},"id":"GeneralSettings"}}
{"session":"08503c0a310b","build":"183.5912.21","bucket":"-1","time":1555834535563,"group":{"id":"settings","version":"9"},"event":{"data":{"created":1555834535564,"name":"reopenLastProject","value":true},"id":"GeneralSettings"}}
{"session":"08503c0a310b","build":"183.5912.21","bucket":"-1","time":1555834535563,"group":{"id":"settings","version":"9"},"event":{"data":{"created":1555834535565,"name":"saveOnFrameDeactivation","value":true},"id":"GeneralSettings"}}
{"session":"08503c0a310b","build":"183.5912.21","bucket":"-1","time":1555834535563,"group":{"id":"settings","version":"9"},"event":{"data":{"created":1555834535565,"name":"searchInBackground","value":false},"id":"GeneralSettings"}}
{"session":"08503c0a310b","build":"183.5912.21","bucket":"-1","time":1555834535563,"group":{"id":"settings","version":"9"},"event":{"data":{"default":false,"created":1555834535565,"name":"showTipsOnStartup","value":false},"id":"GeneralSettings"}}
{"session":"08503c0a310b","build":"183.5912.21","bucket":"-1","time":1555834535563,"group":{"id":"settings","version":"9"},"event":{"data":{"created":1555834535565,"name":"showWelcomeScreen","value":true},"id":"GeneralSettings"}}
{"session":"08503c0a310b","build":"183.5912.21","bucket":"-1","time":1555834535563,"group":{"id":"settings","version":"9"},"event":{"data":{"created":1555834535565,"name":"supportScreenReaders","value":false},"id":"GeneralSettings"}}
{"session":"08503c0a310b","build":"183.5912.21","bucket":"-1","time":1555834535563,"group":{"id":"settings","version":"9"},"event":{"data":{"created":1555834535566,"name":"syncOnFrameActivation","value":true},"id":"GeneralSettings"}}
{"session":"08503c0a310b","build":"183.5912.21","bucket":"-1","time":1555834535563,"group":{"id":"settings","version":"9"},"event":{"data":{"created":1555834535566,"name":"useDefaultBrowser","value":true},"id":"GeneralSettings"}}
{"session":"08503c0a310b","build":"183.5912.21","bucket":"-1","time":1555834535563,"group":{"id":"settings","version":"9"},"event":{"data":{"created":1555834535566,"name":"useSafeWrite","value":true},"id":"GeneralSettings"}}
{"session":"08503c0a310b","build":"183.5912.21","bucket":"-1","time":1555834550192,"group":{"id":"statistics.lifecycle.app","version":"9"},"event":{"count":1,"data":{"created":1555834550192},"id":"ide.start"}}
{"session":"08503c0a310b","build":"183.5912.21","bucket":"-1","time":1555834550194,"group":{"id":"lifecycle","version":"9"},"event":{"count":1,"data":{"created":1555834550194},"id":"app.started"}}
{"session":"08503c0a310b","build":"183.5912.21","bucket":"-1","time":1555834551412,"group":{"id":"statistics.lifecycle.app","version":"9"},"event":{"count":1,"data":{"created":1555834551412,"data_2":"10+","data_1":"timeSecondsGrouped"},"id":"ide.freeze"}}
{"session":"08503c0a310b","build":"183.5912.21","bucket":"-1","time":1555834551412,"group":{"id":"lifecycle","version":"9"},"event":{"count":1,"data":{"durationSeconds":16,"created":1555834551413},"id":"ide.freeze"}}
{"session":"08503c0a310b","build":"183.5912.21","bucket":"-1","time":1555834552582,"group":{"id":"ui.dialogs","version":"9"},"event":{"count":1,"data":{"created":1555834552582,"type":"show"},"id":"com.intellij.openapi.progress.util.ProgressDialog$MyDialogWrapper"}}
{"session":"08503c0a310b","build":"183.5912.21","bucket":"-1","time":1555834553411,"group":{"id":"statistics.lifecycle.app","version":"9"},"event":{"count":1,"data":{"created":1555834553411,"data_2":"mappingFailed:false","data_1":"OOM:false","data_3":"pluginId:unknown"},"id":"ide.error"}}
{"session":"08503c0a310b","build":"183.5912.21","bucket":"-1","time":1555834553559,"group":{"id":"ui.dialogs","version":"9"},"event":{"count":1,"data":{"code":1,"created":1555834553559,"type":"close"},"id":"com.intellij.openapi.progress.util.ProgressDialog$MyDialogWrapper"}}
{"session":"08503c0a310b","build":"183.5912.21","bucket":"-1","time":1555834553591,"group":{"id":"statistics.lifecycle.project","version":"9"},"event":{"count":1,"data":{"created":1555834553591,"project":"-1379659210"},"id":"project.opened"}}
{"session":"08503c0a310b","build":"183.5912.21","bucket":"-1","time":1555834553592,"group":{"id":"lifecycle","version":"9"},"event":{"count":1,"data":{"created":1555834553592},"id":"project.opened"}}
{"session":"08503c0a310b","build":"183.5912.21","bucket":"-1","time":1555834555050,"group":{"id":"ui.dialogs","version":"9"},"event":{"count":1,"data":{"created":1555834555050,"type":"show"},"id":"com.intellij.openapi.progress.util.ProgressDialog$MyDialogWrapper"}}
{"session":"08503c0a310b","build":"183.5912.21","bucket":"-1","time":1555834557087,"group":{"id":"toolwindow.v2","version":"9"},"event":{"count":1,"data":{"created":1555834557087,"data_1":"Mac"},"id":"Project_by_Activation"}}
{"session":"08503c0a310b","build":"183.5912.21","bucket":"-1","time":1555834557991,"group":{"id":"ui.dialogs","version":"9"},"event":{"count":1,"data":{"code":1,"created":1555834557991,"type":"close"},"id":"com.intellij.openapi.progress.util.ProgressDialog$MyDialogWrapper"}}
{"session":"08503c0a310b","build":"183.5912.21","bucket":"-1","time":1555834559030,"group":{"id":"statistics.lifecycle.project","version":"9"},"event":{"count":1,"data":{"created":1555834559030,"project":"-1379659210"},"id":"project.open.time.6"}}
{"session":"08503c0a310b","build":"183.5912.21","bucket":"-1","time":1555834559030,"group":{"id":"lifecycle","version":"9"},"event":{"count":1,"data":{"created":1555834559030,"time.ms":6825},"id":"project.opening.finished"}}
{"session":"08503c0a310b","build":"183.5912.21","bucket":"-1","time":1555834560901,"group":{"id":"actions.v2","version":"9"},"event":{"count":1,"data":{"context_menu":false,"created":1555834560901,"data_1":"Mac","input_event":"Shift+F1"},"id":"third.party.plugin.action"}}
{"session":"08503c0a310b","build":"183.5912.21","bucket":"-1","time":1555834572611,"group":{"id":"actions.v2","version":"9"},"event":{"count":1,"data":{"context_menu":false,"created":1555834572611,"data_1":"Mac","input_event":"F5"},"id":"CopyElement"}}
{"session":"08503c0a310b","build":"183.5912.21","bucket":"-1","time":1555834572632,"group":{"id":"statistics.productivity","version":"9"},"event":{"count":1,"data":{"created":1555834572632},"id":"refactoring.copyClass"}}
{"session":"08503c0a310b","build":"183.5912.21","bucket":"-1","time":1555834572703,"group":{"id":"ui.dialogs","version":"9"},"event":{"count":1,"data":{"created":1555834572703,"type":"show"},"id":"com.intellij.refactoring.copy.CopyClassesHandler$1"}}
{"session":"08503c0a310b","build":"183.5912.21","bucket":"-1","time":1555834574781,"group":{"id":"ui.dialogs","version":"9"},"event":{"count":1,"data":{"code":1,"created":1555834574781,"type":"close"},"id":"com.intellij.refactoring.copy.CopyClassesHandler$1"}}
{"session":"08503c0a310b","build":"183.5912.21","bucket":"-1","time":1555834575908,"group":{"id":"actions.v2","version":"9"},"event":{"count":2,"data":{"context_menu":false,"last":1555834582384,"created":1555834575908,"data_1":"Mac","input_event":"Shift+F1"},"id":"third.party.plugin.action"}}
{"session":"08503c0a310b","build":"183.5912.21","bucket":"-1","time":1555834586155,"group":{"id":"statistics.lifecycle.project","version":"9"},"event":{"count":1,"data":{"created":1555834586155,"project":"-1379659210"},"id":"project.closed"}}
{"session":"08503c0a310b","build":"183.5912.21","bucket":"-1","time":1555834586320,"group":{"id":"lifecycle","version":"9"},"event":{"count":1,"data":{"created":1555834586320},"id":"project.closed"}}
{"session":"08503c0a310b","build":"183.5912.21","bucket":"-1","time":1555834587770,"group":{"id":"statistics.lifecycle.app","version":"9"},"event":{"count":1,"data":{"created":1555834587770},"id":"ide.close"}}
{"session":"08503c0a310b","build":"183.5912.21","bucket":"-1","time":1555834587770,"group":{"id":"lifecycle","version":"9"},"event":{"count":1,"data":{"restart":false,"created":1555834587771},"id":"app.closed"}}
