{"session":"6bf3eb260e74","build":"183.5912.21","bucket":"-1","time":1555836534787,"group":{"id":"system.os.name","version":"9"},"event":{"data":{"created":1555836534787},"id":"Mac.OS.X"}}
{"session":"6bf3eb260e74","build":"183.5912.21","bucket":"-1","time":1555836534787,"group":{"id":"system.os.version","version":"9"},"event":{"data":{"created":1555836534799},"id":"10.13.6"}}
{"session":"6bf3eb260e74","build":"183.5912.21","bucket":"-1","time":1555836534787,"group":{"id":"system.jvm.vendor","version":"9"},"event":{"data":{"created":1555836534812},"id":"JetBrains_s.r.o"}}
{"session":"6bf3eb260e74","build":"183.5912.21","bucket":"-1","time":1555836534787,"group":{"id":"system.jvm.version","version":"9"},"event":{"data":{"created":1555836534813},"id":"1.8"}}
{"session":"6bf3eb260e74","build":"183.5912.21","bucket":"-1","time":1555836534798,"group":{"id":"settings","version":"9"},"event":{"data":{"created":1555836534814,"name":"activeMruEditorOnClose","value":false},"id":"UISettings"}}
{"session":"6bf3eb260e74","build":"183.5912.21","bucket":"-1","time":1555836534798,"group":{"id":"settings","version":"9"},"event":{"data":{"created":1555836534814,"name":"activeRightEditorOnClose","value":false},"id":"UISettings"}}
{"session":"6bf3eb260e74","build":"183.5912.21","bucket":"-1","time":1555836534798,"group":{"id":"settings","version":"9"},"event":{"data":{"created":1555836534815,"name":"allowMergeButtons","value":true},"id":"UISettings"}}
{"session":"6bf3eb260e74","build":"183.5912.21","bucket":"-1","time":1555836534798,"group":{"id":"settings","version":"9"},"event":{"data":{"created":1555836534816,"name":"alwaysShowWindowsButton","value":false},"id":"UISettings"}}
{"session":"6bf3eb260e74","build":"183.5912.21","bucket":"-1","time":1555836534798,"group":{"id":"settings","version":"9"},"event":{"data":{"created":1555836534816,"name":"animateWindows","value":true},"id":"UISettings"}}
{"session":"6bf3eb260e74","build":"183.5912.21","bucket":"-1","time":1555836534798,"group":{"id":"settings","version":"9"},"event":{"data":{"created":1555836534817,"name":"closeNonModifiedFilesFirst","value":false},"id":"UISettings"}}
{"session":"6bf3eb260e74","build":"183.5912.21","bucket":"-1","time":1555836534798,"group":{"id":"settings","version":"9"},"event":{"data":{"created":1555836534817,"name":"closeTabButtonOnTheRight","value":true},"id":"UISettings"}}
{"session":"6bf3eb260e74","build":"183.5912.21","bucket":"-1","time":1555836534798,"group":{"id":"settings","version":"9"},"event":{"data":{"created":1555836534818,"name":"cycleScrolling","value":true},"id":"UISettings"}}
{"session":"6bf3eb260e74","build":"183.5912.21","bucket":"-1","time":1555836534798,"group":{"id":"settings","version":"9"},"event":{"data":{"created":1555836534819,"name":"defaultAutoScrollToSource","value":false},"id":"UISettings"}}
{"session":"6bf3eb260e74","build":"183.5912.21","bucket":"-1","time":1555836534798,"group":{"id":"settings","version":"9"},"event":{"data":{"created":1555836534819,"name":"disableMnemonics","value":true},"id":"UISettings"}}
{"session":"6bf3eb260e74","build":"183.5912.21","bucket":"-1","time":1555836534798,"group":{"id":"settings","version":"9"},"event":{"data":{"created":1555836534820,"name":"disableMnemonicsInControls","value":false},"id":"UISettings"}}
{"session":"6bf3eb260e74","build":"183.5912.21","bucket":"-1","time":1555836534798,"group":{"id":"settings","version":"9"},"event":{"data":{"created":1555836534821,"name":"dndWithPressedAltOnly","value":false},"id":"UISettings"}}
{"session":"6bf3eb260e74","build":"183.5912.21","bucket":"-1","time":1555836534798,"group":{"id":"settings","version":"9"},"event":{"data":{"created":1555836534821,"name":"enableAlphaMode","value":false},"id":"UISettings"}}
{"session":"6bf3eb260e74","build":"183.5912.21","bucket":"-1","time":1555836534798,"group":{"id":"settings","version":"9"},"event":{"data":{"created":1555836534822,"name":"hideKnownExtensionInTabs","value":false},"id":"UISettings"}}
{"session":"6bf3eb260e74","build":"183.5912.21","bucket":"-1","time":1555836534798,"group":{"id":"settings","version":"9"},"event":{"data":{"created":1555836534822,"name":"hideNavigationOnFocusLoss","value":true},"id":"UISettings"}}
{"session":"6bf3eb260e74","build":"183.5912.21","bucket":"-1","time":1555836534798,"group":{"id":"settings","version":"9"},"event":{"data":{"created":1555836534823,"name":"hideTabsIfNeed","value":true},"id":"UISettings"}}
{"session":"6bf3eb260e74","build":"183.5912.21","bucket":"-1","time":1555836534798,"group":{"id":"settings","version":"9"},"event":{"data":{"created":1555836534823,"name":"hideToolStripes","value":false},"id":"UISettings"}}
{"session":"6bf3eb260e74","build":"183.5912.21","bucket":"-1","time":1555836534798,"group":{"id":"settings","version":"9"},"event":{"data":{"created":1555836534824,"name":"leftHorizontalSplit","value":false},"id":"UISettings"}}
{"session":"6bf3eb260e74","build":"183.5912.21","bucket":"-1","time":1555836534798,"group":{"id":"settings","version":"9"},"event":{"data":{"created":1555836534825,"name":"markModifiedTabsWithAsterisk","value":false},"id":"UISettings"}}
{"session":"6bf3eb260e74","build":"183.5912.21","bucket":"-1","time":1555836534798,"group":{"id":"settings","version":"9"},"event":{"data":{"created":1555836534825,"name":"mergeEqualStackTraces","value":true},"id":"UISettings"}}
{"session":"6bf3eb260e74","build":"183.5912.21","bucket":"-1","time":1555836534798,"group":{"id":"settings","version":"9"},"event":{"data":{"created":1555836534826,"name":"moveMouseOnDefaultButton","value":false},"id":"UISettings"}}
{"session":"6bf3eb260e74","build":"183.5912.21","bucket":"-1","time":1555836534798,"group":{"id":"settings","version":"9"},"event":{"data":{"created":1555836534826,"name":"navigateToPreview","value":false},"id":"UISettings"}}
{"session":"6bf3eb260e74","build":"183.5912.21","bucket":"-1","time":1555836534798,"group":{"id":"settings","version":"9"},"event":{"data":{"created":1555836534827,"name":"overrideConsoleCycleBufferSize","value":false},"id":"UISettings"}}
{"session":"6bf3eb260e74","build":"183.5912.21","bucket":"-1","time":1555836534798,"group":{"id":"settings","version":"9"},"event":{"data":{"created":1555836534827,"name":"overrideLafFonts","value":false},"id":"UISettings"}}
{"session":"6bf3eb260e74","build":"183.5912.21","bucket":"-1","time":1555836534798,"group":{"id":"settings","version":"9"},"event":{"data":{"created":1555836534828,"name":"pinFindInPath","value":false},"id":"UISettings"}}
{"session":"6bf3eb260e74","build":"183.5912.21","bucket":"-1","time":1555836534798,"group":{"id":"settings","version":"9"},"event":{"data":{"created":1555836534828,"name":"presentationMode","value":false},"id":"UISettings"}}
{"session":"6bf3eb260e74","build":"183.5912.21","bucket":"-1","time":1555836534798,"group":{"id":"settings","version":"9"},"event":{"data":{"created":1555836534829,"name":"reuseNotModifiedTabs","value":false},"id":"UISettings"}}
{"session":"6bf3eb260e74","build":"183.5912.21","bucket":"-1","time":1555836534798,"group":{"id":"settings","version":"9"},"event":{"data":{"created":1555836534829,"name":"rightHorizontalSplit","value":false},"id":"UISettings"}}
{"session":"6bf3eb260e74","build":"183.5912.21","bucket":"-1","time":1555836534798,"group":{"id":"settings","version":"9"},"event":{"data":{"created":1555836534830,"name":"scrollTabLayoutInEditor","value":true},"id":"UISettings"}}
{"session":"6bf3eb260e74","build":"183.5912.21","bucket":"-1","time":1555836534798,"group":{"id":"settings","version":"9"},"event":{"data":{"created":1555836534830,"name":"showCloseButton","value":true},"id":"UISettings"}}
{"session":"6bf3eb260e74","build":"183.5912.21","bucket":"-1","time":1555836534798,"group":{"id":"settings","version":"9"},"event":{"data":{"created":1555836534831,"name":"showDirectoryForNonUniqueFilenames","value":true},"id":"UISettings"}}
{"session":"6bf3eb260e74","build":"183.5912.21","bucket":"-1","time":1555836534798,"group":{"id":"settings","version":"9"},"event":{"data":{"created":1555836534831,"name":"showEditorToolTip","value":true},"id":"UISettings"}}
{"session":"6bf3eb260e74","build":"183.5912.21","bucket":"-1","time":1555836534798,"group":{"id":"settings","version":"9"},"event":{"data":{"created":1555836534832,"name":"showIconInQuickNavigation","value":true},"id":"UISettings"}}
{"session":"6bf3eb260e74","build":"183.5912.21","bucket":"-1","time":1555836534798,"group":{"id":"settings","version":"9"},"event":{"data":{"created":1555836534832,"name":"showIconsInMenus","value":true},"id":"UISettings"}}
{"session":"6bf3eb260e74","build":"183.5912.21","bucket":"-1","time":1555836534798,"group":{"id":"settings","version":"9"},"event":{"data":{"created":1555836534833,"name":"showMainToolbar","value":false},"id":"UISettings"}}
{"session":"6bf3eb260e74","build":"183.5912.21","bucket":"-1","time":1555836534798,"group":{"id":"settings","version":"9"},"event":{"data":{"created":1555836534833,"name":"showMemoryIndicator","value":false},"id":"UISettings"}}
{"session":"6bf3eb260e74","build":"183.5912.21","bucket":"-1","time":1555836534798,"group":{"id":"settings","version":"9"},"event":{"data":{"created":1555836534834,"name":"showNavigationBar","value":true},"id":"UISettings"}}
{"session":"6bf3eb260e74","build":"183.5912.21","bucket":"-1","time":1555836534798,"group":{"id":"settings","version":"9"},"event":{"data":{"created":1555836534834,"name":"showStatusBar","value":true},"id":"UISettings"}}
{"session":"6bf3eb260e74","build":"183.5912.21","bucket":"-1","time":1555836534798,"group":{"id":"settings","version":"9"},"event":{"data":{"created":1555836534835,"name":"showTabsTooltips","value":true},"id":"UISettings"}}
{"session":"6bf3eb260e74","build":"183.5912.21","bucket":"-1","time":1555836534798,"group":{"id":"settings","version":"9"},"event":{"data":{"created":1555836534835,"name":"showToolWindowsNumbers","value":true},"id":"UISettings"}}
{"session":"6bf3eb260e74","build":"183.5912.21","bucket":"-1","time":1555836534798,"group":{"id":"settings","version":"9"},"event":{"data":{"created":1555836534835,"name":"smoothScrolling","value":true},"id":"UISettings"}}
{"session":"6bf3eb260e74","build":"183.5912.21","bucket":"-1","time":1555836534798,"group":{"id":"settings","version":"9"},"event":{"data":{"created":1555836534836,"name":"sortBookmarks","value":false},"id":"UISettings"}}
{"session":"6bf3eb260e74","build":"183.5912.21","bucket":"-1","time":1555836534798,"group":{"id":"settings","version":"9"},"event":{"data":{"created":1555836534836,"name":"sortLookupElementsLexicographically","value":false},"id":"UISettings"}}
{"session":"6bf3eb260e74","build":"183.5912.21","bucket":"-1","time":1555836534798,"group":{"id":"settings","version":"9"},"event":{"data":{"created":1555836534837,"name":"useSmallLabelsOnTabs","value":true},"id":"UISettings"}}
{"session":"6bf3eb260e74","build":"183.5912.21","bucket":"-1","time":1555836534798,"group":{"id":"settings","version":"9"},"event":{"data":{"created":1555836534837,"name":"wideScreenSupport","value":false},"id":"UISettings"}}
{"session":"6bf3eb260e74","build":"183.5912.21","bucket":"-1","time":1555836535660,"group":{"id":"settings","version":"9"},"event":{"data":{"created":1555836535661,"name":"autoSaveIfInactive","value":false},"id":"GeneralSettings"}}
{"session":"6bf3eb260e74","build":"183.5912.21","bucket":"-1","time":1555836535661,"group":{"id":"settings","version":"9"},"event":{"data":{"default":false,"created":1555836535661,"name":"confirmExit","value":false},"id":"GeneralSettings"}}
{"session":"6bf3eb260e74","build":"183.5912.21","bucket":"-1","time":1555836535661,"group":{"id":"settings","version":"9"},"event":{"data":{"created":1555836535661,"name":"reopenLastProject","value":true},"id":"GeneralSettings"}}
{"session":"6bf3eb260e74","build":"183.5912.21","bucket":"-1","time":1555836535661,"group":{"id":"settings","version":"9"},"event":{"data":{"created":1555836535662,"name":"saveOnFrameDeactivation","value":true},"id":"GeneralSettings"}}
{"session":"6bf3eb260e74","build":"183.5912.21","bucket":"-1","time":1555836535661,"group":{"id":"settings","version":"9"},"event":{"data":{"created":1555836535662,"name":"searchInBackground","value":false},"id":"GeneralSettings"}}
{"session":"6bf3eb260e74","build":"183.5912.21","bucket":"-1","time":1555836535661,"group":{"id":"settings","version":"9"},"event":{"data":{"default":false,"created":1555836535662,"name":"showTipsOnStartup","value":false},"id":"GeneralSettings"}}
{"session":"6bf3eb260e74","build":"183.5912.21","bucket":"-1","time":1555836535661,"group":{"id":"settings","version":"9"},"event":{"data":{"created":1555836535663,"name":"showWelcomeScreen","value":true},"id":"GeneralSettings"}}
{"session":"6bf3eb260e74","build":"183.5912.21","bucket":"-1","time":1555836535661,"group":{"id":"settings","version":"9"},"event":{"data":{"created":1555836535663,"name":"supportScreenReaders","value":false},"id":"GeneralSettings"}}
{"session":"6bf3eb260e74","build":"183.5912.21","bucket":"-1","time":1555836535661,"group":{"id":"settings","version":"9"},"event":{"data":{"created":1555836535663,"name":"syncOnFrameActivation","value":true},"id":"GeneralSettings"}}
{"session":"6bf3eb260e74","build":"183.5912.21","bucket":"-1","time":1555836535661,"group":{"id":"settings","version":"9"},"event":{"data":{"created":1555836535663,"name":"useDefaultBrowser","value":true},"id":"GeneralSettings"}}
{"session":"6bf3eb260e74","build":"183.5912.21","bucket":"-1","time":1555836535661,"group":{"id":"settings","version":"9"},"event":{"data":{"created":1555836535664,"name":"useSafeWrite","value":true},"id":"GeneralSettings"}}
{"session":"6bf3eb260e74","build":"183.5912.21","bucket":"-1","time":1555836550007,"group":{"id":"statistics.lifecycle.app","version":"9"},"event":{"count":1,"data":{"created":1555836550007},"id":"ide.start"}}
{"session":"6bf3eb260e74","build":"183.5912.21","bucket":"-1","time":1555836550009,"group":{"id":"lifecycle","version":"9"},"event":{"count":1,"data":{"created":1555836550009},"id":"app.started"}}
{"session":"6bf3eb260e74","build":"183.5912.21","bucket":"-1","time":1555836550493,"group":{"id":"statistics.lifecycle.app","version":"9"},"event":{"count":1,"data":{"created":1555836550493,"data_2":"10+","data_1":"timeSecondsGrouped"},"id":"ide.freeze"}}
{"session":"6bf3eb260e74","build":"183.5912.21","bucket":"-1","time":1555836550493,"group":{"id":"lifecycle","version":"9"},"event":{"count":1,"data":{"durationSeconds":15,"created":1555836550493},"id":"ide.freeze"}}
{"session":"6bf3eb260e74","build":"183.5912.21","bucket":"-1","time":1555836565480,"group":{"id":"ui.dialogs","version":"9"},"event":{"count":1,"data":{"created":1555836565480,"type":"show"},"id":"com.intellij.openapi.progress.util.ProgressDialog$MyDialogWrapper"}}
{"session":"6bf3eb260e74","build":"183.5912.21","bucket":"-1","time":1555836566646,"group":{"id":"statistics.lifecycle.app","version":"9"},"event":{"count":1,"data":{"created":1555836566646,"data_2":"mappingFailed:false","data_1":"OOM:false","data_3":"pluginId:unknown"},"id":"ide.error"}}
{"session":"6bf3eb260e74","build":"183.5912.21","bucket":"-1","time":1555836566806,"group":{"id":"ui.dialogs","version":"9"},"event":{"count":1,"data":{"code":1,"created":1555836566806,"type":"close"},"id":"com.intellij.openapi.progress.util.ProgressDialog$MyDialogWrapper"}}
{"session":"6bf3eb260e74","build":"183.5912.21","bucket":"-1","time":1555836566845,"group":{"id":"statistics.lifecycle.project","version":"9"},"event":{"count":1,"data":{"created":1555836566845,"project":"-1379659210"},"id":"project.opened"}}
{"session":"6bf3eb260e74","build":"183.5912.21","bucket":"-1","time":1555836566846,"group":{"id":"lifecycle","version":"9"},"event":{"count":1,"data":{"created":1555836566846},"id":"project.opened"}}
{"session":"6bf3eb260e74","build":"183.5912.21","bucket":"-1","time":1555836568303,"group":{"id":"ui.dialogs","version":"9"},"event":{"count":1,"data":{"created":1555836568303,"type":"show"},"id":"com.intellij.openapi.progress.util.ProgressDialog$MyDialogWrapper"}}
{"session":"6bf3eb260e74","build":"183.5912.21","bucket":"-1","time":1555836571038,"group":{"id":"toolwindow.v2","version":"9"},"event":{"count":1,"data":{"created":1555836571038,"data_1":"Mac"},"id":"Project_by_Activation"}}
{"session":"6bf3eb260e74","build":"183.5912.21","bucket":"-1","time":1555836572021,"group":{"id":"ui.dialogs","version":"9"},"event":{"count":1,"data":{"code":1,"created":1555836572021,"type":"close"},"id":"com.intellij.openapi.progress.util.ProgressDialog$MyDialogWrapper"}}
{"session":"6bf3eb260e74","build":"183.5912.21","bucket":"-1","time":1555836573026,"group":{"id":"statistics.lifecycle.project","version":"9"},"event":{"count":1,"data":{"created":1555836573026,"project":"-1379659210"},"id":"project.open.time.7"}}
{"session":"6bf3eb260e74","build":"183.5912.21","bucket":"-1","time":1555836573026,"group":{"id":"lifecycle","version":"9"},"event":{"count":1,"data":{"created":1555836573027,"time.ms":7922},"id":"project.opening.finished"}}
{"session":"6bf3eb260e74","build":"183.5912.21","bucket":"-1","time":1555836574299,"group":{"id":"actions.v2","version":"9"},"event":{"count":1,"data":{"context_menu":false,"created":1555836574300,"data_1":"Mac","input_event":"Shift+F1"},"id":"third.party.plugin.action"}}
{"session":"6bf3eb260e74","build":"183.5912.21","bucket":"-1","time":1555836574349,"group":{"id":"statistics.lifecycle.app","version":"9"},"event":{"count":1,"data":{"created":1555836574349,"data_2":"mappingFailed:false","data_1":"OOM:false","data_3":"pluginId:unknown"},"id":"ide.error"}}
{"session":"6bf3eb260e74","build":"183.5912.21","bucket":"-1","time":1555836576453,"group":{"id":"actions.v2","version":"9"},"event":{"count":1,"data":{"context_menu":false,"created":1555836576453,"data_1":"Mac","input_event":"Shift+F1"},"id":"third.party.plugin.action"}}
{"session":"6bf3eb260e74","build":"183.5912.21","bucket":"-1","time":1555836578906,"group":{"id":"statistics.lifecycle.app","version":"9"},"event":{"count":1,"data":{"created":1555836578908,"data_2":"mappingFailed:false","data_1":"OOM:false","data_3":"pluginId:unknown"},"id":"ide.error"}}
{"session":"6bf3eb260e74","build":"183.5912.21","bucket":"-1","time":1555836589179,"group":{"id":"actions.v2","version":"9"},"event":{"count":1,"data":{"context_menu":false,"created":1555836589179,"data_1":"Mac","input_event":"Shift+F1"},"id":"third.party.plugin.action"}}
{"session":"6bf3eb260e74","build":"183.5912.21","bucket":"-1","time":1555836641524,"group":{"id":"statistics.lifecycle.app","version":"9"},"event":{"count":1,"data":{"created":1555836641525,"data_2":"mappingFailed:false","data_1":"OOM:false","data_3":"pluginId:unknown"},"id":"ide.error"}}
{"session":"6bf3eb260e74","build":"183.5912.21","bucket":"-1","time":1555836653108,"group":{"id":"statistics.file.types.open","version":"9"},"event":{"count":1,"data":{"created":1555836653109,"project":"-1379659210"},"id":"JAVA"}}
{"session":"6bf3eb260e74","build":"183.5912.21","bucket":"-1","time":1555836658155,"group":{"id":"actions.v2","version":"9"},"event":{"count":1,"data":{"context_menu":false,"created":1555836658155,"data_1":"Mac"},"id":"ToggleLineBreakpoint"}}
{"session":"6bf3eb260e74","build":"183.5912.21","bucket":"-1","time":1555836658193,"group":{"id":"statistics.debugger.breakpoints.usage","version":"9"},"event":{"count":1,"data":{"created":1555836658193,"project":"-1379659210"},"id":"new.breakpoint"}}
{"session":"6bf3eb260e74","build":"183.5912.21","bucket":"-1","time":1555836658194,"group":{"id":"statistics.debugger.breakpoints.usage","version":"9"},"event":{"count":1,"data":{"created":1555836658195,"project":"-1379659210"},"id":"new.java-line"}}
{"session":"6bf3eb260e74","build":"183.5912.21","bucket":"-1","time":1555836659694,"group":{"id":"actions.v2","version":"9"},"event":{"count":1,"data":{"context_menu":false,"created":1555836659695,"data_1":"Mac"},"id":"Debug"}}
{"session":"6bf3eb260e74","build":"183.5912.21","bucket":"-1","time":1555836660052,"group":{"id":"statistics.ui.toolbar.clicks","version":"9"},"event":{"count":1,"data":{"created":1555836660052,"data_1":"Mac"},"id":"Debug@NavBarToolbar"}}
{"session":"6bf3eb260e74","build":"183.5912.21","bucket":"-1","time":1555836660104,"group":{"id":"statistics.run.configuration.start","version":"9"},"event":{"count":1,"data":{"created":1555836660105,"project":"-1379659210","data_1":"Debug"},"id":"JUnit"}}
{"session":"6bf3eb260e74","build":"183.5912.21","bucket":"-1","time":1555836665996,"group":{"id":"toolwindow.v2","version":"9"},"event":{"count":1,"data":{"created":1555836665997,"data_1":"Mac"},"id":"Debug_by_Activation"}}
{"session":"6bf3eb260e74","build":"183.5912.21","bucket":"-1","time":1555836669725,"group":{"id":"statistics.ui.toolbar.clicks","version":"9"},"event":{"count":1,"data":{"created":1555836669725,"data_1":"Mac"},"id":"RunConfiguration@NavBarToolbar"}}
{"session":"6bf3eb260e74","build":"183.5912.21","bucket":"-1","time":1555836674757,"group":{"id":"toolwindow.v2","version":"9"},"event":{"count":1,"data":{"created":1555836674757,"data_1":"Mac"},"id":"Project_by_Activation"}}
{"session":"6bf3eb260e74","build":"183.5912.21","bucket":"-1","time":1555836680446,"group":{"id":"statistics.ui.toolbar.clicks","version":"9"},"event":{"count":1,"data":{"created":1555836680446,"data_1":"Mac"},"id":"RunConfiguration@NavBarToolbar"}}
{"session":"6bf3eb260e74","build":"183.5912.21","bucket":"-1","time":1555836683449,"group":{"id":"actions.v2","version":"9"},"event":{"count":1,"data":{"context_menu":false,"created":1555836683449,"data_1":"Mac"},"id":"editRunConfigurations"}}
{"session":"6bf3eb260e74","build":"183.5912.21","bucket":"-1","time":1555836683515,"group":{"id":"ui.dialogs","version":"9"},"event":{"count":1,"data":{"created":1555836683515,"type":"show"},"id":"com.intellij.execution.impl.EditConfigurationsDialog"}}
{"session":"6bf3eb260e74","build":"183.5912.21","bucket":"-1","time":1555836687964,"group":{"id":"ui.dialogs","version":"9"},"event":{"count":1,"data":{"code":1,"created":1555836687964,"type":"close"},"id":"com.intellij.execution.impl.EditConfigurationsDialog"}}
{"session":"6bf3eb260e74","build":"183.5912.21","bucket":"-1","time":1555836691330,"group":{"id":"toolwindow.v2","version":"9"},"event":{"count":1,"data":{"created":1555836691330,"data_1":"Mac"},"id":"Debug_by_Activation"}}
{"session":"6bf3eb260e74","build":"183.5912.21","bucket":"-1","time":1555836693364,"group":{"id":"toolwindow.v2","version":"9"},"event":{"count":1,"data":{"created":1555836693364,"data_1":"Mac"},"id":"Project_by_Activation"}}
{"session":"6bf3eb260e74","build":"183.5912.21","bucket":"-1","time":1555836702996,"group":{"id":"actions.v2","version":"9"},"event":{"count":1,"data":{"context_menu":false,"created":1555836702996,"data_1":"Mac"},"id":"ToggleLineBreakpoint"}}
{"session":"6bf3eb260e74","build":"183.5912.21","bucket":"-1","time":1555836702997,"group":{"id":"statistics.debugger.breakpoints.usage","version":"9"},"event":{"count":1,"data":{"created":1555836702997,"project":"-1379659210"},"id":"new.breakpoint"}}
{"session":"6bf3eb260e74","build":"183.5912.21","bucket":"-1","time":1555836702998,"group":{"id":"statistics.debugger.breakpoints.usage","version":"9"},"event":{"count":1,"data":{"created":1555836702998,"project":"-1379659210"},"id":"new.java-line"}}
{"session":"6bf3eb260e74","build":"183.5912.21","bucket":"-1","time":1555836707377,"group":{"id":"statistics.ui.toolbar.clicks","version":"9"},"event":{"count":1,"data":{"created":1555836707377,"data_1":"Mac"},"id":"RunConfiguration@NavBarToolbar"}}
{"session":"6bf3eb260e74","build":"183.5912.21","bucket":"-1","time":1555836716882,"group":{"id":"actions.v2","version":"9"},"event":{"count":1,"data":{"context_menu":false,"created":1555836716882,"data_1":"Mac","input_event":"Enter"},"id":"EditorEnter"}}
{"session":"6bf3eb260e74","build":"183.5912.21","bucket":"-1","time":1555836716885,"group":{"id":"statistics.file.types.edit","version":"9"},"event":{"count":1,"data":{"created":1555836716885,"project":"-1379659210"},"id":"Groovy"}}
{"session":"6bf3eb260e74","build":"183.5912.21","bucket":"-1","time":1555836717791,"group":{"id":"actions.v2","version":"9"},"event":{"count":2,"data":{"context_menu":false,"last":1555836718099,"created":1555836717791,"data_1":"Mac","input_event":"Backspace"},"id":"EditorBackSpace"}}
{"session":"6bf3eb260e74","build":"183.5912.21","bucket":"-1","time":1555836719992,"group":{"id":"actions.v2","version":"9"},"event":{"count":1,"data":{"context_menu":false,"created":1555836719992,"data_1":"Mac"},"id":"ToggleLineBreakpoint"}}
{"session":"6bf3eb260e74","build":"183.5912.21","bucket":"-1","time":1555836719993,"group":{"id":"statistics.debugger.breakpoints.usage","version":"9"},"event":{"count":1,"data":{"created":1555836719993,"project":"-1379659210"},"id":"new.breakpoint"}}
{"session":"6bf3eb260e74","build":"183.5912.21","bucket":"-1","time":1555836719993,"group":{"id":"statistics.debugger.breakpoints.usage","version":"9"},"event":{"count":1,"data":{"created":1555836719993,"project":"-1379659210"},"id":"new.java-line"}}
{"session":"6bf3eb260e74","build":"183.5912.21","bucket":"-1","time":1555836721669,"group":{"id":"statistics.run.configuration.start","version":"9"},"event":{"count":1,"data":{"created":1555836721669,"project":"-1379659210","data_1":"Debug"},"id":"JUnit"}}
{"session":"6bf3eb260e74","build":"183.5912.21","bucket":"-1","time":1555836723340,"group":{"id":"toolwindow.v2","version":"9"},"event":{"count":1,"data":{"created":1555836723340,"data_1":"Mac"},"id":"Debug_by_Activation"}}
{"session":"6bf3eb260e74","build":"183.5912.21","bucket":"-1","time":1555836735278,"group":{"id":"statistics.run.configuration.start","version":"9"},"event":{"count":1,"data":{"created":1555836735279,"project":"-1379659210","data_1":"Debug"},"id":"JUnit"}}
{"session":"6bf3eb260e74","build":"183.5912.21","bucket":"-1","time":1555836736326,"group":{"id":"toolwindow.v2","version":"9"},"event":{"count":1,"data":{"created":1555836736326,"data_1":"Mac"},"id":"Debug_by_Activation"}}
{"session":"6bf3eb260e74","build":"183.5912.21","bucket":"-1","time":1555836741129,"group":{"id":"toolwindow.v2","version":"9"},"event":{"count":1,"data":{"created":1555836741129,"data_1":"Mac"},"id":"Project_by_Activation"}}
{"session":"6bf3eb260e74","build":"183.5912.21","bucket":"-1","time":1555836755290,"group":{"id":"statistics.actions.intentions","version":"9"},"event":{"count":1,"data":{"created":1555836755290,"data_1":"Mac"},"id":"JAVA_codeInspection.magicConstant.MagicConstantInspection$2"}}
{"session":"6bf3eb260e74","build":"183.5912.21","bucket":"-1","time":1555836769541,"group":{"id":"actions.v2","version":"9"},"event":{"count":1,"data":{"context_menu":false,"created":1555836769541,"data_1":"Mac"},"id":"GotoDeclaration"}}
{"session":"6bf3eb260e74","build":"183.5912.21","bucket":"-1","time":1555836769547,"group":{"id":"statistics.productivity","version":"9"},"event":{"count":1,"data":{"created":1555836769547},"id":"navigation.goto.declaration"}}
{"session":"6bf3eb260e74","build":"183.5912.21","bucket":"-1","time":1555836771285,"group":{"id":"actions.v2","version":"9"},"event":{"count":2,"data":{"context_menu":false,"last":1555836772453,"created":1555836771285,"data_1":"Mac","input_event":"Meta+Open_Bracket"},"id":"EditorCodeBlockStart"}}
{"session":"6bf3eb260e74","build":"183.5912.21","bucket":"-1","time":1555836775598,"group":{"id":"statistics.file.types.open","version":"9"},"event":{"count":4,"data":{"last":1555836782256,"created":1555836775598,"project":"-1379659210"},"id":"JAVA"}}
{"session":"6bf3eb260e74","build":"183.5912.21","bucket":"-1","time":1555836784733,"group":{"id":"statistics.lifecycle.project","version":"9"},"event":{"count":1,"data":{"created":1555836784733,"project":"-1379659210"},"id":"project.closed"}}
{"session":"6bf3eb260e74","build":"183.5912.21","bucket":"-1","time":1555836784813,"group":{"id":"lifecycle","version":"9"},"event":{"count":1,"data":{"created":1555836784813},"id":"project.closed"}}
{"session":"6bf3eb260e74","build":"183.5912.21","bucket":"-1","time":1555836786744,"group":{"id":"statistics.lifecycle.app","version":"9"},"event":{"count":1,"data":{"created":1555836786744},"id":"ide.close"}}
{"session":"6bf3eb260e74","build":"183.5912.21","bucket":"-1","time":1555836786744,"group":{"id":"lifecycle","version":"9"},"event":{"count":1,"data":{"restart":false,"created":1555836786745},"id":"app.closed"}}
