{"session":"022680c1576e","build":"183.5912.21","bucket":"-1","time":1555834083576,"group":{"id":"system.os.name","version":"9"},"event":{"data":{"created":1555834083577},"id":"Mac.OS.X"}}
{"session":"022680c1576e","build":"183.5912.21","bucket":"-1","time":1555834083576,"group":{"id":"system.os.version","version":"9"},"event":{"data":{"created":1555834083586},"id":"10.13.6"}}
{"session":"022680c1576e","build":"183.5912.21","bucket":"-1","time":1555834083576,"group":{"id":"system.jvm.vendor","version":"9"},"event":{"data":{"created":1555834083602},"id":"JetBrains_s.r.o"}}
{"session":"022680c1576e","build":"183.5912.21","bucket":"-1","time":1555834083577,"group":{"id":"system.jvm.version","version":"9"},"event":{"data":{"created":1555834083603},"id":"1.8"}}
{"session":"022680c1576e","build":"183.5912.21","bucket":"-1","time":1555834083585,"group":{"id":"settings","version":"9"},"event":{"data":{"created":1555834083604,"name":"activeMruEditorOnClose","value":false},"id":"UISettings"}}
{"session":"022680c1576e","build":"183.5912.21","bucket":"-1","time":1555834083586,"group":{"id":"settings","version":"9"},"event":{"data":{"created":1555834083604,"name":"activeRightEditorOnClose","value":false},"id":"UISettings"}}
{"session":"022680c1576e","build":"183.5912.21","bucket":"-1","time":1555834083586,"group":{"id":"settings","version":"9"},"event":{"data":{"created":1555834083605,"name":"allowMergeButtons","value":true},"id":"UISettings"}}
{"session":"022680c1576e","build":"183.5912.21","bucket":"-1","time":1555834083586,"group":{"id":"settings","version":"9"},"event":{"data":{"created":1555834083606,"name":"alwaysShowWindowsButton","value":false},"id":"UISettings"}}
{"session":"022680c1576e","build":"183.5912.21","bucket":"-1","time":1555834083586,"group":{"id":"settings","version":"9"},"event":{"data":{"created":1555834083607,"name":"animateWindows","value":true},"id":"UISettings"}}
{"session":"022680c1576e","build":"183.5912.21","bucket":"-1","time":1555834083586,"group":{"id":"settings","version":"9"},"event":{"data":{"created":1555834083607,"name":"closeNonModifiedFilesFirst","value":false},"id":"UISettings"}}
{"session":"022680c1576e","build":"183.5912.21","bucket":"-1","time":1555834083586,"group":{"id":"settings","version":"9"},"event":{"data":{"created":1555834083608,"name":"closeTabButtonOnTheRight","value":true},"id":"UISettings"}}
{"session":"022680c1576e","build":"183.5912.21","bucket":"-1","time":1555834083586,"group":{"id":"settings","version":"9"},"event":{"data":{"created":1555834083609,"name":"cycleScrolling","value":true},"id":"UISettings"}}
{"session":"022680c1576e","build":"183.5912.21","bucket":"-1","time":1555834083586,"group":{"id":"settings","version":"9"},"event":{"data":{"created":1555834083609,"name":"defaultAutoScrollToSource","value":false},"id":"UISettings"}}
{"session":"022680c1576e","build":"183.5912.21","bucket":"-1","time":1555834083586,"group":{"id":"settings","version":"9"},"event":{"data":{"created":1555834083609,"name":"disableMnemonics","value":true},"id":"UISettings"}}
{"session":"022680c1576e","build":"183.5912.21","bucket":"-1","time":1555834083586,"group":{"id":"settings","version":"9"},"event":{"data":{"created":1555834083610,"name":"disableMnemonicsInControls","value":false},"id":"UISettings"}}
{"session":"022680c1576e","build":"183.5912.21","bucket":"-1","time":1555834083586,"group":{"id":"settings","version":"9"},"event":{"data":{"created":1555834083610,"name":"dndWithPressedAltOnly","value":false},"id":"UISettings"}}
{"session":"022680c1576e","build":"183.5912.21","bucket":"-1","time":1555834083586,"group":{"id":"settings","version":"9"},"event":{"data":{"created":1555834083610,"name":"enableAlphaMode","value":false},"id":"UISettings"}}
{"session":"022680c1576e","build":"183.5912.21","bucket":"-1","time":1555834083586,"group":{"id":"settings","version":"9"},"event":{"data":{"created":1555834083611,"name":"hideKnownExtensionInTabs","value":false},"id":"UISettings"}}
{"session":"022680c1576e","build":"183.5912.21","bucket":"-1","time":1555834083586,"group":{"id":"settings","version":"9"},"event":{"data":{"created":1555834083611,"name":"hideNavigationOnFocusLoss","value":true},"id":"UISettings"}}
{"session":"022680c1576e","build":"183.5912.21","bucket":"-1","time":1555834083586,"group":{"id":"settings","version":"9"},"event":{"data":{"created":1555834083612,"name":"hideTabsIfNeed","value":true},"id":"UISettings"}}
{"session":"022680c1576e","build":"183.5912.21","bucket":"-1","time":1555834083586,"group":{"id":"settings","version":"9"},"event":{"data":{"created":1555834083612,"name":"hideToolStripes","value":false},"id":"UISettings"}}
{"session":"022680c1576e","build":"183.5912.21","bucket":"-1","time":1555834083586,"group":{"id":"settings","version":"9"},"event":{"data":{"created":1555834083612,"name":"leftHorizontalSplit","value":false},"id":"UISettings"}}
{"session":"022680c1576e","build":"183.5912.21","bucket":"-1","time":1555834083586,"group":{"id":"settings","version":"9"},"event":{"data":{"created":1555834083613,"name":"markModifiedTabsWithAsterisk","value":false},"id":"UISettings"}}
{"session":"022680c1576e","build":"183.5912.21","bucket":"-1","time":1555834083586,"group":{"id":"settings","version":"9"},"event":{"data":{"created":1555834083613,"name":"mergeEqualStackTraces","value":true},"id":"UISettings"}}
{"session":"022680c1576e","build":"183.5912.21","bucket":"-1","time":1555834083586,"group":{"id":"settings","version":"9"},"event":{"data":{"created":1555834083614,"name":"moveMouseOnDefaultButton","value":false},"id":"UISettings"}}
{"session":"022680c1576e","build":"183.5912.21","bucket":"-1","time":1555834083586,"group":{"id":"settings","version":"9"},"event":{"data":{"created":1555834083614,"name":"navigateToPreview","value":false},"id":"UISettings"}}
{"session":"022680c1576e","build":"183.5912.21","bucket":"-1","time":1555834083586,"group":{"id":"settings","version":"9"},"event":{"data":{"created":1555834083615,"name":"overrideConsoleCycleBufferSize","value":false},"id":"UISettings"}}
{"session":"022680c1576e","build":"183.5912.21","bucket":"-1","time":1555834083586,"group":{"id":"settings","version":"9"},"event":{"data":{"created":1555834083615,"name":"overrideLafFonts","value":false},"id":"UISettings"}}
{"session":"022680c1576e","build":"183.5912.21","bucket":"-1","time":1555834083586,"group":{"id":"settings","version":"9"},"event":{"data":{"created":1555834083615,"name":"pinFindInPath","value":false},"id":"UISettings"}}
{"session":"022680c1576e","build":"183.5912.21","bucket":"-1","time":1555834083586,"group":{"id":"settings","version":"9"},"event":{"data":{"created":1555834083616,"name":"presentationMode","value":false},"id":"UISettings"}}
{"session":"022680c1576e","build":"183.5912.21","bucket":"-1","time":1555834083586,"group":{"id":"settings","version":"9"},"event":{"data":{"created":1555834083616,"name":"reuseNotModifiedTabs","value":false},"id":"UISettings"}}
{"session":"022680c1576e","build":"183.5912.21","bucket":"-1","time":1555834083586,"group":{"id":"settings","version":"9"},"event":{"data":{"created":1555834083617,"name":"rightHorizontalSplit","value":false},"id":"UISettings"}}
{"session":"022680c1576e","build":"183.5912.21","bucket":"-1","time":1555834083586,"group":{"id":"settings","version":"9"},"event":{"data":{"created":1555834083617,"name":"scrollTabLayoutInEditor","value":true},"id":"UISettings"}}
{"session":"022680c1576e","build":"183.5912.21","bucket":"-1","time":1555834083586,"group":{"id":"settings","version":"9"},"event":{"data":{"created":1555834083618,"name":"showCloseButton","value":true},"id":"UISettings"}}
{"session":"022680c1576e","build":"183.5912.21","bucket":"-1","time":1555834083586,"group":{"id":"settings","version":"9"},"event":{"data":{"created":1555834083618,"name":"showDirectoryForNonUniqueFilenames","value":true},"id":"UISettings"}}
{"session":"022680c1576e","build":"183.5912.21","bucket":"-1","time":1555834083586,"group":{"id":"settings","version":"9"},"event":{"data":{"created":1555834083619,"name":"showEditorToolTip","value":true},"id":"UISettings"}}
{"session":"022680c1576e","build":"183.5912.21","bucket":"-1","time":1555834083586,"group":{"id":"settings","version":"9"},"event":{"data":{"created":1555834083619,"name":"showIconInQuickNavigation","value":true},"id":"UISettings"}}
{"session":"022680c1576e","build":"183.5912.21","bucket":"-1","time":1555834083586,"group":{"id":"settings","version":"9"},"event":{"data":{"created":1555834083620,"name":"showIconsInMenus","value":true},"id":"UISettings"}}
{"session":"022680c1576e","build":"183.5912.21","bucket":"-1","time":1555834083586,"group":{"id":"settings","version":"9"},"event":{"data":{"created":1555834083620,"name":"showMainToolbar","value":false},"id":"UISettings"}}
{"session":"022680c1576e","build":"183.5912.21","bucket":"-1","time":1555834083586,"group":{"id":"settings","version":"9"},"event":{"data":{"created":1555834083621,"name":"showMemoryIndicator","value":false},"id":"UISettings"}}
{"session":"022680c1576e","build":"183.5912.21","bucket":"-1","time":1555834083586,"group":{"id":"settings","version":"9"},"event":{"data":{"created":1555834083621,"name":"showNavigationBar","value":true},"id":"UISettings"}}
{"session":"022680c1576e","build":"183.5912.21","bucket":"-1","time":1555834083586,"group":{"id":"settings","version":"9"},"event":{"data":{"created":1555834083622,"name":"showStatusBar","value":true},"id":"UISettings"}}
{"session":"022680c1576e","build":"183.5912.21","bucket":"-1","time":1555834083586,"group":{"id":"settings","version":"9"},"event":{"data":{"created":1555834083622,"name":"showTabsTooltips","value":true},"id":"UISettings"}}
{"session":"022680c1576e","build":"183.5912.21","bucket":"-1","time":1555834083586,"group":{"id":"settings","version":"9"},"event":{"data":{"created":1555834083622,"name":"showToolWindowsNumbers","value":true},"id":"UISettings"}}
{"session":"022680c1576e","build":"183.5912.21","bucket":"-1","time":1555834083586,"group":{"id":"settings","version":"9"},"event":{"data":{"created":1555834083623,"name":"smoothScrolling","value":true},"id":"UISettings"}}
{"session":"022680c1576e","build":"183.5912.21","bucket":"-1","time":1555834083586,"group":{"id":"settings","version":"9"},"event":{"data":{"created":1555834083623,"name":"sortBookmarks","value":false},"id":"UISettings"}}
{"session":"022680c1576e","build":"183.5912.21","bucket":"-1","time":1555834083586,"group":{"id":"settings","version":"9"},"event":{"data":{"created":1555834083624,"name":"sortLookupElementsLexicographically","value":false},"id":"UISettings"}}
{"session":"022680c1576e","build":"183.5912.21","bucket":"-1","time":1555834083586,"group":{"id":"settings","version":"9"},"event":{"data":{"created":1555834083624,"name":"useSmallLabelsOnTabs","value":true},"id":"UISettings"}}
{"session":"022680c1576e","build":"183.5912.21","bucket":"-1","time":1555834083586,"group":{"id":"settings","version":"9"},"event":{"data":{"created":1555834083624,"name":"wideScreenSupport","value":false},"id":"UISettings"}}
{"session":"022680c1576e","build":"183.5912.21","bucket":"-1","time":1555834084443,"group":{"id":"settings","version":"9"},"event":{"data":{"created":1555834084443,"name":"autoSaveIfInactive","value":false},"id":"GeneralSettings"}}
{"session":"022680c1576e","build":"183.5912.21","bucket":"-1","time":1555834084443,"group":{"id":"settings","version":"9"},"event":{"data":{"default":false,"created":1555834084444,"name":"confirmExit","value":false},"id":"GeneralSettings"}}
{"session":"022680c1576e","build":"183.5912.21","bucket":"-1","time":1555834084443,"group":{"id":"settings","version":"9"},"event":{"data":{"created":1555834084444,"name":"reopenLastProject","value":true},"id":"GeneralSettings"}}
{"session":"022680c1576e","build":"183.5912.21","bucket":"-1","time":1555834084443,"group":{"id":"settings","version":"9"},"event":{"data":{"created":1555834084445,"name":"saveOnFrameDeactivation","value":true},"id":"GeneralSettings"}}
{"session":"022680c1576e","build":"183.5912.21","bucket":"-1","time":1555834084443,"group":{"id":"settings","version":"9"},"event":{"data":{"created":1555834084445,"name":"searchInBackground","value":false},"id":"GeneralSettings"}}
{"session":"022680c1576e","build":"183.5912.21","bucket":"-1","time":1555834084443,"group":{"id":"settings","version":"9"},"event":{"data":{"default":false,"created":1555834084445,"name":"showTipsOnStartup","value":false},"id":"GeneralSettings"}}
{"session":"022680c1576e","build":"183.5912.21","bucket":"-1","time":1555834084443,"group":{"id":"settings","version":"9"},"event":{"data":{"created":1555834084446,"name":"showWelcomeScreen","value":true},"id":"GeneralSettings"}}
{"session":"022680c1576e","build":"183.5912.21","bucket":"-1","time":1555834084443,"group":{"id":"settings","version":"9"},"event":{"data":{"created":1555834084446,"name":"supportScreenReaders","value":false},"id":"GeneralSettings"}}
{"session":"022680c1576e","build":"183.5912.21","bucket":"-1","time":1555834084443,"group":{"id":"settings","version":"9"},"event":{"data":{"created":1555834084446,"name":"syncOnFrameActivation","value":true},"id":"GeneralSettings"}}
{"session":"022680c1576e","build":"183.5912.21","bucket":"-1","time":1555834084443,"group":{"id":"settings","version":"9"},"event":{"data":{"created":1555834084447,"name":"useDefaultBrowser","value":true},"id":"GeneralSettings"}}
{"session":"022680c1576e","build":"183.5912.21","bucket":"-1","time":1555834084443,"group":{"id":"settings","version":"9"},"event":{"data":{"created":1555834084447,"name":"useSafeWrite","value":true},"id":"GeneralSettings"}}
{"session":"022680c1576e","build":"183.5912.21","bucket":"-1","time":1555834100416,"group":{"id":"statistics.lifecycle.app","version":"9"},"event":{"count":1,"data":{"created":1555834100416},"id":"ide.start"}}
{"session":"022680c1576e","build":"183.5912.21","bucket":"-1","time":1555834100418,"group":{"id":"lifecycle","version":"9"},"event":{"count":1,"data":{"created":1555834100418},"id":"app.started"}}
{"session":"022680c1576e","build":"183.5912.21","bucket":"-1","time":1555834101216,"group":{"id":"statistics.lifecycle.app","version":"9"},"event":{"count":1,"data":{"created":1555834101216,"data_2":"10+","data_1":"timeSecondsGrouped"},"id":"ide.freeze"}}
{"session":"022680c1576e","build":"183.5912.21","bucket":"-1","time":1555834101216,"group":{"id":"lifecycle","version":"9"},"event":{"count":1,"data":{"durationSeconds":17,"created":1555834101216},"id":"ide.freeze"}}
{"session":"022680c1576e","build":"183.5912.21","bucket":"-1","time":1555834107638,"group":{"id":"ui.dialogs","version":"9"},"event":{"count":1,"data":{"created":1555834107638,"type":"show"},"id":"com.intellij.openapi.progress.util.ProgressDialog$MyDialogWrapper"}}
{"session":"022680c1576e","build":"183.5912.21","bucket":"-1","time":1555834108958,"group":{"id":"statistics.lifecycle.app","version":"9"},"event":{"count":1,"data":{"created":1555834108958,"data_2":"mappingFailed:false","data_1":"OOM:false","data_3":"pluginId:unknown"},"id":"ide.error"}}
{"session":"022680c1576e","build":"183.5912.21","bucket":"-1","time":1555834109155,"group":{"id":"ui.dialogs","version":"9"},"event":{"count":1,"data":{"code":1,"created":1555834109155,"type":"close"},"id":"com.intellij.openapi.progress.util.ProgressDialog$MyDialogWrapper"}}
{"session":"022680c1576e","build":"183.5912.21","bucket":"-1","time":1555834109198,"group":{"id":"statistics.lifecycle.project","version":"9"},"event":{"count":1,"data":{"created":1555834109198,"project":"-1379659210"},"id":"project.opened"}}
{"session":"022680c1576e","build":"183.5912.21","bucket":"-1","time":1555834109198,"group":{"id":"lifecycle","version":"9"},"event":{"count":1,"data":{"created":1555834109198},"id":"project.opened"}}
{"session":"022680c1576e","build":"183.5912.21","bucket":"-1","time":1555834110842,"group":{"id":"ui.dialogs","version":"9"},"event":{"count":1,"data":{"created":1555834110843,"type":"show"},"id":"com.intellij.openapi.progress.util.ProgressDialog$MyDialogWrapper"}}
{"session":"022680c1576e","build":"183.5912.21","bucket":"-1","time":1555834113707,"group":{"id":"toolwindow.v2","version":"9"},"event":{"count":1,"data":{"created":1555834113707,"data_1":"Mac"},"id":"Project_by_Activation"}}
{"session":"022680c1576e","build":"183.5912.21","bucket":"-1","time":1555834115181,"group":{"id":"ui.dialogs","version":"9"},"event":{"count":1,"data":{"code":1,"created":1555834115181,"type":"close"},"id":"com.intellij.openapi.progress.util.ProgressDialog$MyDialogWrapper"}}
{"session":"022680c1576e","build":"183.5912.21","bucket":"-1","time":1555834116233,"group":{"id":"statistics.lifecycle.project","version":"9"},"event":{"count":1,"data":{"created":1555834116233,"project":"-1379659210"},"id":"project.open.time.8"}}
{"session":"022680c1576e","build":"183.5912.21","bucket":"-1","time":1555834116233,"group":{"id":"lifecycle","version":"9"},"event":{"count":1,"data":{"created":1555834116233,"time.ms":8981},"id":"project.opening.finished"}}
{"session":"022680c1576e","build":"183.5912.21","bucket":"-1","time":1555834325226,"group":{"id":"actions.v2","version":"9"},"event":{"count":1,"data":{"context_menu":false,"created":1555834325226,"data_1":"Mac","input_event":"Shift+F1"},"id":"third.party.plugin.action"}}
{"session":"022680c1576e","build":"183.5912.21","bucket":"-1","time":1555834503949,"group":{"id":"statistics.lifecycle.app","version":"9"},"event":{"count":1,"data":{"created":1555834503949,"data_2":"60+","data_1":"timeSecondsGrouped"},"id":"ide.freeze"}}
{"session":"022680c1576e","build":"183.5912.21","bucket":"-1","time":1555834503949,"group":{"id":"lifecycle","version":"9"},"event":{"count":1,"data":{"durationSeconds":179,"created":1555834503950},"id":"ide.freeze"}}
{"session":"022680c1576e","build":"183.5912.21","bucket":"-1","time":1555834516971,"group":{"id":"statistics.lifecycle.project","version":"9"},"event":{"count":1,"data":{"created":1555834516971,"project":"-1379659210"},"id":"project.closed"}}
{"session":"022680c1576e","build":"183.5912.21","bucket":"-1","time":1555834517101,"group":{"id":"lifecycle","version":"9"},"event":{"count":1,"data":{"created":1555834517101},"id":"project.closed"}}
{"session":"022680c1576e","build":"183.5912.21","bucket":"-1","time":1555834519816,"group":{"id":"statistics.lifecycle.app","version":"9"},"event":{"count":1,"data":{"created":1555834519816},"id":"ide.close"}}
{"session":"022680c1576e","build":"183.5912.21","bucket":"-1","time":1555834519816,"group":{"id":"lifecycle","version":"9"},"event":{"count":1,"data":{"restart":false,"created":1555834519816},"id":"app.closed"}}
