{"session":"3daa600e1d22","build":"183.5912.21","bucket":"-1","time":1555837856995,"group":{"id":"system.os.name","version":"9"},"event":{"data":{"created":1555837856996},"id":"Mac.OS.X"}}
{"session":"3daa600e1d22","build":"183.5912.21","bucket":"-1","time":1555837856996,"group":{"id":"system.os.version","version":"9"},"event":{"data":{"created":1555837857004},"id":"10.13.6"}}
{"session":"3daa600e1d22","build":"183.5912.21","bucket":"-1","time":1555837856996,"group":{"id":"system.jvm.vendor","version":"9"},"event":{"data":{"created":1555837857014},"id":"JetBrains_s.r.o"}}
{"session":"3daa600e1d22","build":"183.5912.21","bucket":"-1","time":1555837856996,"group":{"id":"system.jvm.version","version":"9"},"event":{"data":{"created":1555837857015},"id":"1.8"}}
{"session":"3daa600e1d22","build":"183.5912.21","bucket":"-1","time":1555837857006,"group":{"id":"settings","version":"9"},"event":{"data":{"created":1555837857015,"name":"activeMruEditorOnClose","value":false},"id":"UISettings"}}
{"session":"3daa600e1d22","build":"183.5912.21","bucket":"-1","time":1555837857006,"group":{"id":"settings","version":"9"},"event":{"data":{"created":1555837857015,"name":"activeRightEditorOnClose","value":false},"id":"UISettings"}}
{"session":"3daa600e1d22","build":"183.5912.21","bucket":"-1","time":1555837857006,"group":{"id":"settings","version":"9"},"event":{"data":{"created":1555837857016,"name":"allowMergeButtons","value":true},"id":"UISettings"}}
{"session":"3daa600e1d22","build":"183.5912.21","bucket":"-1","time":1555837857006,"group":{"id":"settings","version":"9"},"event":{"data":{"created":1555837857017,"name":"alwaysShowWindowsButton","value":false},"id":"UISettings"}}
{"session":"3daa600e1d22","build":"183.5912.21","bucket":"-1","time":1555837857006,"group":{"id":"settings","version":"9"},"event":{"data":{"created":1555837857017,"name":"animateWindows","value":true},"id":"UISettings"}}
{"session":"3daa600e1d22","build":"183.5912.21","bucket":"-1","time":1555837857006,"group":{"id":"settings","version":"9"},"event":{"data":{"created":1555837857017,"name":"closeNonModifiedFilesFirst","value":false},"id":"UISettings"}}
{"session":"3daa600e1d22","build":"183.5912.21","bucket":"-1","time":1555837857006,"group":{"id":"settings","version":"9"},"event":{"data":{"created":1555837857018,"name":"closeTabButtonOnTheRight","value":true},"id":"UISettings"}}
{"session":"3daa600e1d22","build":"183.5912.21","bucket":"-1","time":1555837857006,"group":{"id":"settings","version":"9"},"event":{"data":{"created":1555837857018,"name":"cycleScrolling","value":true},"id":"UISettings"}}
{"session":"3daa600e1d22","build":"183.5912.21","bucket":"-1","time":1555837857006,"group":{"id":"settings","version":"9"},"event":{"data":{"created":1555837857019,"name":"defaultAutoScrollToSource","value":false},"id":"UISettings"}}
{"session":"3daa600e1d22","build":"183.5912.21","bucket":"-1","time":1555837857006,"group":{"id":"settings","version":"9"},"event":{"data":{"created":1555837857019,"name":"disableMnemonics","value":true},"id":"UISettings"}}
{"session":"3daa600e1d22","build":"183.5912.21","bucket":"-1","time":1555837857006,"group":{"id":"settings","version":"9"},"event":{"data":{"created":1555837857020,"name":"disableMnemonicsInControls","value":false},"id":"UISettings"}}
{"session":"3daa600e1d22","build":"183.5912.21","bucket":"-1","time":1555837857006,"group":{"id":"settings","version":"9"},"event":{"data":{"created":1555837857020,"name":"dndWithPressedAltOnly","value":false},"id":"UISettings"}}
{"session":"3daa600e1d22","build":"183.5912.21","bucket":"-1","time":1555837857006,"group":{"id":"settings","version":"9"},"event":{"data":{"created":1555837857021,"name":"enableAlphaMode","value":false},"id":"UISettings"}}
{"session":"3daa600e1d22","build":"183.5912.21","bucket":"-1","time":1555837857006,"group":{"id":"settings","version":"9"},"event":{"data":{"created":1555837857021,"name":"hideKnownExtensionInTabs","value":false},"id":"UISettings"}}
{"session":"3daa600e1d22","build":"183.5912.21","bucket":"-1","time":1555837857006,"group":{"id":"settings","version":"9"},"event":{"data":{"created":1555837857022,"name":"hideNavigationOnFocusLoss","value":true},"id":"UISettings"}}
{"session":"3daa600e1d22","build":"183.5912.21","bucket":"-1","time":1555837857006,"group":{"id":"settings","version":"9"},"event":{"data":{"created":1555837857022,"name":"hideTabsIfNeed","value":true},"id":"UISettings"}}
{"session":"3daa600e1d22","build":"183.5912.21","bucket":"-1","time":1555837857006,"group":{"id":"settings","version":"9"},"event":{"data":{"created":1555837857023,"name":"hideToolStripes","value":false},"id":"UISettings"}}
{"session":"3daa600e1d22","build":"183.5912.21","bucket":"-1","time":1555837857006,"group":{"id":"settings","version":"9"},"event":{"data":{"created":1555837857023,"name":"leftHorizontalSplit","value":false},"id":"UISettings"}}
{"session":"3daa600e1d22","build":"183.5912.21","bucket":"-1","time":1555837857006,"group":{"id":"settings","version":"9"},"event":{"data":{"created":1555837857024,"name":"markModifiedTabsWithAsterisk","value":false},"id":"UISettings"}}
{"session":"3daa600e1d22","build":"183.5912.21","bucket":"-1","time":1555837857006,"group":{"id":"settings","version":"9"},"event":{"data":{"created":1555837857024,"name":"mergeEqualStackTraces","value":true},"id":"UISettings"}}
{"session":"3daa600e1d22","build":"183.5912.21","bucket":"-1","time":1555837857006,"group":{"id":"settings","version":"9"},"event":{"data":{"created":1555837857024,"name":"moveMouseOnDefaultButton","value":false},"id":"UISettings"}}
{"session":"3daa600e1d22","build":"183.5912.21","bucket":"-1","time":1555837857006,"group":{"id":"settings","version":"9"},"event":{"data":{"created":1555837857025,"name":"navigateToPreview","value":false},"id":"UISettings"}}
{"session":"3daa600e1d22","build":"183.5912.21","bucket":"-1","time":1555837857006,"group":{"id":"settings","version":"9"},"event":{"data":{"created":1555837857025,"name":"overrideConsoleCycleBufferSize","value":false},"id":"UISettings"}}
{"session":"3daa600e1d22","build":"183.5912.21","bucket":"-1","time":1555837857006,"group":{"id":"settings","version":"9"},"event":{"data":{"created":1555837857026,"name":"overrideLafFonts","value":false},"id":"UISettings"}}
{"session":"3daa600e1d22","build":"183.5912.21","bucket":"-1","time":1555837857006,"group":{"id":"settings","version":"9"},"event":{"data":{"created":1555837857026,"name":"pinFindInPath","value":false},"id":"UISettings"}}
{"session":"3daa600e1d22","build":"183.5912.21","bucket":"-1","time":1555837857006,"group":{"id":"settings","version":"9"},"event":{"data":{"created":1555837857027,"name":"presentationMode","value":false},"id":"UISettings"}}
{"session":"3daa600e1d22","build":"183.5912.21","bucket":"-1","time":1555837857007,"group":{"id":"settings","version":"9"},"event":{"data":{"created":1555837857027,"name":"reuseNotModifiedTabs","value":false},"id":"UISettings"}}
{"session":"3daa600e1d22","build":"183.5912.21","bucket":"-1","time":1555837857007,"group":{"id":"settings","version":"9"},"event":{"data":{"created":1555837857027,"name":"rightHorizontalSplit","value":false},"id":"UISettings"}}
{"session":"3daa600e1d22","build":"183.5912.21","bucket":"-1","time":1555837857007,"group":{"id":"settings","version":"9"},"event":{"data":{"created":1555837857028,"name":"scrollTabLayoutInEditor","value":true},"id":"UISettings"}}
{"session":"3daa600e1d22","build":"183.5912.21","bucket":"-1","time":1555837857007,"group":{"id":"settings","version":"9"},"event":{"data":{"created":1555837857028,"name":"showCloseButton","value":true},"id":"UISettings"}}
{"session":"3daa600e1d22","build":"183.5912.21","bucket":"-1","time":1555837857007,"group":{"id":"settings","version":"9"},"event":{"data":{"created":1555837857028,"name":"showDirectoryForNonUniqueFilenames","value":true},"id":"UISettings"}}
{"session":"3daa600e1d22","build":"183.5912.21","bucket":"-1","time":1555837857007,"group":{"id":"settings","version":"9"},"event":{"data":{"created":1555837857029,"name":"showEditorToolTip","value":true},"id":"UISettings"}}
{"session":"3daa600e1d22","build":"183.5912.21","bucket":"-1","time":1555837857007,"group":{"id":"settings","version":"9"},"event":{"data":{"created":1555837857029,"name":"showIconInQuickNavigation","value":true},"id":"UISettings"}}
{"session":"3daa600e1d22","build":"183.5912.21","bucket":"-1","time":1555837857007,"group":{"id":"settings","version":"9"},"event":{"data":{"created":1555837857029,"name":"showIconsInMenus","value":true},"id":"UISettings"}}
{"session":"3daa600e1d22","build":"183.5912.21","bucket":"-1","time":1555837857007,"group":{"id":"settings","version":"9"},"event":{"data":{"created":1555837857030,"name":"showMainToolbar","value":false},"id":"UISettings"}}
{"session":"3daa600e1d22","build":"183.5912.21","bucket":"-1","time":1555837857007,"group":{"id":"settings","version":"9"},"event":{"data":{"created":1555837857030,"name":"showMemoryIndicator","value":false},"id":"UISettings"}}
{"session":"3daa600e1d22","build":"183.5912.21","bucket":"-1","time":1555837857007,"group":{"id":"settings","version":"9"},"event":{"data":{"created":1555837857030,"name":"showNavigationBar","value":true},"id":"UISettings"}}
{"session":"3daa600e1d22","build":"183.5912.21","bucket":"-1","time":1555837857007,"group":{"id":"settings","version":"9"},"event":{"data":{"created":1555837857031,"name":"showStatusBar","value":true},"id":"UISettings"}}
{"session":"3daa600e1d22","build":"183.5912.21","bucket":"-1","time":1555837857007,"group":{"id":"settings","version":"9"},"event":{"data":{"created":1555837857031,"name":"showTabsTooltips","value":true},"id":"UISettings"}}
{"session":"3daa600e1d22","build":"183.5912.21","bucket":"-1","time":1555837857007,"group":{"id":"settings","version":"9"},"event":{"data":{"created":1555837857031,"name":"showToolWindowsNumbers","value":true},"id":"UISettings"}}
{"session":"3daa600e1d22","build":"183.5912.21","bucket":"-1","time":1555837857007,"group":{"id":"settings","version":"9"},"event":{"data":{"created":1555837857031,"name":"smoothScrolling","value":true},"id":"UISettings"}}
{"session":"3daa600e1d22","build":"183.5912.21","bucket":"-1","time":1555837857007,"group":{"id":"settings","version":"9"},"event":{"data":{"created":1555837857032,"name":"sortBookmarks","value":false},"id":"UISettings"}}
{"session":"3daa600e1d22","build":"183.5912.21","bucket":"-1","time":1555837857007,"group":{"id":"settings","version":"9"},"event":{"data":{"created":1555837857032,"name":"sortLookupElementsLexicographically","value":false},"id":"UISettings"}}
{"session":"3daa600e1d22","build":"183.5912.21","bucket":"-1","time":1555837857007,"group":{"id":"settings","version":"9"},"event":{"data":{"created":1555837857032,"name":"useSmallLabelsOnTabs","value":true},"id":"UISettings"}}
{"session":"3daa600e1d22","build":"183.5912.21","bucket":"-1","time":1555837857007,"group":{"id":"settings","version":"9"},"event":{"data":{"created":1555837857032,"name":"wideScreenSupport","value":false},"id":"UISettings"}}
{"session":"3daa600e1d22","build":"183.5912.21","bucket":"-1","time":1555837857910,"group":{"id":"settings","version":"9"},"event":{"data":{"created":1555837857910,"name":"autoSaveIfInactive","value":false},"id":"GeneralSettings"}}
{"session":"3daa600e1d22","build":"183.5912.21","bucket":"-1","time":1555837857910,"group":{"id":"settings","version":"9"},"event":{"data":{"default":false,"created":1555837857910,"name":"confirmExit","value":false},"id":"GeneralSettings"}}
{"session":"3daa600e1d22","build":"183.5912.21","bucket":"-1","time":1555837857910,"group":{"id":"settings","version":"9"},"event":{"data":{"created":1555837857911,"name":"reopenLastProject","value":true},"id":"GeneralSettings"}}
{"session":"3daa600e1d22","build":"183.5912.21","bucket":"-1","time":1555837857910,"group":{"id":"settings","version":"9"},"event":{"data":{"created":1555837857911,"name":"saveOnFrameDeactivation","value":true},"id":"GeneralSettings"}}
{"session":"3daa600e1d22","build":"183.5912.21","bucket":"-1","time":1555837857910,"group":{"id":"settings","version":"9"},"event":{"data":{"created":1555837857912,"name":"searchInBackground","value":false},"id":"GeneralSettings"}}
{"session":"3daa600e1d22","build":"183.5912.21","bucket":"-1","time":1555837857910,"group":{"id":"settings","version":"9"},"event":{"data":{"default":false,"created":1555837857912,"name":"showTipsOnStartup","value":false},"id":"GeneralSettings"}}
{"session":"3daa600e1d22","build":"183.5912.21","bucket":"-1","time":1555837857910,"group":{"id":"settings","version":"9"},"event":{"data":{"created":1555837857912,"name":"showWelcomeScreen","value":true},"id":"GeneralSettings"}}
{"session":"3daa600e1d22","build":"183.5912.21","bucket":"-1","time":1555837857910,"group":{"id":"settings","version":"9"},"event":{"data":{"created":1555837857913,"name":"supportScreenReaders","value":false},"id":"GeneralSettings"}}
{"session":"3daa600e1d22","build":"183.5912.21","bucket":"-1","time":1555837857910,"group":{"id":"settings","version":"9"},"event":{"data":{"created":1555837857913,"name":"syncOnFrameActivation","value":true},"id":"GeneralSettings"}}
{"session":"3daa600e1d22","build":"183.5912.21","bucket":"-1","time":1555837857910,"group":{"id":"settings","version":"9"},"event":{"data":{"created":1555837857913,"name":"useDefaultBrowser","value":true},"id":"GeneralSettings"}}
{"session":"3daa600e1d22","build":"183.5912.21","bucket":"-1","time":1555837857910,"group":{"id":"settings","version":"9"},"event":{"data":{"created":1555837857914,"name":"useSafeWrite","value":true},"id":"GeneralSettings"}}
{"session":"3daa600e1d22","build":"183.5912.21","bucket":"-1","time":1555837873084,"group":{"id":"statistics.lifecycle.app","version":"9"},"event":{"count":1,"data":{"created":1555837873084},"id":"ide.start"}}
{"session":"3daa600e1d22","build":"183.5912.21","bucket":"-1","time":1555837873086,"group":{"id":"lifecycle","version":"9"},"event":{"count":1,"data":{"created":1555837873086},"id":"app.started"}}
{"session":"3daa600e1d22","build":"183.5912.21","bucket":"-1","time":1555837873695,"group":{"id":"statistics.lifecycle.app","version":"9"},"event":{"count":1,"data":{"created":1555837873695,"data_2":"10+","data_1":"timeSecondsGrouped"},"id":"ide.freeze"}}
{"session":"3daa600e1d22","build":"183.5912.21","bucket":"-1","time":1555837873695,"group":{"id":"lifecycle","version":"9"},"event":{"count":1,"data":{"durationSeconds":16,"created":1555837873695},"id":"ide.freeze"}}
{"session":"3daa600e1d22","build":"183.5912.21","bucket":"-1","time":1555837896373,"group":{"id":"ui.dialogs","version":"9"},"event":{"count":1,"data":{"created":1555837896373,"type":"show"},"id":"com.intellij.openapi.progress.util.ProgressDialog$MyDialogWrapper"}}
{"session":"3daa600e1d22","build":"183.5912.21","bucket":"-1","time":1555837897701,"group":{"id":"statistics.lifecycle.app","version":"9"},"event":{"count":1,"data":{"created":1555837897701,"data_2":"mappingFailed:false","data_1":"OOM:false","data_3":"pluginId:unknown"},"id":"ide.error"}}
{"session":"3daa600e1d22","build":"183.5912.21","bucket":"-1","time":1555837897873,"group":{"id":"ui.dialogs","version":"9"},"event":{"count":1,"data":{"code":1,"created":1555837897873,"type":"close"},"id":"com.intellij.openapi.progress.util.ProgressDialog$MyDialogWrapper"}}
{"session":"3daa600e1d22","build":"183.5912.21","bucket":"-1","time":1555837897920,"group":{"id":"statistics.lifecycle.project","version":"9"},"event":{"count":1,"data":{"created":1555837897920,"project":"-1379659210"},"id":"project.opened"}}
{"session":"3daa600e1d22","build":"183.5912.21","bucket":"-1","time":1555837897920,"group":{"id":"lifecycle","version":"9"},"event":{"count":1,"data":{"created":1555837897920},"id":"project.opened"}}
{"session":"3daa600e1d22","build":"183.5912.21","bucket":"-1","time":1555837899911,"group":{"id":"ui.dialogs","version":"9"},"event":{"count":1,"data":{"created":1555837899911,"type":"show"},"id":"com.intellij.openapi.progress.util.ProgressDialog$MyDialogWrapper"}}
{"session":"3daa600e1d22","build":"183.5912.21","bucket":"-1","time":1555837902927,"group":{"id":"toolwindow.v2","version":"9"},"event":{"count":1,"data":{"created":1555837902927,"data_1":"Mac"},"id":"Project_by_Activation"}}
{"session":"3daa600e1d22","build":"183.5912.21","bucket":"-1","time":1555837904319,"group":{"id":"ui.dialogs","version":"9"},"event":{"count":1,"data":{"code":1,"created":1555837904319,"type":"close"},"id":"com.intellij.openapi.progress.util.ProgressDialog$MyDialogWrapper"}}
{"session":"3daa600e1d22","build":"183.5912.21","bucket":"-1","time":1555837905350,"group":{"id":"statistics.lifecycle.project","version":"9"},"event":{"count":1,"data":{"created":1555837905351,"project":"-1379659210"},"id":"project.open.time.9"}}
{"session":"3daa600e1d22","build":"183.5912.21","bucket":"-1","time":1555837905352,"group":{"id":"lifecycle","version":"9"},"event":{"count":1,"data":{"created":1555837905352,"time.ms":9392},"id":"project.opening.finished"}}
{"session":"3daa600e1d22","build":"183.5912.21","bucket":"-1","time":1555837916768,"group":{"id":"actions.v2","version":"9"},"event":{"count":1,"data":{"context_menu":false,"created":1555837916768,"data_1":"Mac","input_event":"Shift+F1"},"id":"third.party.plugin.action"}}
{"session":"3daa600e1d22","build":"183.5912.21","bucket":"-1","time":1555837918912,"group":{"id":"statistics.lifecycle.app","version":"9"},"event":{"count":1,"data":{"created":1555837918912,"data_2":"mappingFailed:false","data_1":"OOM:false","data_3":"pluginId:unknown"},"id":"ide.error"}}
{"session":"3daa600e1d22","build":"183.5912.21","bucket":"-1","time":1555837928065,"group":{"id":"actions.v2","version":"9"},"event":{"count":1,"data":{"context_menu":false,"created":1555837928065,"data_1":"Mac","input_event":"Shift+F1"},"id":"third.party.plugin.action"}}
{"session":"3daa600e1d22","build":"183.5912.21","bucket":"-1","time":1555839902291,"group":{"id":"statistics.lifecycle.app","version":"9"},"event":{"count":1,"data":{"created":1555839902291,"data_2":"mappingFailed:false","data_1":"OOM:false","data_3":"pluginId:unknown"},"id":"ide.error"}}
{"session":"3daa600e1d22","build":"183.5912.21","bucket":"-1","time":1555839906115,"group":{"id":"statistics.vcs.git.settings","version":"9"},"event":{"data":{"created":1555839906115,"project":"-1379659210"},"id":"config.repo.sync.NOT_DECIDED"}}
{"session":"3daa600e1d22","build":"183.5912.21","bucket":"-1","time":1555839906115,"group":{"id":"statistics.vcs.git.settings","version":"9"},"event":{"data":{"created":1555839906116,"project":"-1379659210"},"id":"data.remote.branches.count.1"}}
{"session":"3daa600e1d22","build":"183.5912.21","bucket":"-1","time":1555839906115,"group":{"id":"statistics.vcs.git.settings","version":"9"},"event":{"data":{"created":1555839906116,"project":"-1379659210"},"id":"config.push.update.all.roots.enabled"}}
{"session":"3daa600e1d22","build":"183.5912.21","bucket":"-1","time":1555839906115,"group":{"id":"statistics.vcs.git.settings","version":"9"},"event":{"data":{"created":1555839906116,"project":"-1379659210"},"id":"config.push.autoupdate.disabled"}}
{"session":"3daa600e1d22","build":"183.5912.21","bucket":"-1","time":1555839906115,"group":{"id":"statistics.vcs.git.settings","version":"9"},"event":{"data":{"created":1555839906116,"project":"-1379659210"},"id":"data.remote.servers.github.com.1"}}
{"session":"3daa600e1d22","build":"183.5912.21","bucket":"-1","time":1555839906115,"group":{"id":"statistics.vcs.git.settings","version":"9"},"event":{"data":{"created":1555839906116,"project":"-1379659210"},"id":"config.cherry-pick.autocommit.disabled"}}
{"session":"3daa600e1d22","build":"183.5912.21","bucket":"-1","time":1555839906115,"group":{"id":"statistics.vcs.git.settings","version":"9"},"event":{"data":{"created":1555839906117,"project":"-1379659210"},"id":"config.save.policy.STASH"}}
{"session":"3daa600e1d22","build":"183.5912.21","bucket":"-1","time":1555839906115,"group":{"id":"statistics.vcs.git.settings","version":"9"},"event":{"data":{"created":1555839906117,"project":"-1379659210"},"id":"config.ssh.disabled"}}
{"session":"3daa600e1d22","build":"183.5912.21","bucket":"-1","time":1555839906115,"group":{"id":"statistics.vcs.git.settings","version":"9"},"event":{"data":{"created":1555839906117,"project":"-1379659210"},"id":"version.2.17.2-UNIX"}}
{"session":"3daa600e1d22","build":"183.5912.21","bucket":"-1","time":1555839906115,"group":{"id":"statistics.vcs.git.settings","version":"9"},"event":{"data":{"created":1555839906117,"project":"-1379659210"},"id":"data.local.branches.count.1"}}
{"session":"3daa600e1d22","build":"183.5912.21","bucket":"-1","time":1555839906115,"group":{"id":"statistics.vcs.git.settings","version":"9"},"event":{"data":{"created":1555839906117,"project":"-1379659210"},"id":"data.remotes.in.project.1"}}
{"session":"3daa600e1d22","build":"183.5912.21","bucket":"-1","time":1555839906115,"group":{"id":"statistics.vcs.git.settings","version":"9"},"event":{"data":{"created":1555839906118,"project":"-1379659210"},"id":"config.update.type.BRANCH_DEFAULT"}}
{"session":"3daa600e1d22","build":"183.5912.21","bucket":"-1","time":1555839906115,"group":{"id":"statistics.vcs.git.settings","version":"9"},"event":{"data":{"created":1555839906118,"project":"-1379659210"},"id":"config.warn.about.detached.enabled"}}
{"session":"3daa600e1d22","build":"183.5912.21","bucket":"-1","time":1555839906115,"group":{"id":"statistics.vcs.git.settings","version":"9"},"event":{"data":{"created":1555839906118,"project":"-1379659210"},"id":"config.warn.about.crlf.enabled"}}
{"session":"3daa600e1d22","build":"183.5912.21","bucket":"-1","time":1555839906226,"group":{"id":"statistics.run.configuration.type.temp","version":"9"},"event":{"data":{"created":1555839906226,"event_data_4":"false","project":"-1379659210","value":4,"event_data_1":"false","event_data_2":"false","event_data_3":"true"},"id":"JUnit"}}
{"session":"3daa600e1d22","build":"183.5912.21","bucket":"-1","time":1555839906226,"group":{"id":"statistics.run.configuration.type.temp","version":"9"},"event":{"data":{"created":1555839906226,"event_data_4":"false","project":"-1379659210","event_data_1":"false","event_data_2":"false","event_data_3":"true"},"id":"Application"}}
{"session":"3daa600e1d22","build":"183.5912.21","bucket":"-1","time":1555839906226,"group":{"id":"statistics.build.tools","version":"9"},"event":{"data":{"created":1555839906226,"project":"-1379659210"},"id":"Gradle"}}
{"session":"3daa600e1d22","build":"183.5912.21","bucket":"-1","time":1555839906231,"group":{"id":"statistics.platform.registry.project","version":"9"},"event":{"data":{"created":1555839906231,"project":"-1379659210"},"id":"inline.browse.button"}}
{"session":"3daa600e1d22","build":"183.5912.21","bucket":"-1","time":1555839906231,"group":{"id":"statistics.platform.registry.project","version":"9"},"event":{"data":{"created":1555839906232,"project":"-1379659210"},"id":"java.completion.argument.hints.internal"}}
{"session":"3daa600e1d22","build":"183.5912.21","bucket":"-1","time":1555839906236,"group":{"id":"statistics.vcs.metrics","version":"9"},"event":{"data":{"created":1555839906236,"project":"-1379659210"},"id":"vcs.roots.count.1"}}
{"session":"3daa600e1d22","build":"183.5912.21","bucket":"-1","time":1555839906236,"group":{"id":"statistics.vcs.metrics","version":"9"},"event":{"data":{"created":1555839906237,"project":"-1379659210"},"id":"ignored.files.count.1"}}
{"session":"3daa600e1d22","build":"183.5912.21","bucket":"-1","time":1555839906236,"group":{"id":"statistics.vcs.metrics","version":"9"},"event":{"data":{"created":1555839906237,"project":"-1379659210"},"id":"active.changelists.count.1"}}
{"session":"3daa600e1d22","build":"183.5912.21","bucket":"-1","time":1555839906236,"group":{"id":"statistics.vcs.metrics","version":"9"},"event":{"data":{"created":1555839906237,"project":"-1379659210"},"id":"unversioned.files.count.0"}}
{"session":"3daa600e1d22","build":"183.5912.21","bucket":"-1","time":1555839906236,"group":{"id":"statistics.vcs.metrics","version":"9"},"event":{"data":{"created":1555839906237,"project":"-1379659210"},"id":"has.default.vcs.root.mapping.disabled"}}
{"session":"3daa600e1d22","build":"183.5912.21","bucket":"-1","time":1555839906239,"group":{"id":"statistics.project.structure","version":"9"},"event":{"data":{"created":1555839906239,"project":"-1379659210"},"id":"excluded.roots.count.1"}}
{"session":"3daa600e1d22","build":"183.5912.21","bucket":"-1","time":1555839906239,"group":{"id":"statistics.project.structure","version":"9"},"event":{"data":{"created":1555839906240,"project":"-1379659210"},"id":"content.roots.count.1"}}
{"session":"3daa600e1d22","build":"183.5912.21","bucket":"-1","time":1555839906239,"group":{"id":"statistics.project.structure","version":"9"},"event":{"data":{"created":1555839906240,"project":"-1379659210"},"id":"source.roots.count.2"}}
{"session":"3daa600e1d22","build":"183.5912.21","bucket":"-1","time":1555839906239,"group":{"id":"statistics.project.structure","version":"9"},"event":{"data":{"created":1555839906240,"project":"-1379659210"},"id":"excluded.roots.count.1"}}
{"session":"3daa600e1d22","build":"183.5912.21","bucket":"-1","time":1555839906239,"group":{"id":"statistics.project.structure","version":"9"},"event":{"data":{"created":1555839906240,"project":"-1379659210"},"id":"source.roots.count.0"}}
{"session":"3daa600e1d22","build":"183.5912.21","bucket":"-1","time":1555839906239,"group":{"id":"statistics.project.structure","version":"9"},"event":{"data":{"created":1555839906240,"project":"-1379659210"},"id":"content.roots.count.1"}}
{"session":"3daa600e1d22","build":"183.5912.21","bucket":"-1","time":1555839906239,"group":{"id":"statistics.project.structure","version":"9"},"event":{"data":{"created":1555839906240,"project":"-1379659210"},"id":"excluded.roots.count.1"}}
{"session":"3daa600e1d22","build":"183.5912.21","bucket":"-1","time":1555839906239,"group":{"id":"statistics.project.structure","version":"9"},"event":{"data":{"created":1555839906241,"project":"-1379659210"},"id":"source.roots.count.0"}}
{"session":"3daa600e1d22","build":"183.5912.21","bucket":"-1","time":1555839906239,"group":{"id":"statistics.project.structure","version":"9"},"event":{"data":{"created":1555839906241,"project":"-1379659210"},"id":"content.roots.count.1"}}
{"session":"3daa600e1d22","build":"183.5912.21","bucket":"-1","time":1555839906239,"group":{"id":"statistics.project.structure","version":"9"},"event":{"data":{"created":1555839906241,"project":"-1379659210"},"id":"content.roots.count.1"}}
{"session":"3daa600e1d22","build":"183.5912.21","bucket":"-1","time":1555839906239,"group":{"id":"statistics.project.structure","version":"9"},"event":{"data":{"created":1555839906241,"project":"-1379659210"},"id":"modules.count.3+"}}
{"session":"3daa600e1d22","build":"183.5912.21","bucket":"-1","time":1555839906239,"group":{"id":"statistics.project.structure","version":"9"},"event":{"data":{"created":1555839906242,"project":"-1379659210"},"id":"source.root.java-source.1"}}
{"session":"3daa600e1d22","build":"183.5912.21","bucket":"-1","time":1555839906239,"group":{"id":"statistics.project.structure","version":"9"},"event":{"data":{"created":1555839906242,"project":"-1379659210"},"id":"excluded.roots.count.2"}}
{"session":"3daa600e1d22","build":"183.5912.21","bucket":"-1","time":1555839906239,"group":{"id":"statistics.project.structure","version":"9"},"event":{"data":{"created":1555839906242,"project":"-1379659210"},"id":"source.root.java-resource.1"}}
{"session":"3daa600e1d22","build":"183.5912.21","bucket":"-1","time":1555839906239,"group":{"id":"statistics.project.structure","version":"9"},"event":{"data":{"created":1555839906242,"project":"-1379659210"},"id":"source.roots.count.0"}}
{"session":"3daa600e1d22","build":"183.5912.21","bucket":"-1","time":1555839906239,"group":{"id":"statistics.project.structure","version":"9"},"event":{"data":{"created":1555839906242,"project":"-1379659210"},"id":"package.prefix.not.used"}}
{"session":"3daa600e1d22","build":"183.5912.21","bucket":"-1","time":1555839906240,"group":{"id":"statistics.run.dashboard","version":"9"},"event":{"data":{"created":1555839906242,"project":"-1379659210"},"id":"run.dashboard.disabled"}}
{"session":"3daa600e1d22","build":"183.5912.21","bucket":"-1","time":1555839906243,"group":{"id":"statistics.build.tools.state","version":"9"},"event":{"data":{"created":1555839906243,"project":"-1379659210","event_data_1":"gradle"},"id":"modules.count.1"}}
{"session":"3daa600e1d22","build":"183.5912.21","bucket":"-1","time":1555839906243,"group":{"id":"statistics.build.tools.state","version":"9"},"event":{"data":{"created":1555839906244,"project":"-1379659210","event_data_1":"gradle"},"id":"useQualifiedModuleNames.enabled"}}
{"session":"3daa600e1d22","build":"183.5912.21","bucket":"-1","time":1555839906243,"group":{"id":"statistics.build.tools.state","version":"9"},"event":{"data":{"created":1555839906244,"project":"-1379659210","event_data_1":"gradle"},"id":"autoImport.enabled"}}
{"session":"3daa600e1d22","build":"183.5912.21","bucket":"-1","time":1555839906244,"group":{"id":"internal.statistics.vcs.log.index.project","version":"9"},"event":{"data":{"created":1555839906244,"project":"-1379659210","data_1":"Mac"},"id":"indexing.too.long.notification.0"}}
{"session":"3daa600e1d22","build":"183.5912.21","bucket":"-1","time":1555839906244,"group":{"id":"internal.statistics.vcs.log.index.project","version":"9"},"event":{"data":{"created":1555839906244,"project":"-1379659210","data_1":"Mac"},"id":"resume.indexing.click.0"}}
{"session":"3daa600e1d22","build":"183.5912.21","bucket":"-1","time":1555839906244,"group":{"id":"internal.statistics.vcs.log.index.project","version":"9"},"event":{"data":{"created":1555839906244,"project":"-1379659210","data_1":"Mac"},"id":"indexing.time.minutes.0"}}
{"session":"3daa600e1d22","build":"183.5912.21","bucket":"-1","time":1555839906303,"group":{"id":"statistics.file.types","version":"9"},"event":{"data":{"created":1555839906303,"project":"-1379659210"},"id":"PLAIN_TEXT"}}
{"session":"3daa600e1d22","build":"183.5912.21","bucket":"-1","time":1555839906303,"group":{"id":"statistics.file.types","version":"9"},"event":{"data":{"created":1555839906303,"project":"-1379659210"},"id":"Properties"}}
{"session":"3daa600e1d22","build":"183.5912.21","bucket":"-1","time":1555839906303,"group":{"id":"statistics.file.types","version":"9"},"event":{"data":{"created":1555839906303,"project":"-1379659210"},"id":"Groovy"}}
{"session":"3daa600e1d22","build":"183.5912.21","bucket":"-1","time":1555839906303,"group":{"id":"statistics.file.types","version":"9"},"event":{"data":{"created":1555839906304,"project":"-1379659210"},"id":"JAVA"}}
{"session":"3daa600e1d22","build":"183.5912.21","bucket":"-1","time":1555839906303,"group":{"id":"statistics.file.types","version":"9"},"event":{"data":{"created":1555839906304,"project":"-1379659210"},"id":"ARCHIVE"}}
{"session":"3daa600e1d22","build":"183.5912.21","bucket":"-1","time":1555839906329,"group":{"id":"statistics.build.gradle.state","version":"9"},"event":{"data":{"created":1555839906329,"project":"-1379659210"},"id":"preferredTestRunner.platform_test_runner"}}
{"session":"3daa600e1d22","build":"183.5912.21","bucket":"-1","time":1555839906329,"group":{"id":"statistics.build.gradle.state","version":"9"},"event":{"data":{"created":1555839906330,"project":"-1379659210"},"id":"isCompositeBuilds.no"}}
{"session":"3daa600e1d22","build":"183.5912.21","bucket":"-1","time":1555839906329,"group":{"id":"statistics.build.gradle.state","version":"9"},"event":{"data":{"created":1555839906330,"project":"-1379659210"},"id":"showSelectiveImportDialogOnInitialImport.disabled"}}
{"session":"3daa600e1d22","build":"183.5912.21","bucket":"-1","time":1555839906329,"group":{"id":"statistics.build.gradle.state","version":"9"},"event":{"data":{"created":1555839906330,"project":"-1379659210"},"id":"gradleVersion.5.2.1"}}
{"session":"3daa600e1d22","build":"183.5912.21","bucket":"-1","time":1555839906329,"group":{"id":"statistics.build.gradle.state","version":"9"},"event":{"data":{"created":1555839906330,"project":"-1379659210"},"id":"offlineWork.disabled"}}
{"session":"3daa600e1d22","build":"183.5912.21","bucket":"-1","time":1555839906329,"group":{"id":"statistics.build.gradle.state","version":"9"},"event":{"data":{"created":1555839906330,"project":"-1379659210"},"id":"delegateBuildRun.disabled"}}
{"session":"3daa600e1d22","build":"183.5912.21","bucket":"-1","time":1555839906329,"group":{"id":"statistics.build.gradle.state","version":"9"},"event":{"data":{"created":1555839906331,"project":"-1379659210"},"id":"storeProjectFilesExternally.yes"}}
{"session":"3daa600e1d22","build":"183.5912.21","bucket":"-1","time":1555839906329,"group":{"id":"statistics.build.gradle.state","version":"9"},"event":{"data":{"created":1555839906331,"project":"-1379659210"},"id":"disableWrapperSourceDistributionNotification.disabled"}}
{"session":"3daa600e1d22","build":"183.5912.21","bucket":"-1","time":1555839906329,"group":{"id":"statistics.build.gradle.state","version":"9"},"event":{"data":{"created":1555839906331,"project":"-1379659210"},"id":"createModulePerSourceSet.enabled"}}
{"session":"3daa600e1d22","build":"183.5912.21","bucket":"-1","time":1555839906329,"group":{"id":"statistics.build.gradle.state","version":"9"},"event":{"data":{"created":1555839906331,"project":"-1379659210"},"id":"gradleJvm.11"}}
{"session":"3daa600e1d22","build":"183.5912.21","bucket":"-1","time":1555839906329,"group":{"id":"statistics.build.gradle.state","version":"9"},"event":{"data":{"created":1555839906331,"project":"-1379659210"},"id":"distributionType.default_wrapped"}}
{"session":"3daa600e1d22","build":"183.5912.21","bucket":"-1","time":1555839906330,"group":{"id":"internal.statistics.vcs.options","version":"9"},"event":{"data":{"created":1555839906331,"project":"-1379659210"},"id":"perform.edit.in.background.enabled"}}
{"session":"3daa600e1d22","build":"183.5912.21","bucket":"-1","time":1555839906330,"group":{"id":"internal.statistics.vcs.options","version":"9"},"event":{"data":{"created":1555839906331,"project":"-1379659210"},"id":"commit.before.rearrange.disabled"}}
{"session":"3daa600e1d22","build":"183.5912.21","bucket":"-1","time":1555839906330,"group":{"id":"internal.statistics.vcs.options","version":"9"},"event":{"data":{"created":1555839906331,"project":"-1379659210"},"id":"perform.add_remove.in.background.enabled"}}
{"session":"3daa600e1d22","build":"183.5912.21","bucket":"-1","time":1555839906330,"group":{"id":"internal.statistics.vcs.options","version":"9"},"event":{"data":{"created":1555839906331,"project":"-1379659210"},"id":"show.changes.preview.disabled"}}
{"session":"3daa600e1d22","build":"183.5912.21","bucket":"-1","time":1555839906330,"group":{"id":"internal.statistics.vcs.options","version":"9"},"event":{"data":{"created":1555839906332,"project":"-1379659210"},"id":"perform.commit.in.background.enabled"}}
{"session":"3daa600e1d22","build":"183.5912.21","bucket":"-1","time":1555839906330,"group":{"id":"internal.statistics.vcs.options","version":"9"},"event":{"data":{"created":1555839906332,"project":"-1379659210"},"id":"commit.before.check.code.smell.enabled"}}
{"session":"3daa600e1d22","build":"183.5912.21","bucket":"-1","time":1555839906330,"group":{"id":"internal.statistics.vcs.options","version":"9"},"event":{"data":{"created":1555839906332,"project":"-1379659210"},"id":"offer.move.failed.committed.do_nothing_silently"}}
{"session":"3daa600e1d22","build":"183.5912.21","bucket":"-1","time":1555839906330,"group":{"id":"internal.statistics.vcs.options","version":"9"},"event":{"data":{"created":1555839906332,"project":"-1379659210"},"id":"commit.clear.initial.comment.disabled"}}
{"session":"3daa600e1d22","build":"183.5912.21","bucket":"-1","time":1555839906330,"group":{"id":"internal.statistics.vcs.options","version":"9"},"event":{"data":{"created":1555839906332,"project":"-1379659210"},"id":"check.conflicts.in.background.disabled"}}
{"session":"3daa600e1d22","build":"183.5912.21","bucket":"-1","time":1555839906330,"group":{"id":"internal.statistics.vcs.options","version":"9"},"event":{"data":{"created":1555839906332,"project":"-1379659210"},"id":"commit.before.check.todo.enabled"}}
{"session":"3daa600e1d22","build":"183.5912.21","bucket":"-1","time":1555839906330,"group":{"id":"internal.statistics.vcs.options","version":"9"},"event":{"data":{"created":1555839906332,"project":"-1379659210"},"id":"changelist.make.new.active.disabled"}}
{"session":"3daa600e1d22","build":"183.5912.21","bucket":"-1","time":1555839906330,"group":{"id":"internal.statistics.vcs.options","version":"9"},"event":{"data":{"created":1555839906332,"project":"-1379659210"},"id":"commit.use.right.margin.enabled"}}
{"session":"3daa600e1d22","build":"183.5912.21","bucket":"-1","time":1555839906330,"group":{"id":"internal.statistics.vcs.options","version":"9"},"event":{"data":{"created":1555839906333,"project":"-1379659210"},"id":"commit.before.optimize.imports.disabled"}}
{"session":"3daa600e1d22","build":"183.5912.21","bucket":"-1","time":1555839906330,"group":{"id":"internal.statistics.vcs.options","version":"9"},"event":{"data":{"created":1555839906333,"project":"-1379659210"},"id":"perform.update.in.background.enabled"}}
{"session":"3daa600e1d22","build":"183.5912.21","bucket":"-1","time":1555839906330,"group":{"id":"internal.statistics.vcs.options","version":"9"},"event":{"data":{"created":1555839906333,"project":"-1379659210"},"id":"offer.move.partially.committed.disabled"}}
{"session":"3daa600e1d22","build":"183.5912.21","bucket":"-1","time":1555839906330,"group":{"id":"internal.statistics.vcs.options","version":"9"},"event":{"data":{"created":1555839906333,"project":"-1379659210"},"id":"commit.before.check.non.empty.comment.disabled"}}
{"session":"3daa600e1d22","build":"183.5912.21","bucket":"-1","time":1555839906330,"group":{"id":"internal.statistics.vcs.options","version":"9"},"event":{"data":{"created":1555839906333,"project":"-1379659210"},"id":"commit.show.unversioned.enabled"}}
{"session":"3daa600e1d22","build":"183.5912.21","bucket":"-1","time":1555839906330,"group":{"id":"internal.statistics.vcs.options","version":"9"},"event":{"data":{"created":1555839906333,"project":"-1379659210"},"id":"perform.rollback.in.background.disabled"}}
{"session":"3daa600e1d22","build":"183.5912.21","bucket":"-1","time":1555839906330,"group":{"id":"internal.statistics.vcs.options","version":"9"},"event":{"data":{"created":1555839906334,"project":"-1379659210"},"id":"perform.checkout.in.background.enabled"}}
{"session":"3daa600e1d22","build":"183.5912.21","bucket":"-1","time":1555839906330,"group":{"id":"internal.statistics.vcs.options","version":"9"},"event":{"data":{"created":1555839906334,"project":"-1379659210"},"id":"offer.remove.empty.changelist.show_confirmation"}}
{"session":"3daa600e1d22","build":"183.5912.21","bucket":"-1","time":1555839906330,"group":{"id":"internal.statistics.vcs.options","version":"9"},"event":{"data":{"created":1555839906334,"project":"-1379659210"},"id":"include.text.into.shelf.enabled"}}
{"session":"3daa600e1d22","build":"183.5912.21","bucket":"-1","time":1555839906330,"group":{"id":"internal.statistics.vcs.options","version":"9"},"event":{"data":{"created":1555839906334,"project":"-1379659210"},"id":"changelist.preselect.existing.disabled"}}
{"session":"3daa600e1d22","build":"183.5912.21","bucket":"-1","time":1555839906330,"group":{"id":"internal.statistics.vcs.options","version":"9"},"event":{"data":{"created":1555839906334,"project":"-1379659210"},"id":"commit.before.check.code.cleanup.disabled"}}
{"session":"3daa600e1d22","build":"183.5912.21","bucket":"-1","time":1555839906330,"group":{"id":"internal.statistics.vcs.options","version":"9"},"event":{"data":{"created":1555839906334,"project":"-1379659210"},"id":"commit.before.reformat.project.disabled"}}
{"session":"3daa600e1d22","build":"183.5912.21","bucket":"-1","time":1555839906370,"group":{"id":"internal.statistics.javaLibraries","version":"9"},"event":{"data":{"created":1555839906370,"project":"-1379659210"},"id":"groovy_2.5.6"}}
{"session":"3daa600e1d22","build":"183.5912.21","bucket":"-1","time":1555839906370,"group":{"id":"internal.statistics.javaLibraries","version":"9"},"event":{"data":{"created":1555839906371,"project":"-1379659210"},"id":"spring-boot_2.1.3.RELEASE"}}
{"session":"3daa600e1d22","build":"183.5912.21","bucket":"-1","time":1555839906370,"group":{"id":"internal.statistics.javaLibraries","version":"9"},"event":{"data":{"created":1555839906371,"project":"-1379659210"},"id":"spring-mvc_5.1.5.RELEASE"}}
{"session":"3daa600e1d22","build":"183.5912.21","bucket":"-1","time":1555839906370,"group":{"id":"internal.statistics.javaLibraries","version":"9"},"event":{"data":{"created":1555839906371,"project":"-1379659210"},"id":"spring-core_5.1.5.RELEASE"}}
{"session":"3daa600e1d22","build":"183.5912.21","bucket":"-1","time":1555839906372,"group":{"id":"statistics.vcs.names","version":"9"},"event":{"data":{"created":1555839906372,"project":"-1379659210"},"id":"Git"}}
{"session":"3daa600e1d22","build":"183.5912.21","bucket":"-1","time":1555839906376,"group":{"id":"statistics.debugger.breakpoints","version":"9"},"event":{"data":{"created":1555839906376,"project":"-1379659210"},"id":"total.3+"}}
{"session":"3daa600e1d22","build":"183.5912.21","bucket":"-1","time":1555839906379,"group":{"id":"statistics.vcs.log.data","version":"9"},"event":{"data":{"created":1555839906379,"project":"-1379659210"},"id":"users.count.1+"}}
{"session":"3daa600e1d22","build":"183.5912.21","bucket":"-1","time":1555839906379,"group":{"id":"statistics.vcs.log.data","version":"9"},"event":{"data":{"created":1555839906379,"project":"-1379659210"},"id":"git.root.count.1"}}
{"session":"3daa600e1d22","build":"183.5912.21","bucket":"-1","time":1555839906379,"group":{"id":"statistics.vcs.log.data","version":"9"},"event":{"data":{"created":1555839906380,"project":"-1379659210"},"id":"commit.count.1+"}}
{"session":"3daa600e1d22","build":"183.5912.21","bucket":"-1","time":1555839906379,"group":{"id":"statistics.vcs.log.data","version":"9"},"event":{"data":{"created":1555839906380,"project":"-1379659210"},"id":"branches.count.1+"}}
{"session":"3daa600e1d22","build":"183.5912.21","bucket":"-1","time":1555839908909,"group":{"id":"statistics.lifecycle.project","version":"9"},"event":{"count":1,"data":{"created":1555839908909,"project":"-1379659210"},"id":"project.closed"}}
{"session":"3daa600e1d22","build":"183.5912.21","bucket":"-1","time":1555839909011,"group":{"id":"lifecycle","version":"9"},"event":{"count":1,"data":{"created":1555839909011},"id":"project.closed"}}
{"session":"3daa600e1d22","build":"183.5912.21","bucket":"-1","time":1555839910785,"group":{"id":"statistics.lifecycle.app","version":"9"},"event":{"count":1,"data":{"created":1555839910785},"id":"ide.close"}}
{"session":"3daa600e1d22","build":"183.5912.21","bucket":"-1","time":1555839910785,"group":{"id":"lifecycle","version":"9"},"event":{"count":1,"data":{"restart":false,"created":1555839910786},"id":"app.closed"}}
