{"session":"d94132d94abb","build":"183.5912.21","bucket":"-1","time":1555833398998,"group":{"id":"system.os.name","version":"9"},"event":{"data":{"created":1555833398999},"id":"Mac.OS.X"}}
{"session":"d94132d94abb","build":"183.5912.21","bucket":"-1","time":1555833398999,"group":{"id":"system.os.version","version":"9"},"event":{"data":{"created":1555833399008},"id":"10.13.6"}}
{"session":"d94132d94abb","build":"183.5912.21","bucket":"-1","time":1555833398999,"group":{"id":"system.jvm.vendor","version":"9"},"event":{"data":{"created":1555833399021},"id":"JetBrains_s.r.o"}}
{"session":"d94132d94abb","build":"183.5912.21","bucket":"-1","time":1555833398999,"group":{"id":"system.jvm.version","version":"9"},"event":{"data":{"created":1555833399022},"id":"1.8"}}
{"session":"d94132d94abb","build":"183.5912.21","bucket":"-1","time":1555833399007,"group":{"id":"settings","version":"9"},"event":{"data":{"created":1555833399023,"name":"activeMruEditorOnClose","value":false},"id":"UISettings"}}
{"session":"d94132d94abb","build":"183.5912.21","bucket":"-1","time":1555833399007,"group":{"id":"settings","version":"9"},"event":{"data":{"created":1555833399023,"name":"activeRightEditorOnClose","value":false},"id":"UISettings"}}
{"session":"d94132d94abb","build":"183.5912.21","bucket":"-1","time":1555833399007,"group":{"id":"settings","version":"9"},"event":{"data":{"created":1555833399024,"name":"allowMergeButtons","value":true},"id":"UISettings"}}
{"session":"d94132d94abb","build":"183.5912.21","bucket":"-1","time":1555833399007,"group":{"id":"settings","version":"9"},"event":{"data":{"created":1555833399025,"name":"alwaysShowWindowsButton","value":false},"id":"UISettings"}}
{"session":"d94132d94abb","build":"183.5912.21","bucket":"-1","time":1555833399007,"group":{"id":"settings","version":"9"},"event":{"data":{"created":1555833399025,"name":"animateWindows","value":true},"id":"UISettings"}}
{"session":"d94132d94abb","build":"183.5912.21","bucket":"-1","time":1555833399007,"group":{"id":"settings","version":"9"},"event":{"data":{"created":1555833399026,"name":"closeNonModifiedFilesFirst","value":false},"id":"UISettings"}}
{"session":"d94132d94abb","build":"183.5912.21","bucket":"-1","time":1555833399007,"group":{"id":"settings","version":"9"},"event":{"data":{"created":1555833399027,"name":"closeTabButtonOnTheRight","value":true},"id":"UISettings"}}
{"session":"d94132d94abb","build":"183.5912.21","bucket":"-1","time":1555833399007,"group":{"id":"settings","version":"9"},"event":{"data":{"created":1555833399028,"name":"cycleScrolling","value":true},"id":"UISettings"}}
{"session":"d94132d94abb","build":"183.5912.21","bucket":"-1","time":1555833399007,"group":{"id":"settings","version":"9"},"event":{"data":{"created":1555833399028,"name":"defaultAutoScrollToSource","value":false},"id":"UISettings"}}
{"session":"d94132d94abb","build":"183.5912.21","bucket":"-1","time":1555833399007,"group":{"id":"settings","version":"9"},"event":{"data":{"created":1555833399029,"name":"disableMnemonics","value":true},"id":"UISettings"}}
{"session":"d94132d94abb","build":"183.5912.21","bucket":"-1","time":1555833399007,"group":{"id":"settings","version":"9"},"event":{"data":{"created":1555833399030,"name":"disableMnemonicsInControls","value":false},"id":"UISettings"}}
{"session":"d94132d94abb","build":"183.5912.21","bucket":"-1","time":1555833399007,"group":{"id":"settings","version":"9"},"event":{"data":{"created":1555833399031,"name":"dndWithPressedAltOnly","value":false},"id":"UISettings"}}
{"session":"d94132d94abb","build":"183.5912.21","bucket":"-1","time":1555833399007,"group":{"id":"settings","version":"9"},"event":{"data":{"created":1555833399031,"name":"enableAlphaMode","value":false},"id":"UISettings"}}
{"session":"d94132d94abb","build":"183.5912.21","bucket":"-1","time":1555833399007,"group":{"id":"settings","version":"9"},"event":{"data":{"created":1555833399032,"name":"hideKnownExtensionInTabs","value":false},"id":"UISettings"}}
{"session":"d94132d94abb","build":"183.5912.21","bucket":"-1","time":1555833399007,"group":{"id":"settings","version":"9"},"event":{"data":{"created":1555833399033,"name":"hideNavigationOnFocusLoss","value":true},"id":"UISettings"}}
{"session":"d94132d94abb","build":"183.5912.21","bucket":"-1","time":1555833399007,"group":{"id":"settings","version":"9"},"event":{"data":{"created":1555833399034,"name":"hideTabsIfNeed","value":true},"id":"UISettings"}}
{"session":"d94132d94abb","build":"183.5912.21","bucket":"-1","time":1555833399007,"group":{"id":"settings","version":"9"},"event":{"data":{"created":1555833399035,"name":"hideToolStripes","value":false},"id":"UISettings"}}
{"session":"d94132d94abb","build":"183.5912.21","bucket":"-1","time":1555833399007,"group":{"id":"settings","version":"9"},"event":{"data":{"created":1555833399035,"name":"leftHorizontalSplit","value":false},"id":"UISettings"}}
{"session":"d94132d94abb","build":"183.5912.21","bucket":"-1","time":1555833399007,"group":{"id":"settings","version":"9"},"event":{"data":{"created":1555833399036,"name":"markModifiedTabsWithAsterisk","value":false},"id":"UISettings"}}
{"session":"d94132d94abb","build":"183.5912.21","bucket":"-1","time":1555833399008,"group":{"id":"settings","version":"9"},"event":{"data":{"created":1555833399037,"name":"mergeEqualStackTraces","value":true},"id":"UISettings"}}
{"session":"d94132d94abb","build":"183.5912.21","bucket":"-1","time":1555833399008,"group":{"id":"settings","version":"9"},"event":{"data":{"created":1555833399037,"name":"moveMouseOnDefaultButton","value":false},"id":"UISettings"}}
{"session":"d94132d94abb","build":"183.5912.21","bucket":"-1","time":1555833399008,"group":{"id":"settings","version":"9"},"event":{"data":{"created":1555833399038,"name":"navigateToPreview","value":false},"id":"UISettings"}}
{"session":"d94132d94abb","build":"183.5912.21","bucket":"-1","time":1555833399008,"group":{"id":"settings","version":"9"},"event":{"data":{"created":1555833399038,"name":"overrideConsoleCycleBufferSize","value":false},"id":"UISettings"}}
{"session":"d94132d94abb","build":"183.5912.21","bucket":"-1","time":1555833399008,"group":{"id":"settings","version":"9"},"event":{"data":{"created":1555833399039,"name":"overrideLafFonts","value":false},"id":"UISettings"}}
{"session":"d94132d94abb","build":"183.5912.21","bucket":"-1","time":1555833399008,"group":{"id":"settings","version":"9"},"event":{"data":{"created":1555833399039,"name":"pinFindInPath","value":false},"id":"UISettings"}}
{"session":"d94132d94abb","build":"183.5912.21","bucket":"-1","time":1555833399008,"group":{"id":"settings","version":"9"},"event":{"data":{"created":1555833399040,"name":"presentationMode","value":false},"id":"UISettings"}}
{"session":"d94132d94abb","build":"183.5912.21","bucket":"-1","time":1555833399008,"group":{"id":"settings","version":"9"},"event":{"data":{"created":1555833399040,"name":"reuseNotModifiedTabs","value":false},"id":"UISettings"}}
{"session":"d94132d94abb","build":"183.5912.21","bucket":"-1","time":1555833399008,"group":{"id":"settings","version":"9"},"event":{"data":{"created":1555833399041,"name":"rightHorizontalSplit","value":false},"id":"UISettings"}}
{"session":"d94132d94abb","build":"183.5912.21","bucket":"-1","time":1555833399008,"group":{"id":"settings","version":"9"},"event":{"data":{"created":1555833399041,"name":"scrollTabLayoutInEditor","value":true},"id":"UISettings"}}
{"session":"d94132d94abb","build":"183.5912.21","bucket":"-1","time":1555833399008,"group":{"id":"settings","version":"9"},"event":{"data":{"created":1555833399042,"name":"showCloseButton","value":true},"id":"UISettings"}}
{"session":"d94132d94abb","build":"183.5912.21","bucket":"-1","time":1555833399008,"group":{"id":"settings","version":"9"},"event":{"data":{"created":1555833399043,"name":"showDirectoryForNonUniqueFilenames","value":true},"id":"UISettings"}}
{"session":"d94132d94abb","build":"183.5912.21","bucket":"-1","time":1555833399008,"group":{"id":"settings","version":"9"},"event":{"data":{"created":1555833399043,"name":"showEditorToolTip","value":true},"id":"UISettings"}}
{"session":"d94132d94abb","build":"183.5912.21","bucket":"-1","time":1555833399008,"group":{"id":"settings","version":"9"},"event":{"data":{"created":1555833399044,"name":"showIconInQuickNavigation","value":true},"id":"UISettings"}}
{"session":"d94132d94abb","build":"183.5912.21","bucket":"-1","time":1555833399008,"group":{"id":"settings","version":"9"},"event":{"data":{"created":1555833399044,"name":"showIconsInMenus","value":true},"id":"UISettings"}}
{"session":"d94132d94abb","build":"183.5912.21","bucket":"-1","time":1555833399008,"group":{"id":"settings","version":"9"},"event":{"data":{"created":1555833399045,"name":"showMainToolbar","value":false},"id":"UISettings"}}
{"session":"d94132d94abb","build":"183.5912.21","bucket":"-1","time":1555833399008,"group":{"id":"settings","version":"9"},"event":{"data":{"created":1555833399045,"name":"showMemoryIndicator","value":false},"id":"UISettings"}}
{"session":"d94132d94abb","build":"183.5912.21","bucket":"-1","time":1555833399008,"group":{"id":"settings","version":"9"},"event":{"data":{"created":1555833399046,"name":"showNavigationBar","value":true},"id":"UISettings"}}
{"session":"d94132d94abb","build":"183.5912.21","bucket":"-1","time":1555833399008,"group":{"id":"settings","version":"9"},"event":{"data":{"created":1555833399046,"name":"showStatusBar","value":true},"id":"UISettings"}}
{"session":"d94132d94abb","build":"183.5912.21","bucket":"-1","time":1555833399008,"group":{"id":"settings","version":"9"},"event":{"data":{"created":1555833399047,"name":"showTabsTooltips","value":true},"id":"UISettings"}}
{"session":"d94132d94abb","build":"183.5912.21","bucket":"-1","time":1555833399008,"group":{"id":"settings","version":"9"},"event":{"data":{"created":1555833399047,"name":"showToolWindowsNumbers","value":true},"id":"UISettings"}}
{"session":"d94132d94abb","build":"183.5912.21","bucket":"-1","time":1555833399008,"group":{"id":"settings","version":"9"},"event":{"data":{"created":1555833399048,"name":"smoothScrolling","value":true},"id":"UISettings"}}
{"session":"d94132d94abb","build":"183.5912.21","bucket":"-1","time":1555833399008,"group":{"id":"settings","version":"9"},"event":{"data":{"created":1555833399049,"name":"sortBookmarks","value":false},"id":"UISettings"}}
{"session":"d94132d94abb","build":"183.5912.21","bucket":"-1","time":1555833399008,"group":{"id":"settings","version":"9"},"event":{"data":{"created":1555833399050,"name":"sortLookupElementsLexicographically","value":false},"id":"UISettings"}}
{"session":"d94132d94abb","build":"183.5912.21","bucket":"-1","time":1555833399008,"group":{"id":"settings","version":"9"},"event":{"data":{"created":1555833399052,"name":"useSmallLabelsOnTabs","value":true},"id":"UISettings"}}
{"session":"d94132d94abb","build":"183.5912.21","bucket":"-1","time":1555833399008,"group":{"id":"settings","version":"9"},"event":{"data":{"created":1555833399052,"name":"wideScreenSupport","value":false},"id":"UISettings"}}
{"session":"d94132d94abb","build":"183.5912.21","bucket":"-1","time":1555833399907,"group":{"id":"settings","version":"9"},"event":{"data":{"created":1555833399907,"name":"autoSaveIfInactive","value":false},"id":"GeneralSettings"}}
{"session":"d94132d94abb","build":"183.5912.21","bucket":"-1","time":1555833399907,"group":{"id":"settings","version":"9"},"event":{"data":{"default":false,"created":1555833399908,"name":"confirmExit","value":false},"id":"GeneralSettings"}}
{"session":"d94132d94abb","build":"183.5912.21","bucket":"-1","time":1555833399907,"group":{"id":"settings","version":"9"},"event":{"data":{"created":1555833399908,"name":"reopenLastProject","value":true},"id":"GeneralSettings"}}
{"session":"d94132d94abb","build":"183.5912.21","bucket":"-1","time":1555833399907,"group":{"id":"settings","version":"9"},"event":{"data":{"created":1555833399909,"name":"saveOnFrameDeactivation","value":true},"id":"GeneralSettings"}}
{"session":"d94132d94abb","build":"183.5912.21","bucket":"-1","time":1555833399907,"group":{"id":"settings","version":"9"},"event":{"data":{"created":1555833399909,"name":"searchInBackground","value":false},"id":"GeneralSettings"}}
{"session":"d94132d94abb","build":"183.5912.21","bucket":"-1","time":1555833399907,"group":{"id":"settings","version":"9"},"event":{"data":{"default":false,"created":1555833399910,"name":"showTipsOnStartup","value":false},"id":"GeneralSettings"}}
{"session":"d94132d94abb","build":"183.5912.21","bucket":"-1","time":1555833399907,"group":{"id":"settings","version":"9"},"event":{"data":{"created":1555833399910,"name":"showWelcomeScreen","value":true},"id":"GeneralSettings"}}
{"session":"d94132d94abb","build":"183.5912.21","bucket":"-1","time":1555833399907,"group":{"id":"settings","version":"9"},"event":{"data":{"created":1555833399911,"name":"supportScreenReaders","value":false},"id":"GeneralSettings"}}
{"session":"d94132d94abb","build":"183.5912.21","bucket":"-1","time":1555833399907,"group":{"id":"settings","version":"9"},"event":{"data":{"created":1555833399911,"name":"syncOnFrameActivation","value":true},"id":"GeneralSettings"}}
{"session":"d94132d94abb","build":"183.5912.21","bucket":"-1","time":1555833399907,"group":{"id":"settings","version":"9"},"event":{"data":{"created":1555833399911,"name":"useDefaultBrowser","value":true},"id":"GeneralSettings"}}
{"session":"d94132d94abb","build":"183.5912.21","bucket":"-1","time":1555833399907,"group":{"id":"settings","version":"9"},"event":{"data":{"created":1555833399912,"name":"useSafeWrite","value":true},"id":"GeneralSettings"}}
{"session":"d94132d94abb","build":"183.5912.21","bucket":"-1","time":1555833416771,"group":{"id":"statistics.lifecycle.app","version":"9"},"event":{"count":1,"data":{"created":1555833416771,"data_2":"10+","data_1":"timeSecondsGrouped"},"id":"ide.freeze"}}
{"session":"d94132d94abb","build":"183.5912.21","bucket":"-1","time":1555833416772,"group":{"id":"lifecycle","version":"9"},"event":{"count":1,"data":{"durationSeconds":17,"created":1555833416772},"id":"ide.freeze"}}
{"session":"d94132d94abb","build":"183.5912.21","bucket":"-1","time":1555833416789,"group":{"id":"ui.dialogs","version":"9"},"event":{"count":1,"data":{"created":1555833416789,"type":"show"},"id":"com.intellij.openapi.progress.util.ProgressDialog$MyDialogWrapper"}}
{"session":"d94132d94abb","build":"183.5912.21","bucket":"-1","time":1555833418242,"group":{"id":"statistics.lifecycle.app","version":"9"},"event":{"count":1,"data":{"created":1555833418242,"data_2":"mappingFailed:false","data_1":"OOM:false","data_3":"pluginId:unknown"},"id":"ide.error"}}
{"session":"d94132d94abb","build":"183.5912.21","bucket":"-1","time":1555833418422,"group":{"id":"ui.dialogs","version":"9"},"event":{"count":1,"data":{"code":1,"created":1555833418422,"type":"close"},"id":"com.intellij.openapi.progress.util.ProgressDialog$MyDialogWrapper"}}
{"session":"d94132d94abb","build":"183.5912.21","bucket":"-1","time":1555833418458,"group":{"id":"statistics.lifecycle.project","version":"9"},"event":{"count":1,"data":{"created":1555833418458,"project":"-1379659210"},"id":"project.opened"}}
{"session":"d94132d94abb","build":"183.5912.21","bucket":"-1","time":1555833418459,"group":{"id":"lifecycle","version":"9"},"event":{"count":1,"data":{"created":1555833418459},"id":"project.opened"}}
{"session":"d94132d94abb","build":"183.5912.21","bucket":"-1","time":1555833419504,"group":{"id":"ui.dialogs","version":"9"},"event":{"count":1,"data":{"created":1555833419504,"type":"show"},"id":"com.intellij.openapi.progress.util.ProgressDialog$MyDialogWrapper"}}
{"session":"d94132d94abb","build":"183.5912.21","bucket":"-1","time":1555833421721,"group":{"id":"toolwindow.v2","version":"9"},"event":{"count":1,"data":{"created":1555833421721,"data_1":"Mac"},"id":"Project_by_Activation"}}
{"session":"d94132d94abb","build":"183.5912.21","bucket":"-1","time":1555833422121,"group":{"id":"statistics.lifecycle.app","version":"9"},"event":{"count":1,"data":{"created":1555833422121},"id":"ide.start"}}
{"session":"d94132d94abb","build":"183.5912.21","bucket":"-1","time":1555833422122,"group":{"id":"lifecycle","version":"9"},"event":{"count":1,"data":{"created":1555833422122},"id":"app.started"}}
{"session":"d94132d94abb","build":"183.5912.21","bucket":"-1","time":1555833423532,"group":{"id":"ui.dialogs","version":"9"},"event":{"count":1,"data":{"code":1,"created":1555833423532,"type":"close"},"id":"com.intellij.openapi.progress.util.ProgressDialog$MyDialogWrapper"}}
{"session":"d94132d94abb","build":"183.5912.21","bucket":"-1","time":1555833423843,"group":{"id":"statistics.lifecycle.project","version":"9"},"event":{"count":1,"data":{"created":1555833423843,"project":"-1379659210"},"id":"project.open.time.7"}}
{"session":"d94132d94abb","build":"183.5912.21","bucket":"-1","time":1555833423843,"group":{"id":"lifecycle","version":"9"},"event":{"count":1,"data":{"created":1555833423846,"time.ms":7489},"id":"project.opening.finished"}}
{"session":"d94132d94abb","build":"183.5912.21","bucket":"-1","time":1555834048560,"group":{"id":"actions.v2","version":"9"},"event":{"count":1,"data":{"context_menu":false,"created":1555834048560,"data_1":"Mac","input_event":"Shift+F1"},"id":"third.party.plugin.action"}}
{"session":"d94132d94abb","build":"183.5912.21","bucket":"-1","time":1555834055081,"group":{"id":"statistics.lifecycle.project","version":"9"},"event":{"count":1,"data":{"created":1555834055081,"project":"-1379659210"},"id":"project.closed"}}
{"session":"d94132d94abb","build":"183.5912.21","bucket":"-1","time":1555834055191,"group":{"id":"lifecycle","version":"9"},"event":{"count":1,"data":{"created":1555834055191},"id":"project.closed"}}
{"session":"d94132d94abb","build":"183.5912.21","bucket":"-1","time":1555834057994,"group":{"id":"statistics.lifecycle.app","version":"9"},"event":{"count":1,"data":{"created":1555834057995},"id":"ide.close"}}
{"session":"d94132d94abb","build":"183.5912.21","bucket":"-1","time":1555834057995,"group":{"id":"lifecycle","version":"9"},"event":{"count":1,"data":{"restart":false,"created":1555834057995},"id":"app.closed"}}
