{"session":"23ccc1336e71","build":"183.5912.21","bucket":"-1","time":1555845863665,"group":{"id":"system.os.name","version":"9"},"event":{"data":{"created":1555845863666},"id":"Mac.OS.X"}}
{"session":"23ccc1336e71","build":"183.5912.21","bucket":"-1","time":1555845863666,"group":{"id":"system.os.version","version":"9"},"event":{"data":{"created":1555845863679},"id":"10.13.6"}}
{"session":"23ccc1336e71","build":"183.5912.21","bucket":"-1","time":1555845863666,"group":{"id":"system.jvm.vendor","version":"9"},"event":{"data":{"created":1555845863691},"id":"JetBrains_s.r.o"}}
{"session":"23ccc1336e71","build":"183.5912.21","bucket":"-1","time":1555845863666,"group":{"id":"system.jvm.version","version":"9"},"event":{"data":{"created":1555845863693},"id":"1.8"}}
{"session":"23ccc1336e71","build":"183.5912.21","bucket":"-1","time":1555845863676,"group":{"id":"settings","version":"9"},"event":{"data":{"created":1555845863693,"name":"activeMruEditorOnClose","value":false},"id":"UISettings"}}
{"session":"23ccc1336e71","build":"183.5912.21","bucket":"-1","time":1555845863676,"group":{"id":"settings","version":"9"},"event":{"data":{"created":1555845863694,"name":"activeRightEditorOnClose","value":false},"id":"UISettings"}}
{"session":"23ccc1336e71","build":"183.5912.21","bucket":"-1","time":1555845863676,"group":{"id":"settings","version":"9"},"event":{"data":{"created":1555845863694,"name":"allowMergeButtons","value":true},"id":"UISettings"}}
{"session":"23ccc1336e71","build":"183.5912.21","bucket":"-1","time":1555845863676,"group":{"id":"settings","version":"9"},"event":{"data":{"created":1555845863695,"name":"alwaysShowWindowsButton","value":false},"id":"UISettings"}}
{"session":"23ccc1336e71","build":"183.5912.21","bucket":"-1","time":1555845863676,"group":{"id":"settings","version":"9"},"event":{"data":{"created":1555845863696,"name":"animateWindows","value":true},"id":"UISettings"}}
{"session":"23ccc1336e71","build":"183.5912.21","bucket":"-1","time":1555845863676,"group":{"id":"settings","version":"9"},"event":{"data":{"created":1555845863696,"name":"closeNonModifiedFilesFirst","value":false},"id":"UISettings"}}
{"session":"23ccc1336e71","build":"183.5912.21","bucket":"-1","time":1555845863676,"group":{"id":"settings","version":"9"},"event":{"data":{"created":1555845863697,"name":"closeTabButtonOnTheRight","value":true},"id":"UISettings"}}
{"session":"23ccc1336e71","build":"183.5912.21","bucket":"-1","time":1555845863676,"group":{"id":"settings","version":"9"},"event":{"data":{"created":1555845863697,"name":"cycleScrolling","value":true},"id":"UISettings"}}
{"session":"23ccc1336e71","build":"183.5912.21","bucket":"-1","time":1555845863676,"group":{"id":"settings","version":"9"},"event":{"data":{"created":1555845863697,"name":"defaultAutoScrollToSource","value":false},"id":"UISettings"}}
{"session":"23ccc1336e71","build":"183.5912.21","bucket":"-1","time":1555845863676,"group":{"id":"settings","version":"9"},"event":{"data":{"created":1555845863698,"name":"disableMnemonics","value":true},"id":"UISettings"}}
{"session":"23ccc1336e71","build":"183.5912.21","bucket":"-1","time":1555845863676,"group":{"id":"settings","version":"9"},"event":{"data":{"created":1555845863698,"name":"disableMnemonicsInControls","value":false},"id":"UISettings"}}
{"session":"23ccc1336e71","build":"183.5912.21","bucket":"-1","time":1555845863676,"group":{"id":"settings","version":"9"},"event":{"data":{"created":1555845863699,"name":"dndWithPressedAltOnly","value":false},"id":"UISettings"}}
{"session":"23ccc1336e71","build":"183.5912.21","bucket":"-1","time":1555845863676,"group":{"id":"settings","version":"9"},"event":{"data":{"created":1555845863700,"name":"enableAlphaMode","value":false},"id":"UISettings"}}
{"session":"23ccc1336e71","build":"183.5912.21","bucket":"-1","time":1555845863676,"group":{"id":"settings","version":"9"},"event":{"data":{"created":1555845863700,"name":"hideKnownExtensionInTabs","value":false},"id":"UISettings"}}
{"session":"23ccc1336e71","build":"183.5912.21","bucket":"-1","time":1555845863676,"group":{"id":"settings","version":"9"},"event":{"data":{"created":1555845863701,"name":"hideNavigationOnFocusLoss","value":true},"id":"UISettings"}}
{"session":"23ccc1336e71","build":"183.5912.21","bucket":"-1","time":1555845863676,"group":{"id":"settings","version":"9"},"event":{"data":{"created":1555845863703,"name":"hideTabsIfNeed","value":true},"id":"UISettings"}}
{"session":"23ccc1336e71","build":"183.5912.21","bucket":"-1","time":1555845863676,"group":{"id":"settings","version":"9"},"event":{"data":{"created":1555845863703,"name":"hideToolStripes","value":false},"id":"UISettings"}}
{"session":"23ccc1336e71","build":"183.5912.21","bucket":"-1","time":1555845863676,"group":{"id":"settings","version":"9"},"event":{"data":{"created":1555845863704,"name":"leftHorizontalSplit","value":false},"id":"UISettings"}}
{"session":"23ccc1336e71","build":"183.5912.21","bucket":"-1","time":1555845863676,"group":{"id":"settings","version":"9"},"event":{"data":{"created":1555845863704,"name":"markModifiedTabsWithAsterisk","value":false},"id":"UISettings"}}
{"session":"23ccc1336e71","build":"183.5912.21","bucket":"-1","time":1555845863676,"group":{"id":"settings","version":"9"},"event":{"data":{"created":1555845863705,"name":"mergeEqualStackTraces","value":true},"id":"UISettings"}}
{"session":"23ccc1336e71","build":"183.5912.21","bucket":"-1","time":1555845863676,"group":{"id":"settings","version":"9"},"event":{"data":{"created":1555845863705,"name":"moveMouseOnDefaultButton","value":false},"id":"UISettings"}}
{"session":"23ccc1336e71","build":"183.5912.21","bucket":"-1","time":1555845863676,"group":{"id":"settings","version":"9"},"event":{"data":{"created":1555845863706,"name":"navigateToPreview","value":false},"id":"UISettings"}}
{"session":"23ccc1336e71","build":"183.5912.21","bucket":"-1","time":1555845863676,"group":{"id":"settings","version":"9"},"event":{"data":{"created":1555845863706,"name":"overrideConsoleCycleBufferSize","value":false},"id":"UISettings"}}
{"session":"23ccc1336e71","build":"183.5912.21","bucket":"-1","time":1555845863676,"group":{"id":"settings","version":"9"},"event":{"data":{"created":1555845863707,"name":"overrideLafFonts","value":false},"id":"UISettings"}}
{"session":"23ccc1336e71","build":"183.5912.21","bucket":"-1","time":1555845863676,"group":{"id":"settings","version":"9"},"event":{"data":{"created":1555845863707,"name":"pinFindInPath","value":false},"id":"UISettings"}}
{"session":"23ccc1336e71","build":"183.5912.21","bucket":"-1","time":1555845863676,"group":{"id":"settings","version":"9"},"event":{"data":{"created":1555845863708,"name":"presentationMode","value":false},"id":"UISettings"}}
{"session":"23ccc1336e71","build":"183.5912.21","bucket":"-1","time":1555845863676,"group":{"id":"settings","version":"9"},"event":{"data":{"created":1555845863708,"name":"reuseNotModifiedTabs","value":false},"id":"UISettings"}}
{"session":"23ccc1336e71","build":"183.5912.21","bucket":"-1","time":1555845863676,"group":{"id":"settings","version":"9"},"event":{"data":{"created":1555845863709,"name":"rightHorizontalSplit","value":false},"id":"UISettings"}}
{"session":"23ccc1336e71","build":"183.5912.21","bucket":"-1","time":1555845863676,"group":{"id":"settings","version":"9"},"event":{"data":{"created":1555845863709,"name":"scrollTabLayoutInEditor","value":true},"id":"UISettings"}}
{"session":"23ccc1336e71","build":"183.5912.21","bucket":"-1","time":1555845863676,"group":{"id":"settings","version":"9"},"event":{"data":{"created":1555845863709,"name":"showCloseButton","value":true},"id":"UISettings"}}
{"session":"23ccc1336e71","build":"183.5912.21","bucket":"-1","time":1555845863676,"group":{"id":"settings","version":"9"},"event":{"data":{"created":1555845863710,"name":"showDirectoryForNonUniqueFilenames","value":true},"id":"UISettings"}}
{"session":"23ccc1336e71","build":"183.5912.21","bucket":"-1","time":1555845863676,"group":{"id":"settings","version":"9"},"event":{"data":{"created":1555845863710,"name":"showEditorToolTip","value":true},"id":"UISettings"}}
{"session":"23ccc1336e71","build":"183.5912.21","bucket":"-1","time":1555845863676,"group":{"id":"settings","version":"9"},"event":{"data":{"created":1555845863711,"name":"showIconInQuickNavigation","value":true},"id":"UISettings"}}
{"session":"23ccc1336e71","build":"183.5912.21","bucket":"-1","time":1555845863676,"group":{"id":"settings","version":"9"},"event":{"data":{"created":1555845863711,"name":"showIconsInMenus","value":true},"id":"UISettings"}}
{"session":"23ccc1336e71","build":"183.5912.21","bucket":"-1","time":1555845863676,"group":{"id":"settings","version":"9"},"event":{"data":{"created":1555845863712,"name":"showMainToolbar","value":false},"id":"UISettings"}}
{"session":"23ccc1336e71","build":"183.5912.21","bucket":"-1","time":1555845863676,"group":{"id":"settings","version":"9"},"event":{"data":{"created":1555845863712,"name":"showMemoryIndicator","value":false},"id":"UISettings"}}
{"session":"23ccc1336e71","build":"183.5912.21","bucket":"-1","time":1555845863676,"group":{"id":"settings","version":"9"},"event":{"data":{"created":1555845863713,"name":"showNavigationBar","value":true},"id":"UISettings"}}
{"session":"23ccc1336e71","build":"183.5912.21","bucket":"-1","time":1555845863676,"group":{"id":"settings","version":"9"},"event":{"data":{"created":1555845863713,"name":"showStatusBar","value":true},"id":"UISettings"}}
{"session":"23ccc1336e71","build":"183.5912.21","bucket":"-1","time":1555845863676,"group":{"id":"settings","version":"9"},"event":{"data":{"created":1555845863713,"name":"showTabsTooltips","value":true},"id":"UISettings"}}
{"session":"23ccc1336e71","build":"183.5912.21","bucket":"-1","time":1555845863676,"group":{"id":"settings","version":"9"},"event":{"data":{"created":1555845863714,"name":"showToolWindowsNumbers","value":true},"id":"UISettings"}}
{"session":"23ccc1336e71","build":"183.5912.21","bucket":"-1","time":1555845863676,"group":{"id":"settings","version":"9"},"event":{"data":{"created":1555845863714,"name":"smoothScrolling","value":true},"id":"UISettings"}}
{"session":"23ccc1336e71","build":"183.5912.21","bucket":"-1","time":1555845863676,"group":{"id":"settings","version":"9"},"event":{"data":{"created":1555845863714,"name":"sortBookmarks","value":false},"id":"UISettings"}}
{"session":"23ccc1336e71","build":"183.5912.21","bucket":"-1","time":1555845863676,"group":{"id":"settings","version":"9"},"event":{"data":{"created":1555845863715,"name":"sortLookupElementsLexicographically","value":false},"id":"UISettings"}}
{"session":"23ccc1336e71","build":"183.5912.21","bucket":"-1","time":1555845863676,"group":{"id":"settings","version":"9"},"event":{"data":{"created":1555845863715,"name":"useSmallLabelsOnTabs","value":true},"id":"UISettings"}}
{"session":"23ccc1336e71","build":"183.5912.21","bucket":"-1","time":1555845863676,"group":{"id":"settings","version":"9"},"event":{"data":{"created":1555845863715,"name":"wideScreenSupport","value":false},"id":"UISettings"}}
{"session":"23ccc1336e71","build":"183.5912.21","bucket":"-1","time":1555845864614,"group":{"id":"settings","version":"9"},"event":{"data":{"created":1555845864614,"name":"autoSaveIfInactive","value":false},"id":"GeneralSettings"}}
{"session":"23ccc1336e71","build":"183.5912.21","bucket":"-1","time":1555845864614,"group":{"id":"settings","version":"9"},"event":{"data":{"default":false,"created":1555845864614,"name":"confirmExit","value":false},"id":"GeneralSettings"}}
{"session":"23ccc1336e71","build":"183.5912.21","bucket":"-1","time":1555845864614,"group":{"id":"settings","version":"9"},"event":{"data":{"created":1555845864615,"name":"reopenLastProject","value":true},"id":"GeneralSettings"}}
{"session":"23ccc1336e71","build":"183.5912.21","bucket":"-1","time":1555845864614,"group":{"id":"settings","version":"9"},"event":{"data":{"created":1555845864615,"name":"saveOnFrameDeactivation","value":true},"id":"GeneralSettings"}}
{"session":"23ccc1336e71","build":"183.5912.21","bucket":"-1","time":1555845864614,"group":{"id":"settings","version":"9"},"event":{"data":{"created":1555845864615,"name":"searchInBackground","value":false},"id":"GeneralSettings"}}
{"session":"23ccc1336e71","build":"183.5912.21","bucket":"-1","time":1555845864614,"group":{"id":"settings","version":"9"},"event":{"data":{"default":false,"created":1555845864615,"name":"showTipsOnStartup","value":false},"id":"GeneralSettings"}}
{"session":"23ccc1336e71","build":"183.5912.21","bucket":"-1","time":1555845864614,"group":{"id":"settings","version":"9"},"event":{"data":{"created":1555845864616,"name":"showWelcomeScreen","value":true},"id":"GeneralSettings"}}
{"session":"23ccc1336e71","build":"183.5912.21","bucket":"-1","time":1555845864614,"group":{"id":"settings","version":"9"},"event":{"data":{"created":1555845864616,"name":"supportScreenReaders","value":false},"id":"GeneralSettings"}}
{"session":"23ccc1336e71","build":"183.5912.21","bucket":"-1","time":1555845864614,"group":{"id":"settings","version":"9"},"event":{"data":{"created":1555845864616,"name":"syncOnFrameActivation","value":true},"id":"GeneralSettings"}}
{"session":"23ccc1336e71","build":"183.5912.21","bucket":"-1","time":1555845864614,"group":{"id":"settings","version":"9"},"event":{"data":{"created":1555845864616,"name":"useDefaultBrowser","value":true},"id":"GeneralSettings"}}
{"session":"23ccc1336e71","build":"183.5912.21","bucket":"-1","time":1555845864614,"group":{"id":"settings","version":"9"},"event":{"data":{"created":1555845864617,"name":"useSafeWrite","value":true},"id":"GeneralSettings"}}
{"session":"23ccc1336e71","build":"183.5912.21","bucket":"-1","time":1555845879110,"group":{"id":"statistics.lifecycle.app","version":"9"},"event":{"count":1,"data":{"created":1555845879110},"id":"ide.start"}}
{"session":"23ccc1336e71","build":"183.5912.21","bucket":"-1","time":1555845879112,"group":{"id":"lifecycle","version":"9"},"event":{"count":1,"data":{"created":1555845879112},"id":"app.started"}}
{"session":"23ccc1336e71","build":"183.5912.21","bucket":"-1","time":1555845880384,"group":{"id":"statistics.lifecycle.app","version":"9"},"event":{"count":1,"data":{"created":1555845880384,"data_2":"10+","data_1":"timeSecondsGrouped"},"id":"ide.freeze"}}
{"session":"23ccc1336e71","build":"183.5912.21","bucket":"-1","time":1555845880384,"group":{"id":"lifecycle","version":"9"},"event":{"count":1,"data":{"durationSeconds":16,"created":1555845880384},"id":"ide.freeze"}}
{"session":"23ccc1336e71","build":"183.5912.21","bucket":"-1","time":1555846006397,"group":{"id":"ui.dialogs","version":"9"},"event":{"count":1,"data":{"created":1555846006397,"type":"show"},"id":"com.intellij.openapi.progress.util.ProgressDialog$MyDialogWrapper"}}
{"session":"23ccc1336e71","build":"183.5912.21","bucket":"-1","time":1555846007566,"group":{"id":"statistics.lifecycle.app","version":"9"},"event":{"count":1,"data":{"created":1555846007566,"data_2":"mappingFailed:false","data_1":"OOM:false","data_3":"pluginId:unknown"},"id":"ide.error"}}
{"session":"23ccc1336e71","build":"183.5912.21","bucket":"-1","time":1555846007743,"group":{"id":"ui.dialogs","version":"9"},"event":{"count":1,"data":{"code":1,"created":1555846007743,"type":"close"},"id":"com.intellij.openapi.progress.util.ProgressDialog$MyDialogWrapper"}}
{"session":"23ccc1336e71","build":"183.5912.21","bucket":"-1","time":1555846007785,"group":{"id":"statistics.lifecycle.project","version":"9"},"event":{"count":1,"data":{"created":1555846007785,"project":"-1379659210"},"id":"project.opened"}}
{"session":"23ccc1336e71","build":"183.5912.21","bucket":"-1","time":1555846007785,"group":{"id":"lifecycle","version":"9"},"event":{"count":1,"data":{"created":1555846007786},"id":"project.opened"}}
{"session":"23ccc1336e71","build":"183.5912.21","bucket":"-1","time":1555846009446,"group":{"id":"ui.dialogs","version":"9"},"event":{"count":1,"data":{"created":1555846009446,"type":"show"},"id":"com.intellij.openapi.progress.util.ProgressDialog$MyDialogWrapper"}}
{"session":"23ccc1336e71","build":"183.5912.21","bucket":"-1","time":1555846012096,"group":{"id":"toolwindow.v2","version":"9"},"event":{"count":1,"data":{"created":1555846012096,"data_1":"Mac"},"id":"Project_by_Activation"}}
{"session":"23ccc1336e71","build":"183.5912.21","bucket":"-1","time":1555846013176,"group":{"id":"ui.dialogs","version":"9"},"event":{"count":1,"data":{"code":1,"created":1555846013176,"type":"close"},"id":"com.intellij.openapi.progress.util.ProgressDialog$MyDialogWrapper"}}
{"session":"23ccc1336e71","build":"183.5912.21","bucket":"-1","time":1555846014482,"group":{"id":"statistics.lifecycle.project","version":"9"},"event":{"count":1,"data":{"created":1555846014482,"project":"-1379659210"},"id":"project.open.time.8"}}
{"session":"23ccc1336e71","build":"183.5912.21","bucket":"-1","time":1555846014482,"group":{"id":"lifecycle","version":"9"},"event":{"count":1,"data":{"created":1555846014482,"time.ms":8508},"id":"project.opening.finished"}}
{"session":"23ccc1336e71","build":"183.5912.21","bucket":"-1","time":1555846018356,"group":{"id":"actions.v2","version":"9"},"event":{"count":1,"data":{"context_menu":false,"created":1555846018356,"data_1":"Mac","input_event":"Alt+Enter"},"id":"ShowIntentionActions"}}
{"session":"23ccc1336e71","build":"183.5912.21","bucket":"-1","time":1555846020788,"group":{"id":"statistics.actions.intentions","version":"9"},"event":{"count":1,"data":{"created":1555846020788,"data_1":"Mac"},"id":"JAVA_NOT_LISTED"}}
{"session":"23ccc1336e71","build":"183.5912.21","bucket":"-1","time":1555846130255,"group":{"id":"statistics.lifecycle.app","version":"9"},"event":{"count":1,"data":{"created":1555846130255,"data_2":"mappingFailed:false","data_1":"OOM:false","data_3":"pluginId:unknown"},"id":"ide.error"}}
{"session":"23ccc1336e71","build":"183.5912.21","bucket":"-1","time":1555846133525,"group":{"id":"actions.v2","version":"9"},"event":{"count":1,"data":{"context_menu":false,"created":1555846133526,"data_1":"Mac","input_event":"Enter"},"id":"EditorEnter"}}
{"session":"23ccc1336e71","build":"183.5912.21","bucket":"-1","time":1555846133530,"group":{"id":"statistics.file.types.edit","version":"9"},"event":{"count":1,"data":{"created":1555846133530,"project":"-1379659210"},"id":"JAVA"}}
{"session":"23ccc1336e71","build":"183.5912.21","bucket":"-1","time":1555846133742,"group":{"id":"actions.v2","version":"9"},"event":{"count":1,"data":{"context_menu":false,"created":1555846133742,"data_1":"Mac","input_event":"Enter"},"id":"EditorEnter"}}
{"session":"23ccc1336e71","build":"183.5912.21","bucket":"-1","time":1555846136133,"group":{"id":"statistics.productivity","version":"9"},"event":{"count":2,"data":{"last":1555846136170,"created":1555846136133},"id":"editing.completion.variable.name"}}
{"session":"23ccc1336e71","build":"183.5912.21","bucket":"-1","time":1555846137743,"group":{"id":"actions.v2","version":"9"},"event":{"count":1,"data":{"context_menu":false,"created":1555846137743,"data_1":"Mac","input_event":"Enter"},"id":"EditorEnter"}}
{"session":"23ccc1336e71","build":"183.5912.21","bucket":"-1","time":1555846138853,"group":{"id":"actions.v2","version":"9"},"event":{"count":2,"data":{"context_menu":false,"last":1555846139419,"created":1555846138853,"data_1":"Mac","input_event":"Backspace"},"id":"EditorBackSpace"}}
{"session":"23ccc1336e71","build":"183.5912.21","bucket":"-1","time":1555846140325,"group":{"id":"actions.v2","version":"9"},"event":{"count":3,"data":{"context_menu":false,"last":1555846141121,"created":1555846140325,"data_1":"Mac","input_event":"Meta+Z"},"id":"$Undo"}}
{"session":"23ccc1336e71","build":"183.5912.21","bucket":"-1","time":1555846143734,"group":{"id":"statistics.productivity","version":"9"},"event":{"count":4,"data":{"last":1555846143926,"created":1555846143734},"id":"editing.completion.variable.name"}}
{"session":"23ccc1336e71","build":"183.5912.21","bucket":"-1","time":1555846146293,"group":{"id":"actions.v2","version":"9"},"event":{"count":1,"data":{"context_menu":false,"created":1555846146293,"data_1":"Mac","input_event":"Enter"},"id":"EditorEnter"}}
{"session":"23ccc1336e71","build":"183.5912.21","bucket":"-1","time":1555846148866,"group":{"id":"actions.v2","version":"9"},"event":{"count":1,"data":{"context_menu":false,"created":1555846148867,"data_1":"Mac","input_event":"Up"},"id":"EditorUp"}}
{"session":"23ccc1336e71","build":"183.5912.21","bucket":"-1","time":1555846148952,"group":{"id":"actions.v2","version":"9"},"event":{"count":2,"data":{"context_menu":false,"last":1555846149193,"created":1555846148952,"data_1":"Mac","input_event":"Right"},"id":"EditorRight"}}
{"session":"23ccc1336e71","build":"183.5912.21","bucket":"-1","time":1555846149548,"group":{"id":"actions.v2","version":"9"},"event":{"count":1,"data":{"context_menu":false,"created":1555846149548,"data_1":"Mac","input_event":"Alt+Enter"},"id":"ShowIntentionActions"}}
{"session":"23ccc1336e71","build":"183.5912.21","bucket":"-1","time":1555846152024,"group":{"id":"statistics.actions.intentions","version":"9"},"event":{"count":1,"data":{"created":1555846152024,"data_1":"Mac"},"id":"JAVA_NOT_LISTED"}}
{"session":"23ccc1336e71","build":"183.5912.21","bucket":"-1","time":1555846195856,"group":{"id":"statistics.lifecycle.app","version":"9"},"event":{"count":1,"data":{"created":1555846195856,"data_2":"mappingFailed:false","data_1":"OOM:false","data_3":"pluginId:unknown"},"id":"ide.error"}}
{"session":"23ccc1336e71","build":"183.5912.21","bucket":"-1","time":1555846196729,"group":{"id":"statistics.lifecycle.app","version":"9"},"event":{"count":1,"data":{"created":1555846196729,"data_2":"40+","data_1":"timeSecondsGrouped"},"id":"ide.freeze"}}
{"session":"23ccc1336e71","build":"183.5912.21","bucket":"-1","time":1555846196729,"group":{"id":"lifecycle","version":"9"},"event":{"count":1,"data":{"durationSeconds":45,"created":1555846196729},"id":"ide.freeze"}}
{"session":"23ccc1336e71","build":"183.5912.21","bucket":"-1","time":1555846208005,"group":{"id":"actions.v2","version":"9"},"event":{"count":1,"data":{"context_menu":false,"created":1555846208005,"data_1":"Mac","input_event":"Alt+Enter"},"id":"ShowIntentionActions"}}
{"session":"23ccc1336e71","build":"183.5912.21","bucket":"-1","time":1555846208836,"group":{"id":"statistics.actions.intentions","version":"9"},"event":{"count":1,"data":{"created":1555846208836,"data_1":"Mac"},"id":"JAVA_NOT_LISTED"}}
